#
# There is insufficient memory for the Java Runtime Environment to continue.
# Native memory allocation (malloc) failed to allocate 132432 bytes for Chunk::new
# Possible reasons:
#   The system is out of physical RAM or swap space
#   The process is running with CompressedOops enabled, and the Java Heap may be blocking the growth of the native heap
# Possible solutions:
#   Reduce memory load on the system
#   Increase physical memory or swap space
#   Check if swap backing store is full
#   Decrease Java heap size (-Xmx/-Xms)
#   Decrease number of Java threads
#   Decrease Java thread stack sizes (-Xss)
#   Set larger code cache with -XX:ReservedCodeCacheSize=
#   JVM is running with Zero Based Compressed Oops mode in which the Java heap is
#     placed in the first 32GB address space. The Java Heap base address is the
#     maximum limit for the native heap growth. Please use -XX:HeapBaseMinAddress
#     to set the Java Heap base and to place the Java Heap above 32GB virtual address.
# This output file may be truncated or incomplete.
#
#  Out of Memory Error (arena.cpp:189), pid=2956, tid=308
#
# JRE version: OpenJDK Runtime Environment (17.0+35) (build 17+35-2724)
# Java VM: OpenJDK 64-Bit Server VM (17+35-2724, mixed mode, sharing, tiered, compressed oops, compressed class ptrs, g1 gc, windows-amd64)
# No core dump will be written. Minidumps are not enabled by default on client versions of Windows
#

---------------  S U M M A R Y ------------

Command Line: -javaagent:C:\Users\Михаил\AppData\Local\JetBrains\Toolbox\apps\IDEA-U\ch-0\212.5457.46\lib\idea_rt.jar=55883:C:\Users\Михаил\AppData\Local\JetBrains\Toolbox\apps\IDEA-U\ch-0\212.5457.46\bin -Dfile.encoding=UTF-8 --module-path=C:\Users\Михаил\.m2\repository\org\kordamp\bootstrapfx\bootstrapfx-core\0.4.0\bootstrapfx-core-0.4.0.jar;C:\Users\Михаил\.m2\repository\org\openjfx\javafx-media\17.0.0.1\javafx-media-17.0.0.1-win.jar;C:\Users\Михаил\.m2\repository\org\openjfx\javafx-fxml\17.0.0.1\javafx-fxml-17.0.0.1-win.jar;C:\Users\Михаил\.m2\repository\org\kordamp\ikonli\ikonli-javafx\12.2.0\ikonli-javafx-12.2.0.jar;C:\Users\Михаил\.m2\repository\com\dlsc\formsfx\formsfx-core\11.3.2\formsfx-core-11.3.2.jar;C:\Users\Михаил\.m2\repository\net\synedra\validatorfx\0.1.13\validatorfx-0.1.13.jar;C:\Users\Михаил\.m2\repository\org\openjfx\javafx-base\17.0.0.1\javafx-base-17.0.0.1-win.jar;C:\Users\Михаил\.m2\repository\eu\hansolo\tilesfx\11.48\tilesfx-11.48.jar;C:\Users\Михаил\.m2\repository\org\openjfx\javafx-graphics\17.0.0.1\javafx-graphics-17.0.0.1-win.jar;C:\Users\Михаил\IdeaProjects\kyrs_project1\target\classes;C:\Users\Михаил\.m2\repository\org\controlsfx\controlsfx\11.1.0\controlsfx-11.1.0.jar;C:\Users\Михаил\.m2\repository\org\openjfx\javafx-web\17.0.0.1\javafx-web-17.0.0.1-win.jar;C:\Users\Михаил\.m2\repository\org\openjfx\javafx-controls\17.0.0.1\javafx-controls-17.0.0.1-win.jar;C:\Users\Михаил\.m2\repository\org\kordamp\ikonli\ikonli-core\12.2.0\ikonli-core-12.2.0.jar -Djdk.module.main=com.example.kyrs_project1 com.example.kyrs_project1/com.example.kyrs_project1.Application

Host: AMD Ryzen 7 5700U with Radeon Graphics         , 16 cores, 9G,  Windows 10 , 64 bit Build 17763 (10.0.17763.2928)
Time: Mon Jul  4 18:08:53 2022 RTZ 2 (зима) elapsed time: 0.183907 seconds (0d 0h 0m 0s)

---------------  T H R E A D  ---------------

Current thread (0x000002117bbfcaf0):  JavaThread "C2 CompilerThread0" daemon [_thread_in_native, id=308, stack(0x0000007b0fe00000,0x0000007b0ff00000)]


Current CompileTask:
C2:    184  392   !   4       java.util.stream.ReferencePipeline$7$1::accept (127 bytes)

Stack: [0x0000007b0fe00000,0x0000007b0ff00000]
Native frames: (J=compiled Java code, j=interpreted, Vv=VM code, C=native code)
V  [jvm.dll+0x66f8ea]
V  [jvm.dll+0x7ce224]
V  [jvm.dll+0x7cf9ce]
V  [jvm.dll+0x7d0033]
V  [jvm.dll+0x242bb5]
V  [jvm.dll+0xaa05b]
V  [jvm.dll+0xaa5ec]
V  [jvm.dll+0x11b687]
V  [jvm.dll+0x6032e5]
V  [jvm.dll+0x6019b4]
V  [jvm.dll+0x215b18]
V  [jvm.dll+0x2150c1]
V  [jvm.dll+0x1a168d]
V  [jvm.dll+0x2248f8]
V  [jvm.dll+0x222a5c]
V  [jvm.dll+0x78422b]
V  [jvm.dll+0x77e7ea]
V  [jvm.dll+0x66e715]
C  [ucrtbase.dll+0x2268a]
C  [KERNEL32.DLL+0x17974]
C  [ntdll.dll+0x5a2f1]


---------------  P R O C E S S  ---------------

Threads class SMR info:
_java_thread_list=0x000002117d4203b0, length=18, elements={
0x000002116ae25b00, 0x000002117bbd74f0, 0x000002117bbd8270, 0x000002117bbe9e70,
0x000002117bbec840, 0x000002117bbee110, 0x000002117bbf1ed0, 0x000002117bbfcaf0,
0x000002117bc01280, 0x000002117bc153d0, 0x000002117bc035f0, 0x000002117bbc17d0,
0x000002117bc01ca0, 0x000002117bc04010, 0x000002117bc00860, 0x000002117bc01790,
0x000002117bc03b00, 0x000002117bc021b0
}

Java Threads: ( => current thread )
  0x000002116ae25b00 JavaThread "main" [_thread_in_vm, id=8480, stack(0x0000007b0f100000,0x0000007b0f200000)]
  0x000002117bbd74f0 JavaThread "Reference Handler" daemon [_thread_blocked, id=10176, stack(0x0000007b0f800000,0x0000007b0f900000)]
  0x000002117bbd8270 JavaThread "Finalizer" daemon [_thread_blocked, id=10256, stack(0x0000007b0f900000,0x0000007b0fa00000)]
  0x000002117bbe9e70 JavaThread "Signal Dispatcher" daemon [_thread_blocked, id=9428, stack(0x0000007b0fa00000,0x0000007b0fb00000)]
  0x000002117bbec840 JavaThread "Attach Listener" daemon [_thread_blocked, id=6912, stack(0x0000007b0fb00000,0x0000007b0fc00000)]
  0x000002117bbee110 JavaThread "Service Thread" daemon [_thread_blocked, id=7056, stack(0x0000007b0fc00000,0x0000007b0fd00000)]
  0x000002117bbf1ed0 JavaThread "Monitor Deflation Thread" daemon [_thread_blocked, id=11664, stack(0x0000007b0fd00000,0x0000007b0fe00000)]
=>0x000002117bbfcaf0 JavaThread "C2 CompilerThread0" daemon [_thread_in_native, id=308, stack(0x0000007b0fe00000,0x0000007b0ff00000)]
  0x000002117bc01280 JavaThread "C1 CompilerThread0" daemon [_thread_blocked, id=11180, stack(0x0000007b0ff00000,0x0000007b10000000)]
  0x000002117bc153d0 JavaThread "Sweeper thread" daemon [_thread_blocked, id=3156, stack(0x0000007b10000000,0x0000007b10100000)]
  0x000002117bc035f0 JavaThread "C1 CompilerThread1" daemon [_thread_blocked, id=10704, stack(0x0000007b10100000,0x0000007b10200000)]
  0x000002117bbc17d0 JavaThread "Common-Cleaner" daemon [_thread_blocked, id=120, stack(0x0000007b10200000,0x0000007b10300000)]
  0x000002117bc01ca0 JavaThread "C2 CompilerThread1" daemon [_thread_in_native, id=7852, stack(0x0000007b10300000,0x0000007b10400000)]
  0x000002117bc04010 JavaThread "C2 CompilerThread2" daemon [_thread_in_native, id=5508, stack(0x0000007b10400000,0x0000007b10500000)]
  0x000002117bc00860 JavaThread "C2 CompilerThread3" daemon [_thread_in_native, id=276, stack(0x0000007b10500000,0x0000007b10600000)]
  0x000002117bc01790 JavaThread "C2 CompilerThread4" daemon [_thread_in_native, id=9624, stack(0x0000007b10600000,0x0000007b10700000)]
  0x000002117bc03b00 JavaThread "C2 CompilerThread5" daemon [_thread_in_native, id=13724, stack(0x0000007b10700000,0x0000007b10800000)]
  0x000002117bc021b0 JavaThread "C2 CompilerThread6" daemon [_thread_in_native, id=8740, stack(0x0000007b10800000,0x0000007b10900000)]

Other Threads:
  0x000002117bbd09d0 VMThread "VM Thread" [stack: 0x0000007b0f700000,0x0000007b0f800000] [id=4484]
  0x000002116ae63ff0 GCTaskThread "GC Thread#0" [stack: 0x0000007b0f200000,0x0000007b0f300000] [id=10632]
  0x000002116ae6fc20 ConcurrentGCThread "G1 Main Marker" [stack: 0x0000007b0f300000,0x0000007b0f400000] [id=7616]
  0x000002116ae72110 ConcurrentGCThread "G1 Conc#0" [stack: 0x0000007b0f400000,0x0000007b0f500000] [id=9904]
  0x000002117ba930d0 ConcurrentGCThread "G1 Refine#0" [stack: 0x0000007b0f500000,0x0000007b0f600000] [id=10140]
  0x000002117ba93a00 ConcurrentGCThread "G1 Service" [stack: 0x0000007b0f600000,0x0000007b0f700000] [id=11076]

Threads with active compile tasks:
C2 CompilerThread0      195  392   !   4       java.util.stream.ReferencePipeline$7$1::accept (127 bytes)
C2 CompilerThread1      195  386       4       java.util.zip.ZipFile::getZipEntry (322 bytes)
C2 CompilerThread2      195  389       4       java.util.stream.ReferencePipeline$2$1::accept (27 bytes)
C2 CompilerThread3      196  428       4       java.util.HashSet::add (20 bytes)
C2 CompilerThread4      196  366       4       jdk.internal.module.Checks::isTypeName (49 bytes)
C2 CompilerThread5      196  390   !   4       java.util.zip.ZipFile$EntrySpliterator::tryAdvance (99 bytes)
C2 CompilerThread6      196  478       4       java.util.HashMap::putVal (300 bytes)

VM state: not at safepoint (normal execution)

VM Mutex/Monitor currently owned by a thread: None

Heap address: 0x0000000762200000, size: 2526 MB, Compressed Oops mode: Zero based, Oop shift amount: 3

CDS archive(s) mapped at: [0x0000000800000000-0x0000000800bc0000-0x0000000800bc0000), size 12320768, SharedBaseAddress: 0x0000000800000000, ArchiveRelocationMode: 0.
Compressed class space mapped at: 0x0000000800c00000-0x0000000840c00000, reserved size: 1073741824
Narrow klass base: 0x0000000800000000, Narrow klass shift: 0, Narrow klass range: 0x100000000

GC Precious Log:
 CPUs: 16 total, 16 available
 Memory: 10101M
 Large Page Support: Disabled
 NUMA Support: Disabled
 Compressed Oops: Enabled (Zero based)
 Heap Region Size: 2M
 Heap Min Capacity: 8M
 Heap Initial Capacity: 158M
 Heap Max Capacity: 2526M
 Pre-touch: Disabled
 Parallel Workers: 13
 Concurrent Workers: 3
 Concurrent Refinement Workers: 13
 Periodic GC: Disabled

Heap:
 garbage-first heap   total 161792K, used 8192K [0x0000000762200000, 0x0000000800000000)
  region size 2048K, 5 young (10240K), 0 survivors (0K)
 Metaspace       used 834K, committed 1024K, reserved 1056768K
  class space    used 71K, committed 192K, reserved 1048576K

Heap Regions: E=young(eden), S=young(survivor), O=old, HS=humongous(starts), HC=humongous(continues), CS=collection set, F=free, OA=open archive, CA=closed archive, TAMS=top-at-mark-start (previous, next)
|   0|0x0000000762200000, 0x0000000762200000, 0x0000000762400000|  0%| F|  |TAMS 0x0000000762200000, 0x0000000762200000| Untracked 
|   1|0x0000000762400000, 0x0000000762400000, 0x0000000762600000|  0%| F|  |TAMS 0x0000000762400000, 0x0000000762400000| Untracked 
|   2|0x0000000762600000, 0x0000000762600000, 0x0000000762800000|  0%| F|  |TAMS 0x0000000762600000, 0x0000000762600000| Untracked 
|   3|0x0000000762800000, 0x0000000762800000, 0x0000000762a00000|  0%| F|  |TAMS 0x0000000762800000, 0x0000000762800000| Untracked 
|   4|0x0000000762a00000, 0x0000000762a00000, 0x0000000762c00000|  0%| F|  |TAMS 0x0000000762a00000, 0x0000000762a00000| Untracked 
|   5|0x0000000762c00000, 0x0000000762c00000, 0x0000000762e00000|  0%| F|  |TAMS 0x0000000762c00000, 0x0000000762c00000| Untracked 
|   6|0x0000000762e00000, 0x0000000762e00000, 0x0000000763000000|  0%| F|  |TAMS 0x0000000762e00000, 0x0000000762e00000| Untracked 
|   7|0x0000000763000000, 0x0000000763000000, 0x0000000763200000|  0%| F|  |TAMS 0x0000000763000000, 0x0000000763000000| Untracked 
|   8|0x0000000763200000, 0x0000000763200000, 0x0000000763400000|  0%| F|  |TAMS 0x0000000763200000, 0x0000000763200000| Untracked 
|   9|0x0000000763400000, 0x0000000763400000, 0x0000000763600000|  0%| F|  |TAMS 0x0000000763400000, 0x0000000763400000| Untracked 
|  10|0x0000000763600000, 0x0000000763600000, 0x0000000763800000|  0%| F|  |TAMS 0x0000000763600000, 0x0000000763600000| Untracked 
|  11|0x0000000763800000, 0x0000000763800000, 0x0000000763a00000|  0%| F|  |TAMS 0x0000000763800000, 0x0000000763800000| Untracked 
|  12|0x0000000763a00000, 0x0000000763a00000, 0x0000000763c00000|  0%| F|  |TAMS 0x0000000763a00000, 0x0000000763a00000| Untracked 
|  13|0x0000000763c00000, 0x0000000763c00000, 0x0000000763e00000|  0%| F|  |TAMS 0x0000000763c00000, 0x0000000763c00000| Untracked 
|  14|0x0000000763e00000, 0x0000000763e00000, 0x0000000764000000|  0%| F|  |TAMS 0x0000000763e00000, 0x0000000763e00000| Untracked 
|  15|0x0000000764000000, 0x0000000764000000, 0x0000000764200000|  0%| F|  |TAMS 0x0000000764000000, 0x0000000764000000| Untracked 
|  16|0x0000000764200000, 0x0000000764200000, 0x0000000764400000|  0%| F|  |TAMS 0x0000000764200000, 0x0000000764200000| Untracked 
|  17|0x0000000764400000, 0x0000000764400000, 0x0000000764600000|  0%| F|  |TAMS 0x0000000764400000, 0x0000000764400000| Untracked 
|  18|0x0000000764600000, 0x0000000764600000, 0x0000000764800000|  0%| F|  |TAMS 0x0000000764600000, 0x0000000764600000| Untracked 
|  19|0x0000000764800000, 0x0000000764800000, 0x0000000764a00000|  0%| F|  |TAMS 0x0000000764800000, 0x0000000764800000| Untracked 
|  20|0x0000000764a00000, 0x0000000764a00000, 0x0000000764c00000|  0%| F|  |TAMS 0x0000000764a00000, 0x0000000764a00000| Untracked 
|  21|0x0000000764c00000, 0x0000000764c00000, 0x0000000764e00000|  0%| F|  |TAMS 0x0000000764c00000, 0x0000000764c00000| Untracked 
|  22|0x0000000764e00000, 0x0000000764e00000, 0x0000000765000000|  0%| F|  |TAMS 0x0000000764e00000, 0x0000000764e00000| Untracked 
|  23|0x0000000765000000, 0x0000000765000000, 0x0000000765200000|  0%| F|  |TAMS 0x0000000765000000, 0x0000000765000000| Untracked 
|  24|0x0000000765200000, 0x0000000765200000, 0x0000000765400000|  0%| F|  |TAMS 0x0000000765200000, 0x0000000765200000| Untracked 
|  25|0x0000000765400000, 0x0000000765400000, 0x0000000765600000|  0%| F|  |TAMS 0x0000000765400000, 0x0000000765400000| Untracked 
|  26|0x0000000765600000, 0x0000000765600000, 0x0000000765800000|  0%| F|  |TAMS 0x0000000765600000, 0x0000000765600000| Untracked 
|  27|0x0000000765800000, 0x0000000765800000, 0x0000000765a00000|  0%| F|  |TAMS 0x0000000765800000, 0x0000000765800000| Untracked 
|  28|0x0000000765a00000, 0x0000000765a00000, 0x0000000765c00000|  0%| F|  |TAMS 0x0000000765a00000, 0x0000000765a00000| Untracked 
|  29|0x0000000765c00000, 0x0000000765c00000, 0x0000000765e00000|  0%| F|  |TAMS 0x0000000765c00000, 0x0000000765c00000| Untracked 
|  30|0x0000000765e00000, 0x0000000765e00000, 0x0000000766000000|  0%| F|  |TAMS 0x0000000765e00000, 0x0000000765e00000| Untracked 
|  31|0x0000000766000000, 0x0000000766000000, 0x0000000766200000|  0%| F|  |TAMS 0x0000000766000000, 0x0000000766000000| Untracked 
|  32|0x0000000766200000, 0x0000000766200000, 0x0000000766400000|  0%| F|  |TAMS 0x0000000766200000, 0x0000000766200000| Untracked 
|  33|0x0000000766400000, 0x0000000766400000, 0x0000000766600000|  0%| F|  |TAMS 0x0000000766400000, 0x0000000766400000| Untracked 
|  34|0x0000000766600000, 0x0000000766600000, 0x0000000766800000|  0%| F|  |TAMS 0x0000000766600000, 0x0000000766600000| Untracked 
|  35|0x0000000766800000, 0x0000000766800000, 0x0000000766a00000|  0%| F|  |TAMS 0x0000000766800000, 0x0000000766800000| Untracked 
|  36|0x0000000766a00000, 0x0000000766a00000, 0x0000000766c00000|  0%| F|  |TAMS 0x0000000766a00000, 0x0000000766a00000| Untracked 
|  37|0x0000000766c00000, 0x0000000766c00000, 0x0000000766e00000|  0%| F|  |TAMS 0x0000000766c00000, 0x0000000766c00000| Untracked 
|  38|0x0000000766e00000, 0x0000000766e00000, 0x0000000767000000|  0%| F|  |TAMS 0x0000000766e00000, 0x0000000766e00000| Untracked 
|  39|0x0000000767000000, 0x0000000767000000, 0x0000000767200000|  0%| F|  |TAMS 0x0000000767000000, 0x0000000767000000| Untracked 
|  40|0x0000000767200000, 0x0000000767200000, 0x0000000767400000|  0%| F|  |TAMS 0x0000000767200000, 0x0000000767200000| Untracked 
|  41|0x0000000767400000, 0x0000000767400000, 0x0000000767600000|  0%| F|  |TAMS 0x0000000767400000, 0x0000000767400000| Untracked 
|  42|0x0000000767600000, 0x0000000767600000, 0x0000000767800000|  0%| F|  |TAMS 0x0000000767600000, 0x0000000767600000| Untracked 
|  43|0x0000000767800000, 0x0000000767800000, 0x0000000767a00000|  0%| F|  |TAMS 0x0000000767800000, 0x0000000767800000| Untracked 
|  44|0x0000000767a00000, 0x0000000767a00000, 0x0000000767c00000|  0%| F|  |TAMS 0x0000000767a00000, 0x0000000767a00000| Untracked 
|  45|0x0000000767c00000, 0x0000000767c00000, 0x0000000767e00000|  0%| F|  |TAMS 0x0000000767c00000, 0x0000000767c00000| Untracked 
|  46|0x0000000767e00000, 0x0000000767e00000, 0x0000000768000000|  0%| F|  |TAMS 0x0000000767e00000, 0x0000000767e00000| Untracked 
|  47|0x0000000768000000, 0x0000000768000000, 0x0000000768200000|  0%| F|  |TAMS 0x0000000768000000, 0x0000000768000000| Untracked 
|  48|0x0000000768200000, 0x0000000768200000, 0x0000000768400000|  0%| F|  |TAMS 0x0000000768200000, 0x0000000768200000| Untracked 
|  49|0x0000000768400000, 0x0000000768400000, 0x0000000768600000|  0%| F|  |TAMS 0x0000000768400000, 0x0000000768400000| Untracked 
|  50|0x0000000768600000, 0x0000000768600000, 0x0000000768800000|  0%| F|  |TAMS 0x0000000768600000, 0x0000000768600000| Untracked 
|  51|0x0000000768800000, 0x0000000768800000, 0x0000000768a00000|  0%| F|  |TAMS 0x0000000768800000, 0x0000000768800000| Untracked 
|  52|0x0000000768a00000, 0x0000000768a00000, 0x0000000768c00000|  0%| F|  |TAMS 0x0000000768a00000, 0x0000000768a00000| Untracked 
|  53|0x0000000768c00000, 0x0000000768c00000, 0x0000000768e00000|  0%| F|  |TAMS 0x0000000768c00000, 0x0000000768c00000| Untracked 
|  54|0x0000000768e00000, 0x0000000768e00000, 0x0000000769000000|  0%| F|  |TAMS 0x0000000768e00000, 0x0000000768e00000| Untracked 
|  55|0x0000000769000000, 0x0000000769000000, 0x0000000769200000|  0%| F|  |TAMS 0x0000000769000000, 0x0000000769000000| Untracked 
|  56|0x0000000769200000, 0x0000000769200000, 0x0000000769400000|  0%| F|  |TAMS 0x0000000769200000, 0x0000000769200000| Untracked 
|  57|0x0000000769400000, 0x0000000769400000, 0x0000000769600000|  0%| F|  |TAMS 0x0000000769400000, 0x0000000769400000| Untracked 
|  58|0x0000000769600000, 0x0000000769600000, 0x0000000769800000|  0%| F|  |TAMS 0x0000000769600000, 0x0000000769600000| Untracked 
|  59|0x0000000769800000, 0x0000000769800000, 0x0000000769a00000|  0%| F|  |TAMS 0x0000000769800000, 0x0000000769800000| Untracked 
|  60|0x0000000769a00000, 0x0000000769a00000, 0x0000000769c00000|  0%| F|  |TAMS 0x0000000769a00000, 0x0000000769a00000| Untracked 
|  61|0x0000000769c00000, 0x0000000769c00000, 0x0000000769e00000|  0%| F|  |TAMS 0x0000000769c00000, 0x0000000769c00000| Untracked 
|  62|0x0000000769e00000, 0x0000000769e00000, 0x000000076a000000|  0%| F|  |TAMS 0x0000000769e00000, 0x0000000769e00000| Untracked 
|  63|0x000000076a000000, 0x000000076a000000, 0x000000076a200000|  0%| F|  |TAMS 0x000000076a000000, 0x000000076a000000| Untracked 
|  64|0x000000076a200000, 0x000000076a200000, 0x000000076a400000|  0%| F|  |TAMS 0x000000076a200000, 0x000000076a200000| Untracked 
|  65|0x000000076a400000, 0x000000076a400000, 0x000000076a600000|  0%| F|  |TAMS 0x000000076a400000, 0x000000076a400000| Untracked 
|  66|0x000000076a600000, 0x000000076a600000, 0x000000076a800000|  0%| F|  |TAMS 0x000000076a600000, 0x000000076a600000| Untracked 
|  67|0x000000076a800000, 0x000000076a800000, 0x000000076aa00000|  0%| F|  |TAMS 0x000000076a800000, 0x000000076a800000| Untracked 
|  68|0x000000076aa00000, 0x000000076aa00000, 0x000000076ac00000|  0%| F|  |TAMS 0x000000076aa00000, 0x000000076aa00000| Untracked 
|  69|0x000000076ac00000, 0x000000076ac00000, 0x000000076ae00000|  0%| F|  |TAMS 0x000000076ac00000, 0x000000076ac00000| Untracked 
|  70|0x000000076ae00000, 0x000000076ae00000, 0x000000076b000000|  0%| F|  |TAMS 0x000000076ae00000, 0x000000076ae00000| Untracked 
|  71|0x000000076b000000, 0x000000076b000000, 0x000000076b200000|  0%| F|  |TAMS 0x000000076b000000, 0x000000076b000000| Untracked 
|  72|0x000000076b200000, 0x000000076b200000, 0x000000076b400000|  0%| F|  |TAMS 0x000000076b200000, 0x000000076b200000| Untracked 
|  73|0x000000076b400000, 0x000000076b400000, 0x000000076b600000|  0%| F|  |TAMS 0x000000076b400000, 0x000000076b400000| Untracked 
|  74|0x000000076b600000, 0x000000076b7527b0, 0x000000076b800000| 66%| E|  |TAMS 0x000000076b600000, 0x000000076b600000| Complete 
|  75|0x000000076b800000, 0x000000076ba00000, 0x000000076ba00000|100%| E|CS|TAMS 0x000000076b800000, 0x000000076b800000| Complete 
|  76|0x000000076ba00000, 0x000000076bc00000, 0x000000076bc00000|100%| E|CS|TAMS 0x000000076ba00000, 0x000000076ba00000| Complete 
|  77|0x000000076bc00000, 0x000000076be00000, 0x000000076be00000|100%| E|CS|TAMS 0x000000076bc00000, 0x000000076bc00000| Complete 
|  78|0x000000076be00000, 0x000000076c000000, 0x000000076c000000|100%| E|CS|TAMS 0x000000076be00000, 0x000000076be00000| Complete 

Card table byte_map: [0x0000021173390000,0x0000021173880000] _byte_map_base: 0x000002116f87f000

Marking Bits (Prev, Next): (CMBitMap*) 0x000002116ae65520, (CMBitMap*) 0x000002116ae65560
 Prev Bits: [0x0000021173d70000, 0x00000211764e8000)
 Next Bits: [0x00000211764f0000, 0x0000021178c68000)

Polling page: 0x0000021168f90000

Metaspace:

Usage:
  Non-class:    763.83 KB used.
      Class:     71.14 KB used.
       Both:    834.97 KB used.

Virtual space:
  Non-class space:        8.00 MB reserved,     832.00 KB ( 10%) committed,  1 nodes.
      Class space:        1.00 GB reserved,     192.00 KB ( <1%) committed,  1 nodes.
             Both:        1.01 GB reserved,       1.00 MB ( <1%) committed. 

Chunk freelists:
   Non-Class:  3.99 MB
       Class:  3.74 MB
        Both:  7.73 MB

MaxMetaspaceSize: unlimited
CompressedClassSpaceSize: 1.00 GB
Initial GC threshold: 21.00 MB
Current GC threshold: 21.00 MB
CDS: on
MetaspaceReclaimPolicy: balanced
 - commit_granule_bytes: 65536.
 - commit_granule_words: 8192.
 - virtual_space_node_default_size: 1048576.
 - enlarge_chunks_in_place: 1.
 - new_chunks_are_fully_committed: 0.
 - uncommit_free_chunks: 1.
 - use_allocation_guard: 0.
 - handle_deallocations: 1.


Internal statistics:

num_allocs_failed_limit: 0.
num_arena_births: 16.
num_arena_deaths: 0.
num_vsnodes_births: 2.
num_vsnodes_deaths: 0.
num_space_committed: 16.
num_space_uncommitted: 0.
num_chunks_returned_to_freelist: 0.
num_chunks_taken_from_freelist: 17.
num_chunk_merges: 0.
num_chunk_splits: 11.
num_chunks_enlarged: 7.
num_purges: 0.
num_inconsistent_stats: 0.

CodeHeap 'non-profiled nmethods': size=119168Kb used=187Kb max_used=187Kb free=118980Kb
 bounds [0x0000021107ba0000, 0x0000021107e10000, 0x000002110f000000]
CodeHeap 'profiled nmethods': size=119104Kb used=673Kb max_used=673Kb free=118430Kb
 bounds [0x0000021100750000, 0x00000211009c0000, 0x0000021107ba0000]
CodeHeap 'non-nmethods': size=7488Kb used=1666Kb max_used=1696Kb free=5821Kb
 bounds [0x0000021100000000, 0x0000021100270000, 0x0000021100750000]
 total_blobs=871 nmethods=491 adapters=292
 compilation: enabled
              stopped_count=0, restarted_count=0
 full_count=0

Compilation events (20 events):
Event: 0.173 Thread 0x000002117bc035f0  475       3       java.lang.StringUTF16::indexOfCharUnsafe (30 bytes)
Event: 0.173 Thread 0x000002117bc035f0 nmethod 475 0x00000211007f0e90 code [0x00000211007f1040, 0x00000211007f1258]
Event: 0.174 Thread 0x000002117bc035f0  476       3       java.util.Optional::orElse (16 bytes)
Event: 0.174 Thread 0x000002117bc035f0 nmethod 476 0x00000211007f1390 code [0x00000211007f1520, 0x00000211007f16b8]
Event: 0.175 Thread 0x000002117bc035f0  477       3       java.lang.module.ResolvedModule::name (11 bytes)
Event: 0.175 Thread 0x000002117bc035f0 nmethod 477 0x00000211007f1790 code [0x00000211007f1920, 0x00000211007f1a98]
Event: 0.177 Thread 0x000002117bc01280  479       3       java.util.HashSet::size (8 bytes)
Event: 0.177 Thread 0x000002117bc035f0  480       1       java.lang.module.ResolvedModule::configuration (5 bytes)
Event: 0.177 Thread 0x000002117bc01280 nmethod 479 0x00000211007f1b90 code [0x00000211007f1d20, 0x00000211007f1ed8]
Event: 0.177 Thread 0x000002117bc035f0 nmethod 480 0x0000021107bc9710 code [0x0000021107bc98a0, 0x0000021107bc9978]
Event: 0.177 Thread 0x000002117bc035f0  481       3       java.util.HashSet::<init> (40 bytes)
Event: 0.178 Thread 0x000002117bc035f0 nmethod 481 0x00000211007f1f90 code [0x00000211007f21a0, 0x00000211007f27a8]
Event: 0.178 Thread 0x000002117bc035f0  482       3       java.util.HashMap::isEmpty (13 bytes)
Event: 0.178 Thread 0x000002117bc035f0 nmethod 482 0x00000211007f2990 code [0x00000211007f2b20, 0x00000211007f2c98]
Event: 0.178 Thread 0x000002117bc035f0  484       1       java.lang.module.ModuleDescriptor::isOpen (5 bytes)
Event: 0.178 Thread 0x000002117bc035f0 nmethod 484 0x0000021107bca210 code [0x0000021107bca3a0, 0x0000021107bca478]
Event: 0.179 Thread 0x000002117bc01280  486       1       jdk.internal.module.ModuleReferenceImpl::moduleResolution (5 bytes)
Event: 0.179 Thread 0x000002117bc021b0  478       4       java.util.HashMap::putVal (300 bytes)
Event: 0.179 Thread 0x000002117bc01280 nmethod 486 0x0000021107bca510 code [0x0000021107bca6a0, 0x0000021107bca778]
Event: 0.181 Thread 0x000002117bc01280  488       3       sun.nio.cs.SingleByte$Decoder::decode (11 bytes)

GC Heap History (0 events):
No events

Deoptimization events (20 events):
Event: 0.161 Thread 0x000002116ae25b00 Uncommon trap: trap_request=0xffffffde fr.pc=0x0000021107bc32f4 relative=0x0000000000000f54
Event: 0.161 Thread 0x000002116ae25b00 Uncommon trap: reason=class_check action=maybe_recompile pc=0x0000021107bc32f4 method=java.util.HashMap.putVal(ILjava/lang/Object;Ljava/lang/Object;ZZ)Ljava/lang/Object; @ 152 c2
Event: 0.161 Thread 0x000002116ae25b00 DEOPT PACKING pc=0x0000021107bc32f4 sp=0x0000007b0f1fe580
Event: 0.161 Thread 0x000002116ae25b00 DEOPT UNPACKING pc=0x00000211000523a3 sp=0x0000007b0f1fe490 mode 2
Event: 0.161 Thread 0x000002116ae25b00 Uncommon trap: trap_request=0xffffffde fr.pc=0x0000021107bc32f4 relative=0x0000000000000f54
Event: 0.161 Thread 0x000002116ae25b00 Uncommon trap: reason=class_check action=maybe_recompile pc=0x0000021107bc32f4 method=java.util.HashMap.putVal(ILjava/lang/Object;Ljava/lang/Object;ZZ)Ljava/lang/Object; @ 152 c2
Event: 0.161 Thread 0x000002116ae25b00 DEOPT PACKING pc=0x0000021107bc32f4 sp=0x0000007b0f1fe7e0
Event: 0.161 Thread 0x000002116ae25b00 DEOPT UNPACKING pc=0x00000211000523a3 sp=0x0000007b0f1fe6f0 mode 2
Event: 0.167 Thread 0x000002116ae25b00 Uncommon trap: trap_request=0xffffff45 fr.pc=0x0000021107bba064 relative=0x0000000000000724
Event: 0.167 Thread 0x000002116ae25b00 Uncommon trap: reason=unstable_if action=reinterpret pc=0x0000021107bba064 method=java.util.ImmutableCollections$SetN.probe(Ljava/lang/Object;)I @ 34 c2
Event: 0.167 Thread 0x000002116ae25b00 DEOPT PACKING pc=0x0000021107bba064 sp=0x0000007b0f1fe9c0
Event: 0.167 Thread 0x000002116ae25b00 DEOPT UNPACKING pc=0x00000211000523a3 sp=0x0000007b0f1fe908 mode 2
Event: 0.167 Thread 0x000002116ae25b00 Uncommon trap: trap_request=0xffffff45 fr.pc=0x0000021107bb4b38 relative=0x00000000000006f8
Event: 0.167 Thread 0x000002116ae25b00 Uncommon trap: reason=unstable_if action=reinterpret pc=0x0000021107bb4b38 method=java.util.ImmutableCollections$SetN.probe(Ljava/lang/Object;)I @ 34 c2
Event: 0.167 Thread 0x000002116ae25b00 DEOPT PACKING pc=0x0000021107bb4b38 sp=0x0000007b0f1fe950
Event: 0.167 Thread 0x000002116ae25b00 DEOPT UNPACKING pc=0x00000211000523a3 sp=0x0000007b0f1fe900 mode 2
Event: 0.181 Thread 0x000002116ae25b00 Uncommon trap: trap_request=0xffffff45 fr.pc=0x0000021107bb1a74 relative=0x0000000000000174
Event: 0.181 Thread 0x000002116ae25b00 Uncommon trap: reason=unstable_if action=reinterpret pc=0x0000021107bb1a74 method=java.lang.StringCoding.hasNegatives([BII)Z @ 12 c2
Event: 0.181 Thread 0x000002116ae25b00 DEOPT PACKING pc=0x0000021107bb1a74 sp=0x0000007b0f1fe8e0
Event: 0.181 Thread 0x000002116ae25b00 DEOPT UNPACKING pc=0x00000211000523a3 sp=0x0000007b0f1fe888 mode 2

Classes unloaded (0 events):
No events

Classes redefined (0 events):
No events

Internal exceptions (6 events):
Event: 0.128 Thread 0x000002116ae25b00 Exception <a 'java/lang/NoSuchMethodError'{0x000000076bbd1a98}: 'void java.lang.invoke.DirectMethodHandle$Holder.invokeVirtual(java.lang.Object, java.lang.Object)'> (0x000000076bbd1a98) 
thrown [t:\workspace\open\src\hotspot\share\interpreter\linkResolver.cpp, line 766]
Event: 0.135 Thread 0x000002116ae25b00 Exception <a 'java/lang/NoSuchMethodError'{0x000000076b818540}: 'void java.lang.invoke.DirectMethodHandle$Holder.invokeSpecial(java.lang.Object, java.lang.Object, java.lang.Object)'> (0x000000076b818540) 
thrown [t:\workspace\open\src\hotspot\share\interpreter\linkResolver.cpp, line 766]
Event: 0.158 Thread 0x000002116ae25b00 Exception <a 'java/lang/NoSuchMethodError'{0x000000076b626f40}: 'void java.lang.invoke.DirectMethodHandle$Holder.invokeSpecial(java.lang.Object, java.lang.Object, java.lang.Object, java.lang.Object, java.lang.Object)'> (0x000000076b626f40) 
thrown [t:\workspace\open\src\hotspot\share\interpreter\linkResolver.cpp, line 766]
Event: 0.163 Thread 0x000002116ae25b00 Exception <a 'java/lang/NoSuchMethodError'{0x000000076b63dd48}: 'java.lang.Object java.lang.invoke.DirectMethodHandle$Holder.invokeInterface(java.lang.Object, java.lang.Object)'> (0x000000076b63dd48) 
thrown [t:\workspace\open\src\hotspot\share\interpreter\linkResolver.cpp, line 766]
Event: 0.164 Thread 0x000002116ae25b00 Exception <a 'java/lang/IncompatibleClassChangeError'{0x000000076b6413c0}: Found class java.lang.Object, but interface was expected> (0x000000076b6413c0) 
thrown [t:\workspace\open\src\hotspot\share\interpreter\linkResolver.cpp, line 833]
Event: 0.165 Thread 0x000002116ae25b00 Exception <a 'java/lang/NoSuchMethodError'{0x000000076b644188}: 'void java.lang.invoke.DirectMethodHandle$Holder.invokeStatic(java.lang.Object, java.lang.Object, java.lang.Object, java.lang.Object)'> (0x000000076b644188) 
thrown [t:\workspace\open\src\hotspot\share\interpreter\linkResolver.cpp, line 766]

VM Operations (4 events):
Event: 0.094 Executing VM operation: HandshakeAllThreads
Event: 0.094 Executing VM operation: HandshakeAllThreads done
Event: 0.161 Executing VM operation: HandshakeAllThreads
Event: 0.161 Executing VM operation: HandshakeAllThreads done

Events (20 events):
Event: 0.128 loading class java/nio/file/FileTreeWalker$DirectoryNode done
Event: 0.128 loading class sun/nio/fs/WindowsDirectoryStream$WindowsDirectoryIterator
Event: 0.128 loading class sun/nio/fs/WindowsDirectoryStream$WindowsDirectoryIterator done
Event: 0.128 loading class java/nio/file/FileTreeWalker$Event
Event: 0.128 loading class java/nio/file/FileTreeWalker$Event done
Event: 0.128 loading class java/nio/file/FileTreeWalker$EventType
Event: 0.128 loading class java/nio/file/FileTreeWalker$EventType done
Event: 0.130 loading class sun/nio/fs/WindowsPath$WindowsPathWithAttributes
Event: 0.130 loading class sun/nio/fs/BasicFileAttributesHolder
Event: 0.130 loading class sun/nio/fs/BasicFileAttributesHolder done
Event: 0.130 loading class sun/nio/fs/WindowsPath$WindowsPathWithAttributes done
Event: 0.155 Thread 0x000002117bc03b00 Thread added: 0x000002117bc03b00
Event: 0.175 loading class java/lang/WeakPairMap$Pair$Weak
Event: 0.175 loading class java/lang/WeakPairMap$WeakRefPeer
Event: 0.175 loading class java/lang/WeakPairMap$WeakRefPeer done
Event: 0.175 loading class java/lang/WeakPairMap$Pair$Weak done
Event: 0.175 loading class java/lang/WeakPairMap$Pair$Weak$1
Event: 0.175 loading class java/lang/WeakPairMap$Pair$Weak$1 done
Event: 0.179 Thread 0x000002117bc021b0 Thread added: 0x000002117bc021b0
Event: 0.181 Loaded shared library C:\Users\Михаил\.jdks\openjdk-17\bin\zip.dll


Dynamic libraries:
0x00007ff70e360000 - 0x00007ff70e36e000 	C:\Users\Михаил\.jdks\openjdk-17\bin\java.exe
0x00007ff9abd30000 - 0x00007ff9abf1d000 	C:\Windows\SYSTEM32\ntdll.dll
0x00007ff9a8f60000 - 0x00007ff9a9013000 	C:\Windows\System32\KERNEL32.DLL
0x00007ff9a8150000 - 0x00007ff9a83e4000 	C:\Windows\System32\KERNELBASE.dll
0x00007ff9a83f0000 - 0x00007ff9a84ea000 	C:\Windows\System32\ucrtbase.dll
0x00007ff98fcc0000 - 0x00007ff98fcda000 	C:\Users\Михаил\.jdks\openjdk-17\bin\VCRUNTIME140.dll
0x00007ff9901e0000 - 0x00007ff9901f8000 	C:\Users\Михаил\.jdks\openjdk-17\bin\jli.dll
0x00007ff9a96c0000 - 0x00007ff9a9857000 	C:\Windows\System32\USER32.dll
0x00007ff9a84f0000 - 0x00007ff9a8510000 	C:\Windows\System32\win32u.dll
0x00007ff998320000 - 0x00007ff998599000 	C:\Windows\WinSxS\amd64_microsoft.windows.common-controls_6595b64144ccf1df_6.0.17763.2928_none_de6f2d70534d3d29\COMCTL32.dll
0x00007ff9a9a10000 - 0x00007ff9a9a39000 	C:\Windows\System32\GDI32.dll
0x00007ff9a9a40000 - 0x00007ff9a9ade000 	C:\Windows\System32\msvcrt.dll
0x00007ff9a8d90000 - 0x00007ff9a8f2c000 	C:\Windows\System32\gdi32full.dll
0x00007ff9a9c90000 - 0x00007ff9a9fbd000 	C:\Windows\System32\combase.dll
0x00007ff9a8c60000 - 0x00007ff9a8d00000 	C:\Windows\System32\msvcp_win.dll
0x00007ff9a90a0000 - 0x00007ff9a91bd000 	C:\Windows\System32\RPCRT4.dll
0x00007ff9a8d00000 - 0x00007ff9a8d82000 	C:\Windows\System32\bcryptPrimitives.dll
0x00007ff9a9c60000 - 0x00007ff9a9c8e000 	C:\Windows\System32\IMM32.DLL
0x00007ff9a59f0000 - 0x00007ff9a59fc000 	C:\Users\Михаил\.jdks\openjdk-17\bin\vcruntime140_1.dll
0x00007ff97aa20000 - 0x00007ff97aaad000 	C:\Users\Михаил\.jdks\openjdk-17\bin\msvcp140.dll
0x00007ff975410000 - 0x00007ff975fce000 	C:\Users\Михаил\.jdks\openjdk-17\bin\server\jvm.dll
0x00007ff9a9230000 - 0x00007ff9a92d7000 	C:\Windows\System32\ADVAPI32.dll
0x00007ff9ab770000 - 0x00007ff9ab80f000 	C:\Windows\System32\sechost.dll
0x00007ff9aa080000 - 0x00007ff9aa088000 	C:\Windows\System32\PSAPI.DLL
0x00007ff9a43c0000 - 0x00007ff9a43c9000 	C:\Windows\SYSTEM32\WSOCK32.dll
0x00007ff9a5810000 - 0x00007ff9a5834000 	C:\Windows\SYSTEM32\WINMM.dll
0x00007ff9aa090000 - 0x00007ff9aa0fd000 	C:\Windows\System32\WS2_32.dll
0x00007ff9a2150000 - 0x00007ff9a215a000 	C:\Windows\SYSTEM32\VERSION.dll
0x00007ff9a5390000 - 0x00007ff9a53bd000 	C:\Windows\SYSTEM32\winmmbase.dll
0x00007ff9a7dc0000 - 0x00007ff9a7e0a000 	C:\Windows\System32\cfgmgr32.dll
0x00007ff9a7da0000 - 0x00007ff9a7db1000 	C:\Windows\System32\kernel.appcore.dll
0x00007ff99a740000 - 0x00007ff99a74a000 	C:\Users\Михаил\.jdks\openjdk-17\bin\jimage.dll
0x00007ff9a6390000 - 0x00007ff9a657d000 	C:\Windows\SYSTEM32\DBGHELP.DLL
0x00007ff994700000 - 0x00007ff99472a000 	C:\Windows\SYSTEM32\dbgcore.DLL
0x00007ff9992c0000 - 0x00007ff9992ce000 	C:\Users\Михаил\.jdks\openjdk-17\bin\instrument.dll
0x00007ff98ad60000 - 0x00007ff98ad85000 	C:\Users\Михаил\.jdks\openjdk-17\bin\java.dll
0x00007ff978ff0000 - 0x00007ff9790c6000 	C:\Users\Михаил\.jdks\openjdk-17\bin\svml.dll
0x00007ff9aa270000 - 0x00007ff9ab769000 	C:\Windows\System32\SHELL32.dll
0x00007ff9a9610000 - 0x00007ff9a96b8000 	C:\Windows\System32\shcore.dll
0x00007ff9a8510000 - 0x00007ff9a8c58000 	C:\Windows\System32\windows.storage.dll
0x00007ff9a7cf0000 - 0x00007ff9a7d14000 	C:\Windows\System32\profapi.dll
0x00007ff9a7d20000 - 0x00007ff9a7d7d000 	C:\Windows\System32\powrprof.dll
0x00007ff9ab820000 - 0x00007ff9ab872000 	C:\Windows\System32\shlwapi.dll
0x00007ff9a7e10000 - 0x00007ff9a7e27000 	C:\Windows\System32\cryptsp.dll
0x00007ff98fad0000 - 0x00007ff98fae9000 	C:\Users\Михаил\.jdks\openjdk-17\bin\net.dll
0x00007ff99bbb0000 - 0x00007ff99bca1000 	C:\Windows\SYSTEM32\WINHTTP.dll
0x00007ff9a74e0000 - 0x00007ff9a7547000 	C:\Windows\system32\mswsock.dll
0x00007ff98b3d0000 - 0x00007ff98b3e5000 	C:\Users\Михаил\.jdks\openjdk-17\bin\nio.dll
0x00007ff98ab00000 - 0x00007ff98ab18000 	C:\Users\Михаил\.jdks\openjdk-17\bin\zip.dll

dbghelp: loaded successfully - version: 4.0.5 - missing functions: none
symbol engine: initialized successfully - sym options: 0x614 - pdb path: .;C:\Users\Михаил\.jdks\openjdk-17\bin;C:\Windows\SYSTEM32;C:\Windows\WinSxS\amd64_microsoft.windows.common-controls_6595b64144ccf1df_6.0.17763.2928_none_de6f2d70534d3d29;C:\Users\Михаил\.jdks\openjdk-17\bin\server

VM Arguments:
jvm_args: -javaagent:C:\Users\Михаил\AppData\Local\JetBrains\Toolbox\apps\IDEA-U\ch-0\212.5457.46\lib\idea_rt.jar=55883:C:\Users\Михаил\AppData\Local\JetBrains\Toolbox\apps\IDEA-U\ch-0\212.5457.46\bin -Dfile.encoding=UTF-8 --module-path=C:\Users\Михаил\.m2\repository\org\kordamp\bootstrapfx\bootstrapfx-core\0.4.0\bootstrapfx-core-0.4.0.jar;C:\Users\Михаил\.m2\repository\org\openjfx\javafx-media\17.0.0.1\javafx-media-17.0.0.1-win.jar;C:\Users\Михаил\.m2\repository\org\openjfx\javafx-fxml\17.0.0.1\javafx-fxml-17.0.0.1-win.jar;C:\Users\Михаил\.m2\repository\org\kordamp\ikonli\ikonli-javafx\12.2.0\ikonli-javafx-12.2.0.jar;C:\Users\Михаил\.m2\repository\com\dlsc\formsfx\formsfx-core\11.3.2\formsfx-core-11.3.2.jar;C:\Users\Михаил\.m2\repository\net\synedra\validatorfx\0.1.13\validatorfx-0.1.13.jar;C:\Users\Михаил\.m2\repository\org\openjfx\javafx-base\17.0.0.1\javafx-base-17.0.0.1-win.jar;C:\Users\Михаил\.m2\repository\eu\hansolo\tilesfx\11.48\tilesfx-11.48.jar;C:\Users\Михаил\.m2\repository\org\openjfx\javafx-graphics\17.0.0.1\javafx-graphics-17.0.0.1-win.jar;C:\Users\Михаил\IdeaProjects\kyrs_project1\target\classes;C:\Users\Михаил\.m2\repository\org\controlsfx\controlsfx\11.1.0\controlsfx-11.1.0.jar;C:\Users\Михаил\.m2\repository\org\openjfx\javafx-web\17.0.0.1\javafx-web-17.0.0.1-win.jar;C:\Users\Михаил\.m2\repository\org\openjfx\javafx-controls\17.0.0.1\javafx-controls-17.0.0.1-win.jar;C:\Users\Михаил\.m2\repository\org\kordamp\ikonli\ikonli-core\12.2.0\ikonli-core-12.2.0.jar -Djdk.module.main=com.example.kyrs_project1 
java_command: com.example.kyrs_project1/com.example.kyrs_project1.Application
java_class_path (initial): C:\Users\Михаил\.m2\repository\org\openjfx\javafx-controls\17.0.0.1\javafx-controls-17.0.0.1.jar;C:\Users\Михаил\.m2\repository\org\openjfx\javafx-graphics\17.0.0.1\javafx-graphics-17.0.0.1.jar;C:\Users\Михаил\.m2\repository\org\openjfx\javafx-base\17.0.0.1\javafx-base-17.0.0.1.jar;C:\Users\Михаил\.m2\repository\org\openjfx\javafx-fxml\17.0.0.1\javafx-fxml-17.0.0.1.jar;C:\Users\Михаил\.m2\repository\org\openjfx\javafx-web\17.0.0.1\javafx-web-17.0.0.1.jar;C:\Users\Михаил\.m2\repository\org\openjfx\javafx-media\17.0.0.1\javafx-media-17.0.0.1.jar;C:\Users\Михаил\.m2\repository\mysql\mysql-connector-java\8.0.25\mysql-connector-java-8.0.25.jar;C:\Users\Михаил\.m2\repository\com\google\protobuf\protobuf-java\3.11.4\protobuf-java-3.11.4.jar
Launcher Type: SUN_STANDARD

[Global flags]
     intx CICompilerCount                          = 12                                        {product} {ergonomic}
     uint ConcGCThreads                            = 3                                         {product} {ergonomic}
     uint G1ConcRefinementThreads                  = 13                                        {product} {ergonomic}
   size_t G1HeapRegionSize                         = 2097152                                   {product} {ergonomic}
    uintx GCDrainStackTargetSize                   = 64                                        {product} {ergonomic}
   size_t InitialHeapSize                          = 165675008                                 {product} {ergonomic}
   size_t MarkStackSize                            = 4194304                                   {product} {ergonomic}
   size_t MaxHeapSize                              = 2648702976                                {product} {ergonomic}
   size_t MaxNewSize                               = 1587544064                                {product} {ergonomic}
   size_t MinHeapDeltaBytes                        = 2097152                                   {product} {ergonomic}
   size_t MinHeapSize                              = 8388608                                   {product} {ergonomic}
    uintx NonNMethodCodeHeapSize                   = 7602480                                {pd product} {ergonomic}
    uintx NonProfiledCodeHeapSize                  = 122027880                              {pd product} {ergonomic}
    uintx ProfiledCodeHeapSize                     = 122027880                              {pd product} {ergonomic}
    uintx ReservedCodeCacheSize                    = 251658240                              {pd product} {ergonomic}
     bool SegmentedCodeCache                       = true                                      {product} {ergonomic}
   size_t SoftMaxHeapSize                          = 2648702976                             {manageable} {ergonomic}
     bool UseCompressedClassPointers               = true                           {product lp64_product} {ergonomic}
     bool UseCompressedOops                        = true                           {product lp64_product} {ergonomic}
     bool UseG1GC                                  = true                                      {product} {ergonomic}
     bool UseLargePagesIndividualAllocation        = false                                  {pd product} {ergonomic}

Logging:
Log output configuration:
 #0: stdout all=warning uptime,level,tags
 #1: stderr all=off uptime,level,tags

Environment Variables:
PATH=C:\Program Files (x86)\Common Files\Oracle\Java\javapath;C:\Windows\system32;C:\Windows;C:\Windows\System32\Wbem;C:\Windows\System32\WindowsPowerShell\v1.0\;C:\Program Files\PuTTY\;C:\Program Files\Git\cmd;C:\Users\Михаил\пютхон\Scripts\;C:\Users\Михаил\пютхон\;C:\Users\Михаил\AppData\Local\Microsoft\WindowsApps;C:\Program Files\JetBrains\DataGrip 2022.1.4\bin
USERNAME=Михаил
OS=Windows_NT
PROCESSOR_IDENTIFIER=AMD64 Family 23 Model 104 Stepping 1, AuthenticAMD



---------------  S Y S T E M  ---------------

OS:
 Windows 10 , 64 bit Build 17763 (10.0.17763.2928)
OS uptime: 3 days 6:06 hours

CPU: total 16 (initial active 16) (16 cores per cpu, 2 threads per core) family 23 model 104 stepping 1 microcode 0x0, cx8, cmov, fxsr, ht, mmx, 3dnowpref, sse, sse2, sse3, ssse3, sse4a, sse4.1, sse4.2, popcnt, lzcnt, tsc, tscinvbit, avx, avx2, aes, clmul, bmi1, bmi2, adx, sha, fma, vzeroupper, clflush, clflushopt

Memory: 4k page, system-wide physical 10101M (1524M free)
TotalPageFile size 10101M (AvailPageFile size 5M)
current process WorkingSet (physical memory assigned to process): 56M, peak: 56M
current process commit charge ("private bytes"): 268M, peak: 269M

vm_info: OpenJDK 64-Bit Server VM (17+35-2724) for windows-amd64 JRE (17+35-2724), built on Aug  5 2021 23:26:02 by "mach5one" with MS VC++ 16.8 (VS2019)

END.
