#
# There is insufficient memory for the Java Runtime Environment to continue.
# Native memory allocation (malloc) failed to allocate 32744 bytes for ChunkPool::allocate
# Possible reasons:
#   The system is out of physical RAM or swap space
#   The process is running with CompressedOops enabled, and the Java Heap may be blocking the growth of the native heap
# Possible solutions:
#   Reduce memory load on the system
#   Increase physical memory or swap space
#   Check if swap backing store is full
#   Decrease Java heap size (-Xmx/-Xms)
#   Decrease number of Java threads
#   Decrease Java thread stack sizes (-Xss)
#   Set larger code cache with -XX:ReservedCodeCacheSize=
#   JVM is running with Zero Based Compressed Oops mode in which the Java heap is
#     placed in the first 32GB address space. The Java Heap base address is the
#     maximum limit for the native heap growth. Please use -XX:HeapBaseMinAddress
#     to set the Java Heap base and to place the Java Heap above 32GB virtual address.
# This output file may be truncated or incomplete.
#
#  Out of Memory Error (arena.cpp:78), pid=10284, tid=11984
#
# JRE version: OpenJDK Runtime Environment (17.0+35) (build 17+35-2724)
# Java VM: OpenJDK 64-Bit Server VM (17+35-2724, mixed mode, sharing, tiered, compressed oops, compressed class ptrs, g1 gc, windows-amd64)
# No core dump will be written. Minidumps are not enabled by default on client versions of Windows
#

---------------  S U M M A R Y ------------

Command Line: -javaagent:C:\Users\Михаил\AppData\Local\JetBrains\Toolbox\apps\IDEA-U\ch-0\212.5457.46\lib\idea_rt.jar=64610:C:\Users\Михаил\AppData\Local\JetBrains\Toolbox\apps\IDEA-U\ch-0\212.5457.46\bin -Dfile.encoding=UTF-8 --module-path=C:\Users\Михаил\.m2\repository\org\openjfx\javafx-base\17.0.0.1\javafx-base-17.0.0.1-win.jar;C:\Users\Михаил\IdeaProjects\kyrs_project1\target\classes;C:\Users\Михаил\.m2\repository\org\kordamp\ikonli\ikonli-javafx\12.2.0\ikonli-javafx-12.2.0.jar;C:\Users\Михаил\.m2\repository\org\openjfx\javafx-fxml\17.0.0.1\javafx-fxml-17.0.0.1-win.jar;C:\Users\Михаил\.m2\repository\org\openjfx\javafx-web\17.0.0.1\javafx-web-17.0.0.1-win.jar;C:\Users\Михаил\.m2\repository\net\synedra\validatorfx\0.1.13\validatorfx-0.1.13.jar;C:\Users\Михаил\.m2\repository\com\dlsc\formsfx\formsfx-core\11.3.2\formsfx-core-11.3.2.jar;C:\Users\Михаил\.m2\repository\org\kordamp\bootstrapfx\bootstrapfx-core\0.4.0\bootstrapfx-core-0.4.0.jar;C:\Users\Михаил\.m2\repository\org\openjfx\javafx-media\17.0.0.1\javafx-media-17.0.0.1-win.jar;C:\Users\Михаил\.m2\repository\org\openjfx\javafx-graphics\17.0.0.1\javafx-graphics-17.0.0.1-win.jar;C:\Users\Михаил\.m2\repository\org\controlsfx\controlsfx\11.1.0\controlsfx-11.1.0.jar;C:\Users\Михаил\.m2\repository\org\openjfx\javafx-controls\17.0.0.1\javafx-controls-17.0.0.1-win.jar;C:\Users\Михаил\.m2\repository\org\kordamp\ikonli\ikonli-core\12.2.0\ikonli-core-12.2.0.jar;C:\Users\Михаил\.m2\repository\eu\hansolo\tilesfx\11.48\tilesfx-11.48.jar -Djdk.module.main=com.example.kyrs_project1 com.example.kyrs_project1/com.example.kyrs_project1.Application

Host: AMD Ryzen 7 5700U with Radeon Graphics         , 16 cores, 9G,  Windows 10 , 64 bit Build 17763 (10.0.17763.2928)
Time: Tue Jul  5 22:39:06 2022 RTZ 2 (зима) elapsed time: 0.888568 seconds (0d 0h 0m 0s)

---------------  T H R E A D  ---------------

Current thread (0x0000023a8f83dc40):  JavaThread "C1 CompilerThread1" daemon [_thread_in_native, id=11984, stack(0x000000d7eeb00000,0x000000d7eec00000)]


Current CompileTask:
C1:    888 1423       3       java.lang.Character::isWhitespace (5 bytes)

Stack: [0x000000d7eeb00000,0x000000d7eec00000]
Native frames: (J=compiled Java code, j=interpreted, Vv=VM code, C=native code)
V  [jvm.dll+0x66f8ea]
V  [jvm.dll+0x7ce224]
V  [jvm.dll+0x7cf9ce]
V  [jvm.dll+0x7d0033]
V  [jvm.dll+0x242bb5]
V  [jvm.dll+0xaa2a0]
V  [jvm.dll+0xaa5ec]
V  [jvm.dll+0x176ce8]
V  [jvm.dll+0x176c9d]
V  [jvm.dll+0x174fa4]
V  [jvm.dll+0x17526a]
V  [jvm.dll+0x1783e3]
V  [jvm.dll+0x1323c3]
V  [jvm.dll+0x131cbf]
V  [jvm.dll+0x131ef6]
V  [jvm.dll+0x13138a]
V  [jvm.dll+0x133051]
V  [jvm.dll+0x2248f8]
V  [jvm.dll+0x222a5c]
V  [jvm.dll+0x78422b]
V  [jvm.dll+0x77e7ea]
V  [jvm.dll+0x66e715]
C  [ucrtbase.dll+0x2268a]
C  [KERNEL32.DLL+0x17974]
C  [ntdll.dll+0x5a2f1]


---------------  P R O C E S S  ---------------

Threads class SMR info:
_java_thread_list=0x0000023a909963e0, length=25, elements={
0x0000023aeee425b0, 0x0000023affbccd90, 0x0000023affbce2a0, 0x0000023affbe0a20,
0x0000023affbe33e0, 0x0000023affbe55e0, 0x0000023affbea8b0, 0x0000023affbec9c0,
0x0000023affbf9800, 0x0000023a8f808490, 0x0000023a8f83dc40, 0x0000023aeef07f00,
0x0000023a8f91ffb0, 0x0000023a8f920790, 0x0000023a8f9f1fa0, 0x0000023a8f8e8b50,
0x0000023a8fc341d0, 0x0000023a8fb676c0, 0x0000023a8fc32200, 0x0000023a8fc32ee0,
0x0000023a9037de90, 0x0000023a9078e310, 0x0000023a907a8d00, 0x0000023a909bd8b0,
0x0000023a909b0b10
}

Java Threads: ( => current thread )
  0x0000023aeee425b0 JavaThread "main" [_thread_blocked, id=10656, stack(0x000000d7edb00000,0x000000d7edc00000)]
  0x0000023affbccd90 JavaThread "Reference Handler" daemon [_thread_blocked, id=9472, stack(0x000000d7ee200000,0x000000d7ee300000)]
  0x0000023affbce2a0 JavaThread "Finalizer" daemon [_thread_blocked, id=5412, stack(0x000000d7ee300000,0x000000d7ee400000)]
  0x0000023affbe0a20 JavaThread "Signal Dispatcher" daemon [_thread_blocked, id=456, stack(0x000000d7ee400000,0x000000d7ee500000)]
  0x0000023affbe33e0 JavaThread "Attach Listener" daemon [_thread_blocked, id=8320, stack(0x000000d7ee500000,0x000000d7ee600000)]
  0x0000023affbe55e0 JavaThread "Service Thread" daemon [_thread_blocked, id=6372, stack(0x000000d7ee600000,0x000000d7ee700000)]
  0x0000023affbea8b0 JavaThread "Monitor Deflation Thread" daemon [_thread_blocked, id=8816, stack(0x000000d7ee700000,0x000000d7ee800000)]
  0x0000023affbec9c0 JavaThread "C2 CompilerThread0" daemon [_thread_in_native, id=11028, stack(0x000000d7ee800000,0x000000d7ee900000)]
  0x0000023affbf9800 JavaThread "C1 CompilerThread0" daemon [_thread_blocked, id=12248, stack(0x000000d7ee900000,0x000000d7eea00000)]
  0x0000023a8f808490 JavaThread "Sweeper thread" daemon [_thread_blocked, id=9584, stack(0x000000d7eea00000,0x000000d7eeb00000)]
=>0x0000023a8f83dc40 JavaThread "C1 CompilerThread1" daemon [_thread_in_native, id=11984, stack(0x000000d7eeb00000,0x000000d7eec00000)]
  0x0000023aeef07f00 JavaThread "Common-Cleaner" daemon [_thread_blocked, id=4084, stack(0x000000d7eec00000,0x000000d7eed00000)]
  0x0000023a8f91ffb0 JavaThread "C1 CompilerThread2" daemon [_thread_blocked, id=5468, stack(0x000000d7eed00000,0x000000d7eee00000)]
  0x0000023a8f920790 JavaThread "C1 CompilerThread3" daemon [_thread_blocked, id=7092, stack(0x000000d7eee00000,0x000000d7eef00000)]
  0x0000023a8f9f1fa0 JavaThread "C2 CompilerThread1" daemon [_thread_in_native, id=8348, stack(0x000000d7eef00000,0x000000d7ef000000)]
  0x0000023a8f8e8b50 JavaThread "C2 CompilerThread2" daemon [_thread_in_native, id=8012, stack(0x000000d7ef000000,0x000000d7ef100000)]
  0x0000023a8fc341d0 JavaThread "C2 CompilerThread3" daemon [_thread_in_native, id=5484, stack(0x000000d7ef100000,0x000000d7ef200000)]
  0x0000023a8fb676c0 JavaThread "C2 CompilerThread4" daemon [_thread_in_native, id=628, stack(0x000000d7ef200000,0x000000d7ef300000)]
  0x0000023a8fc32200 JavaThread "Monitor Ctrl-Break" daemon [_thread_in_native, id=1920, stack(0x000000d7ef300000,0x000000d7ef400000)]
  0x0000023a8fc32ee0 JavaThread "Notification Thread" daemon [_thread_blocked, id=10572, stack(0x000000d7ef400000,0x000000d7ef500000)]
  0x0000023a9037de90 JavaThread "QuantumRenderer-0" daemon [_thread_blocked, id=964, stack(0x000000d7ef600000,0x000000d7ef700000)]
  0x0000023a9078e310 JavaThread "InvokeLaterDispatcher" daemon [_thread_blocked, id=11520, stack(0x000000d7ef900000,0x000000d7efa00000)]
  0x0000023a907a8d00 JavaThread "JavaFX Application Thread" [_thread_in_vm, id=10420, stack(0x000000d7efa00000,0x000000d7efb00000)]
  0x0000023a909bd8b0 JavaThread "Thread-1" daemon [_thread_in_native, id=12204, stack(0x000000d7f0500000,0x000000d7f0600000)]
  0x0000023a909b0b10 JavaThread "JavaFX-Launcher" [_thread_blocked, id=1444, stack(0x000000d7f0b00000,0x000000d7f0c00000)]

Other Threads:
  0x0000023affbc64b0 VMThread "VM Thread" [stack: 0x000000d7ee100000,0x000000d7ee200000] [id=1372]
  0x0000023a8fb74b00 WatcherThread [stack: 0x000000d7ef500000,0x000000d7ef600000] [id=6416]
  0x0000023aeee83530 GCTaskThread "GC Thread#0" [stack: 0x000000d7edc00000,0x000000d7edd00000] [id=5596]
  0x0000023a9098ca20 GCTaskThread "GC Thread#1" [stack: 0x000000d7f0600000,0x000000d7f0700000] [id=9344]
  0x0000023a9098ccd0 GCTaskThread "GC Thread#2" [stack: 0x000000d7f0700000,0x000000d7f0800000] [id=7140]
  0x0000023a909acfd0 GCTaskThread "GC Thread#3" [stack: 0x000000d7f0800000,0x000000d7f0900000] [id=7340]
  0x0000023a909d1880 GCTaskThread "GC Thread#4" [stack: 0x000000d7f0900000,0x000000d7f0a00000] [id=9896]
  0x0000023a909d2b40 GCTaskThread "GC Thread#5" [stack: 0x000000d7f0a00000,0x000000d7f0b00000] [id=5284]
  0x0000023aeee8e240 ConcurrentGCThread "G1 Main Marker" [stack: 0x000000d7edd00000,0x000000d7ede00000] [id=11480]
  0x0000023aeee90820 ConcurrentGCThread "G1 Conc#0" [stack: 0x000000d7ede00000,0x000000d7edf00000] [id=9880]
  0x0000023affaa20b0 ConcurrentGCThread "G1 Refine#0" [stack: 0x000000d7edf00000,0x000000d7ee000000] [id=8340]
  0x0000023affaa2ad0 ConcurrentGCThread "G1 Service" [stack: 0x000000d7ee000000,0x000000d7ee100000] [id=3240]

Threads with active compile tasks:
C2 CompilerThread0      900 1415       4       java.util.HashMap::put (13 bytes)
C1 CompilerThread1      901 1423       3       java.lang.Character::isWhitespace (5 bytes)
C2 CompilerThread1      901 1431       4       jdk.internal.org.objectweb.asm.SymbolTable::addConstantUtf8 (98 bytes)
C2 CompilerThread2      901 1177       4       java.io.DataInputStream::readUTF (501 bytes)
C2 CompilerThread3      901 1433       4       java.util.zip.ZipFile::getZipEntry (322 bytes)
C2 CompilerThread4      901 1408   !   4       com.sun.javafx.css.ParsedValueImpl::readBinary (688 bytes)

VM state: not at safepoint (normal execution)

VM Mutex/Monitor currently owned by a thread: None

Heap address: 0x0000000762200000, size: 2526 MB, Compressed Oops mode: Zero based, Oop shift amount: 3

CDS archive(s) mapped at: [0x0000000800000000-0x0000000800bc0000-0x0000000800bc0000), size 12320768, SharedBaseAddress: 0x0000000800000000, ArchiveRelocationMode: 0.
Compressed class space mapped at: 0x0000000800c00000-0x0000000840c00000, reserved size: 1073741824
Narrow klass base: 0x0000000800000000, Narrow klass shift: 0, Narrow klass range: 0x100000000

GC Precious Log:
 CPUs: 16 total, 16 available
 Memory: 10101M
 Large Page Support: Disabled
 NUMA Support: Disabled
 Compressed Oops: Enabled (Zero based)
 Heap Region Size: 2M
 Heap Min Capacity: 8M
 Heap Initial Capacity: 158M
 Heap Max Capacity: 2526M
 Pre-touch: Disabled
 Parallel Workers: 13
 Concurrent Workers: 3
 Concurrent Refinement Workers: 13
 Periodic GC: Disabled

Heap:
 garbage-first heap   total 161792K, used 21968K [0x0000000762200000, 0x0000000800000000)
  region size 2048K, 12 young (24576K), 2 survivors (4096K)
 Metaspace       used 9142K, committed 9344K, reserved 1064960K
  class space    used 1164K, committed 1280K, reserved 1048576K

Heap Regions: E=young(eden), S=young(survivor), O=old, HS=humongous(starts), HC=humongous(continues), CS=collection set, F=free, OA=open archive, CA=closed archive, TAMS=top-at-mark-start (previous, next)
|   0|0x0000000762200000, 0x0000000762200000, 0x0000000762400000|  0%| F|  |TAMS 0x0000000762200000, 0x0000000762200000| Untracked 
|   1|0x0000000762400000, 0x0000000762400000, 0x0000000762600000|  0%| F|  |TAMS 0x0000000762400000, 0x0000000762400000| Untracked 
|   2|0x0000000762600000, 0x0000000762600000, 0x0000000762800000|  0%| F|  |TAMS 0x0000000762600000, 0x0000000762600000| Untracked 
|   3|0x0000000762800000, 0x0000000762800000, 0x0000000762a00000|  0%| F|  |TAMS 0x0000000762800000, 0x0000000762800000| Untracked 
|   4|0x0000000762a00000, 0x0000000762a00000, 0x0000000762c00000|  0%| F|  |TAMS 0x0000000762a00000, 0x0000000762a00000| Untracked 
|   5|0x0000000762c00000, 0x0000000762c00000, 0x0000000762e00000|  0%| F|  |TAMS 0x0000000762c00000, 0x0000000762c00000| Untracked 
|   6|0x0000000762e00000, 0x0000000762e00000, 0x0000000763000000|  0%| F|  |TAMS 0x0000000762e00000, 0x0000000762e00000| Untracked 
|   7|0x0000000763000000, 0x0000000763000000, 0x0000000763200000|  0%| F|  |TAMS 0x0000000763000000, 0x0000000763000000| Untracked 
|   8|0x0000000763200000, 0x0000000763200000, 0x0000000763400000|  0%| F|  |TAMS 0x0000000763200000, 0x0000000763200000| Untracked 
|   9|0x0000000763400000, 0x0000000763400000, 0x0000000763600000|  0%| F|  |TAMS 0x0000000763400000, 0x0000000763400000| Untracked 
|  10|0x0000000763600000, 0x0000000763600000, 0x0000000763800000|  0%| F|  |TAMS 0x0000000763600000, 0x0000000763600000| Untracked 
|  11|0x0000000763800000, 0x0000000763800000, 0x0000000763a00000|  0%| F|  |TAMS 0x0000000763800000, 0x0000000763800000| Untracked 
|  12|0x0000000763a00000, 0x0000000763a00000, 0x0000000763c00000|  0%| F|  |TAMS 0x0000000763a00000, 0x0000000763a00000| Untracked 
|  13|0x0000000763c00000, 0x0000000763c00000, 0x0000000763e00000|  0%| F|  |TAMS 0x0000000763c00000, 0x0000000763c00000| Untracked 
|  14|0x0000000763e00000, 0x0000000763e00000, 0x0000000764000000|  0%| F|  |TAMS 0x0000000763e00000, 0x0000000763e00000| Untracked 
|  15|0x0000000764000000, 0x0000000764000000, 0x0000000764200000|  0%| F|  |TAMS 0x0000000764000000, 0x0000000764000000| Untracked 
|  16|0x0000000764200000, 0x0000000764200000, 0x0000000764400000|  0%| F|  |TAMS 0x0000000764200000, 0x0000000764200000| Untracked 
|  17|0x0000000764400000, 0x0000000764400000, 0x0000000764600000|  0%| F|  |TAMS 0x0000000764400000, 0x0000000764400000| Untracked 
|  18|0x0000000764600000, 0x0000000764600000, 0x0000000764800000|  0%| F|  |TAMS 0x0000000764600000, 0x0000000764600000| Untracked 
|  19|0x0000000764800000, 0x0000000764800000, 0x0000000764a00000|  0%| F|  |TAMS 0x0000000764800000, 0x0000000764800000| Untracked 
|  20|0x0000000764a00000, 0x0000000764a00000, 0x0000000764c00000|  0%| F|  |TAMS 0x0000000764a00000, 0x0000000764a00000| Untracked 
|  21|0x0000000764c00000, 0x0000000764c00000, 0x0000000764e00000|  0%| F|  |TAMS 0x0000000764c00000, 0x0000000764c00000| Untracked 
|  22|0x0000000764e00000, 0x0000000764e00000, 0x0000000765000000|  0%| F|  |TAMS 0x0000000764e00000, 0x0000000764e00000| Untracked 
|  23|0x0000000765000000, 0x0000000765000000, 0x0000000765200000|  0%| F|  |TAMS 0x0000000765000000, 0x0000000765000000| Untracked 
|  24|0x0000000765200000, 0x0000000765200000, 0x0000000765400000|  0%| F|  |TAMS 0x0000000765200000, 0x0000000765200000| Untracked 
|  25|0x0000000765400000, 0x0000000765400000, 0x0000000765600000|  0%| F|  |TAMS 0x0000000765400000, 0x0000000765400000| Untracked 
|  26|0x0000000765600000, 0x0000000765600000, 0x0000000765800000|  0%| F|  |TAMS 0x0000000765600000, 0x0000000765600000| Untracked 
|  27|0x0000000765800000, 0x0000000765800000, 0x0000000765a00000|  0%| F|  |TAMS 0x0000000765800000, 0x0000000765800000| Untracked 
|  28|0x0000000765a00000, 0x0000000765a00000, 0x0000000765c00000|  0%| F|  |TAMS 0x0000000765a00000, 0x0000000765a00000| Untracked 
|  29|0x0000000765c00000, 0x0000000765c00000, 0x0000000765e00000|  0%| F|  |TAMS 0x0000000765c00000, 0x0000000765c00000| Untracked 
|  30|0x0000000765e00000, 0x0000000765e00000, 0x0000000766000000|  0%| F|  |TAMS 0x0000000765e00000, 0x0000000765e00000| Untracked 
|  31|0x0000000766000000, 0x0000000766000000, 0x0000000766200000|  0%| F|  |TAMS 0x0000000766000000, 0x0000000766000000| Untracked 
|  32|0x0000000766200000, 0x0000000766200000, 0x0000000766400000|  0%| F|  |TAMS 0x0000000766200000, 0x0000000766200000| Untracked 
|  33|0x0000000766400000, 0x0000000766400000, 0x0000000766600000|  0%| F|  |TAMS 0x0000000766400000, 0x0000000766400000| Untracked 
|  34|0x0000000766600000, 0x0000000766600000, 0x0000000766800000|  0%| F|  |TAMS 0x0000000766600000, 0x0000000766600000| Untracked 
|  35|0x0000000766800000, 0x0000000766800000, 0x0000000766a00000|  0%| F|  |TAMS 0x0000000766800000, 0x0000000766800000| Untracked 
|  36|0x0000000766a00000, 0x0000000766a00000, 0x0000000766c00000|  0%| F|  |TAMS 0x0000000766a00000, 0x0000000766a00000| Untracked 
|  37|0x0000000766c00000, 0x0000000766c00000, 0x0000000766e00000|  0%| F|  |TAMS 0x0000000766c00000, 0x0000000766c00000| Untracked 
|  38|0x0000000766e00000, 0x0000000766e00000, 0x0000000767000000|  0%| F|  |TAMS 0x0000000766e00000, 0x0000000766e00000| Untracked 
|  39|0x0000000767000000, 0x0000000767000000, 0x0000000767200000|  0%| F|  |TAMS 0x0000000767000000, 0x0000000767000000| Untracked 
|  40|0x0000000767200000, 0x0000000767200000, 0x0000000767400000|  0%| F|  |TAMS 0x0000000767200000, 0x0000000767200000| Untracked 
|  41|0x0000000767400000, 0x0000000767400000, 0x0000000767600000|  0%| F|  |TAMS 0x0000000767400000, 0x0000000767400000| Untracked 
|  42|0x0000000767600000, 0x0000000767600000, 0x0000000767800000|  0%| F|  |TAMS 0x0000000767600000, 0x0000000767600000| Untracked 
|  43|0x0000000767800000, 0x0000000767800000, 0x0000000767a00000|  0%| F|  |TAMS 0x0000000767800000, 0x0000000767800000| Untracked 
|  44|0x0000000767a00000, 0x0000000767a00000, 0x0000000767c00000|  0%| F|  |TAMS 0x0000000767a00000, 0x0000000767a00000| Untracked 
|  45|0x0000000767c00000, 0x0000000767c00000, 0x0000000767e00000|  0%| F|  |TAMS 0x0000000767c00000, 0x0000000767c00000| Untracked 
|  46|0x0000000767e00000, 0x0000000767e00000, 0x0000000768000000|  0%| F|  |TAMS 0x0000000767e00000, 0x0000000767e00000| Untracked 
|  47|0x0000000768000000, 0x0000000768000000, 0x0000000768200000|  0%| F|  |TAMS 0x0000000768000000, 0x0000000768000000| Untracked 
|  48|0x0000000768200000, 0x0000000768200000, 0x0000000768400000|  0%| F|  |TAMS 0x0000000768200000, 0x0000000768200000| Untracked 
|  49|0x0000000768400000, 0x0000000768400000, 0x0000000768600000|  0%| F|  |TAMS 0x0000000768400000, 0x0000000768400000| Untracked 
|  50|0x0000000768600000, 0x0000000768600000, 0x0000000768800000|  0%| F|  |TAMS 0x0000000768600000, 0x0000000768600000| Untracked 
|  51|0x0000000768800000, 0x0000000768800000, 0x0000000768a00000|  0%| F|  |TAMS 0x0000000768800000, 0x0000000768800000| Untracked 
|  52|0x0000000768a00000, 0x0000000768a00000, 0x0000000768c00000|  0%| F|  |TAMS 0x0000000768a00000, 0x0000000768a00000| Untracked 
|  53|0x0000000768c00000, 0x0000000768c00000, 0x0000000768e00000|  0%| F|  |TAMS 0x0000000768c00000, 0x0000000768c00000| Untracked 
|  54|0x0000000768e00000, 0x0000000768e00000, 0x0000000769000000|  0%| F|  |TAMS 0x0000000768e00000, 0x0000000768e00000| Untracked 
|  55|0x0000000769000000, 0x0000000769000000, 0x0000000769200000|  0%| F|  |TAMS 0x0000000769000000, 0x0000000769000000| Untracked 
|  56|0x0000000769200000, 0x0000000769200000, 0x0000000769400000|  0%| F|  |TAMS 0x0000000769200000, 0x0000000769200000| Untracked 
|  57|0x0000000769400000, 0x0000000769400000, 0x0000000769600000|  0%| F|  |TAMS 0x0000000769400000, 0x0000000769400000| Untracked 
|  58|0x0000000769600000, 0x0000000769600000, 0x0000000769800000|  0%| F|  |TAMS 0x0000000769600000, 0x0000000769600000| Untracked 
|  59|0x0000000769800000, 0x0000000769800000, 0x0000000769a00000|  0%| F|  |TAMS 0x0000000769800000, 0x0000000769800000| Untracked 
|  60|0x0000000769a00000, 0x0000000769a00000, 0x0000000769c00000|  0%| F|  |TAMS 0x0000000769a00000, 0x0000000769a00000| Untracked 
|  61|0x0000000769c00000, 0x0000000769c00000, 0x0000000769e00000|  0%| F|  |TAMS 0x0000000769c00000, 0x0000000769c00000| Untracked 
|  62|0x0000000769e00000, 0x0000000769e00000, 0x000000076a000000|  0%| F|  |TAMS 0x0000000769e00000, 0x0000000769e00000| Untracked 
|  63|0x000000076a000000, 0x000000076a000000, 0x000000076a200000|  0%| F|  |TAMS 0x000000076a000000, 0x000000076a000000| Untracked 
|  64|0x000000076a200000, 0x000000076a200000, 0x000000076a400000|  0%| F|  |TAMS 0x000000076a200000, 0x000000076a200000| Untracked 
|  65|0x000000076a400000, 0x000000076a400000, 0x000000076a600000|  0%| F|  |TAMS 0x000000076a400000, 0x000000076a400000| Untracked 
|  66|0x000000076a600000, 0x000000076a774010, 0x000000076a800000| 72%| S|CS|TAMS 0x000000076a600000, 0x000000076a600000| Complete 
|  67|0x000000076a800000, 0x000000076aa00000, 0x000000076aa00000|100%| S|CS|TAMS 0x000000076a800000, 0x000000076a800000| Complete 
|  68|0x000000076aa00000, 0x000000076aa00000, 0x000000076ac00000|  0%| F|  |TAMS 0x000000076aa00000, 0x000000076aa00000| Untracked 
|  69|0x000000076ac00000, 0x000000076ad63c48, 0x000000076ae00000| 69%| E|  |TAMS 0x000000076ac00000, 0x000000076ac00000| Complete 
|  70|0x000000076ae00000, 0x000000076b000000, 0x000000076b000000|100%| E|CS|TAMS 0x000000076ae00000, 0x000000076ae00000| Complete 
|  71|0x000000076b000000, 0x000000076b200000, 0x000000076b200000|100%| E|CS|TAMS 0x000000076b000000, 0x000000076b000000| Complete 
|  72|0x000000076b200000, 0x000000076b400000, 0x000000076b400000|100%| E|CS|TAMS 0x000000076b200000, 0x000000076b200000| Complete 
|  73|0x000000076b400000, 0x000000076b600000, 0x000000076b600000|100%| E|CS|TAMS 0x000000076b400000, 0x000000076b400000| Complete 
|  74|0x000000076b600000, 0x000000076b800000, 0x000000076b800000|100%| E|CS|TAMS 0x000000076b600000, 0x000000076b600000| Complete 
|  75|0x000000076b800000, 0x000000076ba00000, 0x000000076ba00000|100%| E|CS|TAMS 0x000000076b800000, 0x000000076b800000| Complete 
|  76|0x000000076ba00000, 0x000000076bc00000, 0x000000076bc00000|100%| E|CS|TAMS 0x000000076ba00000, 0x000000076ba00000| Complete 
|  77|0x000000076bc00000, 0x000000076be00000, 0x000000076be00000|100%| E|CS|TAMS 0x000000076bc00000, 0x000000076bc00000| Complete 
|  78|0x000000076be00000, 0x000000076c000000, 0x000000076c000000|100%| E|CS|TAMS 0x000000076be00000, 0x000000076be00000| Complete 

Card table byte_map: [0x0000023af73b0000,0x0000023af78a0000] _byte_map_base: 0x0000023af389f000

Marking Bits (Prev, Next): (CMBitMap*) 0x0000023aeee83b40, (CMBitMap*) 0x0000023aeee83b80
 Prev Bits: [0x0000023af7d90000, 0x0000023afa508000)
 Next Bits: [0x0000023afa510000, 0x0000023afcc88000)

Polling page: 0x0000023aecc30000

Metaspace:

Usage:
  Non-class:      7.79 MB used.
      Class:      1.14 MB used.
       Both:      8.93 MB used.

Virtual space:
  Non-class space:       16.00 MB reserved,       7.88 MB ( 49%) committed,  2 nodes.
      Class space:        1.00 GB reserved,       1.25 MB ( <1%) committed,  1 nodes.
             Both:        1.02 GB reserved,       9.13 MB ( <1%) committed. 

Chunk freelists:
   Non-Class:  3.70 MB
       Class:  2.72 MB
        Both:  6.42 MB

MaxMetaspaceSize: unlimited
CompressedClassSpaceSize: 1.00 GB
Initial GC threshold: 21.00 MB
Current GC threshold: 21.00 MB
CDS: on
MetaspaceReclaimPolicy: balanced
 - commit_granule_bytes: 65536.
 - commit_granule_words: 8192.
 - virtual_space_node_default_size: 1048576.
 - enlarge_chunks_in_place: 1.
 - new_chunks_are_fully_committed: 0.
 - uncommit_free_chunks: 1.
 - use_allocation_guard: 0.
 - handle_deallocations: 1.


Internal statistics:

num_allocs_failed_limit: 0.
num_arena_births: 126.
num_arena_deaths: 0.
num_vsnodes_births: 3.
num_vsnodes_deaths: 0.
num_space_committed: 146.
num_space_uncommitted: 0.
num_chunks_returned_to_freelist: 0.
num_chunks_taken_from_freelist: 350.
num_chunk_merges: 0.
num_chunk_splits: 249.
num_chunks_enlarged: 191.
num_purges: 0.
num_inconsistent_stats: 0.

CodeHeap 'non-profiled nmethods': size=119168Kb used=497Kb max_used=497Kb free=118670Kb
 bounds [0x0000023a87ba0000, 0x0000023a87e10000, 0x0000023a8f000000]
CodeHeap 'profiled nmethods': size=119104Kb used=2504Kb max_used=2504Kb free=116599Kb
 bounds [0x0000023a80750000, 0x0000023a809d0000, 0x0000023a87ba0000]
CodeHeap 'non-nmethods': size=7488Kb used=2953Kb max_used=2980Kb free=4534Kb
 bounds [0x0000023a80000000, 0x0000023a802f0000, 0x0000023a80750000]
 total_blobs=2010 nmethods=1427 adapters=493
 compilation: enabled
              stopped_count=0, restarted_count=0
 full_count=0

Compilation events (20 events):
Event: 0.875 Thread 0x0000023a8f83dc40 1412       3       java.lang.String::compareTo (63 bytes)
Event: 0.875 Thread 0x0000023a8f920790 1414       3       java.util.HashMap$TreeNode::<init> (10 bytes)
Event: 0.875 Thread 0x0000023affbf9800 1413       3       java.lang.StringLatin1::compareTo (14 bytes)
Event: 0.875 Thread 0x0000023affbec9c0 1415       4       java.util.HashMap::put (13 bytes)
Event: 0.875 Thread 0x0000023a8f91ffb0 1416       3       java.util.HashMap$TreeNode::rotateLeft (91 bytes)
Event: 0.875 Thread 0x0000023a8f920790 nmethod 1414 0x0000023a809bc690 code [0x0000023a809bc820, 0x0000023a809bc968]
Event: 0.875 Thread 0x0000023affbf9800 nmethod 1413 0x0000023a809bca10 code [0x0000023a809bcbc0, 0x0000023a809bcce8]
Event: 0.875 Thread 0x0000023a8f83dc40 nmethod 1412 0x0000023a809bce10 code [0x0000023a809bd020, 0x0000023a809bd4b8]
Event: 0.875 Thread 0x0000023a8f91ffb0 nmethod 1416 0x0000023a809bd690 code [0x0000023a809bd860, 0x0000023a809bdd98]
Event: 0.880 Thread 0x0000023a8f9f1fa0 nmethod 1410 0x0000023a87c1a010 code [0x0000023a87c1a1a0, 0x0000023a87c1a518]
Event: 0.880 Thread 0x0000023a8f9f1fa0 1417  s    4       java.io.ByteArrayInputStream::read (73 bytes)
Event: 0.882 Thread 0x0000023a8fc341d0 nmethod 1407 0x0000023a87c1a790 code [0x0000023a87c1a920, 0x0000023a87c1aed8]
Event: 0.882 Thread 0x0000023a8f9f1fa0 nmethod 1417 0x0000023a87c1b190 code [0x0000023a87c1b320, 0x0000023a87c1b6b8]
Event: 0.885 Thread 0x0000023a8f920790 1418       3       jdk.internal.org.objectweb.asm.Frame::merge (317 bytes)
Event: 0.885 Thread 0x0000023a8fc341d0 1419       4       jdk.internal.org.objectweb.asm.ByteVector::putByte (39 bytes)
Event: 0.885 Thread 0x0000023affbf9800 1420       1       java.lang.reflect.Constructor::getDeclaringClass (5 bytes)
Event: 0.885 Thread 0x0000023a8f91ffb0 1421       3       sun.reflect.generics.parser.SignatureParser::current (59 bytes)
Event: 0.885 Thread 0x0000023affbf9800 nmethod 1420 0x0000023a87c1b910 code [0x0000023a87c1baa0, 0x0000023a87c1bb78]
Event: 0.885 Thread 0x0000023affbf9800 1422       3       sun.reflect.generics.parser.SignatureParser::advance (53 bytes)
Event: 0.885 Thread 0x0000023a8f83dc40 1423       3       java.lang.Character::isWhitespace (5 bytes)

GC Heap History (2 events):
Event: 0.628 GC heap before
{Heap before GC invocations=0 (full 0):
 garbage-first heap   total 161792K, used 22528K [0x0000000762200000, 0x0000000800000000)
  region size 2048K, 11 young (22528K), 0 survivors (0K)
 Metaspace       used 4487K, committed 4672K, reserved 1056768K
  class space    used 487K, committed 576K, reserved 1048576K
}
Event: 0.633 GC heap after
{Heap after GC invocations=1 (full 0):
 garbage-first heap   total 161792K, used 3536K [0x0000000762200000, 0x0000000800000000)
  region size 2048K, 2 young (4096K), 2 survivors (4096K)
 Metaspace       used 4487K, committed 4672K, reserved 1056768K
  class space    used 487K, committed 576K, reserved 1048576K
}

Deoptimization events (20 events):
Event: 0.855 Thread 0x0000023a907a8d00 Uncommon trap: trap_request=0xffffffde fr.pc=0x0000023a87c11c84 relative=0x00000000000003c4
Event: 0.855 Thread 0x0000023a907a8d00 Uncommon trap: reason=class_check action=maybe_recompile pc=0x0000023a87c11c84 method=java.util.HashMap.getNode(Ljava/lang/Object;)Ljava/util/HashMap$Node; @ 63 c2
Event: 0.855 Thread 0x0000023a907a8d00 DEOPT PACKING pc=0x0000023a87c11c84 sp=0x000000d7efafcd20
Event: 0.855 Thread 0x0000023a907a8d00 DEOPT UNPACKING pc=0x0000023a800523a3 sp=0x000000d7efafcc98 mode 2
Event: 0.855 Thread 0x0000023a907a8d00 Uncommon trap: trap_request=0xffffffde fr.pc=0x0000023a87c11c84 relative=0x00000000000003c4
Event: 0.855 Thread 0x0000023a907a8d00 Uncommon trap: reason=class_check action=maybe_recompile pc=0x0000023a87c11c84 method=java.util.HashMap.getNode(Ljava/lang/Object;)Ljava/util/HashMap$Node; @ 63 c2
Event: 0.855 Thread 0x0000023a907a8d00 DEOPT PACKING pc=0x0000023a87c11c84 sp=0x000000d7efafcd20
Event: 0.855 Thread 0x0000023a907a8d00 DEOPT UNPACKING pc=0x0000023a800523a3 sp=0x000000d7efafcc98 mode 2
Event: 0.856 Thread 0x0000023a907a8d00 Uncommon trap: trap_request=0xffffff45 fr.pc=0x0000023a87bd41c8 relative=0x00000000000004c8
Event: 0.856 Thread 0x0000023a907a8d00 Uncommon trap: reason=unstable_if action=reinterpret pc=0x0000023a87bd41c8 method=java.util.HashMap.putVal(ILjava/lang/Object;Ljava/lang/Object;ZZ)Ljava/lang/Object; @ 162 c2
Event: 0.856 Thread 0x0000023a907a8d00 DEOPT PACKING pc=0x0000023a87bd41c8 sp=0x000000d7efafcbf0
Event: 0.856 Thread 0x0000023a907a8d00 DEOPT UNPACKING pc=0x0000023a800523a3 sp=0x000000d7efafcb90 mode 2
Event: 0.859 Thread 0x0000023a907a8d00 Uncommon trap: trap_request=0xffffff45 fr.pc=0x0000023a87bd9774 relative=0x0000000000000994
Event: 0.859 Thread 0x0000023a907a8d00 Uncommon trap: reason=unstable_if action=reinterpret pc=0x0000023a87bd9774 method=java.util.HashMap.resize()[Ljava/util/HashMap$Node; @ 203 c2
Event: 0.859 Thread 0x0000023a907a8d00 DEOPT PACKING pc=0x0000023a87bd9774 sp=0x000000d7efafcb10
Event: 0.859 Thread 0x0000023a907a8d00 DEOPT UNPACKING pc=0x0000023a800523a3 sp=0x000000d7efafcab8 mode 2
Event: 0.862 Thread 0x0000023a907a8d00 Uncommon trap: trap_request=0xffffff45 fr.pc=0x0000023a87c16a64 relative=0x0000000000000524
Event: 0.862 Thread 0x0000023a907a8d00 Uncommon trap: reason=unstable_if action=reinterpret pc=0x0000023a87c16a64 method=java.util.HashMap.getNode(Ljava/lang/Object;)Ljava/util/HashMap$Node; @ 85 c2
Event: 0.862 Thread 0x0000023a907a8d00 DEOPT PACKING pc=0x0000023a87c16a64 sp=0x000000d7efafcd10
Event: 0.862 Thread 0x0000023a907a8d00 DEOPT UNPACKING pc=0x0000023a800523a3 sp=0x000000d7efafcc90 mode 2

Classes unloaded (0 events):
No events

Classes redefined (0 events):
No events

Internal exceptions (20 events):
Event: 0.265 Thread 0x0000023a8fc32200 Exception <a 'java/lang/ClassNotFoundException'{0x000000076b4829f8}: jdk/net/ExtendedSocketOptions> (0x000000076b4829f8) 
thrown [t:\workspace\open\src\hotspot\share\classfile\systemDictionary.cpp, line 256]
Event: 0.265 Thread 0x0000023a8fc32200 Exception <a 'java/lang/NoSuchMethodError'{0x000000076b484290}: 'void java.lang.invoke.DirectMethodHandle$Holder.invokeStatic(java.lang.Object, java.lang.Object)'> (0x000000076b484290) 
thrown [t:\workspace\open\src\hotspot\share\interpreter\linkResolver.cpp, line 766]
Event: 0.494 Thread 0x0000023aeee425b0 Exception <a 'java/lang/NoSuchMethodError'{0x000000076af56a90}: 'void java.lang.invoke.DirectMethodHandle$Holder.invokeStatic(java.lang.Object, java.lang.Object, java.lang.Object)'> (0x000000076af56a90) 
thrown [t:\workspace\open\src\hotspot\share\interpreter\linkResolver.cpp, line 766]
Event: 0.532 Thread 0x0000023aeee425b0 Exception <a 'java/lang/NoSuchMethodError'{0x000000076afe6a98}: 'int java.lang.invoke.DirectMethodHandle$Holder.invokeStaticInit(java.lang.Object, java.lang.Object, java.lang.Object)'> (0x000000076afe6a98) 
thrown [t:\workspace\open\src\hotspot\share\interpreter\linkResolver.cpp, line 766]
Event: 0.553 Thread 0x0000023aeee425b0 Exception <a 'java/lang/NoSuchMethodError'{0x000000076acada88}: 'java.lang.Object java.lang.invoke.DirectMethodHandle$Holder.newInvokeSpecial(java.lang.Object, java.lang.Object, int, java.lang.Object)'> (0x000000076acada88) 
thrown [t:\workspace\open\src\hotspot\share\interpreter\linkResolver.cpp, line 766]
Event: 0.553 Thread 0x0000023aeee425b0 Exception <a 'java/lang/NoSuchMethodError'{0x000000076acb1e68}: 'java.lang.Object java.lang.invoke.DirectMethodHandle$Holder.invokeSpecial(java.lang.Object, java.lang.Object, java.lang.Object, int, java.lang.Object)'> (0x000000076acb1e68) 
thrown [t:\workspace\open\src\hotspot\share\interpreter\linkResolver.cpp, line 766]
Event: 0.609 Thread 0x0000023a907a8d00 Exception <a 'java/lang/NoSuchMethodError'{0x000000076ab955b0}: 'void java.lang.invoke.DirectMethodHandle$Holder.invokeStaticInit(java.lang.Object)'> (0x000000076ab955b0) 
thrown [t:\workspace\open\src\hotspot\share\interpreter\linkResolver.cpp, line 766]
Event: 0.612 Thread 0x0000023aeee425b0 Exception <a 'java/lang/NoSuchMethodError'{0x000000076acc6f38}: 'java.lang.Object java.lang.invoke.DirectMethodHandle$Holder.newInvokeSpecial(java.lang.Object, java.lang.Object, java.lang.Object, java.lang.Object, java.lang.Object, java.lang.Object)'> (0x000000076acc6f38) 
thrown [t:\workspace\open\src\hotspot\share\interpreter\linkResolver.cpp, line 766]
Event: 0.636 Thread 0x0000023aeee425b0 Exception <a 'java/lang/NoSuchMethodError'{0x000000076be21d80}: 'java.lang.Object java.lang.invoke.Invokers$Holder.invoke_MT(java.lang.Object, java.lang.Object, java.lang.Object)'> (0x000000076be21d80) 
thrown [t:\workspace\open\src\hotspot\share\interpreter\linkResolver.cpp, line 766]
Event: 0.640 Thread 0x0000023aeee425b0 Exception <a 'java/lang/NoSuchMethodError'{0x000000076be2ee48}: 'java.lang.Object java.lang.invoke.DirectMethodHandle$Holder.newInvokeSpecial(java.lang.Object, java.lang.Object, java.lang.Object, java.lang.Object, java.lang.Object)'> (0x000000076be2ee48) 
thrown [t:\workspace\open\src\hotspot\share\interpreter\linkResolver.cpp, line 766]
Event: 0.686 Thread 0x0000023a907a8d00 Exception <a 'sun/nio/fs/WindowsException'{0x000000076b8565b8}> (0x000000076b8565b8) 
thrown [t:\workspace\open\src\hotspot\share\prims\jni.cpp, line 516]
Event: 0.723 Thread 0x0000023a907a8d00 Exception <a 'java/lang/NoSuchMethodError'{0x000000076b751170}: 'java.lang.Object java.lang.invoke.DirectMethodHandle$Holder.invokeStaticInit(java.lang.Object, java.lang.Object, java.lang.Object, java.lang.Object)'> (0x000000076b751170) 
thrown [t:\workspace\open\src\hotspot\share\interpreter\linkResolver.cpp, line 766]
Event: 0.725 Thread 0x0000023a907a8d00 Exception <a 'java/lang/NullPointerException'{0x000000076b75d1f8}> (0x000000076b75d1f8) 
thrown [t:\workspace\open\src\hotspot\share\interpreter\linkResolver.cpp, line 1357]
Event: 0.733 Thread 0x0000023a907a8d00 Exception <a 'sun/nio/fs/WindowsException'{0x000000076b7beee0}> (0x000000076b7beee0) 
thrown [t:\workspace\open\src\hotspot\share\prims\jni.cpp, line 516]
Event: 0.749 Thread 0x0000023a907a8d00 Exception <a 'sun/nio/fs/WindowsException'{0x000000076b4721e0}> (0x000000076b4721e0) 
thrown [t:\workspace\open\src\hotspot\share\prims\jni.cpp, line 516]
Event: 0.757 Thread 0x0000023a907a8d00 Exception <a 'java/lang/ClassNotFoundException'{0x000000076b48ad80}: sun/util/logging/resources/spi/loggingProvider> (0x000000076b48ad80) 
thrown [t:\workspace\open\src\hotspot\share\classfile\systemDictionary.cpp, line 256]
Event: 0.798 Thread 0x0000023a907a8d00 Exception <a 'java/lang/ClassNotFoundException'{0x000000076b2cad08}: com/sun/glass/ui/win/themes> (0x000000076b2cad08) 
thrown [t:\workspace\open\src\hotspot\share\prims\jni.cpp, line 535]
Event: 0.799 Thread 0x0000023a907a8d00 Exception <a 'java/lang/ClassNotFoundException'{0x000000076b2d2fa0}: com/sun/glass/ui/win/themes_ru> (0x000000076b2d2fa0) 
thrown [t:\workspace\open\src\hotspot\share\prims\jni.cpp, line 535]
Event: 0.799 Thread 0x0000023a907a8d00 Exception <a 'java/lang/ClassNotFoundException'{0x000000076b2d3de8}: com/sun/glass/ui/win/themes_ru_RU> (0x000000076b2d3de8) 
thrown [t:\workspace\open\src\hotspot\share\prims\jni.cpp, line 535]
Event: 0.878 Thread 0x0000023a907a8d00 Exception <a 'java/lang/NoSuchMethodError'{0x000000076ac10200}: 'void java.lang.invoke.DirectMethodHandle$Holder.invokeStaticInit(java.lang.Object, java.lang.Object)'> (0x000000076ac10200) 
thrown [t:\workspace\open\src\hotspot\share\interpreter\linkResolver.cpp, line 766]

VM Operations (14 events):
Event: 0.126 Executing VM operation: HandshakeAllThreads
Event: 0.126 Executing VM operation: HandshakeAllThreads done
Event: 0.212 Executing VM operation: HandshakeAllThreads
Event: 0.212 Executing VM operation: HandshakeAllThreads done
Event: 0.260 Executing VM operation: HandshakeAllThreads
Event: 0.260 Executing VM operation: HandshakeAllThreads done
Event: 0.543 Executing VM operation: HandshakeAllThreads
Event: 0.543 Executing VM operation: HandshakeAllThreads done
Event: 0.624 Executing VM operation: ICBufferFull
Event: 0.625 Executing VM operation: ICBufferFull done
Event: 0.628 Executing VM operation: G1CollectForAllocation
Event: 0.633 Executing VM operation: G1CollectForAllocation done
Event: 0.824 Executing VM operation: HandshakeAllThreads
Event: 0.824 Executing VM operation: HandshakeAllThreads done

Events (20 events):
Event: 0.825 loading class sun/net/www/protocol/jar/URLJarFile$URLJarFileEntry
Event: 0.825 loading class sun/net/www/protocol/jar/URLJarFile$URLJarFileEntry done
Event: 0.825 loading class sun/net/www/protocol/jar/JarURLConnection$JarURLInputStream
Event: 0.825 loading class sun/net/www/protocol/jar/JarURLConnection$JarURLInputStream done
Event: 0.837 loading class java/util/AbstractList$RandomAccessSubList
Event: 0.838 loading class java/util/AbstractList$SubList
Event: 0.838 loading class java/util/AbstractList$SubList done
Event: 0.838 loading class java/util/AbstractList$RandomAccessSubList done
Event: 0.838 loading class java/util/AbstractList$SubList$1
Event: 0.838 loading class java/util/AbstractList$SubList$1 done
Event: 0.838 loading class java/util/AbstractList$ListItr
Event: 0.838 loading class java/util/AbstractList$ListItr done
Event: 0.877 loading class java/util/WeakHashMap$Values
Event: 0.877 loading class java/util/WeakHashMap$Values done
Event: 0.877 loading class java/util/WeakHashMap$ValueIterator
Event: 0.877 loading class java/util/WeakHashMap$ValueIterator done
Event: 0.880 loading class java/lang/CloneNotSupportedException
Event: 0.880 loading class java/lang/CloneNotSupportedException done
Event: 0.885 loading class java/lang/annotation/Documented
Event: 0.885 loading class java/lang/annotation/Documented done


Dynamic libraries:
0x00007ff624940000 - 0x00007ff62494e000 	C:\Users\Михаил\.jdks\openjdk-17\bin\java.exe
0x00007ffebf0d0000 - 0x00007ffebf2bd000 	C:\Windows\SYSTEM32\ntdll.dll
0x00007ffebeba0000 - 0x00007ffebec53000 	C:\Windows\System32\KERNEL32.DLL
0x00007ffebb490000 - 0x00007ffebb724000 	C:\Windows\System32\KERNELBASE.dll
0x00007ffebb730000 - 0x00007ffebb82a000 	C:\Windows\System32\ucrtbase.dll
0x00007ffeadbb0000 - 0x00007ffeadbca000 	C:\Users\Михаил\.jdks\openjdk-17\bin\VCRUNTIME140.dll
0x00007ffeadbd0000 - 0x00007ffeadbe8000 	C:\Users\Михаил\.jdks\openjdk-17\bin\jli.dll
0x00007ffebde00000 - 0x00007ffebdf97000 	C:\Windows\System32\USER32.dll
0x00007ffea03b0000 - 0x00007ffea0629000 	C:\Windows\WinSxS\amd64_microsoft.windows.common-controls_6595b64144ccf1df_6.0.17763.2928_none_de6f2d70534d3d29\COMCTL32.dll
0x00007ffebb210000 - 0x00007ffebb230000 	C:\Windows\System32\win32u.dll
0x00007ffebda70000 - 0x00007ffebdb0e000 	C:\Windows\System32\msvcrt.dll
0x00007ffebe920000 - 0x00007ffebe949000 	C:\Windows\System32\GDI32.dll
0x00007ffebe0d0000 - 0x00007ffebe3fd000 	C:\Windows\System32\combase.dll
0x00007ffebea20000 - 0x00007ffebeb3d000 	C:\Windows\System32\RPCRT4.dll
0x00007ffebb2d0000 - 0x00007ffebb46c000 	C:\Windows\System32\gdi32full.dll
0x00007ffebbad0000 - 0x00007ffebbb52000 	C:\Windows\System32\bcryptPrimitives.dll
0x00007ffebba30000 - 0x00007ffebbad0000 	C:\Windows\System32\msvcp_win.dll
0x00007ffebddd0000 - 0x00007ffebddfe000 	C:\Windows\System32\IMM32.DLL
0x00007ffeadb50000 - 0x00007ffeadb5c000 	C:\Users\Михаил\.jdks\openjdk-17\bin\vcruntime140_1.dll
0x00007ffe98fd0000 - 0x00007ffe9905d000 	C:\Users\Михаил\.jdks\openjdk-17\bin\msvcp140.dll
0x00007ffe87980000 - 0x00007ffe8853e000 	C:\Users\Михаил\.jdks\openjdk-17\bin\server\jvm.dll
0x00007ffebec60000 - 0x00007ffebed07000 	C:\Windows\System32\ADVAPI32.dll
0x00007ffebe880000 - 0x00007ffebe91f000 	C:\Windows\System32\sechost.dll
0x00007ffebef20000 - 0x00007ffebef28000 	C:\Windows\System32\PSAPI.DLL
0x00007ffeb8d30000 - 0x00007ffeb8d39000 	C:\Windows\SYSTEM32\WSOCK32.dll
0x00007ffeb8760000 - 0x00007ffeb8784000 	C:\Windows\SYSTEM32\WINMM.dll
0x00007ffeb4560000 - 0x00007ffeb456a000 	C:\Windows\SYSTEM32\VERSION.dll
0x00007ffebe950000 - 0x00007ffebe9bd000 	C:\Windows\System32\WS2_32.dll
0x00007ffeb8730000 - 0x00007ffeb875d000 	C:\Windows\SYSTEM32\winmmbase.dll
0x00007ffebc2b0000 - 0x00007ffebc2fa000 	C:\Windows\System32\cfgmgr32.dll
0x00007ffebb090000 - 0x00007ffebb0a1000 	C:\Windows\System32\kernel.appcore.dll
0x00007ffeacc40000 - 0x00007ffeacc4a000 	C:\Users\Михаил\.jdks\openjdk-17\bin\jimage.dll
0x00007ffeb9760000 - 0x00007ffeb994d000 	C:\Windows\SYSTEM32\DBGHELP.DLL
0x00007ffea86c0000 - 0x00007ffea86ea000 	C:\Windows\SYSTEM32\dbgcore.DLL
0x00007ffeac5f0000 - 0x00007ffeac5fe000 	C:\Users\Михаил\.jdks\openjdk-17\bin\instrument.dll
0x00007ffea9c00000 - 0x00007ffea9c25000 	C:\Users\Михаил\.jdks\openjdk-17\bin\java.dll
0x00007ffe936e0000 - 0x00007ffe937b6000 	C:\Users\Михаил\.jdks\openjdk-17\bin\svml.dll
0x00007ffebc390000 - 0x00007ffebd889000 	C:\Windows\System32\SHELL32.dll
0x00007ffebdd20000 - 0x00007ffebddc8000 	C:\Windows\System32\shcore.dll
0x00007ffebbb60000 - 0x00007ffebc2a8000 	C:\Windows\System32\windows.storage.dll
0x00007ffebb0d0000 - 0x00007ffebb0f4000 	C:\Windows\System32\profapi.dll
0x00007ffebb100000 - 0x00007ffebb15d000 	C:\Windows\System32\powrprof.dll
0x00007ffebd9f0000 - 0x00007ffebda42000 	C:\Windows\System32\shlwapi.dll
0x00007ffebb470000 - 0x00007ffebb487000 	C:\Windows\System32\cryptsp.dll
0x00007ffeacc20000 - 0x00007ffeacc39000 	C:\Users\Михаил\.jdks\openjdk-17\bin\net.dll
0x00007ffeaf090000 - 0x00007ffeaf181000 	C:\Windows\SYSTEM32\WINHTTP.dll
0x00007ffeba880000 - 0x00007ffeba8e7000 	C:\Windows\system32\mswsock.dll
0x00007ffeab530000 - 0x00007ffeab545000 	C:\Users\Михаил\.jdks\openjdk-17\bin\nio.dll
0x00007ffea95d0000 - 0x00007ffea95e8000 	C:\Users\Михаил\.jdks\openjdk-17\bin\zip.dll
0x0000023aeed40000 - 0x0000023aeed43000 	C:\Users\Михаил\.openjfx\cache\17.0.0.1\api-ms-win-core-console-l1-1-0.dll
0x0000023aeed50000 - 0x0000023aeed53000 	C:\Users\Михаил\.openjfx\cache\17.0.0.1\api-ms-win-core-console-l1-2-0.dll
0x0000023aeed60000 - 0x0000023aeed63000 	C:\Users\Михаил\.openjfx\cache\17.0.0.1\api-ms-win-core-datetime-l1-1-0.dll
0x0000023aeed70000 - 0x0000023aeed73000 	C:\Users\Михаил\.openjfx\cache\17.0.0.1\api-ms-win-core-debug-l1-1-0.dll
0x0000023aeed80000 - 0x0000023aeed83000 	C:\Users\Михаил\.openjfx\cache\17.0.0.1\api-ms-win-core-errorhandling-l1-1-0.dll
0x0000023aeed90000 - 0x0000023aeed94000 	C:\Users\Михаил\.openjfx\cache\17.0.0.1\api-ms-win-core-file-l1-1-0.dll
0x0000023aeeda0000 - 0x0000023aeeda3000 	C:\Users\Михаил\.openjfx\cache\17.0.0.1\api-ms-win-core-file-l1-2-0.dll
0x0000023aeedb0000 - 0x0000023aeedb3000 	C:\Users\Михаил\.openjfx\cache\17.0.0.1\api-ms-win-core-file-l2-1-0.dll
0x0000023aeedc0000 - 0x0000023aeedc3000 	C:\Users\Михаил\.openjfx\cache\17.0.0.1\api-ms-win-core-handle-l1-1-0.dll
0x0000023aeedd0000 - 0x0000023aeedd3000 	C:\Users\Михаил\.openjfx\cache\17.0.0.1\api-ms-win-core-heap-l1-1-0.dll
0x0000023aeede0000 - 0x0000023aeede3000 	C:\Users\Михаил\.openjfx\cache\17.0.0.1\api-ms-win-core-interlocked-l1-1-0.dll
0x0000023aeedf0000 - 0x0000023aeedf3000 	C:\Users\Михаил\.openjfx\cache\17.0.0.1\api-ms-win-core-libraryloader-l1-1-0.dll
0x0000023aeee00000 - 0x0000023aeee03000 	C:\Users\Михаил\.openjfx\cache\17.0.0.1\api-ms-win-core-localization-l1-2-0.dll
0x0000023affd60000 - 0x0000023affd63000 	C:\Users\Михаил\.openjfx\cache\17.0.0.1\api-ms-win-core-memory-l1-1-0.dll
0x0000023affd70000 - 0x0000023affd73000 	C:\Users\Михаил\.openjfx\cache\17.0.0.1\api-ms-win-core-namedpipe-l1-1-0.dll
0x0000023affd80000 - 0x0000023affd83000 	C:\Users\Михаил\.openjfx\cache\17.0.0.1\api-ms-win-core-processenvironment-l1-1-0.dll
0x0000023affd90000 - 0x0000023affd93000 	C:\Users\Михаил\.openjfx\cache\17.0.0.1\api-ms-win-core-processthreads-l1-1-0.dll
0x0000023affda0000 - 0x0000023affda3000 	C:\Users\Михаил\.openjfx\cache\17.0.0.1\api-ms-win-core-processthreads-l1-1-1.dll
0x0000023affdb0000 - 0x0000023affdb3000 	C:\Users\Михаил\.openjfx\cache\17.0.0.1\api-ms-win-core-profile-l1-1-0.dll
0x0000023affdc0000 - 0x0000023affdc3000 	C:\Users\Михаил\.openjfx\cache\17.0.0.1\api-ms-win-core-rtlsupport-l1-1-0.dll
0x0000023affdd0000 - 0x0000023affdd3000 	C:\Users\Михаил\.openjfx\cache\17.0.0.1\api-ms-win-core-string-l1-1-0.dll
0x0000023affde0000 - 0x0000023affde3000 	C:\Users\Михаил\.openjfx\cache\17.0.0.1\api-ms-win-core-synch-l1-1-0.dll
0x0000023affdf0000 - 0x0000023affdf3000 	C:\Users\Михаил\.openjfx\cache\17.0.0.1\api-ms-win-core-synch-l1-2-0.dll
0x0000023affe00000 - 0x0000023affe03000 	C:\Users\Михаил\.openjfx\cache\17.0.0.1\api-ms-win-core-sysinfo-l1-1-0.dll
0x0000023affe10000 - 0x0000023affe13000 	C:\Users\Михаил\.openjfx\cache\17.0.0.1\api-ms-win-core-timezone-l1-1-0.dll
0x0000023affe20000 - 0x0000023affe23000 	C:\Users\Михаил\.openjfx\cache\17.0.0.1\api-ms-win-core-util-l1-1-0.dll
0x0000023affe30000 - 0x0000023affe33000 	C:\Users\Михаил\.openjfx\cache\17.0.0.1\api-ms-win-crt-conio-l1-1-0.dll
0x0000023affe40000 - 0x0000023affe44000 	C:\Users\Михаил\.openjfx\cache\17.0.0.1\api-ms-win-crt-convert-l1-1-0.dll
0x0000023affe50000 - 0x0000023affe53000 	C:\Users\Михаил\.openjfx\cache\17.0.0.1\api-ms-win-crt-environment-l1-1-0.dll
0x0000023affe60000 - 0x0000023affe63000 	C:\Users\Михаил\.openjfx\cache\17.0.0.1\api-ms-win-crt-filesystem-l1-1-0.dll
0x0000023affe70000 - 0x0000023affe73000 	C:\Users\Михаил\.openjfx\cache\17.0.0.1\api-ms-win-crt-heap-l1-1-0.dll
0x0000023affe80000 - 0x0000023affe83000 	C:\Users\Михаил\.openjfx\cache\17.0.0.1\api-ms-win-crt-locale-l1-1-0.dll
0x0000023affe90000 - 0x0000023affe95000 	C:\Users\Михаил\.openjfx\cache\17.0.0.1\api-ms-win-crt-math-l1-1-0.dll
0x0000023affea0000 - 0x0000023affea5000 	C:\Users\Михаил\.openjfx\cache\17.0.0.1\api-ms-win-crt-multibyte-l1-1-0.dll
0x0000023affeb0000 - 0x0000023affec0000 	C:\Users\Михаил\.openjfx\cache\17.0.0.1\api-ms-win-crt-private-l1-1-0.dll
0x0000023affec0000 - 0x0000023affec3000 	C:\Users\Михаил\.openjfx\cache\17.0.0.1\api-ms-win-crt-process-l1-1-0.dll
0x0000023affed0000 - 0x0000023affed4000 	C:\Users\Михаил\.openjfx\cache\17.0.0.1\api-ms-win-crt-runtime-l1-1-0.dll
0x0000023affee0000 - 0x0000023affee4000 	C:\Users\Михаил\.openjfx\cache\17.0.0.1\api-ms-win-crt-stdio-l1-1-0.dll
0x0000023affef0000 - 0x0000023affef4000 	C:\Users\Михаил\.openjfx\cache\17.0.0.1\api-ms-win-crt-string-l1-1-0.dll
0x0000023afff00000 - 0x0000023afff03000 	C:\Users\Михаил\.openjfx\cache\17.0.0.1\api-ms-win-crt-time-l1-1-0.dll
0x0000023afff10000 - 0x0000023afff13000 	C:\Users\Михаил\.openjfx\cache\17.0.0.1\api-ms-win-crt-utility-l1-1-0.dll
0x00007ffe93310000 - 0x00007ffe9340c000 	C:\Users\Михаил\.openjfx\cache\17.0.0.1\ucrtbase.dll
0x00007ffe9f910000 - 0x00007ffe9f92a000 	C:\Users\Михаил\.openjfx\cache\17.0.0.1\vcruntime140.dll
0x00007ffea9550000 - 0x00007ffea955c000 	C:\Users\Михаил\.openjfx\cache\17.0.0.1\vcruntime140_1.dll
0x00007ffe93280000 - 0x00007ffe9330d000 	C:\Users\Михаил\.openjfx\cache\17.0.0.1\msvcp140.dll
0x00007ffe9ceb0000 - 0x00007ffe9ceda000 	C:\Users\Михаил\.openjfx\cache\17.0.0.1\prism_d3d.dll
0x00007ffeaca10000 - 0x00007ffeacbae000 	C:\Windows\system32\d3d9.dll
0x00007ffeb9540000 - 0x00007ffeb956e000 	C:\Windows\SYSTEM32\dwmapi.dll
0x00007ffebb830000 - 0x00007ffebba25000 	C:\Windows\System32\CRYPT32.dll
0x00007ffebb0b0000 - 0x00007ffebb0c2000 	C:\Windows\System32\MSASN1.dll
0x00007ffeb9120000 - 0x00007ffeb91bc000 	C:\Windows\system32\uxtheme.dll
0x00007ffeb4800000 - 0x00007ffeb49c3000 	C:\Windows\System32\DriverStore\FileRepository\u0370422.inf_amd64_eb7af3b5d27ab4a4\B370390\aticfx64.dll
0x00007ffeac9d0000 - 0x00007ffeaca03000 	C:\Windows\System32\DriverStore\FileRepository\u0370422.inf_amd64_eb7af3b5d27ab4a4\B370390\atiu9p64.dll
0x00007ffe8fbb0000 - 0x00007ffe908fc000 	C:\Windows\System32\DriverStore\FileRepository\u0370422.inf_amd64_eb7af3b5d27ab4a4\B370390\atiumd64.dll
0x00007ffebd890000 - 0x00007ffebd9e6000 	C:\Windows\System32\ole32.dll
0x000000005b9a0000 - 0x000000005c86c000 	C:\Windows\System32\DriverStore\FileRepository\u0370422.inf_amd64_eb7af3b5d27ab4a4\B370390\atiumd6a.dll
0x00007ffeb0980000 - 0x00007ffeb09b0000 	C:\Windows\SYSTEM32\amdihk64.dll
0x00007ffe98f80000 - 0x00007ffe98fc2000 	C:\Users\Михаил\.openjfx\cache\17.0.0.1\glass.dll
0x00007ffebdfa0000 - 0x00007ffebe0c7000 	C:\Windows\System32\COMDLG32.dll
0x00007ffebed10000 - 0x00007ffebedd4000 	C:\Windows\System32\OLEAUT32.dll
0x00007ffebef30000 - 0x00007ffebf09b000 	C:\Windows\System32\MSCTF.dll
0x00007ffe9ba10000 - 0x00007ffe9ba24000 	C:\Users\Михаил\.openjfx\cache\17.0.0.1\javafx_font.dll

dbghelp: loaded successfully - version: 4.0.5 - missing functions: none
symbol engine: initialized successfully - sym options: 0x614 - pdb path: .;C:\Users\Михаил\.jdks\openjdk-17\bin;C:\Windows\SYSTEM32;C:\Windows\WinSxS\amd64_microsoft.windows.common-controls_6595b64144ccf1df_6.0.17763.2928_none_de6f2d70534d3d29;C:\Users\Михаил\.jdks\openjdk-17\bin\server;C:\Users\Михаил\.openjfx\cache\17.0.0.1;C:\Windows\System32\DriverStore\FileRepository\u0370422.inf_amd64_eb7af3b5d27ab4a4\B370390

VM Arguments:
jvm_args: -javaagent:C:\Users\Михаил\AppData\Local\JetBrains\Toolbox\apps\IDEA-U\ch-0\212.5457.46\lib\idea_rt.jar=64610:C:\Users\Михаил\AppData\Local\JetBrains\Toolbox\apps\IDEA-U\ch-0\212.5457.46\bin -Dfile.encoding=UTF-8 --module-path=C:\Users\Михаил\.m2\repository\org\openjfx\javafx-base\17.0.0.1\javafx-base-17.0.0.1-win.jar;C:\Users\Михаил\IdeaProjects\kyrs_project1\target\classes;C:\Users\Михаил\.m2\repository\org\kordamp\ikonli\ikonli-javafx\12.2.0\ikonli-javafx-12.2.0.jar;C:\Users\Михаил\.m2\repository\org\openjfx\javafx-fxml\17.0.0.1\javafx-fxml-17.0.0.1-win.jar;C:\Users\Михаил\.m2\repository\org\openjfx\javafx-web\17.0.0.1\javafx-web-17.0.0.1-win.jar;C:\Users\Михаил\.m2\repository\net\synedra\validatorfx\0.1.13\validatorfx-0.1.13.jar;C:\Users\Михаил\.m2\repository\com\dlsc\formsfx\formsfx-core\11.3.2\formsfx-core-11.3.2.jar;C:\Users\Михаил\.m2\repository\org\kordamp\bootstrapfx\bootstrapfx-core\0.4.0\bootstrapfx-core-0.4.0.jar;C:\Users\Михаил\.m2\repository\org\openjfx\javafx-media\17.0.0.1\javafx-media-17.0.0.1-win.jar;C:\Users\Михаил\.m2\repository\org\openjfx\javafx-graphics\17.0.0.1\javafx-graphics-17.0.0.1-win.jar;C:\Users\Михаил\.m2\repository\org\controlsfx\controlsfx\11.1.0\controlsfx-11.1.0.jar;C:\Users\Михаил\.m2\repository\org\openjfx\javafx-controls\17.0.0.1\javafx-controls-17.0.0.1-win.jar;C:\Users\Михаил\.m2\repository\org\kordamp\ikonli\ikonli-core\12.2.0\ikonli-core-12.2.0.jar;C:\Users\Михаил\.m2\repository\eu\hansolo\tilesfx\11.48\tilesfx-11.48.jar -Djdk.module.main=com.example.kyrs_project1 
java_command: com.example.kyrs_project1/com.example.kyrs_project1.Application
java_class_path (initial): C:\Users\Михаил\.m2\repository\mysql\mysql-connector-java\8.0.25\mysql-connector-java-8.0.25.jar;C:\Users\Михаил\.m2\repository\com\google\protobuf\protobuf-java\3.11.4\protobuf-java-3.11.4.jar;C:\Users\Михаил\.m2\repository\org\openjfx\javafx-controls\17.0.0.1\javafx-controls-17.0.0.1.jar;C:\Users\Михаил\.m2\repository\org\openjfx\javafx-graphics\17.0.0.1\javafx-graphics-17.0.0.1.jar;C:\Users\Михаил\.m2\repository\org\openjfx\javafx-base\17.0.0.1\javafx-base-17.0.0.1.jar;C:\Users\Михаил\.m2\repository\org\openjfx\javafx-fxml\17.0.0.1\javafx-fxml-17.0.0.1.jar;C:\Users\Михаил\.m2\repository\org\openjfx\javafx-web\17.0.0.1\javafx-web-17.0.0.1.jar;C:\Users\Михаил\.m2\repository\org\openjfx\javafx-media\17.0.0.1\javafx-media-17.0.0.1.jar
Launcher Type: SUN_STANDARD

[Global flags]
     intx CICompilerCount                          = 12                                        {product} {ergonomic}
     uint ConcGCThreads                            = 3                                         {product} {ergonomic}
     uint G1ConcRefinementThreads                  = 13                                        {product} {ergonomic}
   size_t G1HeapRegionSize                         = 2097152                                   {product} {ergonomic}
    uintx GCDrainStackTargetSize                   = 64                                        {product} {ergonomic}
   size_t InitialHeapSize                          = 165675008                                 {product} {ergonomic}
   size_t MarkStackSize                            = 4194304                                   {product} {ergonomic}
   size_t MaxHeapSize                              = 2648702976                                {product} {ergonomic}
   size_t MaxNewSize                               = 1587544064                                {product} {ergonomic}
   size_t MinHeapDeltaBytes                        = 2097152                                   {product} {ergonomic}
   size_t MinHeapSize                              = 8388608                                   {product} {ergonomic}
    uintx NonNMethodCodeHeapSize                   = 7602480                                {pd product} {ergonomic}
    uintx NonProfiledCodeHeapSize                  = 122027880                              {pd product} {ergonomic}
    uintx ProfiledCodeHeapSize                     = 122027880                              {pd product} {ergonomic}
    uintx ReservedCodeCacheSize                    = 251658240                              {pd product} {ergonomic}
     bool SegmentedCodeCache                       = true                                      {product} {ergonomic}
   size_t SoftMaxHeapSize                          = 2648702976                             {manageable} {ergonomic}
     bool UseCompressedClassPointers               = true                           {product lp64_product} {ergonomic}
     bool UseCompressedOops                        = true                           {product lp64_product} {ergonomic}
     bool UseG1GC                                  = true                                      {product} {ergonomic}
     bool UseLargePagesIndividualAllocation        = false                                  {pd product} {ergonomic}

Logging:
Log output configuration:
 #0: stdout all=warning uptime,level,tags
 #1: stderr all=off uptime,level,tags

Environment Variables:
PATH=C:\Program Files (x86)\Common Files\Oracle\Java\javapath;C:\Windows\system32;C:\Windows;C:\Windows\System32\Wbem;C:\Windows\System32\WindowsPowerShell\v1.0\;C:\Program Files\PuTTY\;C:\Program Files\Git\cmd;C:\Users\Михаил\пютхон\Scripts\;C:\Users\Михаил\пютхон\;C:\Users\Михаил\AppData\Local\Microsoft\WindowsApps;C:\Program Files\JetBrains\DataGrip 2022.1.4\bin
USERNAME=Михаил
OS=Windows_NT
PROCESSOR_IDENTIFIER=AMD64 Family 23 Model 104 Stepping 1, AuthenticAMD



---------------  S Y S T E M  ---------------

OS:
 Windows 10 , 64 bit Build 17763 (10.0.17763.2928)
OS uptime: 0 days 7:05 hours

CPU: total 16 (initial active 16) (16 cores per cpu, 2 threads per core) family 23 model 104 stepping 1 microcode 0x0, cx8, cmov, fxsr, ht, mmx, 3dnowpref, sse, sse2, sse3, ssse3, sse4a, sse4.1, sse4.2, popcnt, lzcnt, tsc, tscinvbit, avx, avx2, aes, clmul, bmi1, bmi2, adx, sha, fma, vzeroupper, clflush, clflushopt

Memory: 4k page, system-wide physical 10101M (1719M free)
TotalPageFile size 10101M (AvailPageFile size 4M)
current process WorkingSet (physical memory assigned to process): 114M, peak: 114M
current process commit charge ("private bytes"): 314M, peak: 314M

vm_info: OpenJDK 64-Bit Server VM (17+35-2724) for windows-amd64 JRE (17+35-2724), built on Aug  5 2021 23:26:02 by "mach5one" with MS VC++ 16.8 (VS2019)

END.
