#
# There is insufficient memory for the Java Runtime Environment to continue.
# Native memory allocation (malloc) failed to allocate 2137136 bytes for Chunk::new
# Possible reasons:
#   The system is out of physical RAM or swap space
#   The process is running with CompressedOops enabled, and the Java Heap may be blocking the growth of the native heap
# Possible solutions:
#   Reduce memory load on the system
#   Increase physical memory or swap space
#   Check if swap backing store is full
#   Decrease Java heap size (-Xmx/-Xms)
#   Decrease number of Java threads
#   Decrease Java thread stack sizes (-Xss)
#   Set larger code cache with -XX:ReservedCodeCacheSize=
#   JVM is running with Zero Based Compressed Oops mode in which the Java heap is
#     placed in the first 32GB address space. The Java Heap base address is the
#     maximum limit for the native heap growth. Please use -XX:HeapBaseMinAddress
#     to set the Java Heap base and to place the Java Heap above 32GB virtual address.
# This output file may be truncated or incomplete.
#
#  Out of Memory Error (arena.cpp:189), pid=7620, tid=10572
#
# JRE version: OpenJDK Runtime Environment (17.0+35) (build 17+35-2724)
# Java VM: OpenJDK 64-Bit Server VM (17+35-2724, mixed mode, sharing, tiered, compressed oops, compressed class ptrs, g1 gc, windows-amd64)
# No core dump will be written. Minidumps are not enabled by default on client versions of Windows
#

---------------  S U M M A R Y ------------

Command Line: -javaagent:C:\Users\Михаил\AppData\Local\JetBrains\Toolbox\apps\IDEA-U\ch-0\212.5457.46\lib\idea_rt.jar=56526:C:\Users\Михаил\AppData\Local\JetBrains\Toolbox\apps\IDEA-U\ch-0\212.5457.46\bin -Dfile.encoding=UTF-8 --module-path=C:\Users\Михаил\.m2\repository\org\openjfx\javafx-graphics\17.0.0.1\javafx-graphics-17.0.0.1-win.jar;C:\Users\Михаил\.m2\repository\org\kordamp\ikonli\ikonli-core\12.2.0\ikonli-core-12.2.0.jar;C:\Users\Михаил\.m2\repository\org\kordamp\bootstrapfx\bootstrapfx-core\0.4.0\bootstrapfx-core-0.4.0.jar;C:\Users\Михаил\.m2\repository\com\dlsc\formsfx\formsfx-core\11.3.2\formsfx-core-11.3.2.jar;C:\Users\Михаил\.m2\repository\org\controlsfx\controlsfx\11.1.0\controlsfx-11.1.0.jar;C:\Users\Михаил\.m2\repository\org\openjfx\javafx-controls\17.0.0.1\javafx-controls-17.0.0.1-win.jar;C:\Users\Михаил\.m2\repository\org\openjfx\javafx-web\17.0.0.1\javafx-web-17.0.0.1-win.jar;C:\Users\Михаил\.m2\repository\org\kordamp\ikonli\ikonli-javafx\12.2.0\ikonli-javafx-12.2.0.jar;C:\Users\Михаил\.m2\repository\org\openjfx\javafx-fxml\17.0.0.1\javafx-fxml-17.0.0.1-win.jar;C:\Users\Михаил\.m2\repository\org\openjfx\javafx-base\17.0.0.1\javafx-base-17.0.0.1-win.jar;C:\Users\Михаил\.m2\repository\org\openjfx\javafx-media\17.0.0.1\javafx-media-17.0.0.1-win.jar;C:\Users\Михаил\IdeaProjects\kyrs_project1\target\classes;C:\Users\Михаил\.m2\repository\net\synedra\validatorfx\0.1.13\validatorfx-0.1.13.jar;C:\Users\Михаил\.m2\repository\eu\hansolo\tilesfx\11.48\tilesfx-11.48.jar -Djdk.module.main=com.example.kyrs_project1 com.example.kyrs_project1/com.example.kyrs_project1.Application

Host: AMD Ryzen 7 5700U with Radeon Graphics         , 16 cores, 9G,  Windows 10 , 64 bit Build 17763 (10.0.17763.2928)
Time: Tue Jul  5 21:57:56 2022 RTZ 2 (зима) elapsed time: 1.172166 seconds (0d 0h 0m 1s)

---------------  T H R E A D  ---------------

Current thread (0x000001e9989ac150):  JavaThread "C2 CompilerThread1" daemon [_thread_in_native, id=10572, stack(0x0000000101a00000,0x0000000101b00000)]


Current CompileTask:
C2:   1172 1416   !   4       com.sun.javafx.css.ParsedValueImpl::readBinary (688 bytes)

Stack: [0x0000000101a00000,0x0000000101b00000]
Native frames: (J=compiled Java code, j=interpreted, Vv=VM code, C=native code)
V  [jvm.dll+0x66f8ea]
V  [jvm.dll+0x7ce224]
V  [jvm.dll+0x7cf9ce]
V  [jvm.dll+0x7d0033]
V  [jvm.dll+0x242bb5]
V  [jvm.dll+0xaa05b]
V  [jvm.dll+0xaa5ec]
V  [jvm.dll+0x35f9a2]
V  [jvm.dll+0x329f61]
V  [jvm.dll+0x32940a]
V  [jvm.dll+0x215ca1]
V  [jvm.dll+0x2150c1]
V  [jvm.dll+0x1a168d]
V  [jvm.dll+0x2248f8]
V  [jvm.dll+0x222a5c]
V  [jvm.dll+0x78422b]
V  [jvm.dll+0x77e7ea]
V  [jvm.dll+0x66e715]
C  [ucrtbase.dll+0x2268a]
C  [KERNEL32.DLL+0x17974]
C  [ntdll.dll+0x5a2f1]


---------------  P R O C E S S  ---------------

Threads class SMR info:
_java_thread_list=0x000001e99998a860, length=25, elements={
0x000001e9f8027d90, 0x000001e997e4f010, 0x000001e997e50530, 0x000001e997e63e90,
0x000001e997e64950, 0x000001e997e69ae0, 0x000001e997e6e7e0, 0x000001e997e70b80,
0x000001e997e744a0, 0x000001e997ecac20, 0x000001e997ecb8a0, 0x000001e9988220b0,
0x000001e9f80e9590, 0x000001e9989621f0, 0x000001e9989ac150, 0x000001e9989b8e40,
0x000001e9989b9350, 0x000001e9989d8220, 0x000001e99a42f430, 0x000001e99a472c90,
0x000001e99a15eb90, 0x000001e99aeb1310, 0x000001e9999ca380, 0x000001e999f9ce90,
0x000001e999f98910
}

Java Threads: ( => current thread )
  0x000001e9f8027d90 JavaThread "main" [_thread_blocked, id=604, stack(0x0000000100600000,0x0000000100700000)]
  0x000001e997e4f010 JavaThread "Reference Handler" daemon [_thread_blocked, id=11248, stack(0x0000000100d00000,0x0000000100e00000)]
  0x000001e997e50530 JavaThread "Finalizer" daemon [_thread_blocked, id=8348, stack(0x0000000100e00000,0x0000000100f00000)]
  0x000001e997e63e90 JavaThread "Signal Dispatcher" daemon [_thread_blocked, id=9976, stack(0x0000000100f00000,0x0000000101000000)]
  0x000001e997e64950 JavaThread "Attach Listener" daemon [_thread_blocked, id=4040, stack(0x0000000101000000,0x0000000101100000)]
  0x000001e997e69ae0 JavaThread "Service Thread" daemon [_thread_blocked, id=1220, stack(0x0000000101100000,0x0000000101200000)]
  0x000001e997e6e7e0 JavaThread "Monitor Deflation Thread" daemon [_thread_blocked, id=5440, stack(0x0000000101200000,0x0000000101300000)]
  0x000001e997e70b80 JavaThread "C2 CompilerThread0" daemon [_thread_blocked, id=12260, stack(0x0000000101300000,0x0000000101400000)]
  0x000001e997e744a0 JavaThread "C1 CompilerThread0" daemon [_thread_blocked, id=10580, stack(0x0000000101400000,0x0000000101500000)]
  0x000001e997ecac20 JavaThread "Sweeper thread" daemon [_thread_blocked, id=7324, stack(0x0000000101500000,0x0000000101600000)]
  0x000001e997ecb8a0 JavaThread "C1 CompilerThread1" daemon [_thread_blocked, id=11692, stack(0x0000000101600000,0x0000000101700000)]
  0x000001e9988220b0 JavaThread "C1 CompilerThread2" daemon [_thread_blocked, id=7120, stack(0x0000000101700000,0x0000000101800000)]
  0x000001e9f80e9590 JavaThread "Common-Cleaner" daemon [_thread_blocked, id=7060, stack(0x0000000101800000,0x0000000101900000)]
  0x000001e9989621f0 JavaThread "C1 CompilerThread3" daemon [_thread_blocked, id=3204, stack(0x0000000101900000,0x0000000101a00000)]
=>0x000001e9989ac150 JavaThread "C2 CompilerThread1" daemon [_thread_in_native, id=10572, stack(0x0000000101a00000,0x0000000101b00000)]
  0x000001e9989b8e40 JavaThread "C2 CompilerThread2" daemon [_thread_blocked, id=3228, stack(0x0000000101b00000,0x0000000101c00000)]
  0x000001e9989b9350 JavaThread "C2 CompilerThread3" daemon [_thread_blocked, id=8104, stack(0x0000000101c00000,0x0000000101d00000)]
  0x000001e9989d8220 JavaThread "C2 CompilerThread4" daemon [_thread_blocked, id=8232, stack(0x0000000101d00000,0x0000000101e00000)]
  0x000001e99a42f430 JavaThread "Monitor Ctrl-Break" daemon [_thread_in_native, id=10568, stack(0x0000000102000000,0x0000000102100000)]
  0x000001e99a472c90 JavaThread "Notification Thread" daemon [_thread_blocked, id=1432, stack(0x0000000102100000,0x0000000102200000)]
  0x000001e99a15eb90 JavaThread "QuantumRenderer-0" daemon [_thread_blocked, id=11252, stack(0x0000000101f00000,0x0000000102000000)]
  0x000001e99aeb1310 JavaThread "InvokeLaterDispatcher" daemon [_thread_blocked, id=11720, stack(0x0000000101e00000,0x0000000101f00000)]
  0x000001e9999ca380 JavaThread "JavaFX Application Thread" [_thread_in_native, id=5468, stack(0x0000000102500000,0x0000000102600000)]
  0x000001e999f9ce90 JavaThread "Thread-1" daemon [_thread_in_native, id=8500, stack(0x0000000103400000,0x0000000103500000)]
  0x000001e999f98910 JavaThread "JavaFX-Launcher" [_thread_blocked, id=6444, stack(0x0000000103500000,0x0000000103600000)]

Other Threads:
  0x000001e997e484a0 VMThread "VM Thread" [stack: 0x0000000100c00000,0x0000000100d00000] [id=8860]
  0x000001e999cc6b40 WatcherThread [stack: 0x0000000102200000,0x0000000102300000] [id=9132]
  0x000001e9f600eb20 GCTaskThread "GC Thread#0" [stack: 0x0000000100700000,0x0000000100800000] [id=7296]
  0x000001e9996249a0 GCTaskThread "GC Thread#1" [stack: 0x0000000103000000,0x0000000103100000] [id=7516]
  0x000001e998d4d1e0 GCTaskThread "GC Thread#2" [stack: 0x0000000103100000,0x0000000103200000] [id=7024]
  0x000001e9999a8660 GCTaskThread "GC Thread#3" [stack: 0x0000000103200000,0x0000000103300000] [id=9268]
  0x000001e9999a2f30 GCTaskThread "GC Thread#4" [stack: 0x0000000103300000,0x0000000103400000] [id=10052]
  0x000001e9f806cbf0 ConcurrentGCThread "G1 Main Marker" [stack: 0x0000000100800000,0x0000000100900000] [id=6532]
  0x000001e9f806efe0 ConcurrentGCThread "G1 Conc#0" [stack: 0x0000000100900000,0x0000000100a00000] [id=11512]
  0x000001e997d210b0 ConcurrentGCThread "G1 Refine#0" [stack: 0x0000000100a00000,0x0000000100b00000] [id=6376]
  0x000001e997d219e0 ConcurrentGCThread "G1 Service" [stack: 0x0000000100b00000,0x0000000100c00000] [id=10960]

Threads with active compile tasks:
C2 CompilerThread1     1183 1416   !   4       com.sun.javafx.css.ParsedValueImpl::readBinary (688 bytes)

VM state: not at safepoint (normal execution)

VM Mutex/Monitor currently owned by a thread: None

Heap address: 0x0000000762200000, size: 2526 MB, Compressed Oops mode: Zero based, Oop shift amount: 3

CDS archive(s) mapped at: [0x0000000800000000-0x0000000800bc0000-0x0000000800bc0000), size 12320768, SharedBaseAddress: 0x0000000800000000, ArchiveRelocationMode: 0.
Compressed class space mapped at: 0x0000000800c00000-0x0000000840c00000, reserved size: 1073741824
Narrow klass base: 0x0000000800000000, Narrow klass shift: 0, Narrow klass range: 0x100000000

GC Precious Log:
 CPUs: 16 total, 16 available
 Memory: 10101M
 Large Page Support: Disabled
 NUMA Support: Disabled
 Compressed Oops: Enabled (Zero based)
 Heap Region Size: 2M
 Heap Min Capacity: 8M
 Heap Initial Capacity: 158M
 Heap Max Capacity: 2526M
 Pre-touch: Disabled
 Parallel Workers: 13
 Concurrent Workers: 3
 Concurrent Refinement Workers: 13
 Periodic GC: Disabled

Heap:
 garbage-first heap   total 161792K, used 29515K [0x0000000762200000, 0x0000000800000000)
  region size 2048K, 17 young (34816K), 2 survivors (4096K)
 Metaspace       used 11378K, committed 11584K, reserved 1064960K
  class space    used 1506K, committed 1600K, reserved 1048576K

Heap Regions: E=young(eden), S=young(survivor), O=old, HS=humongous(starts), HC=humongous(continues), CS=collection set, F=free, OA=open archive, CA=closed archive, TAMS=top-at-mark-start (previous, next)
|   0|0x0000000762200000, 0x0000000762200000, 0x0000000762400000|  0%| F|  |TAMS 0x0000000762200000, 0x0000000762200000| Untracked 
|   1|0x0000000762400000, 0x0000000762400000, 0x0000000762600000|  0%| F|  |TAMS 0x0000000762400000, 0x0000000762400000| Untracked 
|   2|0x0000000762600000, 0x0000000762600000, 0x0000000762800000|  0%| F|  |TAMS 0x0000000762600000, 0x0000000762600000| Untracked 
|   3|0x0000000762800000, 0x0000000762800000, 0x0000000762a00000|  0%| F|  |TAMS 0x0000000762800000, 0x0000000762800000| Untracked 
|   4|0x0000000762a00000, 0x0000000762a00000, 0x0000000762c00000|  0%| F|  |TAMS 0x0000000762a00000, 0x0000000762a00000| Untracked 
|   5|0x0000000762c00000, 0x0000000762c00000, 0x0000000762e00000|  0%| F|  |TAMS 0x0000000762c00000, 0x0000000762c00000| Untracked 
|   6|0x0000000762e00000, 0x0000000762e00000, 0x0000000763000000|  0%| F|  |TAMS 0x0000000762e00000, 0x0000000762e00000| Untracked 
|   7|0x0000000763000000, 0x0000000763000000, 0x0000000763200000|  0%| F|  |TAMS 0x0000000763000000, 0x0000000763000000| Untracked 
|   8|0x0000000763200000, 0x0000000763200000, 0x0000000763400000|  0%| F|  |TAMS 0x0000000763200000, 0x0000000763200000| Untracked 
|   9|0x0000000763400000, 0x0000000763400000, 0x0000000763600000|  0%| F|  |TAMS 0x0000000763400000, 0x0000000763400000| Untracked 
|  10|0x0000000763600000, 0x0000000763600000, 0x0000000763800000|  0%| F|  |TAMS 0x0000000763600000, 0x0000000763600000| Untracked 
|  11|0x0000000763800000, 0x0000000763800000, 0x0000000763a00000|  0%| F|  |TAMS 0x0000000763800000, 0x0000000763800000| Untracked 
|  12|0x0000000763a00000, 0x0000000763a00000, 0x0000000763c00000|  0%| F|  |TAMS 0x0000000763a00000, 0x0000000763a00000| Untracked 
|  13|0x0000000763c00000, 0x0000000763c00000, 0x0000000763e00000|  0%| F|  |TAMS 0x0000000763c00000, 0x0000000763c00000| Untracked 
|  14|0x0000000763e00000, 0x0000000763e00000, 0x0000000764000000|  0%| F|  |TAMS 0x0000000763e00000, 0x0000000763e00000| Untracked 
|  15|0x0000000764000000, 0x0000000764000000, 0x0000000764200000|  0%| F|  |TAMS 0x0000000764000000, 0x0000000764000000| Untracked 
|  16|0x0000000764200000, 0x0000000764200000, 0x0000000764400000|  0%| F|  |TAMS 0x0000000764200000, 0x0000000764200000| Untracked 
|  17|0x0000000764400000, 0x0000000764400000, 0x0000000764600000|  0%| F|  |TAMS 0x0000000764400000, 0x0000000764400000| Untracked 
|  18|0x0000000764600000, 0x0000000764600000, 0x0000000764800000|  0%| F|  |TAMS 0x0000000764600000, 0x0000000764600000| Untracked 
|  19|0x0000000764800000, 0x0000000764800000, 0x0000000764a00000|  0%| F|  |TAMS 0x0000000764800000, 0x0000000764800000| Untracked 
|  20|0x0000000764a00000, 0x0000000764a00000, 0x0000000764c00000|  0%| F|  |TAMS 0x0000000764a00000, 0x0000000764a00000| Untracked 
|  21|0x0000000764c00000, 0x0000000764c00000, 0x0000000764e00000|  0%| F|  |TAMS 0x0000000764c00000, 0x0000000764c00000| Untracked 
|  22|0x0000000764e00000, 0x0000000764e00000, 0x0000000765000000|  0%| F|  |TAMS 0x0000000764e00000, 0x0000000764e00000| Untracked 
|  23|0x0000000765000000, 0x0000000765000000, 0x0000000765200000|  0%| F|  |TAMS 0x0000000765000000, 0x0000000765000000| Untracked 
|  24|0x0000000765200000, 0x0000000765200000, 0x0000000765400000|  0%| F|  |TAMS 0x0000000765200000, 0x0000000765200000| Untracked 
|  25|0x0000000765400000, 0x0000000765400000, 0x0000000765600000|  0%| F|  |TAMS 0x0000000765400000, 0x0000000765400000| Untracked 
|  26|0x0000000765600000, 0x0000000765600000, 0x0000000765800000|  0%| F|  |TAMS 0x0000000765600000, 0x0000000765600000| Untracked 
|  27|0x0000000765800000, 0x0000000765800000, 0x0000000765a00000|  0%| F|  |TAMS 0x0000000765800000, 0x0000000765800000| Untracked 
|  28|0x0000000765a00000, 0x0000000765a00000, 0x0000000765c00000|  0%| F|  |TAMS 0x0000000765a00000, 0x0000000765a00000| Untracked 
|  29|0x0000000765c00000, 0x0000000765c00000, 0x0000000765e00000|  0%| F|  |TAMS 0x0000000765c00000, 0x0000000765c00000| Untracked 
|  30|0x0000000765e00000, 0x0000000765e00000, 0x0000000766000000|  0%| F|  |TAMS 0x0000000765e00000, 0x0000000765e00000| Untracked 
|  31|0x0000000766000000, 0x0000000766000000, 0x0000000766200000|  0%| F|  |TAMS 0x0000000766000000, 0x0000000766000000| Untracked 
|  32|0x0000000766200000, 0x0000000766200000, 0x0000000766400000|  0%| F|  |TAMS 0x0000000766200000, 0x0000000766200000| Untracked 
|  33|0x0000000766400000, 0x0000000766400000, 0x0000000766600000|  0%| F|  |TAMS 0x0000000766400000, 0x0000000766400000| Untracked 
|  34|0x0000000766600000, 0x0000000766600000, 0x0000000766800000|  0%| F|  |TAMS 0x0000000766600000, 0x0000000766600000| Untracked 
|  35|0x0000000766800000, 0x0000000766800000, 0x0000000766a00000|  0%| F|  |TAMS 0x0000000766800000, 0x0000000766800000| Untracked 
|  36|0x0000000766a00000, 0x0000000766a00000, 0x0000000766c00000|  0%| F|  |TAMS 0x0000000766a00000, 0x0000000766a00000| Untracked 
|  37|0x0000000766c00000, 0x0000000766c00000, 0x0000000766e00000|  0%| F|  |TAMS 0x0000000766c00000, 0x0000000766c00000| Untracked 
|  38|0x0000000766e00000, 0x0000000766e00000, 0x0000000767000000|  0%| F|  |TAMS 0x0000000766e00000, 0x0000000766e00000| Untracked 
|  39|0x0000000767000000, 0x0000000767000000, 0x0000000767200000|  0%| F|  |TAMS 0x0000000767000000, 0x0000000767000000| Untracked 
|  40|0x0000000767200000, 0x0000000767200000, 0x0000000767400000|  0%| F|  |TAMS 0x0000000767200000, 0x0000000767200000| Untracked 
|  41|0x0000000767400000, 0x0000000767400000, 0x0000000767600000|  0%| F|  |TAMS 0x0000000767400000, 0x0000000767400000| Untracked 
|  42|0x0000000767600000, 0x0000000767600000, 0x0000000767800000|  0%| F|  |TAMS 0x0000000767600000, 0x0000000767600000| Untracked 
|  43|0x0000000767800000, 0x0000000767800000, 0x0000000767a00000|  0%| F|  |TAMS 0x0000000767800000, 0x0000000767800000| Untracked 
|  44|0x0000000767a00000, 0x0000000767a00000, 0x0000000767c00000|  0%| F|  |TAMS 0x0000000767a00000, 0x0000000767a00000| Untracked 
|  45|0x0000000767c00000, 0x0000000767c00000, 0x0000000767e00000|  0%| F|  |TAMS 0x0000000767c00000, 0x0000000767c00000| Untracked 
|  46|0x0000000767e00000, 0x0000000767e00000, 0x0000000768000000|  0%| F|  |TAMS 0x0000000767e00000, 0x0000000767e00000| Untracked 
|  47|0x0000000768000000, 0x0000000768000000, 0x0000000768200000|  0%| F|  |TAMS 0x0000000768000000, 0x0000000768000000| Untracked 
|  48|0x0000000768200000, 0x0000000768200000, 0x0000000768400000|  0%| F|  |TAMS 0x0000000768200000, 0x0000000768200000| Untracked 
|  49|0x0000000768400000, 0x0000000768400000, 0x0000000768600000|  0%| F|  |TAMS 0x0000000768400000, 0x0000000768400000| Untracked 
|  50|0x0000000768600000, 0x0000000768600000, 0x0000000768800000|  0%| F|  |TAMS 0x0000000768600000, 0x0000000768600000| Untracked 
|  51|0x0000000768800000, 0x0000000768800000, 0x0000000768a00000|  0%| F|  |TAMS 0x0000000768800000, 0x0000000768800000| Untracked 
|  52|0x0000000768a00000, 0x0000000768a00000, 0x0000000768c00000|  0%| F|  |TAMS 0x0000000768a00000, 0x0000000768a00000| Untracked 
|  53|0x0000000768c00000, 0x0000000768c00000, 0x0000000768e00000|  0%| F|  |TAMS 0x0000000768c00000, 0x0000000768c00000| Untracked 
|  54|0x0000000768e00000, 0x0000000768e00000, 0x0000000769000000|  0%| F|  |TAMS 0x0000000768e00000, 0x0000000768e00000| Untracked 
|  55|0x0000000769000000, 0x0000000769000000, 0x0000000769200000|  0%| F|  |TAMS 0x0000000769000000, 0x0000000769000000| Untracked 
|  56|0x0000000769200000, 0x0000000769200000, 0x0000000769400000|  0%| F|  |TAMS 0x0000000769200000, 0x0000000769200000| Untracked 
|  57|0x0000000769400000, 0x0000000769400000, 0x0000000769600000|  0%| F|  |TAMS 0x0000000769400000, 0x0000000769400000| Untracked 
|  58|0x0000000769600000, 0x0000000769600000, 0x0000000769800000|  0%| F|  |TAMS 0x0000000769600000, 0x0000000769600000| Untracked 
|  59|0x0000000769800000, 0x0000000769800000, 0x0000000769a00000|  0%| F|  |TAMS 0x0000000769800000, 0x0000000769800000| Untracked 
|  60|0x0000000769a00000, 0x0000000769a00000, 0x0000000769c00000|  0%| F|  |TAMS 0x0000000769a00000, 0x0000000769a00000| Untracked 
|  61|0x0000000769c00000, 0x0000000769c00000, 0x0000000769e00000|  0%| F|  |TAMS 0x0000000769c00000, 0x0000000769c00000| Untracked 
|  62|0x0000000769e00000, 0x0000000769f7fa40, 0x000000076a000000| 74%| E|  |TAMS 0x0000000769e00000, 0x0000000769e00000| Complete 
|  63|0x000000076a000000, 0x000000076a200000, 0x000000076a200000|100%| E|CS|TAMS 0x000000076a000000, 0x000000076a000000| Complete 
|  64|0x000000076a200000, 0x000000076a400000, 0x000000076a400000|100%| E|CS|TAMS 0x000000076a200000, 0x000000076a200000| Complete 
|  65|0x000000076a400000, 0x000000076a600000, 0x000000076a600000|100%| E|CS|TAMS 0x000000076a400000, 0x000000076a400000| Complete 
|  66|0x000000076a600000, 0x000000076a6d2dd0, 0x000000076a800000| 41%| S|CS|TAMS 0x000000076a600000, 0x000000076a600000| Complete 
|  67|0x000000076a800000, 0x000000076aa00000, 0x000000076aa00000|100%| S|CS|TAMS 0x000000076a800000, 0x000000076a800000| Complete 
|  68|0x000000076aa00000, 0x000000076ac00000, 0x000000076ac00000|100%| E|CS|TAMS 0x000000076aa00000, 0x000000076aa00000| Complete 
|  69|0x000000076ac00000, 0x000000076ae00000, 0x000000076ae00000|100%| E|CS|TAMS 0x000000076ac00000, 0x000000076ac00000| Complete 
|  70|0x000000076ae00000, 0x000000076b000000, 0x000000076b000000|100%| E|CS|TAMS 0x000000076ae00000, 0x000000076ae00000| Complete 
|  71|0x000000076b000000, 0x000000076b200000, 0x000000076b200000|100%| E|  |TAMS 0x000000076b000000, 0x000000076b000000| Complete 
|  72|0x000000076b200000, 0x000000076b400000, 0x000000076b400000|100%| E|CS|TAMS 0x000000076b200000, 0x000000076b200000| Complete 
|  73|0x000000076b400000, 0x000000076b600000, 0x000000076b600000|100%| E|CS|TAMS 0x000000076b400000, 0x000000076b400000| Complete 
|  74|0x000000076b600000, 0x000000076b800000, 0x000000076b800000|100%| E|CS|TAMS 0x000000076b600000, 0x000000076b600000| Complete 
|  75|0x000000076b800000, 0x000000076ba00000, 0x000000076ba00000|100%| E|CS|TAMS 0x000000076b800000, 0x000000076b800000| Complete 
|  76|0x000000076ba00000, 0x000000076bc00000, 0x000000076bc00000|100%| E|CS|TAMS 0x000000076ba00000, 0x000000076ba00000| Complete 
|  77|0x000000076bc00000, 0x000000076be00000, 0x000000076be00000|100%| E|CS|TAMS 0x000000076bc00000, 0x000000076bc00000| Complete 
|  78|0x000000076be00000, 0x000000076c000000, 0x000000076c000000|100%| E|CS|TAMS 0x000000076be00000, 0x000000076be00000| Complete 

Card table byte_map: [0x000001e98f600000,0x000001e98faf0000] _byte_map_base: 0x000001e98baef000

Marking Bits (Prev, Next): (CMBitMap*) 0x000001e9f80624f0, (CMBitMap*) 0x000001e9f8062530
 Prev Bits: [0x000001e98ffe0000, 0x000001e992758000)
 Next Bits: [0x000001e992760000, 0x000001e994ed8000)

Polling page: 0x000001e9f5f00000

Metaspace:

Usage:
  Non-class:      9.64 MB used.
      Class:      1.47 MB used.
       Both:     11.11 MB used.

Virtual space:
  Non-class space:       16.00 MB reserved,       9.75 MB ( 61%) committed,  2 nodes.
      Class space:        1.00 GB reserved,       1.56 MB ( <1%) committed,  1 nodes.
             Both:        1.02 GB reserved,      11.31 MB (  1%) committed. 

Chunk freelists:
   Non-Class:  2.28 MB
       Class:  2.39 MB
        Both:  4.67 MB

MaxMetaspaceSize: unlimited
CompressedClassSpaceSize: 1.00 GB
Initial GC threshold: 21.00 MB
Current GC threshold: 21.00 MB
CDS: on
MetaspaceReclaimPolicy: balanced
 - commit_granule_bytes: 65536.
 - commit_granule_words: 8192.
 - virtual_space_node_default_size: 1048576.
 - enlarge_chunks_in_place: 1.
 - new_chunks_are_fully_committed: 0.
 - uncommit_free_chunks: 1.
 - use_allocation_guard: 0.
 - handle_deallocations: 1.


Internal statistics:

num_allocs_failed_limit: 0.
num_arena_births: 158.
num_arena_deaths: 0.
num_vsnodes_births: 3.
num_vsnodes_deaths: 0.
num_space_committed: 181.
num_space_uncommitted: 0.
num_chunks_returned_to_freelist: 0.
num_chunks_taken_from_freelist: 468.
num_chunk_merges: 0.
num_chunk_splits: 325.
num_chunks_enlarged: 250.
num_purges: 0.
num_inconsistent_stats: 0.

CodeHeap 'non-profiled nmethods': size=119168Kb used=615Kb max_used=615Kb free=118553Kb
 bounds [0x000001e987ba0000, 0x000001e987e10000, 0x000001e98f000000]
CodeHeap 'profiled nmethods': size=119104Kb used=3087Kb max_used=3087Kb free=116016Kb
 bounds [0x000001e980750000, 0x000001e980a60000, 0x000001e987ba0000]
CodeHeap 'non-nmethods': size=7488Kb used=3026Kb max_used=3039Kb free=4462Kb
 bounds [0x000001e980000000, 0x000001e980300000, 0x000001e980750000]
 total_blobs=2350 nmethods=1675 adapters=584
 compilation: enabled
              stopped_count=0, restarted_count=0
 full_count=0

Compilation events (20 events):
Event: 1.120 Thread 0x000001e9989b9350 1657       4       java.util.HashMap::putVal (300 bytes)
Event: 1.120 Thread 0x000001e9988220b0 1658       3       com.sun.javafx.css.SelectorPartitioning$$Lambda$180/0x0000000800d36d38::compare (12 bytes)
Event: 1.120 Thread 0x000001e9989621f0 1659       3       com.sun.javafx.css.SelectorPartitioning::lambda$static$0 (10 bytes)
Event: 1.121 Thread 0x000001e9989621f0 nmethod 1659 0x000001e980a3bd90 code [0x000001e980a3bf20, 0x000001e980a3c158]
Event: 1.121 Thread 0x000001e9989621f0 1660       3       javafx.css.SimpleSelector::applies (54 bytes)
Event: 1.121 Thread 0x000001e997ecb8a0 1661       3       javafx.css.SimpleSelector::applies (221 bytes)
Event: 1.121 Thread 0x000001e9988220b0 nmethod 1658 0x000001e980a3c290 code [0x000001e980a3c440, 0x000001e980a3c8f8]
Event: 1.121 Thread 0x000001e9989621f0 nmethod 1660 0x000001e980a3ca90 code [0x000001e980a3cc80, 0x000001e980a3d358]
Event: 1.122 Thread 0x000001e997ecb8a0 nmethod 1661 0x000001e980a3d590 code [0x000001e980a3d8c0, 0x000001e980a3efe8]
Event: 1.130 Thread 0x000001e997e70b80 1662       4       jdk.internal.misc.Unsafe::allocateUninitializedArray (55 bytes)
Event: 1.131 Thread 0x000001e9989d8220 1663       4       java.lang.AbstractStringBuilder::<init> (39 bytes)
Event: 1.131 Thread 0x000001e997e70b80 nmethod 1662 0x000001e987c36810 code [0x000001e987c369a0, 0x000001e987c36b58]
Event: 1.132 Thread 0x000001e9989d8220 nmethod 1663 0x000001e987c36c90 code [0x000001e987c36e20, 0x000001e987c37078]
Event: 1.147 Thread 0x000001e9989b9350 nmethod 1657 0x000001e987c37110 code [0x000001e987c37340, 0x000001e987c38d10]
Event: 1.154 Thread 0x000001e9989621f0 1665       3       java.util.concurrent.atomic.AtomicInteger::incrementAndGet (14 bytes)
Event: 1.154 Thread 0x000001e9989621f0 nmethod 1665 0x000001e980a3f610 code [0x000001e980a3f7a0, 0x000001e980a3f8b8]
Event: 1.159 Thread 0x000001e997e744a0 1666       3       java.util.regex.Pattern::peek (26 bytes)
Event: 1.160 Thread 0x000001e997e744a0 nmethod 1666 0x000001e980a3f990 code [0x000001e980a3fb40, 0x000001e980a3fda8]
Event: 1.169 Thread 0x000001e9989621f0 1667       3       java.lang.invoke.MethodType::dropParameterTypes (162 bytes)
Event: 1.171 Thread 0x000001e9989621f0 nmethod 1667 0x000001e980a3ff10 code [0x000001e980a40200, 0x000001e980a411a8]

GC Heap History (2 events):
Event: 0.706 GC heap before
{Heap before GC invocations=0 (full 0):
 garbage-first heap   total 161792K, used 22528K [0x0000000762200000, 0x0000000800000000)
  region size 2048K, 11 young (22528K), 0 survivors (0K)
 Metaspace       used 4111K, committed 4288K, reserved 1056768K
  class space    used 439K, committed 512K, reserved 1048576K
}
Event: 0.713 GC heap after
{Heap after GC invocations=1 (full 0):
 garbage-first heap   total 161792K, used 2891K [0x0000000762200000, 0x0000000800000000)
  region size 2048K, 2 young (4096K), 2 survivors (4096K)
 Metaspace       used 4111K, committed 4288K, reserved 1056768K
  class space    used 439K, committed 512K, reserved 1048576K
}

Deoptimization events (20 events):
Event: 1.118 Thread 0x000001e9999ca380 Uncommon trap: trap_request=0xffffff45 fr.pc=0x000001e987c196b8 relative=0x00000000000004f8
Event: 1.118 Thread 0x000001e9999ca380 Uncommon trap: reason=unstable_if action=reinterpret pc=0x000001e987c196b8 method=java.util.HashMap.hash(Ljava/lang/Object;)I @ 1 c2
Event: 1.118 Thread 0x000001e9999ca380 DEOPT PACKING pc=0x000001e987c196b8 sp=0x00000001025fdb00
Event: 1.118 Thread 0x000001e9999ca380 DEOPT UNPACKING pc=0x000001e9800523a3 sp=0x00000001025fd998 mode 2
Event: 1.132 Thread 0x000001e9999ca380 Uncommon trap: trap_request=0xffffffde fr.pc=0x000001e987c36aac relative=0x000000000000010c
Event: 1.132 Thread 0x000001e9999ca380 Uncommon trap: reason=class_check action=maybe_recompile pc=0x000001e987c36aac method=jdk.internal.misc.Unsafe.allocateUninitializedArray(Ljava/lang/Class;I)Ljava/lang/Object; @ 51 c2
Event: 1.132 Thread 0x000001e9999ca380 DEOPT PACKING pc=0x000001e987c36aac sp=0x00000001025fd060
Event: 1.132 Thread 0x000001e9999ca380 DEOPT UNPACKING pc=0x000001e9800523a3 sp=0x00000001025fcfe8 mode 2
Event: 1.132 Thread 0x000001e9999ca380 Uncommon trap: trap_request=0xffffffde fr.pc=0x000001e987c36aac relative=0x000000000000010c
Event: 1.132 Thread 0x000001e9999ca380 Uncommon trap: reason=class_check action=maybe_recompile pc=0x000001e987c36aac method=jdk.internal.misc.Unsafe.allocateUninitializedArray(Ljava/lang/Class;I)Ljava/lang/Object; @ 51 c2
Event: 1.132 Thread 0x000001e9999ca380 DEOPT PACKING pc=0x000001e987c36aac sp=0x00000001025fc3f0
Event: 1.132 Thread 0x000001e9999ca380 DEOPT UNPACKING pc=0x000001e9800523a3 sp=0x00000001025fc378 mode 2
Event: 1.152 Thread 0x000001e9999ca380 Uncommon trap: trap_request=0xffffffde fr.pc=0x000001e987c36aac relative=0x000000000000010c
Event: 1.152 Thread 0x000001e9999ca380 Uncommon trap: reason=class_check action=maybe_recompile pc=0x000001e987c36aac method=jdk.internal.misc.Unsafe.allocateUninitializedArray(Ljava/lang/Class;I)Ljava/lang/Object; @ 51 c2
Event: 1.152 Thread 0x000001e9999ca380 DEOPT PACKING pc=0x000001e987c36aac sp=0x00000001025fc4d0
Event: 1.152 Thread 0x000001e9999ca380 DEOPT UNPACKING pc=0x000001e9800523a3 sp=0x00000001025fc458 mode 2
Event: 1.152 Thread 0x000001e9999ca380 Uncommon trap: trap_request=0xffffffde fr.pc=0x000001e987c36aac relative=0x000000000000010c
Event: 1.152 Thread 0x000001e9999ca380 Uncommon trap: reason=class_check action=maybe_recompile pc=0x000001e987c36aac method=jdk.internal.misc.Unsafe.allocateUninitializedArray(Ljava/lang/Class;I)Ljava/lang/Object; @ 51 c2
Event: 1.152 Thread 0x000001e9999ca380 DEOPT PACKING pc=0x000001e987c36aac sp=0x00000001025fbd30
Event: 1.152 Thread 0x000001e9999ca380 DEOPT UNPACKING pc=0x000001e9800523a3 sp=0x00000001025fbcb8 mode 2

Classes unloaded (0 events):
No events

Classes redefined (0 events):
No events

Internal exceptions (20 events):
Event: 0.624 Thread 0x000001e9f8027d90 Exception <a 'java/lang/NoSuchMethodError'{0x000000076af3cf38}: 'int java.lang.invoke.DirectMethodHandle$Holder.invokeStaticInit(java.lang.Object, java.lang.Object, java.lang.Object)'> (0x000000076af3cf38) 
thrown [t:\workspace\open\src\hotspot\share\interpreter\linkResolver.cpp, line 766]
Event: 0.646 Thread 0x000001e9f8027d90 Exception <a 'java/lang/NoSuchMethodError'{0x000000076ac750b0}: 'java.lang.Object java.lang.invoke.DirectMethodHandle$Holder.newInvokeSpecial(java.lang.Object, java.lang.Object, int, java.lang.Object)'> (0x000000076ac750b0) 
thrown [t:\workspace\open\src\hotspot\share\interpreter\linkResolver.cpp, line 766]
Event: 0.646 Thread 0x000001e9f8027d90 Exception <a 'java/lang/NoSuchMethodError'{0x000000076acea140}: 'java.lang.Object java.lang.invoke.DirectMethodHandle$Holder.invokeSpecial(java.lang.Object, java.lang.Object, java.lang.Object, int, java.lang.Object)'> (0x000000076acea140) 
thrown [t:\workspace\open\src\hotspot\share\interpreter\linkResolver.cpp, line 766]
Event: 0.714 Thread 0x000001e9999ca380 Exception <a 'java/lang/NoSuchMethodError'{0x000000076be05358}: 'void java.lang.invoke.DirectMethodHandle$Holder.invokeStaticInit(java.lang.Object)'> (0x000000076be05358) 
thrown [t:\workspace\open\src\hotspot\share\interpreter\linkResolver.cpp, line 766]
Event: 0.719 Thread 0x000001e9f8027d90 Exception <a 'java/lang/NoSuchMethodError'{0x000000076bf206f0}: 'java.lang.Object java.lang.invoke.DirectMethodHandle$Holder.newInvokeSpecial(java.lang.Object, java.lang.Object, java.lang.Object, java.lang.Object, java.lang.Object, java.lang.Object)'> (0x000000076bf206f0) 
thrown [t:\workspace\open\src\hotspot\share\interpreter\linkResolver.cpp, line 766]
Event: 0.736 Thread 0x000001e9f8027d90 Exception <a 'java/lang/NoSuchMethodError'{0x000000076bf50a50}: 'java.lang.Object java.lang.invoke.Invokers$Holder.invoke_MT(java.lang.Object, java.lang.Object, java.lang.Object)'> (0x000000076bf50a50) 
thrown [t:\workspace\open\src\hotspot\share\interpreter\linkResolver.cpp, line 766]
Event: 0.740 Thread 0x000001e9f8027d90 Exception <a 'java/lang/NoSuchMethodError'{0x000000076bf5db18}: 'java.lang.Object java.lang.invoke.DirectMethodHandle$Holder.newInvokeSpecial(java.lang.Object, java.lang.Object, java.lang.Object, java.lang.Object, java.lang.Object)'> (0x000000076bf5db18) 
thrown [t:\workspace\open\src\hotspot\share\interpreter\linkResolver.cpp, line 766]
Event: 0.786 Thread 0x000001e9999ca380 Exception <a 'sun/nio/fs/WindowsException'{0x000000076b8df860}> (0x000000076b8df860) 
thrown [t:\workspace\open\src\hotspot\share\prims\jni.cpp, line 516]
Event: 0.822 Thread 0x000001e9999ca380 Exception <a 'java/lang/NoSuchMethodError'{0x000000076b7dc418}: 'java.lang.Object java.lang.invoke.DirectMethodHandle$Holder.invokeStaticInit(java.lang.Object, java.lang.Object, java.lang.Object, java.lang.Object)'> (0x000000076b7dc418) 
thrown [t:\workspace\open\src\hotspot\share\interpreter\linkResolver.cpp, line 766]
Event: 0.824 Thread 0x000001e9999ca380 Exception <a 'java/lang/NullPointerException'{0x000000076b7e86e0}> (0x000000076b7e86e0) 
thrown [t:\workspace\open\src\hotspot\share\interpreter\linkResolver.cpp, line 1357]
Event: 0.832 Thread 0x000001e9999ca380 Exception <a 'sun/nio/fs/WindowsException'{0x000000076b449190}> (0x000000076b449190) 
thrown [t:\workspace\open\src\hotspot\share\prims\jni.cpp, line 516]
Event: 0.846 Thread 0x000001e9999ca380 Exception <a 'sun/nio/fs/WindowsException'{0x000000076b52c7a8}> (0x000000076b52c7a8) 
thrown [t:\workspace\open\src\hotspot\share\prims\jni.cpp, line 516]
Event: 0.854 Thread 0x000001e9999ca380 Exception <a 'java/lang/ClassNotFoundException'{0x000000076b545348}: sun/util/logging/resources/spi/loggingProvider> (0x000000076b545348) 
thrown [t:\workspace\open\src\hotspot\share\classfile\systemDictionary.cpp, line 256]
Event: 0.887 Thread 0x000001e9999ca380 Exception <a 'java/lang/ClassNotFoundException'{0x000000076b385308}: com/sun/glass/ui/win/themes> (0x000000076b385308) 
thrown [t:\workspace\open\src\hotspot\share\prims\jni.cpp, line 535]
Event: 0.888 Thread 0x000001e9999ca380 Exception <a 'java/lang/ClassNotFoundException'{0x000000076b38d5a0}: com/sun/glass/ui/win/themes_ru> (0x000000076b38d5a0) 
thrown [t:\workspace\open\src\hotspot\share\prims\jni.cpp, line 535]
Event: 0.888 Thread 0x000001e9999ca380 Exception <a 'java/lang/ClassNotFoundException'{0x000000076b38e660}: com/sun/glass/ui/win/themes_ru_RU> (0x000000076b38e660) 
thrown [t:\workspace\open\src\hotspot\share\prims\jni.cpp, line 535]
Event: 0.958 Thread 0x000001e9999ca380 Exception <a 'java/lang/NoSuchMethodError'{0x000000076acca018}: 'void java.lang.invoke.DirectMethodHandle$Holder.invokeStaticInit(java.lang.Object, java.lang.Object)'> (0x000000076acca018) 
thrown [t:\workspace\open\src\hotspot\share\interpreter\linkResolver.cpp, line 766]
Event: 1.008 Thread 0x000001e9999ca380 Exception <a 'sun/nio/fs/WindowsException'{0x000000076ab923d8}> (0x000000076ab923d8) 
thrown [t:\workspace\open\src\hotspot\share\prims\jni.cpp, line 516]
Event: 1.088 Thread 0x000001e9999ca380 Implicit null exception at 0x000001e987c32201 to 0x000001e987c339e0
Event: 1.118 Thread 0x000001e9999ca380 Implicit null exception at 0x000001e987c1920f to 0x000001e987c1969c

VM Operations (16 events):
Event: 0.213 Executing VM operation: HandshakeAllThreads
Event: 0.213 Executing VM operation: HandshakeAllThreads done
Event: 0.213 Executing VM operation: HandshakeAllThreads
Event: 0.213 Executing VM operation: HandshakeAllThreads done
Event: 0.243 Executing VM operation: HandshakeAllThreads
Event: 0.243 Executing VM operation: HandshakeAllThreads done
Event: 0.314 Executing VM operation: HandshakeAllThreads
Event: 0.314 Executing VM operation: HandshakeAllThreads done
Event: 0.634 Executing VM operation: HandshakeAllThreads
Event: 0.634 Executing VM operation: HandshakeAllThreads done
Event: 0.706 Executing VM operation: G1CollectForAllocation
Event: 0.713 Executing VM operation: G1CollectForAllocation done
Event: 0.912 Executing VM operation: HandshakeAllThreads
Event: 0.912 Executing VM operation: HandshakeAllThreads done
Event: 1.088 Executing VM operation: ICBufferFull
Event: 1.088 Executing VM operation: ICBufferFull done

Events (20 events):
Event: 1.030 loading class sun/util/resources/cldr/TimeZoneNames_en
Event: 1.030 loading class sun/util/resources/cldr/TimeZoneNames_en done
Event: 1.031 loading class sun/util/resources/cldr/TimeZoneNames_en_US
Event: 1.031 loading class sun/util/resources/cldr/TimeZoneNames_en_US done
Event: 1.032 loading class sun/util/resources/TimeZoneNames
Event: 1.032 loading class sun/nio/cs/UTF_16BE$Decoder
Event: 1.032 loading class sun/nio/cs/UnicodeDecoder
Event: 1.033 loading class sun/nio/cs/UnicodeDecoder done
Event: 1.033 loading class sun/nio/cs/UTF_16BE$Decoder done
Event: 1.033 loading class sun/util/resources/TimeZoneNames done
Event: 1.034 loading class sun/util/resources/TimeZoneNames_en
Event: 1.034 loading class sun/util/resources/TimeZoneNames_en done
Event: 1.078 loading class com/sun/org/apache/xerces/internal/impl/io/MalformedByteSequenceException
Event: 1.078 loading class java/io/CharConversionException
Event: 1.078 loading class java/io/CharConversionException done
Event: 1.078 loading class com/sun/org/apache/xerces/internal/impl/io/MalformedByteSequenceException done
Event: 1.091 loading class java/io/CharArrayReader
Event: 1.091 loading class java/io/CharArrayReader done
Event: 1.155 loading class java/lang/StrictMath
Event: 1.155 loading class java/lang/StrictMath done


Dynamic libraries:
0x00007ff624940000 - 0x00007ff62494e000 	C:\Users\Михаил\.jdks\openjdk-17\bin\java.exe
0x00007ffebf0d0000 - 0x00007ffebf2bd000 	C:\Windows\SYSTEM32\ntdll.dll
0x00007ffebeba0000 - 0x00007ffebec53000 	C:\Windows\System32\KERNEL32.DLL
0x00007ffebb490000 - 0x00007ffebb724000 	C:\Windows\System32\KERNELBASE.dll
0x00007ffebb730000 - 0x00007ffebb82a000 	C:\Windows\System32\ucrtbase.dll
0x00007ffeacc30000 - 0x00007ffeacc48000 	C:\Users\Михаил\.jdks\openjdk-17\bin\jli.dll
0x00007ffeadb60000 - 0x00007ffeadb7a000 	C:\Users\Михаил\.jdks\openjdk-17\bin\VCRUNTIME140.dll
0x00007ffebde00000 - 0x00007ffebdf97000 	C:\Windows\System32\USER32.dll
0x00007ffea03b0000 - 0x00007ffea0629000 	C:\Windows\WinSxS\amd64_microsoft.windows.common-controls_6595b64144ccf1df_6.0.17763.2928_none_de6f2d70534d3d29\COMCTL32.dll
0x00007ffebb210000 - 0x00007ffebb230000 	C:\Windows\System32\win32u.dll
0x00007ffebda70000 - 0x00007ffebdb0e000 	C:\Windows\System32\msvcrt.dll
0x00007ffebe920000 - 0x00007ffebe949000 	C:\Windows\System32\GDI32.dll
0x00007ffebe0d0000 - 0x00007ffebe3fd000 	C:\Windows\System32\combase.dll
0x00007ffebb2d0000 - 0x00007ffebb46c000 	C:\Windows\System32\gdi32full.dll
0x00007ffebea20000 - 0x00007ffebeb3d000 	C:\Windows\System32\RPCRT4.dll
0x00007ffebba30000 - 0x00007ffebbad0000 	C:\Windows\System32\msvcp_win.dll
0x00007ffebbad0000 - 0x00007ffebbb52000 	C:\Windows\System32\bcryptPrimitives.dll
0x00007ffebddd0000 - 0x00007ffebddfe000 	C:\Windows\System32\IMM32.DLL
0x00007ffeadb90000 - 0x00007ffeadb9c000 	C:\Users\Михаил\.jdks\openjdk-17\bin\vcruntime140_1.dll
0x00007ffe9ba30000 - 0x00007ffe9babd000 	C:\Users\Михаил\.jdks\openjdk-17\bin\msvcp140.dll
0x00007ffe87980000 - 0x00007ffe8853e000 	C:\Users\Михаил\.jdks\openjdk-17\bin\server\jvm.dll
0x00007ffebec60000 - 0x00007ffebed07000 	C:\Windows\System32\ADVAPI32.dll
0x00007ffebe880000 - 0x00007ffebe91f000 	C:\Windows\System32\sechost.dll
0x00007ffebef20000 - 0x00007ffebef28000 	C:\Windows\System32\PSAPI.DLL
0x00007ffeb8d30000 - 0x00007ffeb8d39000 	C:\Windows\SYSTEM32\WSOCK32.dll
0x00007ffeb8760000 - 0x00007ffeb8784000 	C:\Windows\SYSTEM32\WINMM.dll
0x00007ffeb4560000 - 0x00007ffeb456a000 	C:\Windows\SYSTEM32\VERSION.dll
0x00007ffebe950000 - 0x00007ffebe9bd000 	C:\Windows\System32\WS2_32.dll
0x00007ffeb8730000 - 0x00007ffeb875d000 	C:\Windows\SYSTEM32\winmmbase.dll
0x00007ffebc2b0000 - 0x00007ffebc2fa000 	C:\Windows\System32\cfgmgr32.dll
0x00007ffebb090000 - 0x00007ffebb0a1000 	C:\Windows\System32\kernel.appcore.dll
0x00007ffeadb50000 - 0x00007ffeadb5a000 	C:\Users\Михаил\.jdks\openjdk-17\bin\jimage.dll
0x00007ffeb9760000 - 0x00007ffeb994d000 	C:\Windows\SYSTEM32\DBGHELP.DLL
0x00007ffea86c0000 - 0x00007ffea86ea000 	C:\Windows\SYSTEM32\dbgcore.DLL
0x00007ffeacc20000 - 0x00007ffeacc2e000 	C:\Users\Михаил\.jdks\openjdk-17\bin\instrument.dll
0x00007ffeaa030000 - 0x00007ffeaa055000 	C:\Users\Михаил\.jdks\openjdk-17\bin\java.dll
0x00007ffe98f80000 - 0x00007ffe99056000 	C:\Users\Михаил\.jdks\openjdk-17\bin\svml.dll
0x00007ffebc390000 - 0x00007ffebd889000 	C:\Windows\System32\SHELL32.dll
0x00007ffebdd20000 - 0x00007ffebddc8000 	C:\Windows\System32\shcore.dll
0x00007ffebbb60000 - 0x00007ffebc2a8000 	C:\Windows\System32\windows.storage.dll
0x00007ffebb0d0000 - 0x00007ffebb0f4000 	C:\Windows\System32\profapi.dll
0x00007ffebb100000 - 0x00007ffebb15d000 	C:\Windows\System32\powrprof.dll
0x00007ffebd9f0000 - 0x00007ffebda42000 	C:\Windows\System32\shlwapi.dll
0x00007ffebb470000 - 0x00007ffebb487000 	C:\Windows\System32\cryptsp.dll
0x00007ffeab530000 - 0x00007ffeab549000 	C:\Users\Михаил\.jdks\openjdk-17\bin\net.dll
0x00007ffeaf090000 - 0x00007ffeaf181000 	C:\Windows\SYSTEM32\WINHTTP.dll
0x00007ffeba880000 - 0x00007ffeba8e7000 	C:\Windows\system32\mswsock.dll
0x00007ffea95d0000 - 0x00007ffea95e5000 	C:\Users\Михаил\.jdks\openjdk-17\bin\nio.dll
0x00007ffea9560000 - 0x00007ffea9578000 	C:\Users\Михаил\.jdks\openjdk-17\bin\zip.dll
0x000001e997ff0000 - 0x000001e997ff3000 	C:\Users\Михаил\.openjfx\cache\17.0.0.1\api-ms-win-core-console-l1-1-0.dll
0x000001e99b3a0000 - 0x000001e99b3a3000 	C:\Users\Михаил\.openjfx\cache\17.0.0.1\api-ms-win-core-console-l1-2-0.dll
0x000001e99b3b0000 - 0x000001e99b3b3000 	C:\Users\Михаил\.openjfx\cache\17.0.0.1\api-ms-win-core-datetime-l1-1-0.dll
0x000001e99b3c0000 - 0x000001e99b3c3000 	C:\Users\Михаил\.openjfx\cache\17.0.0.1\api-ms-win-core-debug-l1-1-0.dll
0x000001e99b3d0000 - 0x000001e99b3d3000 	C:\Users\Михаил\.openjfx\cache\17.0.0.1\api-ms-win-core-errorhandling-l1-1-0.dll
0x000001e99b3e0000 - 0x000001e99b3e4000 	C:\Users\Михаил\.openjfx\cache\17.0.0.1\api-ms-win-core-file-l1-1-0.dll
0x000001e99b3f0000 - 0x000001e99b3f3000 	C:\Users\Михаил\.openjfx\cache\17.0.0.1\api-ms-win-core-file-l1-2-0.dll
0x000001e99b400000 - 0x000001e99b403000 	C:\Users\Михаил\.openjfx\cache\17.0.0.1\api-ms-win-core-file-l2-1-0.dll
0x000001e99b410000 - 0x000001e99b413000 	C:\Users\Михаил\.openjfx\cache\17.0.0.1\api-ms-win-core-handle-l1-1-0.dll
0x000001e99b420000 - 0x000001e99b423000 	C:\Users\Михаил\.openjfx\cache\17.0.0.1\api-ms-win-core-heap-l1-1-0.dll
0x000001e99b430000 - 0x000001e99b433000 	C:\Users\Михаил\.openjfx\cache\17.0.0.1\api-ms-win-core-interlocked-l1-1-0.dll
0x000001e99b440000 - 0x000001e99b443000 	C:\Users\Михаил\.openjfx\cache\17.0.0.1\api-ms-win-core-libraryloader-l1-1-0.dll
0x000001e99b450000 - 0x000001e99b453000 	C:\Users\Михаил\.openjfx\cache\17.0.0.1\api-ms-win-core-localization-l1-2-0.dll
0x000001e99b460000 - 0x000001e99b463000 	C:\Users\Михаил\.openjfx\cache\17.0.0.1\api-ms-win-core-memory-l1-1-0.dll
0x000001e99b470000 - 0x000001e99b473000 	C:\Users\Михаил\.openjfx\cache\17.0.0.1\api-ms-win-core-namedpipe-l1-1-0.dll
0x000001e99b7f0000 - 0x000001e99b7f3000 	C:\Users\Михаил\.openjfx\cache\17.0.0.1\api-ms-win-core-processenvironment-l1-1-0.dll
0x000001e99b800000 - 0x000001e99b803000 	C:\Users\Михаил\.openjfx\cache\17.0.0.1\api-ms-win-core-processthreads-l1-1-0.dll
0x000001e99b810000 - 0x000001e99b813000 	C:\Users\Михаил\.openjfx\cache\17.0.0.1\api-ms-win-core-processthreads-l1-1-1.dll
0x000001e99b820000 - 0x000001e99b823000 	C:\Users\Михаил\.openjfx\cache\17.0.0.1\api-ms-win-core-profile-l1-1-0.dll
0x000001e99b830000 - 0x000001e99b833000 	C:\Users\Михаил\.openjfx\cache\17.0.0.1\api-ms-win-core-rtlsupport-l1-1-0.dll
0x000001e99b480000 - 0x000001e99b483000 	C:\Users\Михаил\.openjfx\cache\17.0.0.1\api-ms-win-core-string-l1-1-0.dll
0x000001e99b490000 - 0x000001e99b493000 	C:\Users\Михаил\.openjfx\cache\17.0.0.1\api-ms-win-core-synch-l1-1-0.dll
0x000001e99b4a0000 - 0x000001e99b4a3000 	C:\Users\Михаил\.openjfx\cache\17.0.0.1\api-ms-win-core-synch-l1-2-0.dll
0x000001e99b4b0000 - 0x000001e99b4b3000 	C:\Users\Михаил\.openjfx\cache\17.0.0.1\api-ms-win-core-sysinfo-l1-1-0.dll
0x000001e99b4c0000 - 0x000001e99b4c3000 	C:\Users\Михаил\.openjfx\cache\17.0.0.1\api-ms-win-core-timezone-l1-1-0.dll
0x000001e99b4d0000 - 0x000001e99b4d3000 	C:\Users\Михаил\.openjfx\cache\17.0.0.1\api-ms-win-core-util-l1-1-0.dll
0x000001e99b4e0000 - 0x000001e99b4e3000 	C:\Users\Михаил\.openjfx\cache\17.0.0.1\api-ms-win-crt-conio-l1-1-0.dll
0x000001e99b4f0000 - 0x000001e99b4f4000 	C:\Users\Михаил\.openjfx\cache\17.0.0.1\api-ms-win-crt-convert-l1-1-0.dll
0x000001e99b500000 - 0x000001e99b503000 	C:\Users\Михаил\.openjfx\cache\17.0.0.1\api-ms-win-crt-environment-l1-1-0.dll
0x000001e99b510000 - 0x000001e99b513000 	C:\Users\Михаил\.openjfx\cache\17.0.0.1\api-ms-win-crt-filesystem-l1-1-0.dll
0x000001e99b520000 - 0x000001e99b523000 	C:\Users\Михаил\.openjfx\cache\17.0.0.1\api-ms-win-crt-heap-l1-1-0.dll
0x000001e99b530000 - 0x000001e99b533000 	C:\Users\Михаил\.openjfx\cache\17.0.0.1\api-ms-win-crt-locale-l1-1-0.dll
0x000001e99b540000 - 0x000001e99b545000 	C:\Users\Михаил\.openjfx\cache\17.0.0.1\api-ms-win-crt-math-l1-1-0.dll
0x000001e99b550000 - 0x000001e99b555000 	C:\Users\Михаил\.openjfx\cache\17.0.0.1\api-ms-win-crt-multibyte-l1-1-0.dll
0x000001e99b560000 - 0x000001e99b570000 	C:\Users\Михаил\.openjfx\cache\17.0.0.1\api-ms-win-crt-private-l1-1-0.dll
0x000001e99b570000 - 0x000001e99b573000 	C:\Users\Михаил\.openjfx\cache\17.0.0.1\api-ms-win-crt-process-l1-1-0.dll
0x000001e99b580000 - 0x000001e99b584000 	C:\Users\Михаил\.openjfx\cache\17.0.0.1\api-ms-win-crt-runtime-l1-1-0.dll
0x000001e99b590000 - 0x000001e99b594000 	C:\Users\Михаил\.openjfx\cache\17.0.0.1\api-ms-win-crt-stdio-l1-1-0.dll
0x000001e99b5a0000 - 0x000001e99b5a4000 	C:\Users\Михаил\.openjfx\cache\17.0.0.1\api-ms-win-crt-string-l1-1-0.dll
0x000001e99b5b0000 - 0x000001e99b5b3000 	C:\Users\Михаил\.openjfx\cache\17.0.0.1\api-ms-win-crt-time-l1-1-0.dll
0x000001e99b5c0000 - 0x000001e99b5c3000 	C:\Users\Михаил\.openjfx\cache\17.0.0.1\api-ms-win-crt-utility-l1-1-0.dll
0x00007ffe936c0000 - 0x00007ffe937bc000 	C:\Users\Михаил\.openjfx\cache\17.0.0.1\ucrtbase.dll
0x00007ffea9220000 - 0x00007ffea923a000 	C:\Users\Михаил\.openjfx\cache\17.0.0.1\vcruntime140.dll
0x00007ffea95c0000 - 0x00007ffea95cc000 	C:\Users\Михаил\.openjfx\cache\17.0.0.1\vcruntime140_1.dll
0x00007ffe93380000 - 0x00007ffe9340d000 	C:\Users\Михаил\.openjfx\cache\17.0.0.1\msvcp140.dll
0x00007ffe9fb20000 - 0x00007ffe9fb4a000 	C:\Users\Михаил\.openjfx\cache\17.0.0.1\prism_d3d.dll
0x00007ffeaca10000 - 0x00007ffeacbae000 	C:\Windows\system32\d3d9.dll
0x00007ffeb9540000 - 0x00007ffeb956e000 	C:\Windows\SYSTEM32\dwmapi.dll
0x00007ffebb830000 - 0x00007ffebba25000 	C:\Windows\System32\CRYPT32.dll
0x00007ffebb0b0000 - 0x00007ffebb0c2000 	C:\Windows\System32\MSASN1.dll
0x00007ffeb9120000 - 0x00007ffeb91bc000 	C:\Windows\system32\uxtheme.dll
0x00007ffeb4800000 - 0x00007ffeb49c3000 	C:\Windows\System32\DriverStore\FileRepository\u0370422.inf_amd64_eb7af3b5d27ab4a4\B370390\aticfx64.dll
0x00007ffeac9d0000 - 0x00007ffeaca03000 	C:\Windows\System32\DriverStore\FileRepository\u0370422.inf_amd64_eb7af3b5d27ab4a4\B370390\atiu9p64.dll
0x00007ffe8fbb0000 - 0x00007ffe908fc000 	C:\Windows\System32\DriverStore\FileRepository\u0370422.inf_amd64_eb7af3b5d27ab4a4\B370390\atiumd64.dll
0x00007ffebd890000 - 0x00007ffebd9e6000 	C:\Windows\System32\ole32.dll
0x000000005b9a0000 - 0x000000005c86c000 	C:\Windows\System32\DriverStore\FileRepository\u0370422.inf_amd64_eb7af3b5d27ab4a4\B370390\atiumd6a.dll
0x00007ffeb0980000 - 0x00007ffeb09b0000 	C:\Windows\SYSTEM32\amdihk64.dll
0x00007ffe96c40000 - 0x00007ffe96c82000 	C:\Users\Михаил\.openjfx\cache\17.0.0.1\glass.dll
0x00007ffebdfa0000 - 0x00007ffebe0c7000 	C:\Windows\System32\COMDLG32.dll
0x00007ffebed10000 - 0x00007ffebedd4000 	C:\Windows\System32\OLEAUT32.dll
0x00007ffebef30000 - 0x00007ffebf09b000 	C:\Windows\System32\MSCTF.dll
0x00007ffea77d0000 - 0x00007ffea77e4000 	C:\Users\Михаил\.openjfx\cache\17.0.0.1\javafx_font.dll
0x00007ffeb0cb0000 - 0x00007ffeb0fb7000 	C:\Windows\SYSTEM32\dwrite.dll
0x00007ffebee70000 - 0x00007ffebef12000 	C:\Windows\System32\clbcatq.dll
0x00007ffeb5ef0000 - 0x00007ffeb60a8000 	C:\Windows\SYSTEM32\WindowsCodecs.dll
0x00007ffe9d900000 - 0x00007ffe9d957000 	C:\Windows\system32\dataexchange.dll
0x00007ffeb7d20000 - 0x00007ffeb7f9e000 	C:\Windows\system32\d3d11.dll
0x00007ffeb8560000 - 0x00007ffeb8723000 	C:\Windows\system32\dcomp.dll
0x00007ffeb9d70000 - 0x00007ffeb9e32000 	C:\Windows\system32\dxgi.dll
0x00007ffeb9200000 - 0x00007ffeb940c000 	C:\Windows\system32\twinapi.appcore.dll
0x00007ffeb9410000 - 0x00007ffeb9438000 	C:\Windows\system32\RMCLIENT.dll
0x00007ffe99dc0000 - 0x00007ffe99df3000 	C:\Program Files\Common Files\Microsoft Shared\Ink\rtscom.dll
0x00007ffeb3e00000 - 0x00007ffeb3e93000 	C:\Windows\System32\TextInputFramework.dll
0x00007ffeb6510000 - 0x00007ffeb6832000 	C:\Windows\System32\CoreUIComponents.dll
0x00007ffeb8790000 - 0x00007ffeb8871000 	C:\Windows\System32\CoreMessaging.dll
0x00007ffeba0c0000 - 0x00007ffeba0f1000 	C:\Windows\SYSTEM32\ntmarta.dll
0x00007ffeb7050000 - 0x00007ffeb71a1000 	C:\Windows\SYSTEM32\wintypes.dll

dbghelp: loaded successfully - version: 4.0.5 - missing functions: none
symbol engine: initialized successfully - sym options: 0x614 - pdb path: .;C:\Users\Михаил\.jdks\openjdk-17\bin;C:\Windows\SYSTEM32;C:\Windows\WinSxS\amd64_microsoft.windows.common-controls_6595b64144ccf1df_6.0.17763.2928_none_de6f2d70534d3d29;C:\Users\Михаил\.jdks\openjdk-17\bin\server;C:\Users\Михаил\.openjfx\cache\17.0.0.1;C:\Windows\System32\DriverStore\FileRepository\u0370422.inf_amd64_eb7af3b5d27ab4a4\B370390;C:\Program Files\Common Files\Microsoft Shared\Ink

VM Arguments:
jvm_args: -javaagent:C:\Users\Михаил\AppData\Local\JetBrains\Toolbox\apps\IDEA-U\ch-0\212.5457.46\lib\idea_rt.jar=56526:C:\Users\Михаил\AppData\Local\JetBrains\Toolbox\apps\IDEA-U\ch-0\212.5457.46\bin -Dfile.encoding=UTF-8 --module-path=C:\Users\Михаил\.m2\repository\org\openjfx\javafx-graphics\17.0.0.1\javafx-graphics-17.0.0.1-win.jar;C:\Users\Михаил\.m2\repository\org\kordamp\ikonli\ikonli-core\12.2.0\ikonli-core-12.2.0.jar;C:\Users\Михаил\.m2\repository\org\kordamp\bootstrapfx\bootstrapfx-core\0.4.0\bootstrapfx-core-0.4.0.jar;C:\Users\Михаил\.m2\repository\com\dlsc\formsfx\formsfx-core\11.3.2\formsfx-core-11.3.2.jar;C:\Users\Михаил\.m2\repository\org\controlsfx\controlsfx\11.1.0\controlsfx-11.1.0.jar;C:\Users\Михаил\.m2\repository\org\openjfx\javafx-controls\17.0.0.1\javafx-controls-17.0.0.1-win.jar;C:\Users\Михаил\.m2\repository\org\openjfx\javafx-web\17.0.0.1\javafx-web-17.0.0.1-win.jar;C:\Users\Михаил\.m2\repository\org\kordamp\ikonli\ikonli-javafx\12.2.0\ikonli-javafx-12.2.0.jar;C:\Users\Михаил\.m2\repository\org\openjfx\javafx-fxml\17.0.0.1\javafx-fxml-17.0.0.1-win.jar;C:\Users\Михаил\.m2\repository\org\openjfx\javafx-base\17.0.0.1\javafx-base-17.0.0.1-win.jar;C:\Users\Михаил\.m2\repository\org\openjfx\javafx-media\17.0.0.1\javafx-media-17.0.0.1-win.jar;C:\Users\Михаил\IdeaProjects\kyrs_project1\target\classes;C:\Users\Михаил\.m2\repository\net\synedra\validatorfx\0.1.13\validatorfx-0.1.13.jar;C:\Users\Михаил\.m2\repository\eu\hansolo\tilesfx\11.48\tilesfx-11.48.jar -Djdk.module.main=com.example.kyrs_project1 
java_command: com.example.kyrs_project1/com.example.kyrs_project1.Application
java_class_path (initial): C:\Users\Михаил\.m2\repository\mysql\mysql-connector-java\8.0.25\mysql-connector-java-8.0.25.jar;C:\Users\Михаил\.m2\repository\com\google\protobuf\protobuf-java\3.11.4\protobuf-java-3.11.4.jar;C:\Users\Михаил\.m2\repository\org\openjfx\javafx-controls\17.0.0.1\javafx-controls-17.0.0.1.jar;C:\Users\Михаил\.m2\repository\org\openjfx\javafx-graphics\17.0.0.1\javafx-graphics-17.0.0.1.jar;C:\Users\Михаил\.m2\repository\org\openjfx\javafx-base\17.0.0.1\javafx-base-17.0.0.1.jar;C:\Users\Михаил\.m2\repository\org\openjfx\javafx-fxml\17.0.0.1\javafx-fxml-17.0.0.1.jar;C:\Users\Михаил\.m2\repository\org\openjfx\javafx-web\17.0.0.1\javafx-web-17.0.0.1.jar;C:\Users\Михаил\.m2\repository\org\openjfx\javafx-media\17.0.0.1\javafx-media-17.0.0.1.jar
Launcher Type: SUN_STANDARD

[Global flags]
     intx CICompilerCount                          = 12                                        {product} {ergonomic}
     uint ConcGCThreads                            = 3                                         {product} {ergonomic}
     uint G1ConcRefinementThreads                  = 13                                        {product} {ergonomic}
   size_t G1HeapRegionSize                         = 2097152                                   {product} {ergonomic}
    uintx GCDrainStackTargetSize                   = 64                                        {product} {ergonomic}
   size_t InitialHeapSize                          = 165675008                                 {product} {ergonomic}
   size_t MarkStackSize                            = 4194304                                   {product} {ergonomic}
   size_t MaxHeapSize                              = 2648702976                                {product} {ergonomic}
   size_t MaxNewSize                               = 1587544064                                {product} {ergonomic}
   size_t MinHeapDeltaBytes                        = 2097152                                   {product} {ergonomic}
   size_t MinHeapSize                              = 8388608                                   {product} {ergonomic}
    uintx NonNMethodCodeHeapSize                   = 7602480                                {pd product} {ergonomic}
    uintx NonProfiledCodeHeapSize                  = 122027880                              {pd product} {ergonomic}
    uintx ProfiledCodeHeapSize                     = 122027880                              {pd product} {ergonomic}
    uintx ReservedCodeCacheSize                    = 251658240                              {pd product} {ergonomic}
     bool SegmentedCodeCache                       = true                                      {product} {ergonomic}
   size_t SoftMaxHeapSize                          = 2648702976                             {manageable} {ergonomic}
     bool UseCompressedClassPointers               = true                           {product lp64_product} {ergonomic}
     bool UseCompressedOops                        = true                           {product lp64_product} {ergonomic}
     bool UseG1GC                                  = true                                      {product} {ergonomic}
     bool UseLargePagesIndividualAllocation        = false                                  {pd product} {ergonomic}

Logging:
Log output configuration:
 #0: stdout all=warning uptime,level,tags
 #1: stderr all=off uptime,level,tags

Environment Variables:
PATH=C:\Program Files (x86)\Common Files\Oracle\Java\javapath;C:\Windows\system32;C:\Windows;C:\Windows\System32\Wbem;C:\Windows\System32\WindowsPowerShell\v1.0\;C:\Program Files\PuTTY\;C:\Program Files\Git\cmd;C:\Users\Михаил\пютхон\Scripts\;C:\Users\Михаил\пютхон\;C:\Users\Михаил\AppData\Local\Microsoft\WindowsApps;C:\Program Files\JetBrains\DataGrip 2022.1.4\bin
USERNAME=Михаил
OS=Windows_NT
PROCESSOR_IDENTIFIER=AMD64 Family 23 Model 104 Stepping 1, AuthenticAMD



---------------  S Y S T E M  ---------------

OS:
 Windows 10 , 64 bit Build 17763 (10.0.17763.2928)
OS uptime: 0 days 6:23 hours

CPU: total 16 (initial active 16) (16 cores per cpu, 2 threads per core) family 23 model 104 stepping 1 microcode 0x0, cx8, cmov, fxsr, ht, mmx, 3dnowpref, sse, sse2, sse3, ssse3, sse4a, sse4.1, sse4.2, popcnt, lzcnt, tsc, tscinvbit, avx, avx2, aes, clmul, bmi1, bmi2, adx, sha, fma, vzeroupper, clflush, clflushopt

Memory: 4k page, system-wide physical 10101M (1798M free)
TotalPageFile size 10101M (AvailPageFile size 6M)
current process WorkingSet (physical memory assigned to process): 143M, peak: 143M
current process commit charge ("private bytes"): 332M, peak: 333M

vm_info: OpenJDK 64-Bit Server VM (17+35-2724) for windows-amd64 JRE (17+35-2724), built on Aug  5 2021 23:26:02 by "mach5one" with MS VC++ 16.8 (VS2019)

END.
