#
# There is insufficient memory for the Java Runtime Environment to continue.
# Native memory allocation (malloc) failed to allocate 32744 bytes for ChunkPool::allocate
# Possible reasons:
#   The system is out of physical RAM or swap space
#   The process is running with CompressedOops enabled, and the Java Heap may be blocking the growth of the native heap
# Possible solutions:
#   Reduce memory load on the system
#   Increase physical memory or swap space
#   Check if swap backing store is full
#   Decrease Java heap size (-Xmx/-Xms)
#   Decrease number of Java threads
#   Decrease Java thread stack sizes (-Xss)
#   Set larger code cache with -XX:ReservedCodeCacheSize=
#   JVM is running with Zero Based Compressed Oops mode in which the Java heap is
#     placed in the first 32GB address space. The Java Heap base address is the
#     maximum limit for the native heap growth. Please use -XX:HeapBaseMinAddress
#     to set the Java Heap base and to place the Java Heap above 32GB virtual address.
# This output file may be truncated or incomplete.
#
#  Out of Memory Error (arena.cpp:78), pid=6220, tid=8480
#
# JRE version: OpenJDK Runtime Environment (17.0+35) (build 17+35-2724)
# Java VM: OpenJDK 64-Bit Server VM (17+35-2724, mixed mode, sharing, tiered, compressed oops, compressed class ptrs, g1 gc, windows-amd64)
# No core dump will be written. Minidumps are not enabled by default on client versions of Windows
#

---------------  S U M M A R Y ------------

Command Line: -javaagent:C:\Users\Михаил\AppData\Local\JetBrains\Toolbox\apps\IDEA-U\ch-0\212.5457.46\lib\idea_rt.jar=55899:C:\Users\Михаил\AppData\Local\JetBrains\Toolbox\apps\IDEA-U\ch-0\212.5457.46\bin -Dfile.encoding=UTF-8 --module-path=C:\Users\Михаил\.m2\repository\org\kordamp\bootstrapfx\bootstrapfx-core\0.4.0\bootstrapfx-core-0.4.0.jar;C:\Users\Михаил\.m2\repository\org\openjfx\javafx-media\17.0.0.1\javafx-media-17.0.0.1-win.jar;C:\Users\Михаил\.m2\repository\org\openjfx\javafx-fxml\17.0.0.1\javafx-fxml-17.0.0.1-win.jar;C:\Users\Михаил\.m2\repository\org\kordamp\ikonli\ikonli-javafx\12.2.0\ikonli-javafx-12.2.0.jar;C:\Users\Михаил\.m2\repository\com\dlsc\formsfx\formsfx-core\11.3.2\formsfx-core-11.3.2.jar;C:\Users\Михаил\.m2\repository\net\synedra\validatorfx\0.1.13\validatorfx-0.1.13.jar;C:\Users\Михаил\.m2\repository\org\openjfx\javafx-base\17.0.0.1\javafx-base-17.0.0.1-win.jar;C:\Users\Михаил\.m2\repository\eu\hansolo\tilesfx\11.48\tilesfx-11.48.jar;C:\Users\Михаил\.m2\repository\org\openjfx\javafx-graphics\17.0.0.1\javafx-graphics-17.0.0.1-win.jar;C:\Users\Михаил\IdeaProjects\kyrs_project1\target\classes;C:\Users\Михаил\.m2\repository\org\controlsfx\controlsfx\11.1.0\controlsfx-11.1.0.jar;C:\Users\Михаил\.m2\repository\org\openjfx\javafx-web\17.0.0.1\javafx-web-17.0.0.1-win.jar;C:\Users\Михаил\.m2\repository\org\openjfx\javafx-controls\17.0.0.1\javafx-controls-17.0.0.1-win.jar;C:\Users\Михаил\.m2\repository\org\kordamp\ikonli\ikonli-core\12.2.0\ikonli-core-12.2.0.jar -Djdk.module.main=com.example.kyrs_project1 com.example.kyrs_project1/com.example.kyrs_project1.Application

Host: AMD Ryzen 7 5700U with Radeon Graphics         , 16 cores, 9G,  Windows 10 , 64 bit Build 17763 (10.0.17763.2928)
Time: Mon Jul  4 18:12:10 2022 RTZ 2 (зима) elapsed time: 0.147947 seconds (0d 0h 0m 0s)

---------------  T H R E A D  ---------------

Current thread (0x000002f617966de0):  JavaThread "C2 CompilerThread1" daemon [_thread_in_native, id=8480, stack(0x000000f9aec00000,0x000000f9aed00000)]


Current CompileTask:
C2:    148  373       4       java.util.zip.ZipFile$Source::nextEntryPos (22 bytes)

Stack: [0x000000f9aec00000,0x000000f9aed00000]
Native frames: (J=compiled Java code, j=interpreted, Vv=VM code, C=native code)
V  [jvm.dll+0x66f8ea]
V  [jvm.dll+0x7ce224]
V  [jvm.dll+0x7cf9ce]
V  [jvm.dll+0x7d0033]
V  [jvm.dll+0x242bb5]
V  [jvm.dll+0xaa2a0]
V  [jvm.dll+0xaa5ec]
V  [jvm.dll+0x35f9a2]
V  [jvm.dll+0x329f61]
V  [jvm.dll+0x32940a]
V  [jvm.dll+0x215ca1]
V  [jvm.dll+0x2150c1]
V  [jvm.dll+0x1a168d]
V  [jvm.dll+0x2248f8]
V  [jvm.dll+0x222a5c]
V  [jvm.dll+0x78422b]
V  [jvm.dll+0x77e7ea]
V  [jvm.dll+0x66e715]
C  [ucrtbase.dll+0x2268a]
C  [KERNEL32.DLL+0x17974]
C  [ntdll.dll+0x5a2f1]


---------------  P R O C E S S  ---------------

Threads class SMR info:
_java_thread_list=0x000002f6178563b0, length=17, elements={
0x000002f676e82ec0, 0x000002f616c241a0, 0x000002f616c25290, 0x000002f616c370e0,
0x000002f616c37c90, 0x000002f616c3c180, 0x000002f616c40030, 0x000002f616c42130,
0x000002f616c4cb40, 0x000002f616ca2c80, 0x000002f61781e740, 0x000002f617823500,
0x000002f61786bf50, 0x000002f617966de0, 0x000002f617969f00, 0x000002f6178cead0,
0x000002f617bf7090
}

Java Threads: ( => current thread )
  0x000002f676e82ec0 JavaThread "main" [_thread_in_vm, id=13816, stack(0x000000f9ad900000,0x000000f9ada00000)]
  0x000002f616c241a0 JavaThread "Reference Handler" daemon [_thread_blocked, id=13720, stack(0x000000f9ae000000,0x000000f9ae100000)]
  0x000002f616c25290 JavaThread "Finalizer" daemon [_thread_blocked, id=9412, stack(0x000000f9ae100000,0x000000f9ae200000)]
  0x000002f616c370e0 JavaThread "Signal Dispatcher" daemon [_thread_blocked, id=13624, stack(0x000000f9ae200000,0x000000f9ae300000)]
  0x000002f616c37c90 JavaThread "Attach Listener" daemon [_thread_blocked, id=12220, stack(0x000000f9ae300000,0x000000f9ae400000)]
  0x000002f616c3c180 JavaThread "Service Thread" daemon [_thread_blocked, id=11748, stack(0x000000f9ae400000,0x000000f9ae500000)]
  0x000002f616c40030 JavaThread "Monitor Deflation Thread" daemon [_thread_blocked, id=7996, stack(0x000000f9ae500000,0x000000f9ae600000)]
  0x000002f616c42130 JavaThread "C2 CompilerThread0" daemon [_thread_in_native, id=11740, stack(0x000000f9ae600000,0x000000f9ae700000)]
  0x000002f616c4cb40 JavaThread "C1 CompilerThread0" daemon [_thread_in_native, id=12828, stack(0x000000f9ae700000,0x000000f9ae800000)]
  0x000002f616ca2c80 JavaThread "Sweeper thread" daemon [_thread_blocked, id=3592, stack(0x000000f9ae800000,0x000000f9ae900000)]
  0x000002f61781e740 JavaThread "C1 CompilerThread1" daemon [_thread_blocked, id=11884, stack(0x000000f9ae900000,0x000000f9aea00000)]
  0x000002f617823500 JavaThread "C1 CompilerThread2" daemon [_thread_blocked, id=7368, stack(0x000000f9aea00000,0x000000f9aeb00000)]
  0x000002f61786bf50 JavaThread "Common-Cleaner" daemon [_thread_blocked, id=6116, stack(0x000000f9aeb00000,0x000000f9aec00000)]
=>0x000002f617966de0 JavaThread "C2 CompilerThread1" daemon [_thread_in_native, id=8480, stack(0x000000f9aec00000,0x000000f9aed00000)]
  0x000002f617969f00 JavaThread "C2 CompilerThread2" daemon [_thread_in_native, id=10632, stack(0x000000f9aed00000,0x000000f9aee00000)]
  0x000002f6178cead0 JavaThread "C2 CompilerThread3" daemon [_thread_in_native, id=7616, stack(0x000000f9aee00000,0x000000f9aef00000)]
  0x000002f617bf7090 JavaThread "C2 CompilerThread4" daemon [_thread_in_native, id=9904, stack(0x000000f9aef00000,0x000000f9af000000)]

Other Threads:
  0x000002f616c1fcf0 VMThread "VM Thread" [stack: 0x000000f9adf00000,0x000000f9ae000000] [id=12088]
  0x000002f676ec0240 GCTaskThread "GC Thread#0" [stack: 0x000000f9ada00000,0x000000f9adb00000] [id=10548]
  0x000002f676ecaf50 ConcurrentGCThread "G1 Main Marker" [stack: 0x000000f9adb00000,0x000000f9adc00000] [id=5028]
  0x000002f676ece540 ConcurrentGCThread "G1 Conc#0" [stack: 0x000000f9adc00000,0x000000f9add00000] [id=1752]
  0x000002f616af20c0 ConcurrentGCThread "G1 Refine#0" [stack: 0x000000f9add00000,0x000000f9ade00000] [id=4868]
  0x000002f616af28f0 ConcurrentGCThread "G1 Service" [stack: 0x000000f9ade00000,0x000000f9adf00000] [id=976]

Threads with active compile tasks:
C2 CompilerThread0      156  392   !   4       java.util.zip.ZipFile$EntrySpliterator::tryAdvance (99 bytes)
C1 CompilerThread0      156  395       3       java.util.HashSet::iterator (13 bytes)
C1 CompilerThread1      156  400       3       java.util.Objects::hashCode (13 bytes)
C1 CompilerThread2      156  401       3       java.net.URI::toLower (19 bytes)
C2 CompilerThread1      156  373       4       java.util.zip.ZipFile$Source::nextEntryPos (22 bytes)
C2 CompilerThread2      156  366       4       java.util.HashMap::put (13 bytes)
C2 CompilerThread3      156  371       4       jdk.internal.module.Checks::isTypeName (49 bytes)
C2 CompilerThread4      156  382       4       jdk.internal.module.Checks::isJavaIdentifier (76 bytes)

VM state: not at safepoint (normal execution)

VM Mutex/Monitor currently owned by a thread: None

Heap address: 0x0000000762200000, size: 2526 MB, Compressed Oops mode: Zero based, Oop shift amount: 3

CDS archive(s) mapped at: [0x0000000800000000-0x0000000800bc0000-0x0000000800bc0000), size 12320768, SharedBaseAddress: 0x0000000800000000, ArchiveRelocationMode: 0.
Compressed class space mapped at: 0x0000000800c00000-0x0000000840c00000, reserved size: 1073741824
Narrow klass base: 0x0000000800000000, Narrow klass shift: 0, Narrow klass range: 0x100000000

GC Precious Log:
 CPUs: 16 total, 16 available
 Memory: 10101M
 Large Page Support: Disabled
 NUMA Support: Disabled
 Compressed Oops: Enabled (Zero based)
 Heap Region Size: 2M
 Heap Min Capacity: 8M
 Heap Initial Capacity: 158M
 Heap Max Capacity: 2526M
 Pre-touch: Disabled
 Parallel Workers: 13
 Concurrent Workers: 3
 Concurrent Refinement Workers: 13
 Periodic GC: Disabled

Heap:
 garbage-first heap   total 161792K, used 6144K [0x0000000762200000, 0x0000000800000000)
  region size 2048K, 5 young (10240K), 0 survivors (0K)
 Metaspace       used 732K, committed 896K, reserved 1056768K
  class space    used 61K, committed 128K, reserved 1048576K

Heap Regions: E=young(eden), S=young(survivor), O=old, HS=humongous(starts), HC=humongous(continues), CS=collection set, F=free, OA=open archive, CA=closed archive, TAMS=top-at-mark-start (previous, next)
|   0|0x0000000762200000, 0x0000000762200000, 0x0000000762400000|  0%| F|  |TAMS 0x0000000762200000, 0x0000000762200000| Untracked 
|   1|0x0000000762400000, 0x0000000762400000, 0x0000000762600000|  0%| F|  |TAMS 0x0000000762400000, 0x0000000762400000| Untracked 
|   2|0x0000000762600000, 0x0000000762600000, 0x0000000762800000|  0%| F|  |TAMS 0x0000000762600000, 0x0000000762600000| Untracked 
|   3|0x0000000762800000, 0x0000000762800000, 0x0000000762a00000|  0%| F|  |TAMS 0x0000000762800000, 0x0000000762800000| Untracked 
|   4|0x0000000762a00000, 0x0000000762a00000, 0x0000000762c00000|  0%| F|  |TAMS 0x0000000762a00000, 0x0000000762a00000| Untracked 
|   5|0x0000000762c00000, 0x0000000762c00000, 0x0000000762e00000|  0%| F|  |TAMS 0x0000000762c00000, 0x0000000762c00000| Untracked 
|   6|0x0000000762e00000, 0x0000000762e00000, 0x0000000763000000|  0%| F|  |TAMS 0x0000000762e00000, 0x0000000762e00000| Untracked 
|   7|0x0000000763000000, 0x0000000763000000, 0x0000000763200000|  0%| F|  |TAMS 0x0000000763000000, 0x0000000763000000| Untracked 
|   8|0x0000000763200000, 0x0000000763200000, 0x0000000763400000|  0%| F|  |TAMS 0x0000000763200000, 0x0000000763200000| Untracked 
|   9|0x0000000763400000, 0x0000000763400000, 0x0000000763600000|  0%| F|  |TAMS 0x0000000763400000, 0x0000000763400000| Untracked 
|  10|0x0000000763600000, 0x0000000763600000, 0x0000000763800000|  0%| F|  |TAMS 0x0000000763600000, 0x0000000763600000| Untracked 
|  11|0x0000000763800000, 0x0000000763800000, 0x0000000763a00000|  0%| F|  |TAMS 0x0000000763800000, 0x0000000763800000| Untracked 
|  12|0x0000000763a00000, 0x0000000763a00000, 0x0000000763c00000|  0%| F|  |TAMS 0x0000000763a00000, 0x0000000763a00000| Untracked 
|  13|0x0000000763c00000, 0x0000000763c00000, 0x0000000763e00000|  0%| F|  |TAMS 0x0000000763c00000, 0x0000000763c00000| Untracked 
|  14|0x0000000763e00000, 0x0000000763e00000, 0x0000000764000000|  0%| F|  |TAMS 0x0000000763e00000, 0x0000000763e00000| Untracked 
|  15|0x0000000764000000, 0x0000000764000000, 0x0000000764200000|  0%| F|  |TAMS 0x0000000764000000, 0x0000000764000000| Untracked 
|  16|0x0000000764200000, 0x0000000764200000, 0x0000000764400000|  0%| F|  |TAMS 0x0000000764200000, 0x0000000764200000| Untracked 
|  17|0x0000000764400000, 0x0000000764400000, 0x0000000764600000|  0%| F|  |TAMS 0x0000000764400000, 0x0000000764400000| Untracked 
|  18|0x0000000764600000, 0x0000000764600000, 0x0000000764800000|  0%| F|  |TAMS 0x0000000764600000, 0x0000000764600000| Untracked 
|  19|0x0000000764800000, 0x0000000764800000, 0x0000000764a00000|  0%| F|  |TAMS 0x0000000764800000, 0x0000000764800000| Untracked 
|  20|0x0000000764a00000, 0x0000000764a00000, 0x0000000764c00000|  0%| F|  |TAMS 0x0000000764a00000, 0x0000000764a00000| Untracked 
|  21|0x0000000764c00000, 0x0000000764c00000, 0x0000000764e00000|  0%| F|  |TAMS 0x0000000764c00000, 0x0000000764c00000| Untracked 
|  22|0x0000000764e00000, 0x0000000764e00000, 0x0000000765000000|  0%| F|  |TAMS 0x0000000764e00000, 0x0000000764e00000| Untracked 
|  23|0x0000000765000000, 0x0000000765000000, 0x0000000765200000|  0%| F|  |TAMS 0x0000000765000000, 0x0000000765000000| Untracked 
|  24|0x0000000765200000, 0x0000000765200000, 0x0000000765400000|  0%| F|  |TAMS 0x0000000765200000, 0x0000000765200000| Untracked 
|  25|0x0000000765400000, 0x0000000765400000, 0x0000000765600000|  0%| F|  |TAMS 0x0000000765400000, 0x0000000765400000| Untracked 
|  26|0x0000000765600000, 0x0000000765600000, 0x0000000765800000|  0%| F|  |TAMS 0x0000000765600000, 0x0000000765600000| Untracked 
|  27|0x0000000765800000, 0x0000000765800000, 0x0000000765a00000|  0%| F|  |TAMS 0x0000000765800000, 0x0000000765800000| Untracked 
|  28|0x0000000765a00000, 0x0000000765a00000, 0x0000000765c00000|  0%| F|  |TAMS 0x0000000765a00000, 0x0000000765a00000| Untracked 
|  29|0x0000000765c00000, 0x0000000765c00000, 0x0000000765e00000|  0%| F|  |TAMS 0x0000000765c00000, 0x0000000765c00000| Untracked 
|  30|0x0000000765e00000, 0x0000000765e00000, 0x0000000766000000|  0%| F|  |TAMS 0x0000000765e00000, 0x0000000765e00000| Untracked 
|  31|0x0000000766000000, 0x0000000766000000, 0x0000000766200000|  0%| F|  |TAMS 0x0000000766000000, 0x0000000766000000| Untracked 
|  32|0x0000000766200000, 0x0000000766200000, 0x0000000766400000|  0%| F|  |TAMS 0x0000000766200000, 0x0000000766200000| Untracked 
|  33|0x0000000766400000, 0x0000000766400000, 0x0000000766600000|  0%| F|  |TAMS 0x0000000766400000, 0x0000000766400000| Untracked 
|  34|0x0000000766600000, 0x0000000766600000, 0x0000000766800000|  0%| F|  |TAMS 0x0000000766600000, 0x0000000766600000| Untracked 
|  35|0x0000000766800000, 0x0000000766800000, 0x0000000766a00000|  0%| F|  |TAMS 0x0000000766800000, 0x0000000766800000| Untracked 
|  36|0x0000000766a00000, 0x0000000766a00000, 0x0000000766c00000|  0%| F|  |TAMS 0x0000000766a00000, 0x0000000766a00000| Untracked 
|  37|0x0000000766c00000, 0x0000000766c00000, 0x0000000766e00000|  0%| F|  |TAMS 0x0000000766c00000, 0x0000000766c00000| Untracked 
|  38|0x0000000766e00000, 0x0000000766e00000, 0x0000000767000000|  0%| F|  |TAMS 0x0000000766e00000, 0x0000000766e00000| Untracked 
|  39|0x0000000767000000, 0x0000000767000000, 0x0000000767200000|  0%| F|  |TAMS 0x0000000767000000, 0x0000000767000000| Untracked 
|  40|0x0000000767200000, 0x0000000767200000, 0x0000000767400000|  0%| F|  |TAMS 0x0000000767200000, 0x0000000767200000| Untracked 
|  41|0x0000000767400000, 0x0000000767400000, 0x0000000767600000|  0%| F|  |TAMS 0x0000000767400000, 0x0000000767400000| Untracked 
|  42|0x0000000767600000, 0x0000000767600000, 0x0000000767800000|  0%| F|  |TAMS 0x0000000767600000, 0x0000000767600000| Untracked 
|  43|0x0000000767800000, 0x0000000767800000, 0x0000000767a00000|  0%| F|  |TAMS 0x0000000767800000, 0x0000000767800000| Untracked 
|  44|0x0000000767a00000, 0x0000000767a00000, 0x0000000767c00000|  0%| F|  |TAMS 0x0000000767a00000, 0x0000000767a00000| Untracked 
|  45|0x0000000767c00000, 0x0000000767c00000, 0x0000000767e00000|  0%| F|  |TAMS 0x0000000767c00000, 0x0000000767c00000| Untracked 
|  46|0x0000000767e00000, 0x0000000767e00000, 0x0000000768000000|  0%| F|  |TAMS 0x0000000767e00000, 0x0000000767e00000| Untracked 
|  47|0x0000000768000000, 0x0000000768000000, 0x0000000768200000|  0%| F|  |TAMS 0x0000000768000000, 0x0000000768000000| Untracked 
|  48|0x0000000768200000, 0x0000000768200000, 0x0000000768400000|  0%| F|  |TAMS 0x0000000768200000, 0x0000000768200000| Untracked 
|  49|0x0000000768400000, 0x0000000768400000, 0x0000000768600000|  0%| F|  |TAMS 0x0000000768400000, 0x0000000768400000| Untracked 
|  50|0x0000000768600000, 0x0000000768600000, 0x0000000768800000|  0%| F|  |TAMS 0x0000000768600000, 0x0000000768600000| Untracked 
|  51|0x0000000768800000, 0x0000000768800000, 0x0000000768a00000|  0%| F|  |TAMS 0x0000000768800000, 0x0000000768800000| Untracked 
|  52|0x0000000768a00000, 0x0000000768a00000, 0x0000000768c00000|  0%| F|  |TAMS 0x0000000768a00000, 0x0000000768a00000| Untracked 
|  53|0x0000000768c00000, 0x0000000768c00000, 0x0000000768e00000|  0%| F|  |TAMS 0x0000000768c00000, 0x0000000768c00000| Untracked 
|  54|0x0000000768e00000, 0x0000000768e00000, 0x0000000769000000|  0%| F|  |TAMS 0x0000000768e00000, 0x0000000768e00000| Untracked 
|  55|0x0000000769000000, 0x0000000769000000, 0x0000000769200000|  0%| F|  |TAMS 0x0000000769000000, 0x0000000769000000| Untracked 
|  56|0x0000000769200000, 0x0000000769200000, 0x0000000769400000|  0%| F|  |TAMS 0x0000000769200000, 0x0000000769200000| Untracked 
|  57|0x0000000769400000, 0x0000000769400000, 0x0000000769600000|  0%| F|  |TAMS 0x0000000769400000, 0x0000000769400000| Untracked 
|  58|0x0000000769600000, 0x0000000769600000, 0x0000000769800000|  0%| F|  |TAMS 0x0000000769600000, 0x0000000769600000| Untracked 
|  59|0x0000000769800000, 0x0000000769800000, 0x0000000769a00000|  0%| F|  |TAMS 0x0000000769800000, 0x0000000769800000| Untracked 
|  60|0x0000000769a00000, 0x0000000769a00000, 0x0000000769c00000|  0%| F|  |TAMS 0x0000000769a00000, 0x0000000769a00000| Untracked 
|  61|0x0000000769c00000, 0x0000000769c00000, 0x0000000769e00000|  0%| F|  |TAMS 0x0000000769c00000, 0x0000000769c00000| Untracked 
|  62|0x0000000769e00000, 0x0000000769e00000, 0x000000076a000000|  0%| F|  |TAMS 0x0000000769e00000, 0x0000000769e00000| Untracked 
|  63|0x000000076a000000, 0x000000076a000000, 0x000000076a200000|  0%| F|  |TAMS 0x000000076a000000, 0x000000076a000000| Untracked 
|  64|0x000000076a200000, 0x000000076a200000, 0x000000076a400000|  0%| F|  |TAMS 0x000000076a200000, 0x000000076a200000| Untracked 
|  65|0x000000076a400000, 0x000000076a400000, 0x000000076a600000|  0%| F|  |TAMS 0x000000076a400000, 0x000000076a400000| Untracked 
|  66|0x000000076a600000, 0x000000076a600000, 0x000000076a800000|  0%| F|  |TAMS 0x000000076a600000, 0x000000076a600000| Untracked 
|  67|0x000000076a800000, 0x000000076a800000, 0x000000076aa00000|  0%| F|  |TAMS 0x000000076a800000, 0x000000076a800000| Untracked 
|  68|0x000000076aa00000, 0x000000076aa00000, 0x000000076ac00000|  0%| F|  |TAMS 0x000000076aa00000, 0x000000076aa00000| Untracked 
|  69|0x000000076ac00000, 0x000000076ac00000, 0x000000076ae00000|  0%| F|  |TAMS 0x000000076ac00000, 0x000000076ac00000| Untracked 
|  70|0x000000076ae00000, 0x000000076ae00000, 0x000000076b000000|  0%| F|  |TAMS 0x000000076ae00000, 0x000000076ae00000| Untracked 
|  71|0x000000076b000000, 0x000000076b000000, 0x000000076b200000|  0%| F|  |TAMS 0x000000076b000000, 0x000000076b000000| Untracked 
|  72|0x000000076b200000, 0x000000076b200000, 0x000000076b400000|  0%| F|  |TAMS 0x000000076b200000, 0x000000076b200000| Untracked 
|  73|0x000000076b400000, 0x000000076b400000, 0x000000076b600000|  0%| F|  |TAMS 0x000000076b400000, 0x000000076b400000| Untracked 
|  74|0x000000076b600000, 0x000000076b671260, 0x000000076b800000| 22%| E|  |TAMS 0x000000076b600000, 0x000000076b600000| Complete 
|  75|0x000000076b800000, 0x000000076ba00000, 0x000000076ba00000|100%| E|CS|TAMS 0x000000076b800000, 0x000000076b800000| Complete 
|  76|0x000000076ba00000, 0x000000076bc00000, 0x000000076bc00000|100%| E|CS|TAMS 0x000000076ba00000, 0x000000076ba00000| Complete 
|  77|0x000000076bc00000, 0x000000076be00000, 0x000000076be00000|100%| E|  |TAMS 0x000000076bc00000, 0x000000076bc00000| Complete 
|  78|0x000000076be00000, 0x000000076c000000, 0x000000076c000000|100%| E|CS|TAMS 0x000000076be00000, 0x000000076be00000| Complete 

Card table byte_map: [0x000002f67f3e0000,0x000002f67f8d0000] _byte_map_base: 0x000002f67b8cf000

Marking Bits (Prev, Next): (CMBitMap*) 0x000002f676ec0850, (CMBitMap*) 0x000002f676ec0890
 Prev Bits: [0x000002f60f000000, 0x000002f611778000)
 Next Bits: [0x000002f611780000, 0x000002f613ef8000)

Polling page: 0x000002f674e10000

Metaspace:

Usage:
  Non-class:    674.25 KB used.
      Class:     61.73 KB used.
       Both:    735.98 KB used.

Virtual space:
  Non-class space:        8.00 MB reserved,     768.00 KB (  9%) committed,  1 nodes.
      Class space:        1.00 GB reserved,     128.00 KB ( <1%) committed,  1 nodes.
             Both:        1.01 GB reserved,     896.00 KB ( <1%) committed. 

Chunk freelists:
   Non-Class:  3.99 MB
       Class:  3.74 MB
        Both:  7.73 MB

MaxMetaspaceSize: unlimited
CompressedClassSpaceSize: 1.00 GB
Initial GC threshold: 21.00 MB
Current GC threshold: 21.00 MB
CDS: on
MetaspaceReclaimPolicy: balanced
 - commit_granule_bytes: 65536.
 - commit_granule_words: 8192.
 - virtual_space_node_default_size: 1048576.
 - enlarge_chunks_in_place: 1.
 - new_chunks_are_fully_committed: 0.
 - uncommit_free_chunks: 1.
 - use_allocation_guard: 0.
 - handle_deallocations: 1.


Internal statistics:

num_allocs_failed_limit: 0.
num_arena_births: 12.
num_arena_deaths: 0.
num_vsnodes_births: 2.
num_vsnodes_deaths: 0.
num_space_committed: 14.
num_space_uncommitted: 0.
num_chunks_returned_to_freelist: 0.
num_chunks_taken_from_freelist: 13.
num_chunk_merges: 0.
num_chunk_splits: 8.
num_chunks_enlarged: 5.
num_purges: 0.
num_inconsistent_stats: 0.

CodeHeap 'non-profiled nmethods': size=119168Kb used=126Kb max_used=126Kb free=119041Kb
 bounds [0x000002f607ba0000, 0x000002f607e10000, 0x000002f60f000000]
CodeHeap 'profiled nmethods': size=119104Kb used=600Kb max_used=600Kb free=118503Kb
 bounds [0x000002f600750000, 0x000002f6009c0000, 0x000002f607ba0000]
CodeHeap 'non-nmethods': size=7488Kb used=2228Kb max_used=2257Kb free=5259Kb
 bounds [0x000002f600000000, 0x000002f600270000, 0x000002f600750000]
 total_blobs=771 nmethods=392 adapters=290
 compilation: enabled
              stopped_count=0, restarted_count=0
 full_count=0

Compilation events (20 events):
Event: 0.141 Thread 0x000002f61781e740  375       3       jdk.internal.module.ModuleInfo$CountingDataInput::readFully (24 bytes)
Event: 0.141 Thread 0x000002f617823500  376       3       java.io.DataInputStream::readFully (59 bytes)
Event: 0.141 Thread 0x000002f616c4cb40 nmethod 374 0x000002f6007d9c90 code [0x000002f6007d9e20, 0x000002f6007d9f48]
Event: 0.141 Thread 0x000002f616c4cb40  378       3       jdk.internal.module.ModuleInfo$ConstantPool::decodeModuleName (142 bytes)
Event: 0.141 Thread 0x000002f61781e740 nmethod 375 0x000002f6007da010 code [0x000002f6007da1c0, 0x000002f6007da3c8]
Event: 0.141 Thread 0x000002f61781e740  377       3       jdk.internal.module.ModuleInfo$ConstantPool$ValueEntry::<init> (11 bytes)
Event: 0.142 Thread 0x000002f617823500 nmethod 376 0x000002f6007da490 code [0x000002f6007da680, 0x000002f6007daba8]
Event: 0.142 Thread 0x000002f61781e740 nmethod 377 0x000002f6007dae10 code [0x000002f6007dafc0, 0x000002f6007db1f8]
Event: 0.142 Thread 0x000002f616c4cb40 nmethod 378 0x000002f6007db310 code [0x000002f6007db680, 0x000002f6007dc718]
Event: 0.143 Thread 0x000002f6178cead0 nmethod 363% 0x000002f607bb9590 code [0x000002f607bb9740, 0x000002f607bb9bd8]
Event: 0.143 Thread 0x000002f6178cead0  371       4       jdk.internal.module.Checks::isTypeName (49 bytes)
Event: 0.143 Thread 0x000002f61781e740  379       3       java.util.AbstractCollection::addAll (42 bytes)
Event: 0.143 Thread 0x000002f617823500  380       3       java.lang.module.ModuleDescriptor$Requires::hashCode (63 bytes)
Event: 0.144 Thread 0x000002f617823500 nmethod 380 0x000002f6007dcd90 code [0x000002f6007dcf80, 0x000002f6007dd338]
Event: 0.144 Thread 0x000002f61781e740 nmethod 379 0x000002f6007dd510 code [0x000002f6007dd700, 0x000002f6007ddc38]
Event: 0.144 Thread 0x000002f617966de0 nmethod 353 0x000002f607bb9e90 code [0x000002f607bba040, 0x000002f607bba838]
Event: 0.144 Thread 0x000002f617966de0  370       4       java.lang.Character::isJavaIdentifierStart (9 bytes)
Event: 0.144 Thread 0x000002f61781e740  381       3       java.lang.CharacterData00::toLowerCase (3433 bytes)
Event: 0.145 Thread 0x000002f617966de0 nmethod 370 0x000002f607bbae90 code [0x000002f607bbb020, 0x000002f607bbb118]
Event: 0.145 Thread 0x000002f617966de0  373       4       java.util.zip.ZipFile$Source::nextEntryPos (22 bytes)

GC Heap History (0 events):
No events

Deoptimization events (20 events):
Event: 0.118 Thread 0x000002f676e82ec0 DEOPT PACKING pc=0x000002f600755867 sp=0x000000f9ad9fdeb0
Event: 0.118 Thread 0x000002f676e82ec0 DEOPT UNPACKING pc=0x000002f600052b43 sp=0x000000f9ad9fd2d0 mode 0
Event: 0.119 Thread 0x000002f676e82ec0 DEOPT PACKING pc=0x000002f600755867 sp=0x000000f9ad9fdeb0
Event: 0.119 Thread 0x000002f676e82ec0 DEOPT UNPACKING pc=0x000002f600052b43 sp=0x000000f9ad9fd2d0 mode 0
Event: 0.131 Thread 0x000002f676e82ec0 Uncommon trap: trap_request=0xffffffbe fr.pc=0x000002f607bb64a4 relative=0x00000000000009a4
Event: 0.131 Thread 0x000002f676e82ec0 Uncommon trap: reason=profile_predicate action=maybe_recompile pc=0x000002f607bb64a4 method=jdk.internal.module.Checks.isJavaIdentifier(Ljava/lang/String;)Z @ 46 c2
Event: 0.131 Thread 0x000002f676e82ec0 DEOPT PACKING pc=0x000002f607bb64a4 sp=0x000000f9ad9fdec0
Event: 0.131 Thread 0x000002f676e82ec0 DEOPT UNPACKING pc=0x000002f6000523a3 sp=0x000000f9ad9fde58 mode 2
Event: 0.131 Thread 0x000002f676e82ec0 Uncommon trap: trap_request=0xffffffbe fr.pc=0x000002f607bb64a4 relative=0x00000000000009a4
Event: 0.131 Thread 0x000002f676e82ec0 Uncommon trap: reason=profile_predicate action=maybe_recompile pc=0x000002f607bb64a4 method=jdk.internal.module.Checks.isJavaIdentifier(Ljava/lang/String;)Z @ 46 c2
Event: 0.131 Thread 0x000002f676e82ec0 DEOPT PACKING pc=0x000002f607bb64a4 sp=0x000000f9ad9fdec0
Event: 0.131 Thread 0x000002f676e82ec0 DEOPT UNPACKING pc=0x000002f6000523a3 sp=0x000000f9ad9fde58 mode 2
Event: 0.131 Thread 0x000002f676e82ec0 Uncommon trap: trap_request=0xffffffbe fr.pc=0x000002f607bb64a4 relative=0x00000000000009a4
Event: 0.131 Thread 0x000002f676e82ec0 Uncommon trap: reason=profile_predicate action=maybe_recompile pc=0x000002f607bb64a4 method=jdk.internal.module.Checks.isJavaIdentifier(Ljava/lang/String;)Z @ 46 c2
Event: 0.131 Thread 0x000002f676e82ec0 DEOPT PACKING pc=0x000002f607bb64a4 sp=0x000000f9ad9fdec0
Event: 0.131 Thread 0x000002f676e82ec0 DEOPT UNPACKING pc=0x000002f6000523a3 sp=0x000000f9ad9fde58 mode 2
Event: 0.131 Thread 0x000002f676e82ec0 Uncommon trap: trap_request=0xffffffbe fr.pc=0x000002f607bb64a4 relative=0x00000000000009a4
Event: 0.131 Thread 0x000002f676e82ec0 Uncommon trap: reason=profile_predicate action=maybe_recompile pc=0x000002f607bb64a4 method=jdk.internal.module.Checks.isJavaIdentifier(Ljava/lang/String;)Z @ 46 c2
Event: 0.131 Thread 0x000002f676e82ec0 DEOPT PACKING pc=0x000002f607bb64a4 sp=0x000000f9ad9fdec0
Event: 0.131 Thread 0x000002f676e82ec0 DEOPT UNPACKING pc=0x000002f6000523a3 sp=0x000000f9ad9fde58 mode 2

Classes unloaded (0 events):
No events

Classes redefined (0 events):
No events

Internal exceptions (2 events):
Event: 0.128 Thread 0x000002f676e82ec0 Exception <a 'java/lang/NoSuchMethodError'{0x000000076bbd16e8}: 'void java.lang.invoke.DirectMethodHandle$Holder.invokeVirtual(java.lang.Object, java.lang.Object)'> (0x000000076bbd16e8) 
thrown [t:\workspace\open\src\hotspot\share\interpreter\linkResolver.cpp, line 766]
Event: 0.135 Thread 0x000002f676e82ec0 Exception <a 'java/lang/NoSuchMethodError'{0x000000076b8178d0}: 'void java.lang.invoke.DirectMethodHandle$Holder.invokeSpecial(java.lang.Object, java.lang.Object, java.lang.Object)'> (0x000000076b8178d0) 
thrown [t:\workspace\open\src\hotspot\share\interpreter\linkResolver.cpp, line 766]

VM Operations (2 events):
Event: 0.094 Executing VM operation: HandshakeAllThreads
Event: 0.094 Executing VM operation: HandshakeAllThreads done

Events (20 events):
Event: 0.128 loading class java/nio/file/Files$AcceptAllFilter
Event: 0.128 loading class java/nio/file/DirectoryStream$Filter
Event: 0.128 loading class java/nio/file/DirectoryStream$Filter done
Event: 0.128 loading class java/nio/file/Files$AcceptAllFilter done
Event: 0.128 loading class sun/nio/fs/WindowsDirectoryStream
Event: 0.128 loading class java/nio/file/DirectoryStream
Event: 0.128 loading class java/nio/file/DirectoryStream done
Event: 0.128 loading class sun/nio/fs/WindowsDirectoryStream done
Event: 0.128 loading class java/nio/file/FileTreeWalker$DirectoryNode
Event: 0.128 loading class java/nio/file/FileTreeWalker$DirectoryNode done
Event: 0.128 loading class sun/nio/fs/WindowsDirectoryStream$WindowsDirectoryIterator
Event: 0.128 loading class sun/nio/fs/WindowsDirectoryStream$WindowsDirectoryIterator done
Event: 0.128 loading class java/nio/file/FileTreeWalker$Event
Event: 0.128 loading class java/nio/file/FileTreeWalker$Event done
Event: 0.128 loading class java/nio/file/FileTreeWalker$EventType
Event: 0.128 loading class java/nio/file/FileTreeWalker$EventType done
Event: 0.130 loading class sun/nio/fs/WindowsPath$WindowsPathWithAttributes
Event: 0.130 loading class sun/nio/fs/BasicFileAttributesHolder
Event: 0.130 loading class sun/nio/fs/BasicFileAttributesHolder done
Event: 0.130 loading class sun/nio/fs/WindowsPath$WindowsPathWithAttributes done


Dynamic libraries:
0x00007ff70e360000 - 0x00007ff70e36e000 	C:\Users\Михаил\.jdks\openjdk-17\bin\java.exe
0x00007ff9abd30000 - 0x00007ff9abf1d000 	C:\Windows\SYSTEM32\ntdll.dll
0x00007ff9a8f60000 - 0x00007ff9a9013000 	C:\Windows\System32\KERNEL32.DLL
0x00007ff9a8150000 - 0x00007ff9a83e4000 	C:\Windows\System32\KERNELBASE.dll
0x00007ff9a83f0000 - 0x00007ff9a84ea000 	C:\Windows\System32\ucrtbase.dll
0x00007ff98fcc0000 - 0x00007ff98fcda000 	C:\Users\Михаил\.jdks\openjdk-17\bin\VCRUNTIME140.dll
0x00007ff9901e0000 - 0x00007ff9901f8000 	C:\Users\Михаил\.jdks\openjdk-17\bin\jli.dll
0x00007ff9a96c0000 - 0x00007ff9a9857000 	C:\Windows\System32\USER32.dll
0x00007ff9a84f0000 - 0x00007ff9a8510000 	C:\Windows\System32\win32u.dll
0x00007ff998320000 - 0x00007ff998599000 	C:\Windows\WinSxS\amd64_microsoft.windows.common-controls_6595b64144ccf1df_6.0.17763.2928_none_de6f2d70534d3d29\COMCTL32.dll
0x00007ff9a9a10000 - 0x00007ff9a9a39000 	C:\Windows\System32\GDI32.dll
0x00007ff9a9a40000 - 0x00007ff9a9ade000 	C:\Windows\System32\msvcrt.dll
0x00007ff9a8d90000 - 0x00007ff9a8f2c000 	C:\Windows\System32\gdi32full.dll
0x00007ff9a8c60000 - 0x00007ff9a8d00000 	C:\Windows\System32\msvcp_win.dll
0x00007ff9a9c90000 - 0x00007ff9a9fbd000 	C:\Windows\System32\combase.dll
0x00007ff9a90a0000 - 0x00007ff9a91bd000 	C:\Windows\System32\RPCRT4.dll
0x00007ff9a8d00000 - 0x00007ff9a8d82000 	C:\Windows\System32\bcryptPrimitives.dll
0x00007ff9a9c60000 - 0x00007ff9a9c8e000 	C:\Windows\System32\IMM32.DLL
0x00007ff9a59f0000 - 0x00007ff9a59fc000 	C:\Users\Михаил\.jdks\openjdk-17\bin\vcruntime140_1.dll
0x00007ff97aa20000 - 0x00007ff97aaad000 	C:\Users\Михаил\.jdks\openjdk-17\bin\msvcp140.dll
0x00007ff975410000 - 0x00007ff975fce000 	C:\Users\Михаил\.jdks\openjdk-17\bin\server\jvm.dll
0x00007ff9a9230000 - 0x00007ff9a92d7000 	C:\Windows\System32\ADVAPI32.dll
0x00007ff9ab770000 - 0x00007ff9ab80f000 	C:\Windows\System32\sechost.dll
0x00007ff9aa080000 - 0x00007ff9aa088000 	C:\Windows\System32\PSAPI.DLL
0x00007ff9a43c0000 - 0x00007ff9a43c9000 	C:\Windows\SYSTEM32\WSOCK32.dll
0x00007ff9a5810000 - 0x00007ff9a5834000 	C:\Windows\SYSTEM32\WINMM.dll
0x00007ff9aa090000 - 0x00007ff9aa0fd000 	C:\Windows\System32\WS2_32.dll
0x00007ff9a2150000 - 0x00007ff9a215a000 	C:\Windows\SYSTEM32\VERSION.dll
0x00007ff9a5390000 - 0x00007ff9a53bd000 	C:\Windows\SYSTEM32\winmmbase.dll
0x00007ff9a7dc0000 - 0x00007ff9a7e0a000 	C:\Windows\System32\cfgmgr32.dll
0x00007ff9a7da0000 - 0x00007ff9a7db1000 	C:\Windows\System32\kernel.appcore.dll
0x00007ff99a740000 - 0x00007ff99a74a000 	C:\Users\Михаил\.jdks\openjdk-17\bin\jimage.dll
0x00007ff9a6390000 - 0x00007ff9a657d000 	C:\Windows\SYSTEM32\DBGHELP.DLL
0x00007ff994700000 - 0x00007ff99472a000 	C:\Windows\SYSTEM32\dbgcore.DLL
0x00007ff9992c0000 - 0x00007ff9992ce000 	C:\Users\Михаил\.jdks\openjdk-17\bin\instrument.dll
0x00007ff98ad60000 - 0x00007ff98ad85000 	C:\Users\Михаил\.jdks\openjdk-17\bin\java.dll
0x00007ff978ff0000 - 0x00007ff9790c6000 	C:\Users\Михаил\.jdks\openjdk-17\bin\svml.dll
0x00007ff9aa270000 - 0x00007ff9ab769000 	C:\Windows\System32\SHELL32.dll
0x00007ff9a9610000 - 0x00007ff9a96b8000 	C:\Windows\System32\shcore.dll
0x00007ff9a8510000 - 0x00007ff9a8c58000 	C:\Windows\System32\windows.storage.dll
0x00007ff9a7cf0000 - 0x00007ff9a7d14000 	C:\Windows\System32\profapi.dll
0x00007ff9a7d20000 - 0x00007ff9a7d7d000 	C:\Windows\System32\powrprof.dll
0x00007ff9ab820000 - 0x00007ff9ab872000 	C:\Windows\System32\shlwapi.dll
0x00007ff9a7e10000 - 0x00007ff9a7e27000 	C:\Windows\System32\cryptsp.dll
0x00007ff98fad0000 - 0x00007ff98fae9000 	C:\Users\Михаил\.jdks\openjdk-17\bin\net.dll
0x00007ff99bbb0000 - 0x00007ff99bca1000 	C:\Windows\SYSTEM32\WINHTTP.dll
0x00007ff9a74e0000 - 0x00007ff9a7547000 	C:\Windows\system32\mswsock.dll
0x00007ff98b3d0000 - 0x00007ff98b3e5000 	C:\Users\Михаил\.jdks\openjdk-17\bin\nio.dll
0x00007ff98ab00000 - 0x00007ff98ab18000 	C:\Users\Михаил\.jdks\openjdk-17\bin\zip.dll

dbghelp: loaded successfully - version: 4.0.5 - missing functions: none
symbol engine: initialized successfully - sym options: 0x614 - pdb path: .;C:\Users\Михаил\.jdks\openjdk-17\bin;C:\Windows\SYSTEM32;C:\Windows\WinSxS\amd64_microsoft.windows.common-controls_6595b64144ccf1df_6.0.17763.2928_none_de6f2d70534d3d29;C:\Users\Михаил\.jdks\openjdk-17\bin\server

VM Arguments:
jvm_args: -javaagent:C:\Users\Михаил\AppData\Local\JetBrains\Toolbox\apps\IDEA-U\ch-0\212.5457.46\lib\idea_rt.jar=55899:C:\Users\Михаил\AppData\Local\JetBrains\Toolbox\apps\IDEA-U\ch-0\212.5457.46\bin -Dfile.encoding=UTF-8 --module-path=C:\Users\Михаил\.m2\repository\org\kordamp\bootstrapfx\bootstrapfx-core\0.4.0\bootstrapfx-core-0.4.0.jar;C:\Users\Михаил\.m2\repository\org\openjfx\javafx-media\17.0.0.1\javafx-media-17.0.0.1-win.jar;C:\Users\Михаил\.m2\repository\org\openjfx\javafx-fxml\17.0.0.1\javafx-fxml-17.0.0.1-win.jar;C:\Users\Михаил\.m2\repository\org\kordamp\ikonli\ikonli-javafx\12.2.0\ikonli-javafx-12.2.0.jar;C:\Users\Михаил\.m2\repository\com\dlsc\formsfx\formsfx-core\11.3.2\formsfx-core-11.3.2.jar;C:\Users\Михаил\.m2\repository\net\synedra\validatorfx\0.1.13\validatorfx-0.1.13.jar;C:\Users\Михаил\.m2\repository\org\openjfx\javafx-base\17.0.0.1\javafx-base-17.0.0.1-win.jar;C:\Users\Михаил\.m2\repository\eu\hansolo\tilesfx\11.48\tilesfx-11.48.jar;C:\Users\Михаил\.m2\repository\org\openjfx\javafx-graphics\17.0.0.1\javafx-graphics-17.0.0.1-win.jar;C:\Users\Михаил\IdeaProjects\kyrs_project1\target\classes;C:\Users\Михаил\.m2\repository\org\controlsfx\controlsfx\11.1.0\controlsfx-11.1.0.jar;C:\Users\Михаил\.m2\repository\org\openjfx\javafx-web\17.0.0.1\javafx-web-17.0.0.1-win.jar;C:\Users\Михаил\.m2\repository\org\openjfx\javafx-controls\17.0.0.1\javafx-controls-17.0.0.1-win.jar;C:\Users\Михаил\.m2\repository\org\kordamp\ikonli\ikonli-core\12.2.0\ikonli-core-12.2.0.jar -Djdk.module.main=com.example.kyrs_project1 
java_command: com.example.kyrs_project1/com.example.kyrs_project1.Application
java_class_path (initial): C:\Users\Михаил\.m2\repository\org\openjfx\javafx-controls\17.0.0.1\javafx-controls-17.0.0.1.jar;C:\Users\Михаил\.m2\repository\org\openjfx\javafx-graphics\17.0.0.1\javafx-graphics-17.0.0.1.jar;C:\Users\Михаил\.m2\repository\org\openjfx\javafx-base\17.0.0.1\javafx-base-17.0.0.1.jar;C:\Users\Михаил\.m2\repository\org\openjfx\javafx-fxml\17.0.0.1\javafx-fxml-17.0.0.1.jar;C:\Users\Михаил\.m2\repository\org\openjfx\javafx-web\17.0.0.1\javafx-web-17.0.0.1.jar;C:\Users\Михаил\.m2\repository\org\openjfx\javafx-media\17.0.0.1\javafx-media-17.0.0.1.jar;C:\Users\Михаил\.m2\repository\mysql\mysql-connector-java\8.0.25\mysql-connector-java-8.0.25.jar;C:\Users\Михаил\.m2\repository\com\google\protobuf\protobuf-java\3.11.4\protobuf-java-3.11.4.jar
Launcher Type: SUN_STANDARD

[Global flags]
     intx CICompilerCount                          = 12                                        {product} {ergonomic}
     uint ConcGCThreads                            = 3                                         {product} {ergonomic}
     uint G1ConcRefinementThreads                  = 13                                        {product} {ergonomic}
   size_t G1HeapRegionSize                         = 2097152                                   {product} {ergonomic}
    uintx GCDrainStackTargetSize                   = 64                                        {product} {ergonomic}
   size_t InitialHeapSize                          = 165675008                                 {product} {ergonomic}
   size_t MarkStackSize                            = 4194304                                   {product} {ergonomic}
   size_t MaxHeapSize                              = 2648702976                                {product} {ergonomic}
   size_t MaxNewSize                               = 1587544064                                {product} {ergonomic}
   size_t MinHeapDeltaBytes                        = 2097152                                   {product} {ergonomic}
   size_t MinHeapSize                              = 8388608                                   {product} {ergonomic}
    uintx NonNMethodCodeHeapSize                   = 7602480                                {pd product} {ergonomic}
    uintx NonProfiledCodeHeapSize                  = 122027880                              {pd product} {ergonomic}
    uintx ProfiledCodeHeapSize                     = 122027880                              {pd product} {ergonomic}
    uintx ReservedCodeCacheSize                    = 251658240                              {pd product} {ergonomic}
     bool SegmentedCodeCache                       = true                                      {product} {ergonomic}
   size_t SoftMaxHeapSize                          = 2648702976                             {manageable} {ergonomic}
     bool UseCompressedClassPointers               = true                           {product lp64_product} {ergonomic}
     bool UseCompressedOops                        = true                           {product lp64_product} {ergonomic}
     bool UseG1GC                                  = true                                      {product} {ergonomic}
     bool UseLargePagesIndividualAllocation        = false                                  {pd product} {ergonomic}

Logging:
Log output configuration:
 #0: stdout all=warning uptime,level,tags
 #1: stderr all=off uptime,level,tags

Environment Variables:
PATH=C:\Program Files (x86)\Common Files\Oracle\Java\javapath;C:\Windows\system32;C:\Windows;C:\Windows\System32\Wbem;C:\Windows\System32\WindowsPowerShell\v1.0\;C:\Program Files\PuTTY\;C:\Program Files\Git\cmd;C:\Users\Михаил\пютхон\Scripts\;C:\Users\Михаил\пютхон\;C:\Users\Михаил\AppData\Local\Microsoft\WindowsApps;C:\Program Files\JetBrains\DataGrip 2022.1.4\bin
USERNAME=Михаил
OS=Windows_NT
PROCESSOR_IDENTIFIER=AMD64 Family 23 Model 104 Stepping 1, AuthenticAMD



---------------  S Y S T E M  ---------------

OS:
 Windows 10 , 64 bit Build 17763 (10.0.17763.2928)
OS uptime: 3 days 6:09 hours

CPU: total 16 (initial active 16) (16 cores per cpu, 2 threads per core) family 23 model 104 stepping 1 microcode 0x0, cx8, cmov, fxsr, ht, mmx, 3dnowpref, sse, sse2, sse3, ssse3, sse4a, sse4.1, sse4.2, popcnt, lzcnt, tsc, tscinvbit, avx, avx2, aes, clmul, bmi1, bmi2, adx, sha, fma, vzeroupper, clflush, clflushopt

Memory: 4k page, system-wide physical 10101M (1523M free)
TotalPageFile size 10101M (AvailPageFile size 5M)
current process WorkingSet (physical memory assigned to process): 46M, peak: 46M
current process commit charge ("private bytes"): 259M, peak: 260M

vm_info: OpenJDK 64-Bit Server VM (17+35-2724) for windows-amd64 JRE (17+35-2724), built on Aug  5 2021 23:26:02 by "mach5one" with MS VC++ 16.8 (VS2019)

END.
