#
# There is insufficient memory for the Java Runtime Environment to continue.
# Native memory allocation (malloc) failed to allocate 1234736 bytes for Chunk::new
# Possible reasons:
#   The system is out of physical RAM or swap space
#   The process is running with CompressedOops enabled, and the Java Heap may be blocking the growth of the native heap
# Possible solutions:
#   Reduce memory load on the system
#   Increase physical memory or swap space
#   Check if swap backing store is full
#   Decrease Java heap size (-Xmx/-Xms)
#   Decrease number of Java threads
#   Decrease Java thread stack sizes (-Xss)
#   Set larger code cache with -XX:ReservedCodeCacheSize=
#   JVM is running with Zero Based Compressed Oops mode in which the Java heap is
#     placed in the first 32GB address space. The Java Heap base address is the
#     maximum limit for the native heap growth. Please use -XX:HeapBaseMinAddress
#     to set the Java Heap base and to place the Java Heap above 32GB virtual address.
# This output file may be truncated or incomplete.
#
#  Out of Memory Error (arena.cpp:189), pid=9068, tid=12048
#
# JRE version: OpenJDK Runtime Environment (17.0+35) (build 17+35-2724)
# Java VM: OpenJDK 64-Bit Server VM (17+35-2724, mixed mode, sharing, tiered, compressed oops, compressed class ptrs, g1 gc, windows-amd64)
# No core dump will be written. Minidumps are not enabled by default on client versions of Windows
#

---------------  S U M M A R Y ------------

Command Line: -javaagent:C:\Users\Михаил\AppData\Local\JetBrains\Toolbox\apps\IDEA-U\ch-0\212.5457.46\lib\idea_rt.jar=65302:C:\Users\Михаил\AppData\Local\JetBrains\Toolbox\apps\IDEA-U\ch-0\212.5457.46\bin -Dfile.encoding=UTF-8 --module-path=C:\Users\Михаил\.m2\repository\org\openjfx\javafx-graphics\17.0.0.1\javafx-graphics-17.0.0.1-win.jar;C:\Users\Михаил\.m2\repository\org\openjfx\javafx-base\17.0.0.1\javafx-base-17.0.0.1-win.jar;C:\Users\Михаил\.m2\repository\org\openjfx\javafx-controls\17.0.0.1\javafx-controls-17.0.0.1-win.jar;C:\Users\Михаил\.m2\repository\net\synedra\validatorfx\0.1.13\validatorfx-0.1.13.jar;C:\Users\Михаил\.m2\repository\org\kordamp\ikonli\ikonli-javafx\12.2.0\ikonli-javafx-12.2.0.jar;C:\Users\Михаил\.m2\repository\eu\hansolo\tilesfx\11.48\tilesfx-11.48.jar;C:\Users\Михаил\.m2\repository\org\openjfx\javafx-fxml\17.0.0.1\javafx-fxml-17.0.0.1-win.jar;C:\Users\Михаил\.m2\repository\org\controlsfx\controlsfx\11.1.0\controlsfx-11.1.0.jar;C:\Users\Михаил\.m2\repository\org\openjfx\javafx-web\17.0.0.1\javafx-web-17.0.0.1-win.jar;C:\Users\Михаил\.m2\repository\org\kordamp\ikonli\ikonli-core\12.2.0\ikonli-core-12.2.0.jar;C:\Users\Михаил\IdeaProjects\kyrs_project1\target\classes;C:\Users\Михаил\.m2\repository\org\openjfx\javafx-media\17.0.0.1\javafx-media-17.0.0.1-win.jar;C:\Users\Михаил\.m2\repository\com\dlsc\formsfx\formsfx-core\11.3.2\formsfx-core-11.3.2.jar;C:\Users\Михаил\.m2\repository\org\kordamp\bootstrapfx\bootstrapfx-core\0.4.0\bootstrapfx-core-0.4.0.jar -Djdk.module.main=com.example.kyrs_project1 com.example.kyrs_project1/com.example.kyrs_project1.Application

Host: AMD Ryzen 7 5700U with Radeon Graphics         , 16 cores, 9G,  Windows 10 , 64 bit Build 17763 (10.0.17763.2928)
Time: Tue Jul  5 20:24:08 2022 RTZ 2 (зима) elapsed time: 0.294235 seconds (0d 0h 0m 0s)

---------------  T H R E A D  ---------------

Current thread (0x0000027787969a20):  JavaThread "C2 CompilerThread3" daemon [_thread_in_native, id=12048, stack(0x000000d39f500000,0x000000d39f600000)]


Current CompileTask:
C2:    294  263       4       java.util.stream.ReferencePipeline$3$1::accept (23 bytes)

Stack: [0x000000d39f500000,0x000000d39f600000]
Native frames: (J=compiled Java code, j=interpreted, Vv=VM code, C=native code)
V  [jvm.dll+0x66f8ea]
V  [jvm.dll+0x7ce224]
V  [jvm.dll+0x7cf9ce]
V  [jvm.dll+0x7d0033]
V  [jvm.dll+0x242bb5]
V  [jvm.dll+0xaa05b]
V  [jvm.dll+0xaa5ec]
V  [jvm.dll+0x2a954f]
V  [jvm.dll+0x5784b9]
V  [jvm.dll+0x21de2d]
V  [jvm.dll+0x21e20f]
V  [jvm.dll+0x217ada]
V  [jvm.dll+0x214fb5]
V  [jvm.dll+0x1a168d]
V  [jvm.dll+0x2248f8]
V  [jvm.dll+0x222a5c]
V  [jvm.dll+0x78422b]
V  [jvm.dll+0x77e7ea]
V  [jvm.dll+0x66e715]
C  [ucrtbase.dll+0x2268a]
C  [KERNEL32.DLL+0x17974]
C  [ntdll.dll+0x5a2f1]


---------------  P R O C E S S  ---------------

Threads class SMR info:
_java_thread_list=0x0000027788d29190, length=20, elements={
0x00000277e6527da0, 0x00000277ff39c7a0, 0x00000277ff39e120, 0x00000277ff3b20a0,
0x00000277ff3b3470, 0x00000277ff3b7a00, 0x00000277ff3c0050, 0x00000277ff3c2150,
0x00000277ff3c62e0, 0x00000277ff42c7b0, 0x000002778784f880, 0x0000027787889e40,
0x0000027787930f60, 0x0000027787963d50, 0x0000027787967890, 0x0000027787969400,
0x0000027787969a20, 0x00000277884bd230, 0x0000027788d28460, 0x0000027788af9640
}

Java Threads: ( => current thread )
  0x00000277e6527da0 JavaThread "main" [_thread_in_Java, id=10668, stack(0x000000d39df00000,0x000000d39e000000)]
  0x00000277ff39c7a0 JavaThread "Reference Handler" daemon [_thread_blocked, id=8784, stack(0x000000d39e600000,0x000000d39e700000)]
  0x00000277ff39e120 JavaThread "Finalizer" daemon [_thread_blocked, id=5508, stack(0x000000d39e700000,0x000000d39e800000)]
  0x00000277ff3b20a0 JavaThread "Signal Dispatcher" daemon [_thread_blocked, id=8664, stack(0x000000d39e800000,0x000000d39e900000)]
  0x00000277ff3b3470 JavaThread "Attach Listener" daemon [_thread_blocked, id=10020, stack(0x000000d39e900000,0x000000d39ea00000)]
  0x00000277ff3b7a00 JavaThread "Service Thread" daemon [_thread_blocked, id=11152, stack(0x000000d39ea00000,0x000000d39eb00000)]
  0x00000277ff3c0050 JavaThread "Monitor Deflation Thread" daemon [_thread_blocked, id=2052, stack(0x000000d39eb00000,0x000000d39ec00000)]
  0x00000277ff3c2150 JavaThread "C2 CompilerThread0" daemon [_thread_blocked, id=10864, stack(0x000000d39ec00000,0x000000d39ed00000)]
  0x00000277ff3c62e0 JavaThread "C1 CompilerThread0" daemon [_thread_blocked, id=11720, stack(0x000000d39ed00000,0x000000d39ee00000)]
  0x00000277ff42c7b0 JavaThread "Sweeper thread" daemon [_thread_blocked, id=7816, stack(0x000000d39ee00000,0x000000d39ef00000)]
  0x000002778784f880 JavaThread "C1 CompilerThread1" daemon [_thread_blocked, id=7912, stack(0x000000d39ef00000,0x000000d39f000000)]
  0x0000027787889e40 JavaThread "Common-Cleaner" daemon [_thread_blocked, id=11796, stack(0x000000d39f000000,0x000000d39f100000)]
  0x0000027787930f60 JavaThread "C1 CompilerThread2" daemon [_thread_blocked, id=8916, stack(0x000000d39f100000,0x000000d39f200000)]
  0x0000027787963d50 JavaThread "C1 CompilerThread3" daemon [_thread_blocked, id=9240, stack(0x000000d39f200000,0x000000d39f300000)]
  0x0000027787967890 JavaThread "C2 CompilerThread1" daemon [_thread_blocked, id=11344, stack(0x000000d39f300000,0x000000d39f400000)]
  0x0000027787969400 JavaThread "C2 CompilerThread2" daemon [_thread_blocked, id=9976, stack(0x000000d39f400000,0x000000d39f500000)]
=>0x0000027787969a20 JavaThread "C2 CompilerThread3" daemon [_thread_in_native, id=12048, stack(0x000000d39f500000,0x000000d39f600000)]
  0x00000277884bd230 JavaThread "C2 CompilerThread4" daemon [_thread_blocked, id=6808, stack(0x000000d39f600000,0x000000d39f700000)]
  0x0000027788d28460 JavaThread "Monitor Ctrl-Break" daemon [_thread_in_native, id=11524, stack(0x000000d39f700000,0x000000d39f800000)]
  0x0000027788af9640 JavaThread "Notification Thread" daemon [_thread_blocked, id=3276, stack(0x000000d39f800000,0x000000d39f900000)]

Other Threads:
  0x00000277ff396880 VMThread "VM Thread" [stack: 0x000000d39e500000,0x000000d39e600000] [id=10232]
  0x0000027788247210 WatcherThread [stack: 0x000000d39f900000,0x000000d39fa00000] [id=7120]
  0x00000277e6568d30 GCTaskThread "GC Thread#0" [stack: 0x000000d39e000000,0x000000d39e100000] [id=10304]
  0x00000277e656eb40 ConcurrentGCThread "G1 Main Marker" [stack: 0x000000d39e100000,0x000000d39e200000] [id=5520]
  0x00000277e6571030 ConcurrentGCThread "G1 Conc#0" [stack: 0x000000d39e200000,0x000000d39e300000] [id=6792]
  0x00000277ff2540b0 ConcurrentGCThread "G1 Refine#0" [stack: 0x000000d39e300000,0x000000d39e400000] [id=8320]
  0x00000277ff254ad0 ConcurrentGCThread "G1 Service" [stack: 0x000000d39e400000,0x000000d39e500000] [id=2436]

Threads with active compile tasks:
C2 CompilerThread3      303  263       4       java.util.stream.ReferencePipeline$3$1::accept (23 bytes)

VM state: not at safepoint (normal execution)

VM Mutex/Monitor currently owned by a thread: None

Heap address: 0x0000000762200000, size: 2526 MB, Compressed Oops mode: Zero based, Oop shift amount: 3

CDS archive(s) mapped at: [0x0000000800000000-0x0000000800bc0000-0x0000000800bc0000), size 12320768, SharedBaseAddress: 0x0000000800000000, ArchiveRelocationMode: 0.
Compressed class space mapped at: 0x0000000800c00000-0x0000000840c00000, reserved size: 1073741824
Narrow klass base: 0x0000000800000000, Narrow klass shift: 0, Narrow klass range: 0x100000000

GC Precious Log:
 CPUs: 16 total, 16 available
 Memory: 10101M
 Large Page Support: Disabled
 NUMA Support: Disabled
 Compressed Oops: Enabled (Zero based)
 Heap Region Size: 2M
 Heap Min Capacity: 8M
 Heap Initial Capacity: 158M
 Heap Max Capacity: 2526M
 Pre-touch: Disabled
 Parallel Workers: 13
 Concurrent Workers: 3
 Concurrent Refinement Workers: 13
 Periodic GC: Disabled

Heap:
 garbage-first heap   total 161792K, used 12288K [0x0000000762200000, 0x0000000800000000)
  region size 2048K, 7 young (14336K), 0 survivors (0K)
 Metaspace       used 2377K, committed 2560K, reserved 1056768K
  class space    used 249K, committed 320K, reserved 1048576K

Heap Regions: E=young(eden), S=young(survivor), O=old, HS=humongous(starts), HC=humongous(continues), CS=collection set, F=free, OA=open archive, CA=closed archive, TAMS=top-at-mark-start (previous, next)
|   0|0x0000000762200000, 0x0000000762200000, 0x0000000762400000|  0%| F|  |TAMS 0x0000000762200000, 0x0000000762200000| Untracked 
|   1|0x0000000762400000, 0x0000000762400000, 0x0000000762600000|  0%| F|  |TAMS 0x0000000762400000, 0x0000000762400000| Untracked 
|   2|0x0000000762600000, 0x0000000762600000, 0x0000000762800000|  0%| F|  |TAMS 0x0000000762600000, 0x0000000762600000| Untracked 
|   3|0x0000000762800000, 0x0000000762800000, 0x0000000762a00000|  0%| F|  |TAMS 0x0000000762800000, 0x0000000762800000| Untracked 
|   4|0x0000000762a00000, 0x0000000762a00000, 0x0000000762c00000|  0%| F|  |TAMS 0x0000000762a00000, 0x0000000762a00000| Untracked 
|   5|0x0000000762c00000, 0x0000000762c00000, 0x0000000762e00000|  0%| F|  |TAMS 0x0000000762c00000, 0x0000000762c00000| Untracked 
|   6|0x0000000762e00000, 0x0000000762e00000, 0x0000000763000000|  0%| F|  |TAMS 0x0000000762e00000, 0x0000000762e00000| Untracked 
|   7|0x0000000763000000, 0x0000000763000000, 0x0000000763200000|  0%| F|  |TAMS 0x0000000763000000, 0x0000000763000000| Untracked 
|   8|0x0000000763200000, 0x0000000763200000, 0x0000000763400000|  0%| F|  |TAMS 0x0000000763200000, 0x0000000763200000| Untracked 
|   9|0x0000000763400000, 0x0000000763400000, 0x0000000763600000|  0%| F|  |TAMS 0x0000000763400000, 0x0000000763400000| Untracked 
|  10|0x0000000763600000, 0x0000000763600000, 0x0000000763800000|  0%| F|  |TAMS 0x0000000763600000, 0x0000000763600000| Untracked 
|  11|0x0000000763800000, 0x0000000763800000, 0x0000000763a00000|  0%| F|  |TAMS 0x0000000763800000, 0x0000000763800000| Untracked 
|  12|0x0000000763a00000, 0x0000000763a00000, 0x0000000763c00000|  0%| F|  |TAMS 0x0000000763a00000, 0x0000000763a00000| Untracked 
|  13|0x0000000763c00000, 0x0000000763c00000, 0x0000000763e00000|  0%| F|  |TAMS 0x0000000763c00000, 0x0000000763c00000| Untracked 
|  14|0x0000000763e00000, 0x0000000763e00000, 0x0000000764000000|  0%| F|  |TAMS 0x0000000763e00000, 0x0000000763e00000| Untracked 
|  15|0x0000000764000000, 0x0000000764000000, 0x0000000764200000|  0%| F|  |TAMS 0x0000000764000000, 0x0000000764000000| Untracked 
|  16|0x0000000764200000, 0x0000000764200000, 0x0000000764400000|  0%| F|  |TAMS 0x0000000764200000, 0x0000000764200000| Untracked 
|  17|0x0000000764400000, 0x0000000764400000, 0x0000000764600000|  0%| F|  |TAMS 0x0000000764400000, 0x0000000764400000| Untracked 
|  18|0x0000000764600000, 0x0000000764600000, 0x0000000764800000|  0%| F|  |TAMS 0x0000000764600000, 0x0000000764600000| Untracked 
|  19|0x0000000764800000, 0x0000000764800000, 0x0000000764a00000|  0%| F|  |TAMS 0x0000000764800000, 0x0000000764800000| Untracked 
|  20|0x0000000764a00000, 0x0000000764a00000, 0x0000000764c00000|  0%| F|  |TAMS 0x0000000764a00000, 0x0000000764a00000| Untracked 
|  21|0x0000000764c00000, 0x0000000764c00000, 0x0000000764e00000|  0%| F|  |TAMS 0x0000000764c00000, 0x0000000764c00000| Untracked 
|  22|0x0000000764e00000, 0x0000000764e00000, 0x0000000765000000|  0%| F|  |TAMS 0x0000000764e00000, 0x0000000764e00000| Untracked 
|  23|0x0000000765000000, 0x0000000765000000, 0x0000000765200000|  0%| F|  |TAMS 0x0000000765000000, 0x0000000765000000| Untracked 
|  24|0x0000000765200000, 0x0000000765200000, 0x0000000765400000|  0%| F|  |TAMS 0x0000000765200000, 0x0000000765200000| Untracked 
|  25|0x0000000765400000, 0x0000000765400000, 0x0000000765600000|  0%| F|  |TAMS 0x0000000765400000, 0x0000000765400000| Untracked 
|  26|0x0000000765600000, 0x0000000765600000, 0x0000000765800000|  0%| F|  |TAMS 0x0000000765600000, 0x0000000765600000| Untracked 
|  27|0x0000000765800000, 0x0000000765800000, 0x0000000765a00000|  0%| F|  |TAMS 0x0000000765800000, 0x0000000765800000| Untracked 
|  28|0x0000000765a00000, 0x0000000765a00000, 0x0000000765c00000|  0%| F|  |TAMS 0x0000000765a00000, 0x0000000765a00000| Untracked 
|  29|0x0000000765c00000, 0x0000000765c00000, 0x0000000765e00000|  0%| F|  |TAMS 0x0000000765c00000, 0x0000000765c00000| Untracked 
|  30|0x0000000765e00000, 0x0000000765e00000, 0x0000000766000000|  0%| F|  |TAMS 0x0000000765e00000, 0x0000000765e00000| Untracked 
|  31|0x0000000766000000, 0x0000000766000000, 0x0000000766200000|  0%| F|  |TAMS 0x0000000766000000, 0x0000000766000000| Untracked 
|  32|0x0000000766200000, 0x0000000766200000, 0x0000000766400000|  0%| F|  |TAMS 0x0000000766200000, 0x0000000766200000| Untracked 
|  33|0x0000000766400000, 0x0000000766400000, 0x0000000766600000|  0%| F|  |TAMS 0x0000000766400000, 0x0000000766400000| Untracked 
|  34|0x0000000766600000, 0x0000000766600000, 0x0000000766800000|  0%| F|  |TAMS 0x0000000766600000, 0x0000000766600000| Untracked 
|  35|0x0000000766800000, 0x0000000766800000, 0x0000000766a00000|  0%| F|  |TAMS 0x0000000766800000, 0x0000000766800000| Untracked 
|  36|0x0000000766a00000, 0x0000000766a00000, 0x0000000766c00000|  0%| F|  |TAMS 0x0000000766a00000, 0x0000000766a00000| Untracked 
|  37|0x0000000766c00000, 0x0000000766c00000, 0x0000000766e00000|  0%| F|  |TAMS 0x0000000766c00000, 0x0000000766c00000| Untracked 
|  38|0x0000000766e00000, 0x0000000766e00000, 0x0000000767000000|  0%| F|  |TAMS 0x0000000766e00000, 0x0000000766e00000| Untracked 
|  39|0x0000000767000000, 0x0000000767000000, 0x0000000767200000|  0%| F|  |TAMS 0x0000000767000000, 0x0000000767000000| Untracked 
|  40|0x0000000767200000, 0x0000000767200000, 0x0000000767400000|  0%| F|  |TAMS 0x0000000767200000, 0x0000000767200000| Untracked 
|  41|0x0000000767400000, 0x0000000767400000, 0x0000000767600000|  0%| F|  |TAMS 0x0000000767400000, 0x0000000767400000| Untracked 
|  42|0x0000000767600000, 0x0000000767600000, 0x0000000767800000|  0%| F|  |TAMS 0x0000000767600000, 0x0000000767600000| Untracked 
|  43|0x0000000767800000, 0x0000000767800000, 0x0000000767a00000|  0%| F|  |TAMS 0x0000000767800000, 0x0000000767800000| Untracked 
|  44|0x0000000767a00000, 0x0000000767a00000, 0x0000000767c00000|  0%| F|  |TAMS 0x0000000767a00000, 0x0000000767a00000| Untracked 
|  45|0x0000000767c00000, 0x0000000767c00000, 0x0000000767e00000|  0%| F|  |TAMS 0x0000000767c00000, 0x0000000767c00000| Untracked 
|  46|0x0000000767e00000, 0x0000000767e00000, 0x0000000768000000|  0%| F|  |TAMS 0x0000000767e00000, 0x0000000767e00000| Untracked 
|  47|0x0000000768000000, 0x0000000768000000, 0x0000000768200000|  0%| F|  |TAMS 0x0000000768000000, 0x0000000768000000| Untracked 
|  48|0x0000000768200000, 0x0000000768200000, 0x0000000768400000|  0%| F|  |TAMS 0x0000000768200000, 0x0000000768200000| Untracked 
|  49|0x0000000768400000, 0x0000000768400000, 0x0000000768600000|  0%| F|  |TAMS 0x0000000768400000, 0x0000000768400000| Untracked 
|  50|0x0000000768600000, 0x0000000768600000, 0x0000000768800000|  0%| F|  |TAMS 0x0000000768600000, 0x0000000768600000| Untracked 
|  51|0x0000000768800000, 0x0000000768800000, 0x0000000768a00000|  0%| F|  |TAMS 0x0000000768800000, 0x0000000768800000| Untracked 
|  52|0x0000000768a00000, 0x0000000768a00000, 0x0000000768c00000|  0%| F|  |TAMS 0x0000000768a00000, 0x0000000768a00000| Untracked 
|  53|0x0000000768c00000, 0x0000000768c00000, 0x0000000768e00000|  0%| F|  |TAMS 0x0000000768c00000, 0x0000000768c00000| Untracked 
|  54|0x0000000768e00000, 0x0000000768e00000, 0x0000000769000000|  0%| F|  |TAMS 0x0000000768e00000, 0x0000000768e00000| Untracked 
|  55|0x0000000769000000, 0x0000000769000000, 0x0000000769200000|  0%| F|  |TAMS 0x0000000769000000, 0x0000000769000000| Untracked 
|  56|0x0000000769200000, 0x0000000769200000, 0x0000000769400000|  0%| F|  |TAMS 0x0000000769200000, 0x0000000769200000| Untracked 
|  57|0x0000000769400000, 0x0000000769400000, 0x0000000769600000|  0%| F|  |TAMS 0x0000000769400000, 0x0000000769400000| Untracked 
|  58|0x0000000769600000, 0x0000000769600000, 0x0000000769800000|  0%| F|  |TAMS 0x0000000769600000, 0x0000000769600000| Untracked 
|  59|0x0000000769800000, 0x0000000769800000, 0x0000000769a00000|  0%| F|  |TAMS 0x0000000769800000, 0x0000000769800000| Untracked 
|  60|0x0000000769a00000, 0x0000000769a00000, 0x0000000769c00000|  0%| F|  |TAMS 0x0000000769a00000, 0x0000000769a00000| Untracked 
|  61|0x0000000769c00000, 0x0000000769c00000, 0x0000000769e00000|  0%| F|  |TAMS 0x0000000769c00000, 0x0000000769c00000| Untracked 
|  62|0x0000000769e00000, 0x0000000769e00000, 0x000000076a000000|  0%| F|  |TAMS 0x0000000769e00000, 0x0000000769e00000| Untracked 
|  63|0x000000076a000000, 0x000000076a000000, 0x000000076a200000|  0%| F|  |TAMS 0x000000076a000000, 0x000000076a000000| Untracked 
|  64|0x000000076a200000, 0x000000076a200000, 0x000000076a400000|  0%| F|  |TAMS 0x000000076a200000, 0x000000076a200000| Untracked 
|  65|0x000000076a400000, 0x000000076a400000, 0x000000076a600000|  0%| F|  |TAMS 0x000000076a400000, 0x000000076a400000| Untracked 
|  66|0x000000076a600000, 0x000000076a600000, 0x000000076a800000|  0%| F|  |TAMS 0x000000076a600000, 0x000000076a600000| Untracked 
|  67|0x000000076a800000, 0x000000076a800000, 0x000000076aa00000|  0%| F|  |TAMS 0x000000076a800000, 0x000000076a800000| Untracked 
|  68|0x000000076aa00000, 0x000000076aa00000, 0x000000076ac00000|  0%| F|  |TAMS 0x000000076aa00000, 0x000000076aa00000| Untracked 
|  69|0x000000076ac00000, 0x000000076ac00000, 0x000000076ae00000|  0%| F|  |TAMS 0x000000076ac00000, 0x000000076ac00000| Untracked 
|  70|0x000000076ae00000, 0x000000076ae00000, 0x000000076b000000|  0%| F|  |TAMS 0x000000076ae00000, 0x000000076ae00000| Untracked 
|  71|0x000000076b000000, 0x000000076b000000, 0x000000076b200000|  0%| F|  |TAMS 0x000000076b000000, 0x000000076b000000| Untracked 
|  72|0x000000076b200000, 0x000000076b3d46e8, 0x000000076b400000| 91%| E|  |TAMS 0x000000076b200000, 0x000000076b200000| Complete 
|  73|0x000000076b400000, 0x000000076b600000, 0x000000076b600000|100%| E|CS|TAMS 0x000000076b400000, 0x000000076b400000| Complete 
|  74|0x000000076b600000, 0x000000076b800000, 0x000000076b800000|100%| E|CS|TAMS 0x000000076b600000, 0x000000076b600000| Complete 
|  75|0x000000076b800000, 0x000000076ba00000, 0x000000076ba00000|100%| E|CS|TAMS 0x000000076b800000, 0x000000076b800000| Complete 
|  76|0x000000076ba00000, 0x000000076bc00000, 0x000000076bc00000|100%| E|CS|TAMS 0x000000076ba00000, 0x000000076ba00000| Complete 
|  77|0x000000076bc00000, 0x000000076be00000, 0x000000076be00000|100%| E|CS|TAMS 0x000000076bc00000, 0x000000076bc00000| Complete 
|  78|0x000000076be00000, 0x000000076c000000, 0x000000076c000000|100%| E|CS|TAMS 0x000000076be00000, 0x000000076be00000| Complete 

Card table byte_map: [0x00000277fda80000,0x00000277fdf70000] _byte_map_base: 0x00000277f9f6f000

Marking Bits (Prev, Next): (CMBitMap*) 0x00000277e6569340, (CMBitMap*) 0x00000277e6569380
 Prev Bits: [0x0000027780000000, 0x0000027782778000)
 Next Bits: [0x0000027782780000, 0x0000027784ef8000)

Polling page: 0x00000277e4240000

Metaspace:

Usage:
  Non-class:      2.08 MB used.
      Class:    249.82 KB used.
       Both:      2.32 MB used.

Virtual space:
  Non-class space:        8.00 MB reserved,       2.19 MB ( 27%) committed,  1 nodes.
      Class space:        1.00 GB reserved,     320.00 KB ( <1%) committed,  1 nodes.
             Both:        1.01 GB reserved,       2.50 MB ( <1%) committed. 

Chunk freelists:
   Non-Class:  3.59 MB
       Class:  3.65 MB
        Both:  7.25 MB

MaxMetaspaceSize: unlimited
CompressedClassSpaceSize: 1.00 GB
Initial GC threshold: 21.00 MB
Current GC threshold: 21.00 MB
CDS: on
MetaspaceReclaimPolicy: balanced
 - commit_granule_bytes: 65536.
 - commit_granule_words: 8192.
 - virtual_space_node_default_size: 1048576.
 - enlarge_chunks_in_place: 1.
 - new_chunks_are_fully_committed: 0.
 - uncommit_free_chunks: 1.
 - use_allocation_guard: 0.
 - handle_deallocations: 1.


Internal statistics:

num_allocs_failed_limit: 0.
num_arena_births: 62.
num_arena_deaths: 0.
num_vsnodes_births: 2.
num_vsnodes_deaths: 0.
num_space_committed: 40.
num_space_uncommitted: 0.
num_chunks_returned_to_freelist: 0.
num_chunks_taken_from_freelist: 91.
num_chunk_merges: 0.
num_chunk_splits: 61.
num_chunks_enlarged: 39.
num_purges: 0.
num_inconsistent_stats: 0.

CodeHeap 'non-profiled nmethods': size=119168Kb used=300Kb max_used=300Kb free=118867Kb
 bounds [0x00000277f58b0000, 0x00000277f5b20000, 0x00000277fcd10000]
CodeHeap 'profiled nmethods': size=119104Kb used=1185Kb max_used=1185Kb free=117918Kb
 bounds [0x00000277ee460000, 0x00000277ee6d0000, 0x00000277f58b0000]
CodeHeap 'non-nmethods': size=7488Kb used=2824Kb max_used=2878Kb free=4663Kb
 bounds [0x00000277edd10000, 0x00000277edff0000, 0x00000277ee460000]
 total_blobs=1205 nmethods=783 adapters=332
 compilation: enabled
              stopped_count=0, restarted_count=0
 full_count=0

Compilation events (20 events):
Event: 0.290 Thread 0x00000277ff3c62e0 nmethod 761 0x00000277ee575310 code [0x00000277ee5754c0, 0x00000277ee575998]
Event: 0.290 Thread 0x000002778784f880 nmethod 763 0x00000277ee575b10 code [0x00000277ee575cc0, 0x00000277ee575ec8]
Event: 0.290 Thread 0x00000277ff3c62e0  764       3       jdk.internal.misc.Unsafe::getIntUnaligned (12 bytes)
Event: 0.290 Thread 0x0000027787930f60 nmethod 762 0x00000277ee576010 code [0x00000277ee5761e0, 0x00000277ee5766b8]
Event: 0.290 Thread 0x00000277ff3c62e0 nmethod 764 0x00000277ee576890 code [0x00000277ee576a40, 0x00000277ee576c98]
Event: 0.290 Thread 0x00000277ff3c2150  772       4       sun.security.provider.MD5::FF (33 bytes)
Event: 0.290 Thread 0x0000027787969400  773       4       sun.security.provider.MD5::GG (33 bytes)
Event: 0.290 Thread 0x00000277884bd230  774       4       sun.security.provider.MD5::HH (29 bytes)
Event: 0.290 Thread 0x0000027787967890  775       4       sun.security.provider.MD5::II (31 bytes)
Event: 0.291 Thread 0x0000027787963d50 nmethod 759 0x00000277ee576d90 code [0x00000277ee5770e0, 0x00000277ee579008]
Event: 0.291 Thread 0x0000027787930f60  776       3       sun.security.provider.MD5::implCompress (13 bytes)
Event: 0.291 Thread 0x000002778784f880  778       3       sun.security.provider.MD5::implCompress0 (1407 bytes)
Event: 0.291 Thread 0x00000277ff3c62e0  777       3       sun.security.provider.MD5::implCompressCheck (27 bytes)
Event: 0.291 Thread 0x00000277ff3c2150 nmethod 772 0x00000277f58f8d90 code [0x00000277f58f8f00, 0x00000277f58f8f78]
Event: 0.291 Thread 0x00000277884bd230 nmethod 774 0x00000277f58f9090 code [0x00000277f58f9200, 0x00000277f58f9278]
Event: 0.291 Thread 0x0000027787967890 nmethod 775 0x00000277f58f9390 code [0x00000277f58f9500, 0x00000277f58f9578]
Event: 0.291 Thread 0x0000027787969400 nmethod 773 0x00000277f58f9690 code [0x00000277f58f9800, 0x00000277f58f9878]
Event: 0.291 Thread 0x00000277ff3c62e0 nmethod 777 0x00000277ee579890 code [0x00000277ee579a60, 0x00000277ee579e18]
Event: 0.291 Thread 0x0000027787930f60 nmethod 776 0x00000277ee579f90 code [0x00000277ee57a180, 0x00000277ee57a5e8]
Event: 0.292 Thread 0x0000027787967890  780       4       java.lang.invoke.VarHandleGuards::guard_LI_I (78 bytes)

GC Heap History (0 events):
No events

Deoptimization events (20 events):
Event: 0.264 Thread 0x00000277e6527da0 Uncommon trap: trap_request=0xffffffbe fr.pc=0x00000277f58f4be0 relative=0x0000000000000540
Event: 0.264 Thread 0x00000277e6527da0 Uncommon trap: reason=profile_predicate action=maybe_recompile pc=0x00000277f58f4be0 method=jdk.internal.org.objectweb.asm.ByteVector.putUTF8(Ljava/lang/String;)Ljdk/internal/org/objectweb/asm/ByteVector; @ 79 c2
Event: 0.264 Thread 0x00000277e6527da0 DEOPT PACKING pc=0x00000277f58f4be0 sp=0x000000d39dffc8a0
Event: 0.264 Thread 0x00000277e6527da0 DEOPT UNPACKING pc=0x00000277edd623a3 sp=0x000000d39dffc820 mode 2
Event: 0.264 Thread 0x00000277e6527da0 Uncommon trap: trap_request=0xffffffbe fr.pc=0x00000277f58f4be0 relative=0x0000000000000540
Event: 0.264 Thread 0x00000277e6527da0 Uncommon trap: reason=profile_predicate action=maybe_recompile pc=0x00000277f58f4be0 method=jdk.internal.org.objectweb.asm.ByteVector.putUTF8(Ljava/lang/String;)Ljdk/internal/org/objectweb/asm/ByteVector; @ 79 c2
Event: 0.264 Thread 0x00000277e6527da0 DEOPT PACKING pc=0x00000277f58f4be0 sp=0x000000d39dffc9c0
Event: 0.264 Thread 0x00000277e6527da0 DEOPT UNPACKING pc=0x00000277edd623a3 sp=0x000000d39dffc940 mode 2
Event: 0.264 Thread 0x00000277e6527da0 Uncommon trap: trap_request=0xffffffbe fr.pc=0x00000277f58f4be0 relative=0x0000000000000540
Event: 0.264 Thread 0x00000277e6527da0 Uncommon trap: reason=profile_predicate action=maybe_recompile pc=0x00000277f58f4be0 method=jdk.internal.org.objectweb.asm.ByteVector.putUTF8(Ljava/lang/String;)Ljdk/internal/org/objectweb/asm/ByteVector; @ 79 c2
Event: 0.264 Thread 0x00000277e6527da0 DEOPT PACKING pc=0x00000277f58f4be0 sp=0x000000d39dffc870
Event: 0.264 Thread 0x00000277e6527da0 DEOPT UNPACKING pc=0x00000277edd623a3 sp=0x000000d39dffc7f0 mode 2
Event: 0.273 Thread 0x00000277e6527da0 Uncommon trap: trap_request=0xffffff45 fr.pc=0x00000277f58de098 relative=0x0000000000002078
Event: 0.273 Thread 0x00000277e6527da0 Uncommon trap: reason=unstable_if action=reinterpret pc=0x00000277f58de098 method=jdk.internal.module.Checks.isJavaIdentifier(Ljava/lang/String;)Z @ 4 c2
Event: 0.273 Thread 0x00000277e6527da0 DEOPT PACKING pc=0x00000277f58de098 sp=0x000000d39dffdf40
Event: 0.273 Thread 0x00000277e6527da0 DEOPT UNPACKING pc=0x00000277edd623a3 sp=0x000000d39dffdea8 mode 2
Event: 0.292 Thread 0x00000277e6527da0 Uncommon trap: trap_request=0xffffff45 fr.pc=0x00000277f58c90f8 relative=0x0000000000000978
Event: 0.292 Thread 0x00000277e6527da0 Uncommon trap: reason=unstable_if action=reinterpret pc=0x00000277f58c90f8 method=jdk.internal.module.Checks.isJavaIdentifier(Ljava/lang/String;)Z @ 4 c2
Event: 0.292 Thread 0x00000277e6527da0 DEOPT PACKING pc=0x00000277f58c90f8 sp=0x000000d39dffde30
Event: 0.292 Thread 0x00000277e6527da0 DEOPT UNPACKING pc=0x00000277edd623a3 sp=0x000000d39dffddd8 mode 2

Classes unloaded (0 events):
No events

Classes redefined (0 events):
No events

Internal exceptions (9 events):
Event: 0.133 Thread 0x00000277e6527da0 Exception <a 'java/lang/NoSuchMethodError'{0x000000076b996b90}: 'void java.lang.invoke.DirectMethodHandle$Holder.invokeSpecial(java.lang.Object, java.lang.Object, java.lang.Object)'> (0x000000076b996b90) 
thrown [t:\workspace\open\src\hotspot\share\interpreter\linkResolver.cpp, line 766]
Event: 0.153 Thread 0x00000277e6527da0 Exception <a 'java/lang/NoSuchMethodError'{0x000000076b695668}: 'void java.lang.invoke.DirectMethodHandle$Holder.invokeVirtual(java.lang.Object, java.lang.Object)'> (0x000000076b695668) 
thrown [t:\workspace\open\src\hotspot\share\interpreter\linkResolver.cpp, line 766]
Event: 0.168 Thread 0x00000277e6527da0 Exception <a 'java/lang/NoSuchMethodError'{0x000000076b70dfc0}: 'void java.lang.invoke.DirectMethodHandle$Holder.invokeSpecial(java.lang.Object, java.lang.Object, java.lang.Object, java.lang.Object, java.lang.Object)'> (0x000000076b70dfc0) 
thrown [t:\workspace\open\src\hotspot\share\interpreter\linkResolver.cpp, line 766]
Event: 0.172 Thread 0x00000277e6527da0 Exception <a 'java/lang/NoSuchMethodError'{0x000000076b724890}: 'java.lang.Object java.lang.invoke.DirectMethodHandle$Holder.invokeInterface(java.lang.Object, java.lang.Object)'> (0x000000076b724890) 
thrown [t:\workspace\open\src\hotspot\share\interpreter\linkResolver.cpp, line 766]
Event: 0.173 Thread 0x00000277e6527da0 Exception <a 'java/lang/IncompatibleClassChangeError'{0x000000076b727f08}: Found class java.lang.Object, but interface was expected> (0x000000076b727f08) 
thrown [t:\workspace\open\src\hotspot\share\interpreter\linkResolver.cpp, line 833]
Event: 0.174 Thread 0x00000277e6527da0 Exception <a 'java/lang/NoSuchMethodError'{0x000000076b72acd0}: 'void java.lang.invoke.DirectMethodHandle$Holder.invokeStatic(java.lang.Object, java.lang.Object, java.lang.Object, java.lang.Object)'> (0x000000076b72acd0) 
thrown [t:\workspace\open\src\hotspot\share\interpreter\linkResolver.cpp, line 766]
Event: 0.219 Thread 0x0000027788d28460 Exception <a 'java/lang/NoSuchMethodError'{0x000000076b485aa8}: 'java.lang.Object java.lang.invoke.DirectMethodHandle$Holder.invokeStaticInit(java.lang.Object)'> (0x000000076b485aa8) 
thrown [t:\workspace\open\src\hotspot\share\interpreter\linkResolver.cpp, line 766]
Event: 0.222 Thread 0x0000027788d28460 Exception <a 'java/lang/ClassNotFoundException'{0x000000076b490dc0}: jdk/net/ExtendedSocketOptions> (0x000000076b490dc0) 
thrown [t:\workspace\open\src\hotspot\share\classfile\systemDictionary.cpp, line 256]
Event: 0.223 Thread 0x0000027788d28460 Exception <a 'java/lang/NoSuchMethodError'{0x000000076b492658}: 'void java.lang.invoke.DirectMethodHandle$Holder.invokeStatic(java.lang.Object, java.lang.Object)'> (0x000000076b492658) 
thrown [t:\workspace\open\src\hotspot\share\interpreter\linkResolver.cpp, line 766]

VM Operations (6 events):
Event: 0.113 Executing VM operation: HandshakeAllThreads
Event: 0.113 Executing VM operation: HandshakeAllThreads done
Event: 0.170 Executing VM operation: HandshakeAllThreads
Event: 0.170 Executing VM operation: HandshakeAllThreads done
Event: 0.218 Executing VM operation: HandshakeAllThreads
Event: 0.218 Executing VM operation: HandshakeAllThreads done

Events (20 events):
Event: 0.288 loading class java/lang/constant/MethodHandleDesc
Event: 0.288 loading class java/lang/constant/MethodHandleDesc done
Event: 0.288 loading class java/lang/constant/MethodHandleDesc$1
Event: 0.288 loading class java/lang/constant/MethodHandleDesc$1 done
Event: 0.288 loading class java/lang/constant/DirectMethodHandleDescImpl
Event: 0.288 loading class java/lang/constant/DirectMethodHandleDesc
Event: 0.288 loading class java/lang/constant/DirectMethodHandleDesc done
Event: 0.288 loading class java/lang/constant/DirectMethodHandleDescImpl done
Event: 0.288 loading class java/lang/constant/DirectMethodHandleDescImpl$1
Event: 0.288 loading class java/lang/constant/DirectMethodHandleDescImpl$1 done
Event: 0.288 loading class java/lang/constant/DirectMethodHandleDesc$1
Event: 0.288 loading class java/lang/constant/DirectMethodHandleDesc$1 done
Event: 0.288 loading class java/lang/constant/PrimitiveClassDescImpl
Event: 0.288 loading class java/lang/constant/DynamicConstantDesc
Event: 0.288 loading class java/lang/constant/DynamicConstantDesc done
Event: 0.288 loading class java/lang/constant/PrimitiveClassDescImpl done
Event: 0.289 loading class java/lang/constant/DynamicConstantDesc$AnonymousDynamicConstantDesc
Event: 0.289 loading class java/lang/constant/DynamicConstantDesc$AnonymousDynamicConstantDesc done
Event: 0.291 loading class sun/security/provider/ByteArrayAccess
Event: 0.291 loading class sun/security/provider/ByteArrayAccess done


Dynamic libraries:
0x00007ff624940000 - 0x00007ff62494e000 	C:\Users\Михаил\.jdks\openjdk-17\bin\java.exe
0x00007ffebf0d0000 - 0x00007ffebf2bd000 	C:\Windows\SYSTEM32\ntdll.dll
0x00007ffebeba0000 - 0x00007ffebec53000 	C:\Windows\System32\KERNEL32.DLL
0x00007ffebb490000 - 0x00007ffebb724000 	C:\Windows\System32\KERNELBASE.dll
0x00007ffebb730000 - 0x00007ffebb82a000 	C:\Windows\System32\ucrtbase.dll
0x00007ffead590000 - 0x00007ffead5a8000 	C:\Users\Михаил\.jdks\openjdk-17\bin\jli.dll
0x00007ffeadbb0000 - 0x00007ffeadbca000 	C:\Users\Михаил\.jdks\openjdk-17\bin\VCRUNTIME140.dll
0x00007ffea03b0000 - 0x00007ffea0629000 	C:\Windows\WinSxS\amd64_microsoft.windows.common-controls_6595b64144ccf1df_6.0.17763.2928_none_de6f2d70534d3d29\COMCTL32.dll
0x00007ffebde00000 - 0x00007ffebdf97000 	C:\Windows\System32\USER32.dll
0x00007ffebb210000 - 0x00007ffebb230000 	C:\Windows\System32\win32u.dll
0x00007ffebda70000 - 0x00007ffebdb0e000 	C:\Windows\System32\msvcrt.dll
0x00007ffebe0d0000 - 0x00007ffebe3fd000 	C:\Windows\System32\combase.dll
0x00007ffebe920000 - 0x00007ffebe949000 	C:\Windows\System32\GDI32.dll
0x00007ffebea20000 - 0x00007ffebeb3d000 	C:\Windows\System32\RPCRT4.dll
0x00007ffebb2d0000 - 0x00007ffebb46c000 	C:\Windows\System32\gdi32full.dll
0x00007ffebba30000 - 0x00007ffebbad0000 	C:\Windows\System32\msvcp_win.dll
0x00007ffebbad0000 - 0x00007ffebbb52000 	C:\Windows\System32\bcryptPrimitives.dll
0x00007ffebddd0000 - 0x00007ffebddfe000 	C:\Windows\System32\IMM32.DLL
0x00007ffeb52e0000 - 0x00007ffeb52ec000 	C:\Users\Михаил\.jdks\openjdk-17\bin\vcruntime140_1.dll
0x00007ffeacd80000 - 0x00007ffeace0d000 	C:\Users\Михаил\.jdks\openjdk-17\bin\msvcp140.dll
0x00007ffe874c0000 - 0x00007ffe8807e000 	C:\Users\Михаил\.jdks\openjdk-17\bin\server\jvm.dll
0x00007ffebec60000 - 0x00007ffebed07000 	C:\Windows\System32\ADVAPI32.dll
0x00007ffebe880000 - 0x00007ffebe91f000 	C:\Windows\System32\sechost.dll
0x00007ffebef20000 - 0x00007ffebef28000 	C:\Windows\System32\PSAPI.DLL
0x00007ffeb8d30000 - 0x00007ffeb8d39000 	C:\Windows\SYSTEM32\WSOCK32.dll
0x00007ffeb4560000 - 0x00007ffeb456a000 	C:\Windows\SYSTEM32\VERSION.dll
0x00007ffebe950000 - 0x00007ffebe9bd000 	C:\Windows\System32\WS2_32.dll
0x00007ffeb8760000 - 0x00007ffeb8784000 	C:\Windows\SYSTEM32\WINMM.dll
0x00007ffeb8730000 - 0x00007ffeb875d000 	C:\Windows\SYSTEM32\winmmbase.dll
0x00007ffebc2b0000 - 0x00007ffebc2fa000 	C:\Windows\System32\cfgmgr32.dll
0x00007ffebb090000 - 0x00007ffebb0a1000 	C:\Windows\System32\kernel.appcore.dll
0x00007ffeb3d70000 - 0x00007ffeb3d7a000 	C:\Users\Михаил\.jdks\openjdk-17\bin\jimage.dll
0x00007ffeb9760000 - 0x00007ffeb994d000 	C:\Windows\SYSTEM32\DBGHELP.DLL
0x00007ffea86c0000 - 0x00007ffea86ea000 	C:\Windows\SYSTEM32\dbgcore.DLL
0x00007ffeadbe0000 - 0x00007ffeadbee000 	C:\Users\Михаил\.jdks\openjdk-17\bin\instrument.dll
0x00007ffeacd50000 - 0x00007ffeacd75000 	C:\Users\Михаил\.jdks\openjdk-17\bin\java.dll
0x00007ffe98cb0000 - 0x00007ffe98d86000 	C:\Users\Михаил\.jdks\openjdk-17\bin\svml.dll
0x00007ffebc390000 - 0x00007ffebd889000 	C:\Windows\System32\SHELL32.dll
0x00007ffebdd20000 - 0x00007ffebddc8000 	C:\Windows\System32\shcore.dll
0x00007ffebbb60000 - 0x00007ffebc2a8000 	C:\Windows\System32\windows.storage.dll
0x00007ffebb0d0000 - 0x00007ffebb0f4000 	C:\Windows\System32\profapi.dll
0x00007ffebb100000 - 0x00007ffebb15d000 	C:\Windows\System32\powrprof.dll
0x00007ffebd9f0000 - 0x00007ffebda42000 	C:\Windows\System32\shlwapi.dll
0x00007ffebb470000 - 0x00007ffebb487000 	C:\Windows\System32\cryptsp.dll
0x00007ffeacd30000 - 0x00007ffeacd49000 	C:\Users\Михаил\.jdks\openjdk-17\bin\net.dll
0x00007ffeaf090000 - 0x00007ffeaf181000 	C:\Windows\SYSTEM32\WINHTTP.dll
0x00007ffeba880000 - 0x00007ffeba8e7000 	C:\Windows\system32\mswsock.dll
0x00007ffeacd10000 - 0x00007ffeacd25000 	C:\Users\Михаил\.jdks\openjdk-17\bin\nio.dll
0x00007ffeaccf0000 - 0x00007ffeacd08000 	C:\Users\Михаил\.jdks\openjdk-17\bin\zip.dll
0x0000027789520000 - 0x0000027789523000 	C:\Users\Михаил\.openjfx\cache\17.0.0.1\api-ms-win-core-console-l1-1-0.dll
0x0000027789530000 - 0x0000027789533000 	C:\Users\Михаил\.openjfx\cache\17.0.0.1\api-ms-win-core-console-l1-2-0.dll
0x0000027789540000 - 0x0000027789543000 	C:\Users\Михаил\.openjfx\cache\17.0.0.1\api-ms-win-core-datetime-l1-1-0.dll
0x0000027789550000 - 0x0000027789553000 	C:\Users\Михаил\.openjfx\cache\17.0.0.1\api-ms-win-core-debug-l1-1-0.dll

dbghelp: loaded successfully - version: 4.0.5 - missing functions: none
symbol engine: initialized successfully - sym options: 0x614 - pdb path: .;C:\Users\Михаил\.jdks\openjdk-17\bin;C:\Windows\SYSTEM32;C:\Windows\WinSxS\amd64_microsoft.windows.common-controls_6595b64144ccf1df_6.0.17763.2928_none_de6f2d70534d3d29;C:\Users\Михаил\.jdks\openjdk-17\bin\server;C:\Users\Михаил\.openjfx\cache\17.0.0.1

VM Arguments:
jvm_args: -javaagent:C:\Users\Михаил\AppData\Local\JetBrains\Toolbox\apps\IDEA-U\ch-0\212.5457.46\lib\idea_rt.jar=65302:C:\Users\Михаил\AppData\Local\JetBrains\Toolbox\apps\IDEA-U\ch-0\212.5457.46\bin -Dfile.encoding=UTF-8 --module-path=C:\Users\Михаил\.m2\repository\org\openjfx\javafx-graphics\17.0.0.1\javafx-graphics-17.0.0.1-win.jar;C:\Users\Михаил\.m2\repository\org\openjfx\javafx-base\17.0.0.1\javafx-base-17.0.0.1-win.jar;C:\Users\Михаил\.m2\repository\org\openjfx\javafx-controls\17.0.0.1\javafx-controls-17.0.0.1-win.jar;C:\Users\Михаил\.m2\repository\net\synedra\validatorfx\0.1.13\validatorfx-0.1.13.jar;C:\Users\Михаил\.m2\repository\org\kordamp\ikonli\ikonli-javafx\12.2.0\ikonli-javafx-12.2.0.jar;C:\Users\Михаил\.m2\repository\eu\hansolo\tilesfx\11.48\tilesfx-11.48.jar;C:\Users\Михаил\.m2\repository\org\openjfx\javafx-fxml\17.0.0.1\javafx-fxml-17.0.0.1-win.jar;C:\Users\Михаил\.m2\repository\org\controlsfx\controlsfx\11.1.0\controlsfx-11.1.0.jar;C:\Users\Михаил\.m2\repository\org\openjfx\javafx-web\17.0.0.1\javafx-web-17.0.0.1-win.jar;C:\Users\Михаил\.m2\repository\org\kordamp\ikonli\ikonli-core\12.2.0\ikonli-core-12.2.0.jar;C:\Users\Михаил\IdeaProjects\kyrs_project1\target\classes;C:\Users\Михаил\.m2\repository\org\openjfx\javafx-media\17.0.0.1\javafx-media-17.0.0.1-win.jar;C:\Users\Михаил\.m2\repository\com\dlsc\formsfx\formsfx-core\11.3.2\formsfx-core-11.3.2.jar;C:\Users\Михаил\.m2\repository\org\kordamp\bootstrapfx\bootstrapfx-core\0.4.0\bootstrapfx-core-0.4.0.jar -Djdk.module.main=com.example.kyrs_project1 
java_command: com.example.kyrs_project1/com.example.kyrs_project1.Application
java_class_path (initial): C:\Users\Михаил\.m2\repository\mysql\mysql-connector-java\8.0.25\mysql-connector-java-8.0.25.jar;C:\Users\Михаил\.m2\repository\com\google\protobuf\protobuf-java\3.11.4\protobuf-java-3.11.4.jar;C:\Users\Михаил\.m2\repository\org\openjfx\javafx-controls\17.0.0.1\javafx-controls-17.0.0.1.jar;C:\Users\Михаил\.m2\repository\org\openjfx\javafx-graphics\17.0.0.1\javafx-graphics-17.0.0.1.jar;C:\Users\Михаил\.m2\repository\org\openjfx\javafx-base\17.0.0.1\javafx-base-17.0.0.1.jar;C:\Users\Михаил\.m2\repository\org\openjfx\javafx-fxml\17.0.0.1\javafx-fxml-17.0.0.1.jar;C:\Users\Михаил\.m2\repository\org\openjfx\javafx-web\17.0.0.1\javafx-web-17.0.0.1.jar;C:\Users\Михаил\.m2\repository\org\openjfx\javafx-media\17.0.0.1\javafx-media-17.0.0.1.jar
Launcher Type: SUN_STANDARD

[Global flags]
     intx CICompilerCount                          = 12                                        {product} {ergonomic}
     uint ConcGCThreads                            = 3                                         {product} {ergonomic}
     uint G1ConcRefinementThreads                  = 13                                        {product} {ergonomic}
   size_t G1HeapRegionSize                         = 2097152                                   {product} {ergonomic}
    uintx GCDrainStackTargetSize                   = 64                                        {product} {ergonomic}
   size_t InitialHeapSize                          = 165675008                                 {product} {ergonomic}
   size_t MarkStackSize                            = 4194304                                   {product} {ergonomic}
   size_t MaxHeapSize                              = 2648702976                                {product} {ergonomic}
   size_t MaxNewSize                               = 1587544064                                {product} {ergonomic}
   size_t MinHeapDeltaBytes                        = 2097152                                   {product} {ergonomic}
   size_t MinHeapSize                              = 8388608                                   {product} {ergonomic}
    uintx NonNMethodCodeHeapSize                   = 7602480                                {pd product} {ergonomic}
    uintx NonProfiledCodeHeapSize                  = 122027880                              {pd product} {ergonomic}
    uintx ProfiledCodeHeapSize                     = 122027880                              {pd product} {ergonomic}
    uintx ReservedCodeCacheSize                    = 251658240                              {pd product} {ergonomic}
     bool SegmentedCodeCache                       = true                                      {product} {ergonomic}
   size_t SoftMaxHeapSize                          = 2648702976                             {manageable} {ergonomic}
     bool UseCompressedClassPointers               = true                           {product lp64_product} {ergonomic}
     bool UseCompressedOops                        = true                           {product lp64_product} {ergonomic}
     bool UseG1GC                                  = true                                      {product} {ergonomic}
     bool UseLargePagesIndividualAllocation        = false                                  {pd product} {ergonomic}

Logging:
Log output configuration:
 #0: stdout all=warning uptime,level,tags
 #1: stderr all=off uptime,level,tags

Environment Variables:
PATH=C:\Program Files (x86)\Common Files\Oracle\Java\javapath;C:\Windows\system32;C:\Windows;C:\Windows\System32\Wbem;C:\Windows\System32\WindowsPowerShell\v1.0\;C:\Program Files\PuTTY\;C:\Program Files\Git\cmd;C:\Users\Михаил\пютхон\Scripts\;C:\Users\Михаил\пютхон\;C:\Users\Михаил\AppData\Local\Microsoft\WindowsApps;C:\Program Files\JetBrains\DataGrip 2022.1.4\bin
USERNAME=Михаил
OS=Windows_NT
PROCESSOR_IDENTIFIER=AMD64 Family 23 Model 104 Stepping 1, AuthenticAMD



---------------  S Y S T E M  ---------------

OS:
 Windows 10 , 64 bit Build 17763 (10.0.17763.2928)
OS uptime: 0 days 4:50 hours

CPU: total 16 (initial active 16) (16 cores per cpu, 2 threads per core) family 23 model 104 stepping 1 microcode 0x0, cx8, cmov, fxsr, ht, mmx, 3dnowpref, sse, sse2, sse3, ssse3, sse4a, sse4.1, sse4.2, popcnt, lzcnt, tsc, tscinvbit, avx, avx2, aes, clmul, bmi1, bmi2, adx, sha, fma, vzeroupper, clflush, clflushopt

Memory: 4k page, system-wide physical 10101M (1687M free)
TotalPageFile size 10101M (AvailPageFile size 5M)
current process WorkingSet (physical memory assigned to process): 68M, peak: 68M
current process commit charge ("private bytes"): 276M, peak: 277M

vm_info: OpenJDK 64-Bit Server VM (17+35-2724) for windows-amd64 JRE (17+35-2724), built on Aug  5 2021 23:26:02 by "mach5one" with MS VC++ 16.8 (VS2019)

END.
