#
# There is insufficient memory for the Java Runtime Environment to continue.
# Native memory allocation (mmap) failed to map 65536 bytes for Failed to commit metaspace.
# Possible reasons:
#   The system is out of physical RAM or swap space
#   The process is running with CompressedOops enabled, and the Java Heap may be blocking the growth of the native heap
# Possible solutions:
#   Reduce memory load on the system
#   Increase physical memory or swap space
#   Check if swap backing store is full
#   Decrease Java heap size (-Xmx/-Xms)
#   Decrease number of Java threads
#   Decrease Java thread stack sizes (-Xss)
#   Set larger code cache with -XX:ReservedCodeCacheSize=
#   JVM is running with Zero Based Compressed Oops mode in which the Java heap is
#     placed in the first 32GB address space. The Java Heap base address is the
#     maximum limit for the native heap growth. Please use -XX:HeapBaseMinAddress
#     to set the Java Heap base and to place the Java Heap above 32GB virtual address.
# This output file may be truncated or incomplete.
#
#  Out of Memory Error (virtualSpaceNode.cpp:110), pid=4084, tid=11812
#
# JRE version: OpenJDK Runtime Environment (17.0+35) (build 17+35-2724)
# Java VM: OpenJDK 64-Bit Server VM (17+35-2724, mixed mode, sharing, tiered, compressed oops, compressed class ptrs, g1 gc, windows-amd64)
# No core dump will be written. Minidumps are not enabled by default on client versions of Windows
#

---------------  S U M M A R Y ------------

Command Line: -javaagent:C:\Users\Михаил\AppData\Local\JetBrains\Toolbox\apps\IDEA-U\ch-0\212.5457.46\lib\idea_rt.jar=55847:C:\Users\Михаил\AppData\Local\JetBrains\Toolbox\apps\IDEA-U\ch-0\212.5457.46\bin -Dfile.encoding=UTF-8 --module-path=C:\Users\Михаил\IdeaProjects\kyrs_project1\target\classes;C:\Users\Михаил\.m2\repository\org\openjfx\javafx-web\17.0.0.1\javafx-web-17.0.0.1-win.jar;C:\Users\Михаил\.m2\repository\org\openjfx\javafx-fxml\17.0.0.1\javafx-fxml-17.0.0.1-win.jar;C:\Users\Михаил\.m2\repository\org\openjfx\javafx-controls\17.0.0.1\javafx-controls-17.0.0.1-win.jar;C:\Users\Михаил\.m2\repository\org\controlsfx\controlsfx\11.1.0\controlsfx-11.1.0.jar;C:\Users\Михаил\.m2\repository\org\kordamp\ikonli\ikonli-javafx\12.2.0\ikonli-javafx-12.2.0.jar;C:\Users\Михаил\.m2\repository\org\openjfx\javafx-base\17.0.0.1\javafx-base-17.0.0.1-win.jar;C:\Users\Михаил\.m2\repository\org\openjfx\javafx-media\17.0.0.1\javafx-media-17.0.0.1-win.jar;C:\Users\Михаил\.m2\repository\org\kordamp\bootstrapfx\bootstrapfx-core\0.4.0\bootstrapfx-core-0.4.0.jar;C:\Users\Михаил\.m2\repository\org\kordamp\ikonli\ikonli-core\12.2.0\ikonli-core-12.2.0.jar;C:\Users\Михаил\.m2\repository\eu\hansolo\tilesfx\11.48\tilesfx-11.48.jar;C:\Users\Михаил\.m2\repository\net\synedra\validatorfx\0.1.13\validatorfx-0.1.13.jar;C:\Users\Михаил\.m2\repository\com\dlsc\formsfx\formsfx-core\11.3.2\formsfx-core-11.3.2.jar;C:\Users\Михаил\.m2\repository\org\openjfx\javafx-graphics\17.0.0.1\javafx-graphics-17.0.0.1-win.jar -Djdk.module.main=com.example.kyrs_project1 com.example.kyrs_project1/com.example.kyrs_project1.Application

Host: AMD Ryzen 7 5700U with Radeon Graphics         , 16 cores, 9G,  Windows 10 , 64 bit Build 17763 (10.0.17763.2928)
Time: Tue Jul  5 20:53:35 2022 RTZ 2 (зима) elapsed time: 0.781878 seconds (0d 0h 0m 0s)

---------------  T H R E A D  ---------------

Current thread (0x0000013767411d10):  JavaThread "JavaFX Application Thread" [_thread_in_vm, id=11812, stack(0x00000022f4a00000,0x00000022f4b00000)]

Stack: [0x00000022f4a00000,0x00000022f4b00000]
Native frames: (J=compiled Java code, j=interpreted, Vv=VM code, C=native code)
V  [jvm.dll+0x66f8ea]
V  [jvm.dll+0x7ce224]
V  [jvm.dll+0x7cf9ce]
V  [jvm.dll+0x7d0033]
V  [jvm.dll+0x242bb5]
V  [jvm.dll+0x7ca1cb]
V  [jvm.dll+0x615a46]
V  [jvm.dll+0x615aaa]
V  [jvm.dll+0x6182ba]
V  [jvm.dll+0x6163e6]
V  [jvm.dll+0x238590]
V  [jvm.dll+0x122982]
V  [jvm.dll+0x24b164]
V  [jvm.dll+0x24c465]
V  [jvm.dll+0x1e0615]
V  [jvm.dll+0x1dfb9d]
V  [jvm.dll+0x5375e9]
V  [jvm.dll+0x1eea87]
V  [jvm.dll+0x7489cb]
V  [jvm.dll+0x749d72]
V  [jvm.dll+0x74a509]
V  [jvm.dll+0x1e6626]
V  [jvm.dll+0x1e8d2b]
V  [jvm.dll+0x1de2e1]
V  [jvm.dll+0x5375c0]
V  [jvm.dll+0x1eea87]
V  [jvm.dll+0x7489cb]
V  [jvm.dll+0x749d72]
V  [jvm.dll+0x74a0a8]
V  [jvm.dll+0x23af0e]
V  [jvm.dll+0x23b15f]
V  [jvm.dll+0x555418]
V  [jvm.dll+0x558280]
V  [jvm.dll+0x37ef57]
V  [jvm.dll+0x37e5af]
C  0x000001374c6ba622

Java frames: (J=compiled Java code, j=interpreted, Vv=VM code)
j  java.util.logging.SimpleFormatter.format(Ljava/util/logging/LogRecord;)Ljava/lang/String;+7 java.logging@17
j  java.util.logging.StreamHandler.publish(Ljava/util/logging/LogRecord;)V+14 java.logging@17
j  java.util.logging.ConsoleHandler.publish(Ljava/util/logging/LogRecord;)V+2 java.logging@17
j  java.util.logging.Logger.log(Ljava/util/logging/LogRecord;)V+90 java.logging@17
j  java.util.logging.Logger.doLog(Ljava/util/logging/LogRecord;)V+46 java.logging@17
j  java.util.logging.Logger.log(Ljava/util/logging/Level;Ljava/lang/String;[Ljava/lang/Object;)V+29 java.logging@17
j  sun.util.logging.internal.LoggingProviderImpl$JULWrapper.log(Ljava/lang/System$Logger$Level;Ljava/lang/String;[Ljava/lang/Object;)V+10 java.logging@17
j  com.sun.javafx.logging.PlatformLogger.warning(Ljava/lang/String;)V+20 javafx.base
j  javafx.fxml.FXMLLoader$ValueElement.processValue()V+137 javafx.fxml
j  javafx.fxml.FXMLLoader$ValueElement.processStartElement()V+30 javafx.fxml
j  javafx.fxml.FXMLLoader.processStartElement()V+8 javafx.fxml
j  javafx.fxml.FXMLLoader.loadImpl(Ljava/io/InputStream;Ljava/lang/Class;)Ljava/lang/Object;+207 javafx.fxml
j  javafx.fxml.FXMLLoader.loadImpl(Ljava/lang/Class;)Ljava/lang/Object;+31 javafx.fxml
j  javafx.fxml.FXMLLoader.load()Ljava/lang/Object;+17 javafx.fxml
j  com.example.kyrs_project1.Application.start(Ljavafx/stage/Stage;)V+29 com.example.kyrs_project1
j  com.sun.javafx.application.LauncherImpl.lambda$launchApplication1$9(Ljava/util/concurrent/atomic/AtomicBoolean;Ljavafx/application/Application;)V+20 javafx.graphics
j  com.sun.javafx.application.LauncherImpl$$Lambda$129+0x0000000800c3e898.run()V+8 javafx.graphics
j  com.sun.javafx.application.PlatformImpl.lambda$runAndWait$12(Ljava/lang/Runnable;Ljava/util/concurrent/CountDownLatch;)V+1 javafx.graphics
j  com.sun.javafx.application.PlatformImpl$$Lambda$109+0x0000000800c39fa8.run()V+8 javafx.graphics
j  com.sun.javafx.application.PlatformImpl.lambda$runLater$10(Ljava/lang/Runnable;)Ljava/lang/Void;+1 javafx.graphics
j  com.sun.javafx.application.PlatformImpl$$Lambda$111+0x0000000800c3b218.run()Ljava/lang/Object;+4 javafx.graphics
J 1036 c1 java.security.AccessController.executePrivileged(Ljava/security/PrivilegedAction;Ljava/security/AccessControlContext;Ljava/lang/Class;)Ljava/lang/Object; java.base@17 (65 bytes) @ 0x000001374cf87bbc [0x000001374cf87a60+0x000000000000015c]
j  java.security.AccessController.doPrivileged(Ljava/security/PrivilegedAction;Ljava/security/AccessControlContext;)Ljava/lang/Object;+13 java.base@17
j  com.sun.javafx.application.PlatformImpl.lambda$runLater$11(Ljava/lang/Runnable;Ljava/security/AccessControlContext;)V+7 javafx.graphics
j  com.sun.javafx.application.PlatformImpl$$Lambda$110+0x0000000800c3a998.run()V+8 javafx.graphics
j  com.sun.glass.ui.InvokeLaterDispatcher$Future.run()V+4 javafx.graphics
v  ~StubRoutines::call_stub
j  com.sun.glass.ui.win.WinApplication._runLoop(Ljava/lang/Runnable;)V+0 javafx.graphics
j  com.sun.glass.ui.win.WinApplication.lambda$runLoop$3(ILjava/lang/Runnable;)V+8 javafx.graphics
j  com.sun.glass.ui.win.WinApplication$$Lambda$99+0x0000000800c29220.run()V+12 javafx.graphics
j  java.lang.Thread.run()V+11 java.base@17
v  ~StubRoutines::call_stub

---------------  P R O C E S S  ---------------

Threads class SMR info:
_java_thread_list=0x0000013766dbab20, length=24, elements={
0x0000013744eb7ea0, 0x0000013764c61fd0, 0x0000013764c62f70, 0x0000013764c762d0,
0x0000013764c76b90, 0x0000013764c78880, 0x0000013764c7da70, 0x0000013764c7fa90,
0x0000013764c827c0, 0x0000013764c9dca0, 0x0000013765844290, 0x00000137658872c0,
0x000001376592b130, 0x0000013765943a10, 0x0000013765924c20, 0x00000137659252b0,
0x00000137659257c0, 0x0000013765ac2f70, 0x0000013765cc6c50, 0x0000013766dc7520,
0x00000137670fc740, 0x0000013767411d10, 0x0000013766a85050, 0x0000013766a7d990
}

Java Threads: ( => current thread )
  0x0000013744eb7ea0 JavaThread "main" [_thread_blocked, id=8008, stack(0x00000022f2d00000,0x00000022f2e00000)]
  0x0000013764c61fd0 JavaThread "Reference Handler" daemon [_thread_blocked, id=5256, stack(0x00000022f3400000,0x00000022f3500000)]
  0x0000013764c62f70 JavaThread "Finalizer" daemon [_thread_blocked, id=7392, stack(0x00000022f3500000,0x00000022f3600000)]
  0x0000013764c762d0 JavaThread "Signal Dispatcher" daemon [_thread_blocked, id=2932, stack(0x00000022f3600000,0x00000022f3700000)]
  0x0000013764c76b90 JavaThread "Attach Listener" daemon [_thread_blocked, id=10128, stack(0x00000022f3700000,0x00000022f3800000)]
  0x0000013764c78880 JavaThread "Service Thread" daemon [_thread_blocked, id=8128, stack(0x00000022f3800000,0x00000022f3900000)]
  0x0000013764c7da70 JavaThread "Monitor Deflation Thread" daemon [_thread_blocked, id=7136, stack(0x00000022f3900000,0x00000022f3a00000)]
  0x0000013764c7fa90 JavaThread "C2 CompilerThread0" daemon [_thread_in_native, id=9128, stack(0x00000022f3a00000,0x00000022f3b00000)]
  0x0000013764c827c0 JavaThread "C1 CompilerThread0" daemon [_thread_blocked, id=10420, stack(0x00000022f3b00000,0x00000022f3c00000)]
  0x0000013764c9dca0 JavaThread "Sweeper thread" daemon [_thread_blocked, id=2920, stack(0x00000022f3c00000,0x00000022f3d00000)]
  0x0000013765844290 JavaThread "C1 CompilerThread1" daemon [_thread_blocked, id=4248, stack(0x00000022f3d00000,0x00000022f3e00000)]
  0x00000137658872c0 JavaThread "Common-Cleaner" daemon [_thread_blocked, id=7668, stack(0x00000022f3e00000,0x00000022f3f00000)]
  0x000001376592b130 JavaThread "C1 CompilerThread2" daemon [_thread_blocked, id=4868, stack(0x00000022f3f00000,0x00000022f4000000)]
  0x0000013765943a10 JavaThread "C1 CompilerThread3" daemon [_thread_blocked, id=11624, stack(0x00000022f4000000,0x00000022f4100000)]
  0x0000013765924c20 JavaThread "C2 CompilerThread1" daemon [_thread_blocked, id=1684, stack(0x00000022f4100000,0x00000022f4200000)]
  0x00000137659252b0 JavaThread "C2 CompilerThread2" daemon [_thread_blocked, id=10772, stack(0x00000022f4200000,0x00000022f4300000)]
  0x00000137659257c0 JavaThread "C2 CompilerThread3" daemon [_thread_blocked, id=3712, stack(0x00000022f4300000,0x00000022f4400000)]
  0x0000013765ac2f70 JavaThread "Monitor Ctrl-Break" daemon [_thread_in_native, id=8208, stack(0x00000022f4600000,0x00000022f4700000)]
  0x0000013765cc6c50 JavaThread "Notification Thread" daemon [_thread_blocked, id=9044, stack(0x00000022f4700000,0x00000022f4800000)]
  0x0000013766dc7520 JavaThread "QuantumRenderer-0" daemon [_thread_blocked, id=6452, stack(0x00000022f4500000,0x00000022f4600000)]
  0x00000137670fc740 JavaThread "InvokeLaterDispatcher" daemon [_thread_blocked, id=11936, stack(0x00000022f4900000,0x00000022f4a00000)]
=>0x0000013767411d10 JavaThread "JavaFX Application Thread" [_thread_in_vm, id=11812, stack(0x00000022f4a00000,0x00000022f4b00000)]
  0x0000013766a85050 JavaThread "Thread-1" daemon [_thread_in_native, id=11444, stack(0x00000022f4d00000,0x00000022f4e00000)]
  0x0000013766a7d990 JavaThread "JavaFX-Launcher" [_thread_blocked, id=7188, stack(0x00000022f4e00000,0x00000022f4f00000)]

Other Threads:
  0x0000013764c578c0 VMThread "VM Thread" [stack: 0x00000022f3300000,0x00000022f3400000] [id=7236]
  0x00000137664b8060 WatcherThread [stack: 0x00000022f4800000,0x00000022f4900000] [id=11964]
  0x0000013744ef4c80 GCTaskThread "GC Thread#0" [stack: 0x00000022f2e00000,0x00000022f2f00000] [id=5480]
  0x0000013766a82880 GCTaskThread "GC Thread#1" [stack: 0x00000022f4f00000,0x00000022f5000000] [id=1676]
  0x00000137670db450 GCTaskThread "GC Thread#2" [stack: 0x00000022f5000000,0x00000022f5100000] [id=7092]
  0x00000137670e7540 GCTaskThread "GC Thread#3" [stack: 0x00000022f5100000,0x00000022f5200000] [id=10452]
  0x000001376688eb10 GCTaskThread "GC Thread#4" [stack: 0x00000022f5200000,0x00000022f5300000] [id=7344]
  0x000001376689b1f0 GCTaskThread "GC Thread#5" [stack: 0x00000022f5300000,0x00000022f5400000] [id=6696]
  0x0000013744eff7a0 ConcurrentGCThread "G1 Main Marker" [stack: 0x00000022f2f00000,0x00000022f3000000] [id=11884]
  0x0000013744f01b90 ConcurrentGCThread "G1 Conc#0" [stack: 0x00000022f3000000,0x00000022f3100000] [id=11612]
  0x0000013764b310b0 ConcurrentGCThread "G1 Refine#0" [stack: 0x00000022f3100000,0x00000022f3200000] [id=8976]
  0x0000013764b318e0 ConcurrentGCThread "G1 Service" [stack: 0x00000022f3200000,0x00000022f3300000] [id=10036]

Threads with active compile tasks:
C2 CompilerThread0      796 1180       4       java.io.DataInputStream::readUTF (501 bytes)

VM state: not at safepoint (normal execution)

VM Mutex/Monitor currently owned by a thread:  ([mutex/lock_event])
[0x0000013744eb2940] Metaspace_lock - owner thread: 0x0000013767411d10

Heap address: 0x0000000762200000, size: 2526 MB, Compressed Oops mode: Zero based, Oop shift amount: 3

CDS archive(s) mapped at: [0x0000000800000000-0x0000000800bc0000-0x0000000800bc0000), size 12320768, SharedBaseAddress: 0x0000000800000000, ArchiveRelocationMode: 0.
Compressed class space mapped at: 0x0000000800c00000-0x0000000840c00000, reserved size: 1073741824
Narrow klass base: 0x0000000800000000, Narrow klass shift: 0, Narrow klass range: 0x100000000

GC Precious Log:
 CPUs: 16 total, 16 available
 Memory: 10101M
 Large Page Support: Disabled
 NUMA Support: Disabled
 Compressed Oops: Enabled (Zero based)
 Heap Region Size: 2M
 Heap Min Capacity: 8M
 Heap Initial Capacity: 158M
 Heap Max Capacity: 2526M
 Pre-touch: Disabled
 Parallel Workers: 13
 Concurrent Workers: 3
 Concurrent Refinement Workers: 13
 Periodic GC: Disabled

Heap:
 garbage-first heap   total 161792K, used 8677K [0x0000000762200000, 0x0000000800000000)
  region size 2048K, 7 young (14336K), 2 survivors (4096K)
 Metaspace       used 7234K, committed 7424K, reserved 1056768K
  class space    used 916K, committed 1024K, reserved 1048576K

Heap Regions: E=young(eden), S=young(survivor), O=old, HS=humongous(starts), HC=humongous(continues), CS=collection set, F=free, OA=open archive, CA=closed archive, TAMS=top-at-mark-start (previous, next)
|   0|0x0000000762200000, 0x0000000762200000, 0x0000000762400000|  0%| F|  |TAMS 0x0000000762200000, 0x0000000762200000| Untracked 
|   1|0x0000000762400000, 0x0000000762400000, 0x0000000762600000|  0%| F|  |TAMS 0x0000000762400000, 0x0000000762400000| Untracked 
|   2|0x0000000762600000, 0x0000000762600000, 0x0000000762800000|  0%| F|  |TAMS 0x0000000762600000, 0x0000000762600000| Untracked 
|   3|0x0000000762800000, 0x0000000762800000, 0x0000000762a00000|  0%| F|  |TAMS 0x0000000762800000, 0x0000000762800000| Untracked 
|   4|0x0000000762a00000, 0x0000000762a00000, 0x0000000762c00000|  0%| F|  |TAMS 0x0000000762a00000, 0x0000000762a00000| Untracked 
|   5|0x0000000762c00000, 0x0000000762c00000, 0x0000000762e00000|  0%| F|  |TAMS 0x0000000762c00000, 0x0000000762c00000| Untracked 
|   6|0x0000000762e00000, 0x0000000762e00000, 0x0000000763000000|  0%| F|  |TAMS 0x0000000762e00000, 0x0000000762e00000| Untracked 
|   7|0x0000000763000000, 0x0000000763000000, 0x0000000763200000|  0%| F|  |TAMS 0x0000000763000000, 0x0000000763000000| Untracked 
|   8|0x0000000763200000, 0x0000000763200000, 0x0000000763400000|  0%| F|  |TAMS 0x0000000763200000, 0x0000000763200000| Untracked 
|   9|0x0000000763400000, 0x0000000763400000, 0x0000000763600000|  0%| F|  |TAMS 0x0000000763400000, 0x0000000763400000| Untracked 
|  10|0x0000000763600000, 0x0000000763600000, 0x0000000763800000|  0%| F|  |TAMS 0x0000000763600000, 0x0000000763600000| Untracked 
|  11|0x0000000763800000, 0x0000000763800000, 0x0000000763a00000|  0%| F|  |TAMS 0x0000000763800000, 0x0000000763800000| Untracked 
|  12|0x0000000763a00000, 0x0000000763a00000, 0x0000000763c00000|  0%| F|  |TAMS 0x0000000763a00000, 0x0000000763a00000| Untracked 
|  13|0x0000000763c00000, 0x0000000763c00000, 0x0000000763e00000|  0%| F|  |TAMS 0x0000000763c00000, 0x0000000763c00000| Untracked 
|  14|0x0000000763e00000, 0x0000000763e00000, 0x0000000764000000|  0%| F|  |TAMS 0x0000000763e00000, 0x0000000763e00000| Untracked 
|  15|0x0000000764000000, 0x0000000764000000, 0x0000000764200000|  0%| F|  |TAMS 0x0000000764000000, 0x0000000764000000| Untracked 
|  16|0x0000000764200000, 0x0000000764200000, 0x0000000764400000|  0%| F|  |TAMS 0x0000000764200000, 0x0000000764200000| Untracked 
|  17|0x0000000764400000, 0x0000000764400000, 0x0000000764600000|  0%| F|  |TAMS 0x0000000764400000, 0x0000000764400000| Untracked 
|  18|0x0000000764600000, 0x0000000764600000, 0x0000000764800000|  0%| F|  |TAMS 0x0000000764600000, 0x0000000764600000| Untracked 
|  19|0x0000000764800000, 0x0000000764800000, 0x0000000764a00000|  0%| F|  |TAMS 0x0000000764800000, 0x0000000764800000| Untracked 
|  20|0x0000000764a00000, 0x0000000764a00000, 0x0000000764c00000|  0%| F|  |TAMS 0x0000000764a00000, 0x0000000764a00000| Untracked 
|  21|0x0000000764c00000, 0x0000000764c00000, 0x0000000764e00000|  0%| F|  |TAMS 0x0000000764c00000, 0x0000000764c00000| Untracked 
|  22|0x0000000764e00000, 0x0000000764e00000, 0x0000000765000000|  0%| F|  |TAMS 0x0000000764e00000, 0x0000000764e00000| Untracked 
|  23|0x0000000765000000, 0x0000000765000000, 0x0000000765200000|  0%| F|  |TAMS 0x0000000765000000, 0x0000000765000000| Untracked 
|  24|0x0000000765200000, 0x0000000765200000, 0x0000000765400000|  0%| F|  |TAMS 0x0000000765200000, 0x0000000765200000| Untracked 
|  25|0x0000000765400000, 0x0000000765400000, 0x0000000765600000|  0%| F|  |TAMS 0x0000000765400000, 0x0000000765400000| Untracked 
|  26|0x0000000765600000, 0x0000000765600000, 0x0000000765800000|  0%| F|  |TAMS 0x0000000765600000, 0x0000000765600000| Untracked 
|  27|0x0000000765800000, 0x0000000765800000, 0x0000000765a00000|  0%| F|  |TAMS 0x0000000765800000, 0x0000000765800000| Untracked 
|  28|0x0000000765a00000, 0x0000000765a00000, 0x0000000765c00000|  0%| F|  |TAMS 0x0000000765a00000, 0x0000000765a00000| Untracked 
|  29|0x0000000765c00000, 0x0000000765c00000, 0x0000000765e00000|  0%| F|  |TAMS 0x0000000765c00000, 0x0000000765c00000| Untracked 
|  30|0x0000000765e00000, 0x0000000765e00000, 0x0000000766000000|  0%| F|  |TAMS 0x0000000765e00000, 0x0000000765e00000| Untracked 
|  31|0x0000000766000000, 0x0000000766000000, 0x0000000766200000|  0%| F|  |TAMS 0x0000000766000000, 0x0000000766000000| Untracked 
|  32|0x0000000766200000, 0x0000000766200000, 0x0000000766400000|  0%| F|  |TAMS 0x0000000766200000, 0x0000000766200000| Untracked 
|  33|0x0000000766400000, 0x0000000766400000, 0x0000000766600000|  0%| F|  |TAMS 0x0000000766400000, 0x0000000766400000| Untracked 
|  34|0x0000000766600000, 0x0000000766600000, 0x0000000766800000|  0%| F|  |TAMS 0x0000000766600000, 0x0000000766600000| Untracked 
|  35|0x0000000766800000, 0x0000000766800000, 0x0000000766a00000|  0%| F|  |TAMS 0x0000000766800000, 0x0000000766800000| Untracked 
|  36|0x0000000766a00000, 0x0000000766a00000, 0x0000000766c00000|  0%| F|  |TAMS 0x0000000766a00000, 0x0000000766a00000| Untracked 
|  37|0x0000000766c00000, 0x0000000766c00000, 0x0000000766e00000|  0%| F|  |TAMS 0x0000000766c00000, 0x0000000766c00000| Untracked 
|  38|0x0000000766e00000, 0x0000000766e00000, 0x0000000767000000|  0%| F|  |TAMS 0x0000000766e00000, 0x0000000766e00000| Untracked 
|  39|0x0000000767000000, 0x0000000767000000, 0x0000000767200000|  0%| F|  |TAMS 0x0000000767000000, 0x0000000767000000| Untracked 
|  40|0x0000000767200000, 0x0000000767200000, 0x0000000767400000|  0%| F|  |TAMS 0x0000000767200000, 0x0000000767200000| Untracked 
|  41|0x0000000767400000, 0x0000000767400000, 0x0000000767600000|  0%| F|  |TAMS 0x0000000767400000, 0x0000000767400000| Untracked 
|  42|0x0000000767600000, 0x0000000767600000, 0x0000000767800000|  0%| F|  |TAMS 0x0000000767600000, 0x0000000767600000| Untracked 
|  43|0x0000000767800000, 0x0000000767800000, 0x0000000767a00000|  0%| F|  |TAMS 0x0000000767800000, 0x0000000767800000| Untracked 
|  44|0x0000000767a00000, 0x0000000767a00000, 0x0000000767c00000|  0%| F|  |TAMS 0x0000000767a00000, 0x0000000767a00000| Untracked 
|  45|0x0000000767c00000, 0x0000000767c00000, 0x0000000767e00000|  0%| F|  |TAMS 0x0000000767c00000, 0x0000000767c00000| Untracked 
|  46|0x0000000767e00000, 0x0000000767e00000, 0x0000000768000000|  0%| F|  |TAMS 0x0000000767e00000, 0x0000000767e00000| Untracked 
|  47|0x0000000768000000, 0x0000000768000000, 0x0000000768200000|  0%| F|  |TAMS 0x0000000768000000, 0x0000000768000000| Untracked 
|  48|0x0000000768200000, 0x0000000768200000, 0x0000000768400000|  0%| F|  |TAMS 0x0000000768200000, 0x0000000768200000| Untracked 
|  49|0x0000000768400000, 0x0000000768400000, 0x0000000768600000|  0%| F|  |TAMS 0x0000000768400000, 0x0000000768400000| Untracked 
|  50|0x0000000768600000, 0x0000000768600000, 0x0000000768800000|  0%| F|  |TAMS 0x0000000768600000, 0x0000000768600000| Untracked 
|  51|0x0000000768800000, 0x0000000768800000, 0x0000000768a00000|  0%| F|  |TAMS 0x0000000768800000, 0x0000000768800000| Untracked 
|  52|0x0000000768a00000, 0x0000000768a00000, 0x0000000768c00000|  0%| F|  |TAMS 0x0000000768a00000, 0x0000000768a00000| Untracked 
|  53|0x0000000768c00000, 0x0000000768c00000, 0x0000000768e00000|  0%| F|  |TAMS 0x0000000768c00000, 0x0000000768c00000| Untracked 
|  54|0x0000000768e00000, 0x0000000768e00000, 0x0000000769000000|  0%| F|  |TAMS 0x0000000768e00000, 0x0000000768e00000| Untracked 
|  55|0x0000000769000000, 0x0000000769000000, 0x0000000769200000|  0%| F|  |TAMS 0x0000000769000000, 0x0000000769000000| Untracked 
|  56|0x0000000769200000, 0x0000000769200000, 0x0000000769400000|  0%| F|  |TAMS 0x0000000769200000, 0x0000000769200000| Untracked 
|  57|0x0000000769400000, 0x0000000769400000, 0x0000000769600000|  0%| F|  |TAMS 0x0000000769400000, 0x0000000769400000| Untracked 
|  58|0x0000000769600000, 0x0000000769600000, 0x0000000769800000|  0%| F|  |TAMS 0x0000000769600000, 0x0000000769600000| Untracked 
|  59|0x0000000769800000, 0x0000000769800000, 0x0000000769a00000|  0%| F|  |TAMS 0x0000000769800000, 0x0000000769800000| Untracked 
|  60|0x0000000769a00000, 0x0000000769a00000, 0x0000000769c00000|  0%| F|  |TAMS 0x0000000769a00000, 0x0000000769a00000| Untracked 
|  61|0x0000000769c00000, 0x0000000769c00000, 0x0000000769e00000|  0%| F|  |TAMS 0x0000000769c00000, 0x0000000769c00000| Untracked 
|  62|0x0000000769e00000, 0x0000000769e00000, 0x000000076a000000|  0%| F|  |TAMS 0x0000000769e00000, 0x0000000769e00000| Untracked 
|  63|0x000000076a000000, 0x000000076a000000, 0x000000076a200000|  0%| F|  |TAMS 0x000000076a000000, 0x000000076a000000| Untracked 
|  64|0x000000076a200000, 0x000000076a200000, 0x000000076a400000|  0%| F|  |TAMS 0x000000076a200000, 0x000000076a200000| Untracked 
|  65|0x000000076a400000, 0x000000076a400000, 0x000000076a600000|  0%| F|  |TAMS 0x000000076a400000, 0x000000076a400000| Untracked 
|  66|0x000000076a600000, 0x000000076a679530, 0x000000076a800000| 23%| S|CS|TAMS 0x000000076a600000, 0x000000076a600000| Complete 
|  67|0x000000076a800000, 0x000000076aa00000, 0x000000076aa00000|100%| S|CS|TAMS 0x000000076a800000, 0x000000076a800000| Complete 
|  68|0x000000076aa00000, 0x000000076aa00000, 0x000000076ac00000|  0%| F|  |TAMS 0x000000076aa00000, 0x000000076aa00000| Untracked 
|  69|0x000000076ac00000, 0x000000076ac00000, 0x000000076ae00000|  0%| F|  |TAMS 0x000000076ac00000, 0x000000076ac00000| Untracked 
|  70|0x000000076ae00000, 0x000000076ae00000, 0x000000076b000000|  0%| F|  |TAMS 0x000000076ae00000, 0x000000076ae00000| Untracked 
|  71|0x000000076b000000, 0x000000076b000000, 0x000000076b200000|  0%| F|  |TAMS 0x000000076b000000, 0x000000076b000000| Untracked 
|  72|0x000000076b200000, 0x000000076b200000, 0x000000076b400000|  0%| F|  |TAMS 0x000000076b200000, 0x000000076b200000| Untracked 
|  73|0x000000076b400000, 0x000000076b400000, 0x000000076b600000|  0%| F|  |TAMS 0x000000076b400000, 0x000000076b400000| Untracked 
|  74|0x000000076b600000, 0x000000076b7ac2e8, 0x000000076b800000| 83%| E|  |TAMS 0x000000076b600000, 0x000000076b600000| Complete 
|  75|0x000000076b800000, 0x000000076ba00000, 0x000000076ba00000|100%| E|CS|TAMS 0x000000076b800000, 0x000000076b800000| Complete 
|  76|0x000000076ba00000, 0x000000076bc00000, 0x000000076bc00000|100%| E|  |TAMS 0x000000076ba00000, 0x000000076ba00000| Complete 
|  77|0x000000076bc00000, 0x000000076be00000, 0x000000076be00000|100%| E|CS|TAMS 0x000000076bc00000, 0x000000076bc00000| Complete 
|  78|0x000000076be00000, 0x000000076c000000, 0x000000076c000000|100%| E|CS|TAMS 0x000000076be00000, 0x000000076be00000| Complete 

Card table byte_map: [0x000001375c410000,0x000001375c900000] _byte_map_base: 0x00000137588ff000

Marking Bits (Prev, Next): (CMBitMap*) 0x0000013744ef50a0, (CMBitMap*) 0x0000013744ef50e0
 Prev Bits: [0x000001375cdf0000, 0x000001375f568000)
 Next Bits: [0x000001375f570000, 0x0000013761ce8000)

Polling page: 0x0000013742e60000

Metaspace:

Usage:
  Non-class:      6.17 MB used.
      Class:    916.88 KB used.
       Both:      7.07 MB used.

Virtual space:
  Non-class space:        8.00 MB reserved,       6.25 MB ( 78%) committed,  1 nodes.
      Class space:        1.00 GB reserved,       1.00 MB ( <1%) committed,  1 nodes.
             Both:        1.01 GB reserved,       7.25 MB ( <1%) committed. 

Chunk freelists:
   Non-Class:  1.03 MB
       Class:  2.92 MB
        Both:  3.95 MB

MaxMetaspaceSize: unlimited
CompressedClassSpaceSize: 1.00 GB
Initial GC threshold: 21.00 MB
Current GC threshold: 21.00 MB
CDS: on
MetaspaceReclaimPolicy: balanced
 - commit_granule_bytes: 65536.
 - commit_granule_words: 8192.
 - virtual_space_node_default_size: 1048576.
 - enlarge_chunks_in_place: 1.
 - new_chunks_are_fully_committed: 0.
 - uncommit_free_chunks: 1.
 - use_allocation_guard: 0.
 - handle_deallocations: 1.


Internal statistics:

num_allocs_failed_limit: 0.
num_arena_births: 104.
num_arena_deaths: 0.
num_vsnodes_births: 2.
num_vsnodes_deaths: 0.
num_space_committed: 116.
num_space_uncommitted: 0.
num_chunks_returned_to_freelist: 0.
num_chunks_taken_from_freelist: 258.
num_chunk_merges: 0.
num_chunk_splits: 183.
num_chunks_enlarged: 144.
num_purges: 0.
num_inconsistent_stats: 0.

CodeHeap 'non-profiled nmethods': size=119168Kb used=452Kb max_used=452Kb free=118716Kb
 bounds [0x0000013754240000, 0x00000137544b0000, 0x000001375b6a0000]
CodeHeap 'profiled nmethods': size=119104Kb used=1920Kb max_used=1920Kb free=117183Kb
 bounds [0x000001374cdf0000, 0x000001374d060000, 0x0000013754240000]
CodeHeap 'non-nmethods': size=7488Kb used=2907Kb max_used=2925Kb free=4580Kb
 bounds [0x000001374c6a0000, 0x000001374c980000, 0x000001374cdf0000]
 total_blobs=1722 nmethods=1193 adapters=439
 compilation: enabled
              stopped_count=0, restarted_count=0
 full_count=0

Compilation events (20 events):
Event: 0.778 Thread 0x00000137659257c0 nmethod 1187 0x00000137542ad990 code [0x00000137542adb00, 0x00000137542adb78]
Event: 0.778 Thread 0x000001376592b130 nmethod 1188 0x000001374cfcee90 code [0x000001374cfcf060, 0x000001374cfcf418]
Event: 0.780 Thread 0x0000013765943a10 1190       1       java.time.temporal.ValueRange::getMinimum (5 bytes)
Event: 0.780 Thread 0x000001376592b130 1191       1       java.time.temporal.ValueRange::getMaximum (5 bytes)
Event: 0.780 Thread 0x0000013765844290 1192       1       java.time.temporal.ChronoField::range (5 bytes)
Event: 0.780 Thread 0x0000013764c827c0 1193       1       java.time.ZoneOffset::getTotalSeconds (5 bytes)
Event: 0.780 Thread 0x0000013765943a10 nmethod 1190 0x00000137542adc90 code [0x00000137542ade20, 0x00000137542adef8]
Event: 0.780 Thread 0x0000013764c827c0 nmethod 1193 0x00000137542adf90 code [0x00000137542ae120, 0x00000137542ae1f8]
Event: 0.780 Thread 0x0000013764c827c0 1194       3       java.time.temporal.ValueRange::isValidValue (24 bytes)
Event: 0.780 Thread 0x000001376592b130 nmethod 1191 0x00000137542ae290 code [0x00000137542ae420, 0x00000137542ae4f8]
Event: 0.780 Thread 0x0000013765943a10 1195       3       java.time.temporal.ChronoField::checkValidValue (10 bytes)
Event: 0.780 Thread 0x000001376592b130 1196       3       java.time.temporal.ValueRange::checkValidValue (24 bytes)
Event: 0.780 Thread 0x0000013765844290 nmethod 1192 0x00000137542ae590 code [0x00000137542ae720, 0x00000137542ae7f8]
Event: 0.780 Thread 0x0000013765844290 1197       1       java.time.zone.ZoneOffsetTransition::getOffsetAfter (5 bytes)
Event: 0.780 Thread 0x0000013765844290 nmethod 1197 0x00000137542ae890 code [0x00000137542aea20, 0x00000137542aeaf8]
Event: 0.780 Thread 0x0000013765844290 1198       1       java.time.zone.ZoneOffsetTransition::getOffsetBefore (5 bytes)
Event: 0.780 Thread 0x0000013765943a10 nmethod 1195 0x000001374cfcf590 code [0x000001374cfcf740, 0x000001374cfcf8a8]
Event: 0.780 Thread 0x0000013764c827c0 nmethod 1194 0x000001374cfcf990 code [0x000001374cfcfb20, 0x000001374cfcfcf8]
Event: 0.780 Thread 0x0000013765844290 nmethod 1198 0x00000137542aeb90 code [0x00000137542aed20, 0x00000137542aedf8]
Event: 0.780 Thread 0x000001376592b130 nmethod 1196 0x000001374cfcfd90 code [0x000001374cfcff60, 0x000001374cfd0298]

GC Heap History (2 events):
Event: 0.673 GC heap before
{Heap before GC invocations=0 (full 0):
 garbage-first heap   total 161792K, used 22528K [0x0000000762200000, 0x0000000800000000)
  region size 2048K, 11 young (22528K), 0 survivors (0K)
 Metaspace       used 4312K, committed 4480K, reserved 1056768K
  class space    used 500K, committed 576K, reserved 1048576K
}
Event: 0.679 GC heap after
{Heap after GC invocations=1 (full 0):
 garbage-first heap   total 161792K, used 2533K [0x0000000762200000, 0x0000000800000000)
  region size 2048K, 2 young (4096K), 2 survivors (4096K)
 Metaspace       used 4312K, committed 4480K, reserved 1056768K
  class space    used 500K, committed 576K, reserved 1048576K
}

Deoptimization events (20 events):
Event: 0.496 Thread 0x0000013744eb7ea0 DEOPT PACKING pc=0x000001374cf1a552 sp=0x00000022f2dfe420
Event: 0.496 Thread 0x0000013744eb7ea0 DEOPT UNPACKING pc=0x000001374c6f2b43 sp=0x00000022f2dfd8b8 mode 0
Event: 0.599 Thread 0x0000013767411d10 Uncommon trap: trap_request=0xffffff45 fr.pc=0x0000013754289ae4 relative=0x00000000000002a4
Event: 0.599 Thread 0x0000013767411d10 Uncommon trap: reason=unstable_if action=reinterpret pc=0x0000013754289ae4 method=java.lang.invoke.VarHandle.checkExactAccessMode(Ljava/lang/invoke/VarHandle$AccessDescriptor;)V @ 4 c2
Event: 0.599 Thread 0x0000013767411d10 DEOPT PACKING pc=0x0000013754289ae4 sp=0x00000022f4afebf0
Event: 0.599 Thread 0x0000013767411d10 DEOPT UNPACKING pc=0x000001374c6f23a3 sp=0x00000022f4afeb60 mode 2
Event: 0.602 Thread 0x0000013766dc7520 Uncommon trap: trap_request=0xffffff45 fr.pc=0x000001375428cf2c relative=0x000000000000018c
Event: 0.602 Thread 0x0000013766dc7520 Uncommon trap: reason=unstable_if action=reinterpret pc=0x000001375428cf2c method=java.lang.invoke.VarHandle.checkExactAccessMode(Ljava/lang/invoke/VarHandle$AccessDescriptor;)V @ 4 c2
Event: 0.602 Thread 0x0000013766dc7520 DEOPT PACKING pc=0x000001375428cf2c sp=0x00000022f45fefb0
Event: 0.602 Thread 0x0000013766dc7520 DEOPT UNPACKING pc=0x000001374c6f23a3 sp=0x00000022f45fef90 mode 2
Event: 0.659 Thread 0x0000013767411d10 Uncommon trap: trap_request=0xffffff45 fr.pc=0x0000013754288cf4 relative=0x0000000000000074
Event: 0.659 Thread 0x0000013767411d10 Uncommon trap: reason=unstable_if action=reinterpret pc=0x0000013754288cf4 method=jdk.internal.misc.Unsafe.convEndian(ZI)I @ 4 c2
Event: 0.659 Thread 0x0000013767411d10 DEOPT PACKING pc=0x0000013754288cf4 sp=0x00000022f4afd890
Event: 0.659 Thread 0x0000013767411d10 DEOPT UNPACKING pc=0x000001374c6f23a3 sp=0x00000022f4afd7c0 mode 2
Event: 0.703 Thread 0x0000013767411d10 DEOPT PACKING pc=0x000001374cea654e sp=0x00000022f4afd180
Event: 0.703 Thread 0x0000013767411d10 DEOPT UNPACKING pc=0x000001374c6f2b43 sp=0x00000022f4afc608 mode 0
Event: 0.763 Thread 0x0000013767411d10 Uncommon trap: trap_request=0xffffff45 fr.pc=0x00000137542521f4 relative=0x00000000000003d4
Event: 0.763 Thread 0x0000013767411d10 Uncommon trap: reason=unstable_if action=reinterpret pc=0x00000137542521f4 method=java.lang.StringLatin1.newString([BII)Ljava/lang/String; @ 1 c2
Event: 0.763 Thread 0x0000013767411d10 DEOPT PACKING pc=0x00000137542521f4 sp=0x00000022f4afc8f0
Event: 0.763 Thread 0x0000013767411d10 DEOPT UNPACKING pc=0x000001374c6f23a3 sp=0x00000022f4afc8b8 mode 2

Classes unloaded (0 events):
No events

Classes redefined (0 events):
No events

Internal exceptions (20 events):
Event: 0.197 Thread 0x0000013744eb7ea0 Exception <a 'java/lang/NoSuchMethodError'{0x000000076b70ca40}: 'void java.lang.invoke.DirectMethodHandle$Holder.invokeSpecial(java.lang.Object, java.lang.Object, java.lang.Object, java.lang.Object, java.lang.Object)'> (0x000000076b70ca40) 
thrown [t:\workspace\open\src\hotspot\share\interpreter\linkResolver.cpp, line 766]
Event: 0.202 Thread 0x0000013744eb7ea0 Exception <a 'java/lang/NoSuchMethodError'{0x000000076b723728}: 'java.lang.Object java.lang.invoke.DirectMethodHandle$Holder.invokeInterface(java.lang.Object, java.lang.Object)'> (0x000000076b723728) 
thrown [t:\workspace\open\src\hotspot\share\interpreter\linkResolver.cpp, line 766]
Event: 0.203 Thread 0x0000013744eb7ea0 Exception <a 'java/lang/IncompatibleClassChangeError'{0x000000076b726da0}: Found class java.lang.Object, but interface was expected> (0x000000076b726da0) 
thrown [t:\workspace\open\src\hotspot\share\interpreter\linkResolver.cpp, line 833]
Event: 0.204 Thread 0x0000013744eb7ea0 Exception <a 'java/lang/NoSuchMethodError'{0x000000076b729b68}: 'void java.lang.invoke.DirectMethodHandle$Holder.invokeStatic(java.lang.Object, java.lang.Object, java.lang.Object, java.lang.Object)'> (0x000000076b729b68) 
thrown [t:\workspace\open\src\hotspot\share\interpreter\linkResolver.cpp, line 766]
Event: 0.257 Thread 0x0000013765ac2f70 Exception <a 'java/lang/NoSuchMethodError'{0x000000076b4776e0}: 'java.lang.Object java.lang.invoke.DirectMethodHandle$Holder.invokeStaticInit(java.lang.Object)'> (0x000000076b4776e0) 
thrown [t:\workspace\open\src\hotspot\share\interpreter\linkResolver.cpp, line 766]
Event: 0.264 Thread 0x0000013765ac2f70 Exception <a 'java/lang/ClassNotFoundException'{0x000000076b482b48}: jdk/net/ExtendedSocketOptions> (0x000000076b482b48) 
thrown [t:\workspace\open\src\hotspot\share\classfile\systemDictionary.cpp, line 256]
Event: 0.266 Thread 0x0000013765ac2f70 Exception <a 'java/lang/NoSuchMethodError'{0x000000076b4843e0}: 'void java.lang.invoke.DirectMethodHandle$Holder.invokeStatic(java.lang.Object, java.lang.Object)'> (0x000000076b4843e0) 
thrown [t:\workspace\open\src\hotspot\share\interpreter\linkResolver.cpp, line 766]
Event: 0.532 Thread 0x0000013744eb7ea0 Exception <a 'java/lang/NoSuchMethodError'{0x000000076af51610}: 'void java.lang.invoke.DirectMethodHandle$Holder.invokeStatic(java.lang.Object, java.lang.Object, java.lang.Object)'> (0x000000076af51610) 
thrown [t:\workspace\open\src\hotspot\share\interpreter\linkResolver.cpp, line 766]
Event: 0.568 Thread 0x0000013744eb7ea0 Exception <a 'java/lang/NoSuchMethodError'{0x000000076af6f260}: 'int java.lang.invoke.DirectMethodHandle$Holder.invokeStaticInit(java.lang.Object, java.lang.Object, java.lang.Object)'> (0x000000076af6f260) 
thrown [t:\workspace\open\src\hotspot\share\interpreter\linkResolver.cpp, line 766]
Event: 0.591 Thread 0x0000013744eb7ea0 Exception <a 'java/lang/NoSuchMethodError'{0x000000076ace19e8}: 'java.lang.Object java.lang.invoke.DirectMethodHandle$Holder.newInvokeSpecial(java.lang.Object, java.lang.Object, int, java.lang.Object)'> (0x000000076ace19e8) 
thrown [t:\workspace\open\src\hotspot\share\interpreter\linkResolver.cpp, line 766]
Event: 0.591 Thread 0x0000013744eb7ea0 Exception <a 'java/lang/NoSuchMethodError'{0x000000076ad56a88}: 'java.lang.Object java.lang.invoke.DirectMethodHandle$Holder.invokeSpecial(java.lang.Object, java.lang.Object, java.lang.Object, int, java.lang.Object)'> (0x000000076ad56a88) 
thrown [t:\workspace\open\src\hotspot\share\interpreter\linkResolver.cpp, line 766]
Event: 0.643 Thread 0x0000013767411d10 Exception <a 'java/lang/NoSuchMethodError'{0x000000076aa70178}: 'void java.lang.invoke.DirectMethodHandle$Holder.invokeStaticInit(java.lang.Object)'> (0x000000076aa70178) 
thrown [t:\workspace\open\src\hotspot\share\interpreter\linkResolver.cpp, line 766]
Event: 0.646 Thread 0x0000013744eb7ea0 Exception <a 'java/lang/NoSuchMethodError'{0x000000076ad6bf90}: 'java.lang.Object java.lang.invoke.DirectMethodHandle$Holder.newInvokeSpecial(java.lang.Object, java.lang.Object, java.lang.Object, java.lang.Object, java.lang.Object, java.lang.Object)'> (0x000000076ad6bf90) 
thrown [t:\workspace\open\src\hotspot\share\interpreter\linkResolver.cpp, line 766]
Event: 0.665 Thread 0x0000013744eb7ea0 Exception <a 'java/lang/NoSuchMethodError'{0x000000076ad9bc90}: 'java.lang.Object java.lang.invoke.Invokers$Holder.invoke_MT(java.lang.Object, java.lang.Object, java.lang.Object)'> (0x000000076ad9bc90) 
thrown [t:\workspace\open\src\hotspot\share\interpreter\linkResolver.cpp, line 766]
Event: 0.667 Thread 0x0000013744eb7ea0 Exception <a 'java/lang/NoSuchMethodError'{0x000000076ada8c48}: 'java.lang.Object java.lang.invoke.DirectMethodHandle$Holder.newInvokeSpecial(java.lang.Object, java.lang.Object, java.lang.Object, java.lang.Object, java.lang.Object)'> (0x000000076ada8c48) 
thrown [t:\workspace\open\src\hotspot\share\interpreter\linkResolver.cpp, line 766]
Event: 0.717 Thread 0x0000013767411d10 Exception <a 'sun/nio/fs/WindowsException'{0x000000076baecbb0}> (0x000000076baecbb0) 
thrown [t:\workspace\open\src\hotspot\share\prims\jni.cpp, line 516]
Event: 0.752 Thread 0x0000013767411d10 Exception <a 'java/lang/NoSuchMethodError'{0x000000076b68cbf8}: 'java.lang.Object java.lang.invoke.DirectMethodHandle$Holder.invokeStaticInit(java.lang.Object, java.lang.Object, java.lang.Object, java.lang.Object)'> (0x000000076b68cbf8) 
thrown [t:\workspace\open\src\hotspot\share\interpreter\linkResolver.cpp, line 766]
Event: 0.753 Thread 0x0000013767411d10 Exception <a 'java/lang/NullPointerException'{0x000000076b698c80}> (0x000000076b698c80) 
thrown [t:\workspace\open\src\hotspot\share\interpreter\linkResolver.cpp, line 1357]
Event: 0.763 Thread 0x0000013767411d10 Exception <a 'sun/nio/fs/WindowsException'{0x000000076b7193e0}> (0x000000076b7193e0) 
thrown [t:\workspace\open\src\hotspot\share\prims\jni.cpp, line 516]
Event: 0.778 Thread 0x0000013767411d10 Exception <a 'sun/nio/fs/WindowsException'{0x000000076b79faf0}> (0x000000076b79faf0) 
thrown [t:\workspace\open\src\hotspot\share\prims\jni.cpp, line 516]

VM Operations (12 events):
Event: 0.159 Executing VM operation: HandshakeAllThreads
Event: 0.159 Executing VM operation: HandshakeAllThreads done
Event: 0.200 Executing VM operation: HandshakeAllThreads
Event: 0.200 Executing VM operation: HandshakeAllThreads done
Event: 0.254 Executing VM operation: HandshakeAllThreads
Event: 0.254 Executing VM operation: HandshakeAllThreads done
Event: 0.578 Executing VM operation: HandshakeAllThreads
Event: 0.578 Executing VM operation: HandshakeAllThreads done
Event: 0.658 Executing VM operation: ICBufferFull
Event: 0.658 Executing VM operation: ICBufferFull done
Event: 0.673 Executing VM operation: G1CollectForAllocation
Event: 0.679 Executing VM operation: G1CollectForAllocation done

Events (20 events):
Event: 0.774 loading class java/util/zip/Checksum
Event: 0.774 loading class java/util/zip/Checksum done
Event: 0.775 loading class java/util/zip/CRC32 done
Event: 0.775 loading class sun/util/calendar/ZoneInfoFile$Checksum done
Event: 0.775 loading class java/util/zip/Checksum$1
Event: 0.775 loading class java/util/zip/Checksum$1 done
Event: 0.775 loading class java/time/zone/ZoneRulesProvider
Event: 0.775 loading class java/time/zone/ZoneRulesProvider done
Event: 0.775 loading class java/time/zone/ZoneRulesProvider$1
Event: 0.775 loading class java/time/zone/ZoneRulesProvider$1 done
Event: 0.776 loading class java/time/zone/TzdbZoneRulesProvider
Event: 0.776 loading class java/time/zone/TzdbZoneRulesProvider done
Event: 0.778 loading class java/time/zone/Ser
Event: 0.778 loading class java/io/Externalizable
Event: 0.778 loading class java/io/Externalizable done
Event: 0.778 loading class java/time/zone/Ser done
Event: 0.779 loading class java/time/zone/ZoneOffsetTransition
Event: 0.779 loading class java/time/zone/ZoneOffsetTransition done
Event: 0.780 loading class java/time/ZonedDateTime
Event: 0.780 loading class java/time/chrono/ChronoZonedDateTime


Dynamic libraries:
0x00007ff624940000 - 0x00007ff62494e000 	C:\Users\Михаил\.jdks\openjdk-17\bin\java.exe
0x00007ffebf0d0000 - 0x00007ffebf2bd000 	C:\Windows\SYSTEM32\ntdll.dll
0x00007ffebeba0000 - 0x00007ffebec53000 	C:\Windows\System32\KERNEL32.DLL
0x00007ffebb490000 - 0x00007ffebb724000 	C:\Windows\System32\KERNELBASE.dll
0x00007ffebb730000 - 0x00007ffebb82a000 	C:\Windows\System32\ucrtbase.dll
0x00007ffeacc30000 - 0x00007ffeacc48000 	C:\Users\Михаил\.jdks\openjdk-17\bin\jli.dll
0x00007ffeacdd0000 - 0x00007ffeacdea000 	C:\Users\Михаил\.jdks\openjdk-17\bin\VCRUNTIME140.dll
0x00007ffebde00000 - 0x00007ffebdf97000 	C:\Windows\System32\USER32.dll
0x00007ffea03b0000 - 0x00007ffea0629000 	C:\Windows\WinSxS\amd64_microsoft.windows.common-controls_6595b64144ccf1df_6.0.17763.2928_none_de6f2d70534d3d29\COMCTL32.dll
0x00007ffebb210000 - 0x00007ffebb230000 	C:\Windows\System32\win32u.dll
0x00007ffebda70000 - 0x00007ffebdb0e000 	C:\Windows\System32\msvcrt.dll
0x00007ffebe920000 - 0x00007ffebe949000 	C:\Windows\System32\GDI32.dll
0x00007ffebb2d0000 - 0x00007ffebb46c000 	C:\Windows\System32\gdi32full.dll
0x00007ffebe0d0000 - 0x00007ffebe3fd000 	C:\Windows\System32\combase.dll
0x00007ffebba30000 - 0x00007ffebbad0000 	C:\Windows\System32\msvcp_win.dll
0x00007ffebea20000 - 0x00007ffebeb3d000 	C:\Windows\System32\RPCRT4.dll
0x00007ffebbad0000 - 0x00007ffebbb52000 	C:\Windows\System32\bcryptPrimitives.dll
0x00007ffebddd0000 - 0x00007ffebddfe000 	C:\Windows\System32\IMM32.DLL
0x00007ffeadaa0000 - 0x00007ffeadaac000 	C:\Users\Михаил\.jdks\openjdk-17\bin\vcruntime140_1.dll
0x00007ffe98da0000 - 0x00007ffe98e2d000 	C:\Users\Михаил\.jdks\openjdk-17\bin\msvcp140.dll
0x00007ffe874c0000 - 0x00007ffe8807e000 	C:\Users\Михаил\.jdks\openjdk-17\bin\server\jvm.dll
0x00007ffebec60000 - 0x00007ffebed07000 	C:\Windows\System32\ADVAPI32.dll
0x00007ffebe880000 - 0x00007ffebe91f000 	C:\Windows\System32\sechost.dll
0x00007ffebef20000 - 0x00007ffebef28000 	C:\Windows\System32\PSAPI.DLL
0x00007ffeb8d30000 - 0x00007ffeb8d39000 	C:\Windows\SYSTEM32\WSOCK32.dll
0x00007ffeb8760000 - 0x00007ffeb8784000 	C:\Windows\SYSTEM32\WINMM.dll
0x00007ffebe950000 - 0x00007ffebe9bd000 	C:\Windows\System32\WS2_32.dll
0x00007ffeb4560000 - 0x00007ffeb456a000 	C:\Windows\SYSTEM32\VERSION.dll
0x00007ffeb8730000 - 0x00007ffeb875d000 	C:\Windows\SYSTEM32\winmmbase.dll
0x00007ffebc2b0000 - 0x00007ffebc2fa000 	C:\Windows\System32\cfgmgr32.dll
0x00007ffebb090000 - 0x00007ffebb0a1000 	C:\Windows\System32\kernel.appcore.dll
0x00007ffeacc20000 - 0x00007ffeacc2a000 	C:\Users\Михаил\.jdks\openjdk-17\bin\jimage.dll
0x00007ffeb9760000 - 0x00007ffeb994d000 	C:\Windows\SYSTEM32\DBGHELP.DLL
0x00007ffea86c0000 - 0x00007ffea86ea000 	C:\Windows\SYSTEM32\dbgcore.DLL
0x00007ffeac5f0000 - 0x00007ffeac5fe000 	C:\Users\Михаил\.jdks\openjdk-17\bin\instrument.dll
0x00007ffea95c0000 - 0x00007ffea95e5000 	C:\Users\Михаил\.jdks\openjdk-17\bin\java.dll
0x00007ffe98cc0000 - 0x00007ffe98d96000 	C:\Users\Михаил\.jdks\openjdk-17\bin\svml.dll
0x00007ffebc390000 - 0x00007ffebd889000 	C:\Windows\System32\SHELL32.dll
0x00007ffebdd20000 - 0x00007ffebddc8000 	C:\Windows\System32\shcore.dll
0x00007ffebbb60000 - 0x00007ffebc2a8000 	C:\Windows\System32\windows.storage.dll
0x00007ffebb0d0000 - 0x00007ffebb0f4000 	C:\Windows\System32\profapi.dll
0x00007ffebb100000 - 0x00007ffebb15d000 	C:\Windows\System32\powrprof.dll
0x00007ffebd9f0000 - 0x00007ffebda42000 	C:\Windows\System32\shlwapi.dll
0x00007ffebb470000 - 0x00007ffebb487000 	C:\Windows\System32\cryptsp.dll
0x00007ffea9560000 - 0x00007ffea9579000 	C:\Users\Михаил\.jdks\openjdk-17\bin\net.dll
0x00007ffeaf090000 - 0x00007ffeaf181000 	C:\Windows\SYSTEM32\WINHTTP.dll
0x00007ffeba880000 - 0x00007ffeba8e7000 	C:\Windows\system32\mswsock.dll
0x00007ffea9220000 - 0x00007ffea9235000 	C:\Users\Михаил\.jdks\openjdk-17\bin\nio.dll
0x00007ffea77d0000 - 0x00007ffea77e8000 	C:\Users\Михаил\.jdks\openjdk-17\bin\zip.dll
0x0000013742ea0000 - 0x0000013742ea3000 	C:\Users\Михаил\.openjfx\cache\17.0.0.1\api-ms-win-core-console-l1-1-0.dll
0x0000013742eb0000 - 0x0000013742eb3000 	C:\Users\Михаил\.openjfx\cache\17.0.0.1\api-ms-win-core-console-l1-2-0.dll
0x0000013742ec0000 - 0x0000013742ec3000 	C:\Users\Михаил\.openjfx\cache\17.0.0.1\api-ms-win-core-datetime-l1-1-0.dll
0x0000013744e30000 - 0x0000013744e33000 	C:\Users\Михаил\.openjfx\cache\17.0.0.1\api-ms-win-core-debug-l1-1-0.dll
0x0000013744e40000 - 0x0000013744e43000 	C:\Users\Михаил\.openjfx\cache\17.0.0.1\api-ms-win-core-errorhandling-l1-1-0.dll
0x0000013744e50000 - 0x0000013744e54000 	C:\Users\Михаил\.openjfx\cache\17.0.0.1\api-ms-win-core-file-l1-1-0.dll
0x0000013744e60000 - 0x0000013744e63000 	C:\Users\Михаил\.openjfx\cache\17.0.0.1\api-ms-win-core-file-l1-2-0.dll
0x0000013744e70000 - 0x0000013744e73000 	C:\Users\Михаил\.openjfx\cache\17.0.0.1\api-ms-win-core-file-l2-1-0.dll
0x0000013764df0000 - 0x0000013764df3000 	C:\Users\Михаил\.openjfx\cache\17.0.0.1\api-ms-win-core-handle-l1-1-0.dll
0x0000013764e00000 - 0x0000013764e03000 	C:\Users\Михаил\.openjfx\cache\17.0.0.1\api-ms-win-core-heap-l1-1-0.dll
0x0000013764e10000 - 0x0000013764e13000 	C:\Users\Михаил\.openjfx\cache\17.0.0.1\api-ms-win-core-interlocked-l1-1-0.dll
0x0000013764e20000 - 0x0000013764e23000 	C:\Users\Михаил\.openjfx\cache\17.0.0.1\api-ms-win-core-libraryloader-l1-1-0.dll
0x0000013764e30000 - 0x0000013764e33000 	C:\Users\Михаил\.openjfx\cache\17.0.0.1\api-ms-win-core-localization-l1-2-0.dll
0x0000013764e40000 - 0x0000013764e43000 	C:\Users\Михаил\.openjfx\cache\17.0.0.1\api-ms-win-core-memory-l1-1-0.dll
0x0000013764e50000 - 0x0000013764e53000 	C:\Users\Михаил\.openjfx\cache\17.0.0.1\api-ms-win-core-namedpipe-l1-1-0.dll
0x0000013764e60000 - 0x0000013764e63000 	C:\Users\Михаил\.openjfx\cache\17.0.0.1\api-ms-win-core-processenvironment-l1-1-0.dll
0x0000013764e70000 - 0x0000013764e73000 	C:\Users\Михаил\.openjfx\cache\17.0.0.1\api-ms-win-core-processthreads-l1-1-0.dll
0x0000013764e80000 - 0x0000013764e83000 	C:\Users\Михаил\.openjfx\cache\17.0.0.1\api-ms-win-core-processthreads-l1-1-1.dll
0x0000013764e90000 - 0x0000013764e93000 	C:\Users\Михаил\.openjfx\cache\17.0.0.1\api-ms-win-core-profile-l1-1-0.dll
0x0000013764ea0000 - 0x0000013764ea3000 	C:\Users\Михаил\.openjfx\cache\17.0.0.1\api-ms-win-core-rtlsupport-l1-1-0.dll
0x0000013764eb0000 - 0x0000013764eb3000 	C:\Users\Михаил\.openjfx\cache\17.0.0.1\api-ms-win-core-string-l1-1-0.dll
0x0000013764ec0000 - 0x0000013764ec3000 	C:\Users\Михаил\.openjfx\cache\17.0.0.1\api-ms-win-core-synch-l1-1-0.dll
0x0000013764ed0000 - 0x0000013764ed3000 	C:\Users\Михаил\.openjfx\cache\17.0.0.1\api-ms-win-core-synch-l1-2-0.dll
0x0000013764ee0000 - 0x0000013764ee3000 	C:\Users\Михаил\.openjfx\cache\17.0.0.1\api-ms-win-core-sysinfo-l1-1-0.dll
0x0000013764ef0000 - 0x0000013764ef3000 	C:\Users\Михаил\.openjfx\cache\17.0.0.1\api-ms-win-core-timezone-l1-1-0.dll
0x0000013764f00000 - 0x0000013764f03000 	C:\Users\Михаил\.openjfx\cache\17.0.0.1\api-ms-win-core-util-l1-1-0.dll
0x0000013764f10000 - 0x0000013764f13000 	C:\Users\Михаил\.openjfx\cache\17.0.0.1\api-ms-win-crt-conio-l1-1-0.dll
0x0000013764f20000 - 0x0000013764f24000 	C:\Users\Михаил\.openjfx\cache\17.0.0.1\api-ms-win-crt-convert-l1-1-0.dll
0x0000013764f30000 - 0x0000013764f33000 	C:\Users\Михаил\.openjfx\cache\17.0.0.1\api-ms-win-crt-environment-l1-1-0.dll
0x0000013764f40000 - 0x0000013764f43000 	C:\Users\Михаил\.openjfx\cache\17.0.0.1\api-ms-win-crt-filesystem-l1-1-0.dll
0x0000013764f50000 - 0x0000013764f53000 	C:\Users\Михаил\.openjfx\cache\17.0.0.1\api-ms-win-crt-heap-l1-1-0.dll
0x0000013764f60000 - 0x0000013764f63000 	C:\Users\Михаил\.openjfx\cache\17.0.0.1\api-ms-win-crt-locale-l1-1-0.dll
0x0000013764f70000 - 0x0000013764f75000 	C:\Users\Михаил\.openjfx\cache\17.0.0.1\api-ms-win-crt-math-l1-1-0.dll
0x0000013764f80000 - 0x0000013764f85000 	C:\Users\Михаил\.openjfx\cache\17.0.0.1\api-ms-win-crt-multibyte-l1-1-0.dll
0x0000013764f90000 - 0x0000013764fa0000 	C:\Users\Михаил\.openjfx\cache\17.0.0.1\api-ms-win-crt-private-l1-1-0.dll
0x0000013764fa0000 - 0x0000013764fa3000 	C:\Users\Михаил\.openjfx\cache\17.0.0.1\api-ms-win-crt-process-l1-1-0.dll
0x0000013764fb0000 - 0x0000013764fb4000 	C:\Users\Михаил\.openjfx\cache\17.0.0.1\api-ms-win-crt-runtime-l1-1-0.dll
0x0000013764fc0000 - 0x0000013764fc4000 	C:\Users\Михаил\.openjfx\cache\17.0.0.1\api-ms-win-crt-stdio-l1-1-0.dll
0x0000013764fd0000 - 0x0000013764fd4000 	C:\Users\Михаил\.openjfx\cache\17.0.0.1\api-ms-win-crt-string-l1-1-0.dll
0x0000013764fe0000 - 0x0000013764fe3000 	C:\Users\Михаил\.openjfx\cache\17.0.0.1\api-ms-win-crt-time-l1-1-0.dll
0x0000013764ff0000 - 0x0000013764ff3000 	C:\Users\Михаил\.openjfx\cache\17.0.0.1\api-ms-win-crt-utility-l1-1-0.dll
0x00007ffe91c30000 - 0x00007ffe91d2c000 	C:\Users\Михаил\.openjfx\cache\17.0.0.1\ucrtbase.dll
0x00007ffe9fb30000 - 0x00007ffe9fb4a000 	C:\Users\Михаил\.openjfx\cache\17.0.0.1\vcruntime140.dll
0x00007ffea0630000 - 0x00007ffea063c000 	C:\Users\Михаил\.openjfx\cache\17.0.0.1\vcruntime140_1.dll
0x00007ffe98c30000 - 0x00007ffe98cbd000 	C:\Users\Михаил\.openjfx\cache\17.0.0.1\msvcp140.dll
0x00007ffe9ceb0000 - 0x00007ffe9ceda000 	C:\Users\Михаил\.openjfx\cache\17.0.0.1\prism_d3d.dll
0x00007ffeaca10000 - 0x00007ffeacbae000 	C:\Windows\system32\d3d9.dll
0x00007ffeb9540000 - 0x00007ffeb956e000 	C:\Windows\SYSTEM32\dwmapi.dll
0x00007ffebb830000 - 0x00007ffebba25000 	C:\Windows\System32\CRYPT32.dll
0x00007ffebb0b0000 - 0x00007ffebb0c2000 	C:\Windows\System32\MSASN1.dll
0x00007ffeb9120000 - 0x00007ffeb91bc000 	C:\Windows\system32\uxtheme.dll
0x00007ffeb4800000 - 0x00007ffeb49c3000 	C:\Windows\System32\DriverStore\FileRepository\u0370422.inf_amd64_eb7af3b5d27ab4a4\B370390\aticfx64.dll
0x00007ffeac9d0000 - 0x00007ffeaca03000 	C:\Windows\System32\DriverStore\FileRepository\u0370422.inf_amd64_eb7af3b5d27ab4a4\B370390\atiu9p64.dll
0x00007ffe8fbb0000 - 0x00007ffe908fc000 	C:\Windows\System32\DriverStore\FileRepository\u0370422.inf_amd64_eb7af3b5d27ab4a4\B370390\atiumd64.dll
0x00007ffebd890000 - 0x00007ffebd9e6000 	C:\Windows\System32\ole32.dll
0x00007ffeb0980000 - 0x00007ffeb09b0000 	C:\Windows\SYSTEM32\amdihk64.dll
0x00007ffe97450000 - 0x00007ffe97492000 	C:\Users\Михаил\.openjfx\cache\17.0.0.1\glass.dll
0x00007ffebdfa0000 - 0x00007ffebe0c7000 	C:\Windows\System32\COMDLG32.dll
0x00007ffebed10000 - 0x00007ffebedd4000 	C:\Windows\System32\OLEAUT32.dll
0x00007ffebef30000 - 0x00007ffebf09b000 	C:\Windows\System32\MSCTF.dll

dbghelp: loaded successfully - version: 4.0.5 - missing functions: none
symbol engine: initialized successfully - sym options: 0x614 - pdb path: .;C:\Users\Михаил\.jdks\openjdk-17\bin;C:\Windows\SYSTEM32;C:\Windows\WinSxS\amd64_microsoft.windows.common-controls_6595b64144ccf1df_6.0.17763.2928_none_de6f2d70534d3d29;C:\Users\Михаил\.jdks\openjdk-17\bin\server;C:\Users\Михаил\.openjfx\cache\17.0.0.1;C:\Windows\System32\DriverStore\FileRepository\u0370422.inf_amd64_eb7af3b5d27ab4a4\B370390

VM Arguments:
jvm_args: -javaagent:C:\Users\Михаил\AppData\Local\JetBrains\Toolbox\apps\IDEA-U\ch-0\212.5457.46\lib\idea_rt.jar=55847:C:\Users\Михаил\AppData\Local\JetBrains\Toolbox\apps\IDEA-U\ch-0\212.5457.46\bin -Dfile.encoding=UTF-8 --module-path=C:\Users\Михаил\IdeaProjects\kyrs_project1\target\classes;C:\Users\Михаил\.m2\repository\org\openjfx\javafx-web\17.0.0.1\javafx-web-17.0.0.1-win.jar;C:\Users\Михаил\.m2\repository\org\openjfx\javafx-fxml\17.0.0.1\javafx-fxml-17.0.0.1-win.jar;C:\Users\Михаил\.m2\repository\org\openjfx\javafx-controls\17.0.0.1\javafx-controls-17.0.0.1-win.jar;C:\Users\Михаил\.m2\repository\org\controlsfx\controlsfx\11.1.0\controlsfx-11.1.0.jar;C:\Users\Михаил\.m2\repository\org\kordamp\ikonli\ikonli-javafx\12.2.0\ikonli-javafx-12.2.0.jar;C:\Users\Михаил\.m2\repository\org\openjfx\javafx-base\17.0.0.1\javafx-base-17.0.0.1-win.jar;C:\Users\Михаил\.m2\repository\org\openjfx\javafx-media\17.0.0.1\javafx-media-17.0.0.1-win.jar;C:\Users\Михаил\.m2\repository\org\kordamp\bootstrapfx\bootstrapfx-core\0.4.0\bootstrapfx-core-0.4.0.jar;C:\Users\Михаил\.m2\repository\org\kordamp\ikonli\ikonli-core\12.2.0\ikonli-core-12.2.0.jar;C:\Users\Михаил\.m2\repository\eu\hansolo\tilesfx\11.48\tilesfx-11.48.jar;C:\Users\Михаил\.m2\repository\net\synedra\validatorfx\0.1.13\validatorfx-0.1.13.jar;C:\Users\Михаил\.m2\repository\com\dlsc\formsfx\formsfx-core\11.3.2\formsfx-core-11.3.2.jar;C:\Users\Михаил\.m2\repository\org\openjfx\javafx-graphics\17.0.0.1\javafx-graphics-17.0.0.1-win.jar -Djdk.module.main=com.example.kyrs_project1 
java_command: com.example.kyrs_project1/com.example.kyrs_project1.Application
java_class_path (initial): C:\Users\Михаил\.m2\repository\mysql\mysql-connector-java\8.0.25\mysql-connector-java-8.0.25.jar;C:\Users\Михаил\.m2\repository\com\google\protobuf\protobuf-java\3.11.4\protobuf-java-3.11.4.jar;C:\Users\Михаил\.m2\repository\org\openjfx\javafx-controls\17.0.0.1\javafx-controls-17.0.0.1.jar;C:\Users\Михаил\.m2\repository\org\openjfx\javafx-graphics\17.0.0.1\javafx-graphics-17.0.0.1.jar;C:\Users\Михаил\.m2\repository\org\openjfx\javafx-base\17.0.0.1\javafx-base-17.0.0.1.jar;C:\Users\Михаил\.m2\repository\org\openjfx\javafx-fxml\17.0.0.1\javafx-fxml-17.0.0.1.jar;C:\Users\Михаил\.m2\repository\org\openjfx\javafx-web\17.0.0.1\javafx-web-17.0.0.1.jar;C:\Users\Михаил\.m2\repository\org\openjfx\javafx-media\17.0.0.1\javafx-media-17.0.0.1.jar
Launcher Type: SUN_STANDARD

[Global flags]
     intx CICompilerCount                          = 12                                        {product} {ergonomic}
     uint ConcGCThreads                            = 3                                         {product} {ergonomic}
     uint G1ConcRefinementThreads                  = 13                                        {product} {ergonomic}
   size_t G1HeapRegionSize                         = 2097152                                   {product} {ergonomic}
    uintx GCDrainStackTargetSize                   = 64                                        {product} {ergonomic}
   size_t InitialHeapSize                          = 165675008                                 {product} {ergonomic}
   size_t MarkStackSize                            = 4194304                                   {product} {ergonomic}
   size_t MaxHeapSize                              = 2648702976                                {product} {ergonomic}
   size_t MaxNewSize                               = 1587544064                                {product} {ergonomic}
   size_t MinHeapDeltaBytes                        = 2097152                                   {product} {ergonomic}
   size_t MinHeapSize                              = 8388608                                   {product} {ergonomic}
    uintx NonNMethodCodeHeapSize                   = 7602480                                {pd product} {ergonomic}
    uintx NonProfiledCodeHeapSize                  = 122027880                              {pd product} {ergonomic}
    uintx ProfiledCodeHeapSize                     = 122027880                              {pd product} {ergonomic}
    uintx ReservedCodeCacheSize                    = 251658240                              {pd product} {ergonomic}
     bool SegmentedCodeCache                       = true                                      {product} {ergonomic}
   size_t SoftMaxHeapSize                          = 2648702976                             {manageable} {ergonomic}
     bool UseCompressedClassPointers               = true                           {product lp64_product} {ergonomic}
     bool UseCompressedOops                        = true                           {product lp64_product} {ergonomic}
     bool UseG1GC                                  = true                                      {product} {ergonomic}
     bool UseLargePagesIndividualAllocation        = false                                  {pd product} {ergonomic}

Logging:
Log output configuration:
 #0: stdout all=warning uptime,level,tags
 #1: stderr all=off uptime,level,tags

Environment Variables:
PATH=C:\Program Files (x86)\Common Files\Oracle\Java\javapath;C:\Windows\system32;C:\Windows;C:\Windows\System32\Wbem;C:\Windows\System32\WindowsPowerShell\v1.0\;C:\Program Files\PuTTY\;C:\Program Files\Git\cmd;C:\Users\Михаил\пютхон\Scripts\;C:\Users\Михаил\пютхон\;C:\Users\Михаил\AppData\Local\Microsoft\WindowsApps;C:\Program Files\JetBrains\DataGrip 2022.1.4\bin
USERNAME=Михаил
OS=Windows_NT
PROCESSOR_IDENTIFIER=AMD64 Family 23 Model 104 Stepping 1, AuthenticAMD



---------------  S Y S T E M  ---------------

OS:
 Windows 10 , 64 bit Build 17763 (10.0.17763.2928)
OS uptime: 0 days 5:19 hours

CPU: total 16 (initial active 16) (16 cores per cpu, 2 threads per core) family 23 model 104 stepping 1 microcode 0x0, cx8, cmov, fxsr, ht, mmx, 3dnowpref, sse, sse2, sse3, ssse3, sse4a, sse4.1, sse4.2, popcnt, lzcnt, tsc, tscinvbit, avx, avx2, aes, clmul, bmi1, bmi2, adx, sha, fma, vzeroupper, clflush, clflushopt

Memory: 4k page, system-wide physical 10101M (1842M free)
TotalPageFile size 10101M (AvailPageFile size 9M)
current process WorkingSet (physical memory assigned to process): 95M, peak: 95M
current process commit charge ("private bytes"): 285M, peak: 293M

vm_info: OpenJDK 64-Bit Server VM (17+35-2724) for windows-amd64 JRE (17+35-2724), built on Aug  5 2021 23:26:02 by "mach5one" with MS VC++ 16.8 (VS2019)

END.
