#
# There is insufficient memory for the Java Runtime Environment to continue.
# Native memory allocation (malloc) failed to allocate 760656 bytes for Chunk::new
# Possible reasons:
#   The system is out of physical RAM or swap space
#   The process is running with CompressedOops enabled, and the Java Heap may be blocking the growth of the native heap
# Possible solutions:
#   Reduce memory load on the system
#   Increase physical memory or swap space
#   Check if swap backing store is full
#   Decrease Java heap size (-Xmx/-Xms)
#   Decrease number of Java threads
#   Decrease Java thread stack sizes (-Xss)
#   Set larger code cache with -XX:ReservedCodeCacheSize=
#   JVM is running with Zero Based Compressed Oops mode in which the Java heap is
#     placed in the first 32GB address space. The Java Heap base address is the
#     maximum limit for the native heap growth. Please use -XX:HeapBaseMinAddress
#     to set the Java Heap base and to place the Java Heap above 32GB virtual address.
# This output file may be truncated or incomplete.
#
#  Out of Memory Error (arena.cpp:189), pid=11380, tid=5384
#
# JRE version: OpenJDK Runtime Environment (17.0+35) (build 17+35-2724)
# Java VM: OpenJDK 64-Bit Server VM (17+35-2724, mixed mode, sharing, tiered, compressed oops, compressed class ptrs, g1 gc, windows-amd64)
# No core dump will be written. Minidumps are not enabled by default on client versions of Windows
#

---------------  S U M M A R Y ------------

Command Line: -javaagent:C:\Users\Михаил\AppData\Local\JetBrains\Toolbox\apps\IDEA-U\ch-0\212.5457.46\lib\idea_rt.jar=65065:C:\Users\Михаил\AppData\Local\JetBrains\Toolbox\apps\IDEA-U\ch-0\212.5457.46\bin -Dfile.encoding=UTF-8 --module-path=C:\Users\Михаил\.m2\repository\org\openjfx\javafx-graphics\17.0.0.1\javafx-graphics-17.0.0.1-win.jar;C:\Users\Михаил\.m2\repository\org\openjfx\javafx-base\17.0.0.1\javafx-base-17.0.0.1-win.jar;C:\Users\Михаил\.m2\repository\org\openjfx\javafx-controls\17.0.0.1\javafx-controls-17.0.0.1-win.jar;C:\Users\Михаил\.m2\repository\net\synedra\validatorfx\0.1.13\validatorfx-0.1.13.jar;C:\Users\Михаил\.m2\repository\org\kordamp\ikonli\ikonli-javafx\12.2.0\ikonli-javafx-12.2.0.jar;C:\Users\Михаил\.m2\repository\eu\hansolo\tilesfx\11.48\tilesfx-11.48.jar;C:\Users\Михаил\.m2\repository\org\openjfx\javafx-fxml\17.0.0.1\javafx-fxml-17.0.0.1-win.jar;C:\Users\Михаил\.m2\repository\org\controlsfx\controlsfx\11.1.0\controlsfx-11.1.0.jar;C:\Users\Михаил\.m2\repository\org\openjfx\javafx-web\17.0.0.1\javafx-web-17.0.0.1-win.jar;C:\Users\Михаил\.m2\repository\org\kordamp\ikonli\ikonli-core\12.2.0\ikonli-core-12.2.0.jar;C:\Users\Михаил\IdeaProjects\kyrs_project1\target\classes;C:\Users\Михаил\.m2\repository\org\openjfx\javafx-media\17.0.0.1\javafx-media-17.0.0.1-win.jar;C:\Users\Михаил\.m2\repository\com\dlsc\formsfx\formsfx-core\11.3.2\formsfx-core-11.3.2.jar;C:\Users\Михаил\.m2\repository\org\kordamp\bootstrapfx\bootstrapfx-core\0.4.0\bootstrapfx-core-0.4.0.jar -Djdk.module.main=com.example.kyrs_project1 com.example.kyrs_project1/com.example.kyrs_project1.Application

Host: AMD Ryzen 7 5700U with Radeon Graphics         , 16 cores, 9G,  Windows 10 , 64 bit Build 17763 (10.0.17763.2928)
Time: Tue Jul  5 20:19:00 2022 RTZ 2 (зима) elapsed time: 0.965437 seconds (0d 0h 0m 0s)

---------------  T H R E A D  ---------------

Current thread (0x000001972b9bec30):  JavaThread "C2 CompilerThread3" daemon [_thread_in_native, id=5384, stack(0x0000007120000000,0x0000007120100000)]


Current CompileTask:
C2:    965 1412   !   4       com.sun.javafx.css.ParsedValueImpl::readBinary (688 bytes)

Stack: [0x0000007120000000,0x0000007120100000]
Native frames: (J=compiled Java code, j=interpreted, Vv=VM code, C=native code)
V  [jvm.dll+0x66f8ea]
V  [jvm.dll+0x7ce224]
V  [jvm.dll+0x7cf9ce]
V  [jvm.dll+0x7d0033]
V  [jvm.dll+0x242bb5]
V  [jvm.dll+0xaa05b]
V  [jvm.dll+0xaa5ec]
V  [jvm.dll+0x2a954f]
V  [jvm.dll+0x5784b9]
V  [jvm.dll+0x21de2d]
V  [jvm.dll+0x217789]
V  [jvm.dll+0x214fb5]
V  [jvm.dll+0x1a168d]
V  [jvm.dll+0x2248f8]
V  [jvm.dll+0x222a5c]
V  [jvm.dll+0x78422b]
V  [jvm.dll+0x77e7ea]
V  [jvm.dll+0x66e715]
C  [ucrtbase.dll+0x2268a]
C  [KERNEL32.DLL+0x17974]
C  [ntdll.dll+0x5a2f1]


---------------  P R O C E S S  ---------------

Threads class SMR info:
_java_thread_list=0x000001972bf52960, length=24, elements={
0x000001970ae54f00, 0x000001972abe3430, 0x000001972abe45d0, 0x000001972abf4500,
0x000001972abf4fc0, 0x000001972abf76c0, 0x000001972abfece0, 0x000001972ac008e0,
0x000001972ac0ba40, 0x000001972ac69270, 0x000001972b8478d0, 0x000001970af1bd10,
0x000001972b914b70, 0x000001972b9878d0, 0x000001972b9898b0, 0x000001972b989dc0,
0x000001972b9bec30, 0x000001972ca45b90, 0x000001972c6cb230, 0x000001972c7ae1b0,
0x000001972c2c8030, 0x000001972cfe30b0, 0x000001972c5f5da0, 0x000001972c8cbdf0
}

Java Threads: ( => current thread )
  0x000001970ae54f00 JavaThread "main" [_thread_blocked, id=10836, stack(0x000000711ea00000,0x000000711eb00000)]
  0x000001972abe3430 JavaThread "Reference Handler" daemon [_thread_blocked, id=12104, stack(0x000000711f100000,0x000000711f200000)]
  0x000001972abe45d0 JavaThread "Finalizer" daemon [_thread_blocked, id=1804, stack(0x000000711f200000,0x000000711f300000)]
  0x000001972abf4500 JavaThread "Signal Dispatcher" daemon [_thread_blocked, id=5600, stack(0x000000711f300000,0x000000711f400000)]
  0x000001972abf4fc0 JavaThread "Attach Listener" daemon [_thread_blocked, id=3576, stack(0x000000711f400000,0x000000711f500000)]
  0x000001972abf76c0 JavaThread "Service Thread" daemon [_thread_blocked, id=12260, stack(0x000000711f500000,0x000000711f600000)]
  0x000001972abfece0 JavaThread "Monitor Deflation Thread" daemon [_thread_blocked, id=12156, stack(0x000000711f600000,0x000000711f700000)]
  0x000001972ac008e0 JavaThread "C2 CompilerThread0" daemon [_thread_in_native, id=9104, stack(0x000000711f700000,0x000000711f800000)]
  0x000001972ac0ba40 JavaThread "C1 CompilerThread0" daemon [_thread_in_vm, id=9728, stack(0x000000711f800000,0x000000711f900000)]
  0x000001972ac69270 JavaThread "Sweeper thread" daemon [_thread_blocked, id=12204, stack(0x000000711f900000,0x000000711fa00000)]
  0x000001972b8478d0 JavaThread "C1 CompilerThread1" daemon [_thread_blocked, id=11876, stack(0x000000711fa00000,0x000000711fb00000)]
  0x000001970af1bd10 JavaThread "Common-Cleaner" daemon [_thread_blocked, id=8348, stack(0x000000711fb00000,0x000000711fc00000)]
  0x000001972b914b70 JavaThread "C1 CompilerThread2" daemon [_thread_blocked, id=7516, stack(0x000000711fc00000,0x000000711fd00000)]
  0x000001972b9878d0 JavaThread "C1 CompilerThread3" daemon [_thread_blocked, id=9604, stack(0x000000711fd00000,0x000000711fe00000)]
  0x000001972b9898b0 JavaThread "C2 CompilerThread1" daemon [_thread_blocked, id=3544, stack(0x000000711fe00000,0x000000711ff00000)]
  0x000001972b989dc0 JavaThread "C2 CompilerThread2" daemon [_thread_blocked, id=2692, stack(0x000000711ff00000,0x0000007120000000)]
=>0x000001972b9bec30 JavaThread "C2 CompilerThread3" daemon [_thread_in_native, id=5384, stack(0x0000007120000000,0x0000007120100000)]
  0x000001972ca45b90 JavaThread "Monitor Ctrl-Break" daemon [_thread_in_native, id=10344, stack(0x0000007120200000,0x0000007120300000)]
  0x000001972c6cb230 JavaThread "Notification Thread" daemon [_thread_blocked, id=9744, stack(0x0000007120300000,0x0000007120400000)]
  0x000001972c7ae1b0 JavaThread "QuantumRenderer-0" daemon [_thread_blocked, id=9052, stack(0x0000007120100000,0x0000007120200000)]
  0x000001972c2c8030 JavaThread "InvokeLaterDispatcher" daemon [_thread_blocked, id=6752, stack(0x0000007120700000,0x0000007120800000)]
  0x000001972cfe30b0 JavaThread "JavaFX Application Thread" [_thread_in_native, id=3092, stack(0x0000007120800000,0x0000007120900000)]
  0x000001972c5f5da0 JavaThread "Thread-1" daemon [_thread_in_native, id=12252, stack(0x0000007120900000,0x0000007120a00000)]
  0x000001972c8cbdf0 JavaThread "JavaFX-Launcher" [_thread_blocked, id=2696, stack(0x0000007120a00000,0x0000007120b00000)]

Other Threads:
  0x000001972abdbc30 VMThread "VM Thread" [stack: 0x000000711f000000,0x000000711f100000] [id=7084]
  0x000001972c014670 WatcherThread [stack: 0x0000007120400000,0x0000007120500000] [id=11444]
  0x000001970ae925d0 GCTaskThread "GC Thread#0" [stack: 0x000000711eb00000,0x000000711ec00000] [id=3208]
  0x000001972bec67c0 GCTaskThread "GC Thread#1" [stack: 0x0000007120b00000,0x0000007120c00000] [id=10656]
  0x000001972c8c9840 GCTaskThread "GC Thread#2" [stack: 0x0000007120c00000,0x0000007120d00000] [id=8704]
  0x000001972c8c9af0 GCTaskThread "GC Thread#3" [stack: 0x0000007120d00000,0x0000007120e00000] [id=10592]
  0x000001972c5b50e0 GCTaskThread "GC Thread#4" [stack: 0x0000007120e00000,0x0000007120f00000] [id=3660]
  0x000001972c5b5fb0 GCTaskThread "GC Thread#5" [stack: 0x0000007120f00000,0x0000007121000000] [id=3112]
  0x000001970ae9e200 ConcurrentGCThread "G1 Main Marker" [stack: 0x000000711ec00000,0x000000711ed00000] [id=11992]
  0x000001970aea06f0 ConcurrentGCThread "G1 Conc#0" [stack: 0x000000711ed00000,0x000000711ee00000] [id=12032]
  0x000001970af07ab0 ConcurrentGCThread "G1 Refine#0" [stack: 0x000000711ee00000,0x000000711ef00000] [id=11508]
  0x000001972aab1600 ConcurrentGCThread "G1 Service" [stack: 0x000000711ef00000,0x000000711f000000] [id=2924]

Threads with active compile tasks:
C2 CompilerThread3      981 1412   !   4       com.sun.javafx.css.ParsedValueImpl::readBinary (688 bytes)

VM state: not at safepoint (normal execution)

VM Mutex/Monitor currently owned by a thread: None

Heap address: 0x0000000762200000, size: 2526 MB, Compressed Oops mode: Zero based, Oop shift amount: 3

CDS archive(s) mapped at: [0x0000000800000000-0x0000000800bc0000-0x0000000800bc0000), size 12320768, SharedBaseAddress: 0x0000000800000000, ArchiveRelocationMode: 0.
Compressed class space mapped at: 0x0000000800c00000-0x0000000840c00000, reserved size: 1073741824
Narrow klass base: 0x0000000800000000, Narrow klass shift: 0, Narrow klass range: 0x100000000

GC Precious Log:
 CPUs: 16 total, 16 available
 Memory: 10101M
 Large Page Support: Disabled
 NUMA Support: Disabled
 Compressed Oops: Enabled (Zero based)
 Heap Region Size: 2M
 Heap Min Capacity: 8M
 Heap Initial Capacity: 158M
 Heap Max Capacity: 2526M
 Pre-touch: Disabled
 Parallel Workers: 13
 Concurrent Workers: 3
 Concurrent Refinement Workers: 13
 Periodic GC: Disabled

Heap:
 garbage-first heap   total 161792K, used 21046K [0x0000000762200000, 0x0000000800000000)
  region size 2048K, 13 young (26624K), 2 survivors (4096K)
 Metaspace       used 9542K, committed 9728K, reserved 1064960K
  class space    used 1259K, committed 1344K, reserved 1048576K

Heap Regions: E=young(eden), S=young(survivor), O=old, HS=humongous(starts), HC=humongous(continues), CS=collection set, F=free, OA=open archive, CA=closed archive, TAMS=top-at-mark-start (previous, next)
|   0|0x0000000762200000, 0x0000000762200000, 0x0000000762400000|  0%| F|  |TAMS 0x0000000762200000, 0x0000000762200000| Untracked 
|   1|0x0000000762400000, 0x0000000762400000, 0x0000000762600000|  0%| F|  |TAMS 0x0000000762400000, 0x0000000762400000| Untracked 
|   2|0x0000000762600000, 0x0000000762600000, 0x0000000762800000|  0%| F|  |TAMS 0x0000000762600000, 0x0000000762600000| Untracked 
|   3|0x0000000762800000, 0x0000000762800000, 0x0000000762a00000|  0%| F|  |TAMS 0x0000000762800000, 0x0000000762800000| Untracked 
|   4|0x0000000762a00000, 0x0000000762a00000, 0x0000000762c00000|  0%| F|  |TAMS 0x0000000762a00000, 0x0000000762a00000| Untracked 
|   5|0x0000000762c00000, 0x0000000762c00000, 0x0000000762e00000|  0%| F|  |TAMS 0x0000000762c00000, 0x0000000762c00000| Untracked 
|   6|0x0000000762e00000, 0x0000000762e00000, 0x0000000763000000|  0%| F|  |TAMS 0x0000000762e00000, 0x0000000762e00000| Untracked 
|   7|0x0000000763000000, 0x0000000763000000, 0x0000000763200000|  0%| F|  |TAMS 0x0000000763000000, 0x0000000763000000| Untracked 
|   8|0x0000000763200000, 0x0000000763200000, 0x0000000763400000|  0%| F|  |TAMS 0x0000000763200000, 0x0000000763200000| Untracked 
|   9|0x0000000763400000, 0x0000000763400000, 0x0000000763600000|  0%| F|  |TAMS 0x0000000763400000, 0x0000000763400000| Untracked 
|  10|0x0000000763600000, 0x0000000763600000, 0x0000000763800000|  0%| F|  |TAMS 0x0000000763600000, 0x0000000763600000| Untracked 
|  11|0x0000000763800000, 0x0000000763800000, 0x0000000763a00000|  0%| F|  |TAMS 0x0000000763800000, 0x0000000763800000| Untracked 
|  12|0x0000000763a00000, 0x0000000763a00000, 0x0000000763c00000|  0%| F|  |TAMS 0x0000000763a00000, 0x0000000763a00000| Untracked 
|  13|0x0000000763c00000, 0x0000000763c00000, 0x0000000763e00000|  0%| F|  |TAMS 0x0000000763c00000, 0x0000000763c00000| Untracked 
|  14|0x0000000763e00000, 0x0000000763e00000, 0x0000000764000000|  0%| F|  |TAMS 0x0000000763e00000, 0x0000000763e00000| Untracked 
|  15|0x0000000764000000, 0x0000000764000000, 0x0000000764200000|  0%| F|  |TAMS 0x0000000764000000, 0x0000000764000000| Untracked 
|  16|0x0000000764200000, 0x0000000764200000, 0x0000000764400000|  0%| F|  |TAMS 0x0000000764200000, 0x0000000764200000| Untracked 
|  17|0x0000000764400000, 0x0000000764400000, 0x0000000764600000|  0%| F|  |TAMS 0x0000000764400000, 0x0000000764400000| Untracked 
|  18|0x0000000764600000, 0x0000000764600000, 0x0000000764800000|  0%| F|  |TAMS 0x0000000764600000, 0x0000000764600000| Untracked 
|  19|0x0000000764800000, 0x0000000764800000, 0x0000000764a00000|  0%| F|  |TAMS 0x0000000764800000, 0x0000000764800000| Untracked 
|  20|0x0000000764a00000, 0x0000000764a00000, 0x0000000764c00000|  0%| F|  |TAMS 0x0000000764a00000, 0x0000000764a00000| Untracked 
|  21|0x0000000764c00000, 0x0000000764c00000, 0x0000000764e00000|  0%| F|  |TAMS 0x0000000764c00000, 0x0000000764c00000| Untracked 
|  22|0x0000000764e00000, 0x0000000764e00000, 0x0000000765000000|  0%| F|  |TAMS 0x0000000764e00000, 0x0000000764e00000| Untracked 
|  23|0x0000000765000000, 0x0000000765000000, 0x0000000765200000|  0%| F|  |TAMS 0x0000000765000000, 0x0000000765000000| Untracked 
|  24|0x0000000765200000, 0x0000000765200000, 0x0000000765400000|  0%| F|  |TAMS 0x0000000765200000, 0x0000000765200000| Untracked 
|  25|0x0000000765400000, 0x0000000765400000, 0x0000000765600000|  0%| F|  |TAMS 0x0000000765400000, 0x0000000765400000| Untracked 
|  26|0x0000000765600000, 0x0000000765600000, 0x0000000765800000|  0%| F|  |TAMS 0x0000000765600000, 0x0000000765600000| Untracked 
|  27|0x0000000765800000, 0x0000000765800000, 0x0000000765a00000|  0%| F|  |TAMS 0x0000000765800000, 0x0000000765800000| Untracked 
|  28|0x0000000765a00000, 0x0000000765a00000, 0x0000000765c00000|  0%| F|  |TAMS 0x0000000765a00000, 0x0000000765a00000| Untracked 
|  29|0x0000000765c00000, 0x0000000765c00000, 0x0000000765e00000|  0%| F|  |TAMS 0x0000000765c00000, 0x0000000765c00000| Untracked 
|  30|0x0000000765e00000, 0x0000000765e00000, 0x0000000766000000|  0%| F|  |TAMS 0x0000000765e00000, 0x0000000765e00000| Untracked 
|  31|0x0000000766000000, 0x0000000766000000, 0x0000000766200000|  0%| F|  |TAMS 0x0000000766000000, 0x0000000766000000| Untracked 
|  32|0x0000000766200000, 0x0000000766200000, 0x0000000766400000|  0%| F|  |TAMS 0x0000000766200000, 0x0000000766200000| Untracked 
|  33|0x0000000766400000, 0x0000000766400000, 0x0000000766600000|  0%| F|  |TAMS 0x0000000766400000, 0x0000000766400000| Untracked 
|  34|0x0000000766600000, 0x0000000766600000, 0x0000000766800000|  0%| F|  |TAMS 0x0000000766600000, 0x0000000766600000| Untracked 
|  35|0x0000000766800000, 0x0000000766800000, 0x0000000766a00000|  0%| F|  |TAMS 0x0000000766800000, 0x0000000766800000| Untracked 
|  36|0x0000000766a00000, 0x0000000766a00000, 0x0000000766c00000|  0%| F|  |TAMS 0x0000000766a00000, 0x0000000766a00000| Untracked 
|  37|0x0000000766c00000, 0x0000000766c00000, 0x0000000766e00000|  0%| F|  |TAMS 0x0000000766c00000, 0x0000000766c00000| Untracked 
|  38|0x0000000766e00000, 0x0000000766e00000, 0x0000000767000000|  0%| F|  |TAMS 0x0000000766e00000, 0x0000000766e00000| Untracked 
|  39|0x0000000767000000, 0x0000000767000000, 0x0000000767200000|  0%| F|  |TAMS 0x0000000767000000, 0x0000000767000000| Untracked 
|  40|0x0000000767200000, 0x0000000767200000, 0x0000000767400000|  0%| F|  |TAMS 0x0000000767200000, 0x0000000767200000| Untracked 
|  41|0x0000000767400000, 0x0000000767400000, 0x0000000767600000|  0%| F|  |TAMS 0x0000000767400000, 0x0000000767400000| Untracked 
|  42|0x0000000767600000, 0x0000000767600000, 0x0000000767800000|  0%| F|  |TAMS 0x0000000767600000, 0x0000000767600000| Untracked 
|  43|0x0000000767800000, 0x0000000767800000, 0x0000000767a00000|  0%| F|  |TAMS 0x0000000767800000, 0x0000000767800000| Untracked 
|  44|0x0000000767a00000, 0x0000000767a00000, 0x0000000767c00000|  0%| F|  |TAMS 0x0000000767a00000, 0x0000000767a00000| Untracked 
|  45|0x0000000767c00000, 0x0000000767c00000, 0x0000000767e00000|  0%| F|  |TAMS 0x0000000767c00000, 0x0000000767c00000| Untracked 
|  46|0x0000000767e00000, 0x0000000767e00000, 0x0000000768000000|  0%| F|  |TAMS 0x0000000767e00000, 0x0000000767e00000| Untracked 
|  47|0x0000000768000000, 0x0000000768000000, 0x0000000768200000|  0%| F|  |TAMS 0x0000000768000000, 0x0000000768000000| Untracked 
|  48|0x0000000768200000, 0x0000000768200000, 0x0000000768400000|  0%| F|  |TAMS 0x0000000768200000, 0x0000000768200000| Untracked 
|  49|0x0000000768400000, 0x0000000768400000, 0x0000000768600000|  0%| F|  |TAMS 0x0000000768400000, 0x0000000768400000| Untracked 
|  50|0x0000000768600000, 0x0000000768600000, 0x0000000768800000|  0%| F|  |TAMS 0x0000000768600000, 0x0000000768600000| Untracked 
|  51|0x0000000768800000, 0x0000000768800000, 0x0000000768a00000|  0%| F|  |TAMS 0x0000000768800000, 0x0000000768800000| Untracked 
|  52|0x0000000768a00000, 0x0000000768a00000, 0x0000000768c00000|  0%| F|  |TAMS 0x0000000768a00000, 0x0000000768a00000| Untracked 
|  53|0x0000000768c00000, 0x0000000768c00000, 0x0000000768e00000|  0%| F|  |TAMS 0x0000000768c00000, 0x0000000768c00000| Untracked 
|  54|0x0000000768e00000, 0x0000000768e00000, 0x0000000769000000|  0%| F|  |TAMS 0x0000000768e00000, 0x0000000768e00000| Untracked 
|  55|0x0000000769000000, 0x0000000769000000, 0x0000000769200000|  0%| F|  |TAMS 0x0000000769000000, 0x0000000769000000| Untracked 
|  56|0x0000000769200000, 0x0000000769200000, 0x0000000769400000|  0%| F|  |TAMS 0x0000000769200000, 0x0000000769200000| Untracked 
|  57|0x0000000769400000, 0x0000000769400000, 0x0000000769600000|  0%| F|  |TAMS 0x0000000769400000, 0x0000000769400000| Untracked 
|  58|0x0000000769600000, 0x0000000769600000, 0x0000000769800000|  0%| F|  |TAMS 0x0000000769600000, 0x0000000769600000| Untracked 
|  59|0x0000000769800000, 0x0000000769800000, 0x0000000769a00000|  0%| F|  |TAMS 0x0000000769800000, 0x0000000769800000| Untracked 
|  60|0x0000000769a00000, 0x0000000769a00000, 0x0000000769c00000|  0%| F|  |TAMS 0x0000000769a00000, 0x0000000769a00000| Untracked 
|  61|0x0000000769c00000, 0x0000000769c00000, 0x0000000769e00000|  0%| F|  |TAMS 0x0000000769c00000, 0x0000000769c00000| Untracked 
|  62|0x0000000769e00000, 0x0000000769e00000, 0x000000076a000000|  0%| F|  |TAMS 0x0000000769e00000, 0x0000000769e00000| Untracked 
|  63|0x000000076a000000, 0x000000076a000000, 0x000000076a200000|  0%| F|  |TAMS 0x000000076a000000, 0x000000076a000000| Untracked 
|  64|0x000000076a200000, 0x000000076a200000, 0x000000076a400000|  0%| F|  |TAMS 0x000000076a200000, 0x000000076a200000| Untracked 
|  65|0x000000076a400000, 0x000000076a400000, 0x000000076a600000|  0%| F|  |TAMS 0x000000076a400000, 0x000000076a400000| Untracked 
|  66|0x000000076a600000, 0x000000076a68d850, 0x000000076a800000| 27%| S|CS|TAMS 0x000000076a600000, 0x000000076a600000| Complete 
|  67|0x000000076a800000, 0x000000076aa00000, 0x000000076aa00000|100%| S|CS|TAMS 0x000000076a800000, 0x000000076a800000| Complete 
|  68|0x000000076aa00000, 0x000000076ab25c18, 0x000000076ac00000| 57%| E|  |TAMS 0x000000076aa00000, 0x000000076aa00000| Complete 
|  69|0x000000076ac00000, 0x000000076ae00000, 0x000000076ae00000|100%| E|CS|TAMS 0x000000076ac00000, 0x000000076ac00000| Complete 
|  70|0x000000076ae00000, 0x000000076b000000, 0x000000076b000000|100%| E|CS|TAMS 0x000000076ae00000, 0x000000076ae00000| Complete 
|  71|0x000000076b000000, 0x000000076b200000, 0x000000076b200000|100%| E|CS|TAMS 0x000000076b000000, 0x000000076b000000| Complete 
|  72|0x000000076b200000, 0x000000076b400000, 0x000000076b400000|100%| E|CS|TAMS 0x000000076b200000, 0x000000076b200000| Complete 
|  73|0x000000076b400000, 0x000000076b600000, 0x000000076b600000|100%| E|CS|TAMS 0x000000076b400000, 0x000000076b400000| Complete 
|  74|0x000000076b600000, 0x000000076b800000, 0x000000076b800000|100%| E|CS|TAMS 0x000000076b600000, 0x000000076b600000| Complete 
|  75|0x000000076b800000, 0x000000076ba00000, 0x000000076ba00000|100%| E|CS|TAMS 0x000000076b800000, 0x000000076b800000| Complete 
|  76|0x000000076ba00000, 0x000000076bc00000, 0x000000076bc00000|100%| E|  |TAMS 0x000000076ba00000, 0x000000076ba00000| Complete 
|  77|0x000000076bc00000, 0x000000076be00000, 0x000000076be00000|100%| E|CS|TAMS 0x000000076bc00000, 0x000000076bc00000| Complete 
|  78|0x000000076be00000, 0x000000076c000000, 0x000000076c000000|100%| E|CS|TAMS 0x000000076be00000, 0x000000076be00000| Complete 

Card table byte_map: [0x00000197223c0000,0x00000197228b0000] _byte_map_base: 0x000001971e8af000

Marking Bits (Prev, Next): (CMBitMap*) 0x000001970ae93b00, (CMBitMap*) 0x000001970ae93b40
 Prev Bits: [0x0000019722da0000, 0x0000019725518000)
 Next Bits: [0x0000019725520000, 0x0000019727c98000)

Polling page: 0x0000019708b30000

Metaspace:

Usage:
  Non-class:      8.09 MB used.
      Class:      1.23 MB used.
       Both:      9.32 MB used.

Virtual space:
  Non-class space:       16.00 MB reserved,       8.19 MB ( 51%) committed,  2 nodes.
      Class space:        1.00 GB reserved,       1.31 MB ( <1%) committed,  1 nodes.
             Both:        1.02 GB reserved,       9.50 MB ( <1%) committed. 

Chunk freelists:
   Non-Class:  3.52 MB
       Class:  2.63 MB
        Both:  6.15 MB

MaxMetaspaceSize: unlimited
CompressedClassSpaceSize: 1.00 GB
Initial GC threshold: 21.00 MB
Current GC threshold: 21.00 MB
CDS: on
MetaspaceReclaimPolicy: balanced
 - commit_granule_bytes: 65536.
 - commit_granule_words: 8192.
 - virtual_space_node_default_size: 1048576.
 - enlarge_chunks_in_place: 1.
 - new_chunks_are_fully_committed: 0.
 - uncommit_free_chunks: 1.
 - use_allocation_guard: 0.
 - handle_deallocations: 1.


Internal statistics:

num_allocs_failed_limit: 0.
num_arena_births: 146.
num_arena_deaths: 0.
num_vsnodes_births: 3.
num_vsnodes_deaths: 0.
num_space_committed: 152.
num_space_uncommitted: 0.
num_chunks_returned_to_freelist: 0.
num_chunks_taken_from_freelist: 393.
num_chunk_merges: 0.
num_chunk_splits: 270.
num_chunks_enlarged: 201.
num_purges: 0.
num_inconsistent_stats: 0.

CodeHeap 'non-profiled nmethods': size=119168Kb used=569Kb max_used=569Kb free=118598Kb
 bounds [0x000001971a1e0000, 0x000001971a450000, 0x0000019721640000]
CodeHeap 'profiled nmethods': size=119104Kb used=2631Kb max_used=2631Kb free=116472Kb
 bounds [0x0000019712d90000, 0x0000019713030000, 0x000001971a1e0000]
CodeHeap 'non-nmethods': size=7488Kb used=2942Kb max_used=2970Kb free=4545Kb
 bounds [0x0000019712640000, 0x0000019712930000, 0x0000019712d90000]
 total_blobs=2091 nmethods=1518 adapters=482
 compilation: enabled
              stopped_count=0, restarted_count=0
 full_count=0

Compilation events (20 events):
Event: 0.954 Thread 0x000001972b8478d0 1476       3       com.sun.org.apache.xerces.internal.impl.XMLEntityScanner::skipSpaces (350 bytes)
Event: 0.954 Thread 0x000001972b9878d0 1477       1       com.sun.org.apache.xerces.internal.impl.XMLDocumentFragmentScannerImpl::setScannerState (6 bytes)
Event: 0.954 Thread 0x000001972ac0ba40 1478       3       com.sun.org.apache.xerces.internal.utils.XMLSecurityManager::isOverLimit (111 bytes)
Event: 0.954 Thread 0x000001972b914b70 1479       3       com.sun.org.apache.xerces.internal.utils.XMLSecurityManager::isOverLimit (10 bytes)
Event: 0.955 Thread 0x000001972b9878d0 nmethod 1477 0x000001971a26b310 code [0x000001971a26b4a0, 0x000001971a26b578]
Event: 0.955 Thread 0x000001972b914b70 nmethod 1479 0x000001971300eb90 code [0x000001971300ed40, 0x000001971300eea8]
Event: 0.955 Thread 0x000001972b914b70 1480   !   3       java.nio.DirectIntBufferU::get (34 bytes)
Event: 0.955 Thread 0x000001972b9878d0 1481       3       java.nio.DirectIntBufferU::ix (10 bytes)
Event: 0.955 Thread 0x000001972b9878d0 nmethod 1481 0x000001971300ef90 code [0x000001971300f120, 0x000001971300f238]
Event: 0.955 Thread 0x000001972b9878d0 1482   !   3       jdk.internal.misc.ScopedMemoryAccess::getInt (20 bytes)
Event: 0.955 Thread 0x000001972ac0ba40 nmethod 1478 0x000001971300f310 code [0x000001971300f520, 0x000001971300fb78]
Event: 0.955 Thread 0x000001972ac0ba40 1483   !   3       jdk.internal.misc.ScopedMemoryAccess::getIntInternal (36 bytes)
Event: 0.955 Thread 0x000001972ac0ba40 nmethod 1483 0x0000019713011110 code [0x00000197130112c0, 0x0000019713011528]
Event: 0.955 Thread 0x000001972b8478d0 nmethod 1476 0x000001971300fe10 code [0x0000019713010080, 0x0000019713010c88]
Event: 0.955 Thread 0x000001972b914b70 nmethod 1480 0x0000019713011690 code [0x00000197130118c0, 0x00000197130121b8]
Event: 0.955 Thread 0x000001972b9878d0 nmethod 1482 0x0000019713012690 code [0x0000019713012860, 0x0000019713012cf8]
Event: 0.958 Thread 0x000001972b9898b0 nmethod 1475 0x000001971a26b610 code [0x000001971a26b7a0, 0x000001971a26bad8]
Event: 0.962 Thread 0x000001972b9898b0 1484       4       java.lang.CharacterData00::getProperties (32 bytes)
Event: 0.963 Thread 0x000001972b9898b0 nmethod 1484 0x000001971a26bc90 code [0x000001971a26be20, 0x000001971a26bf18]
Event: 0.964 Thread 0x000001972b989dc0 1485       4       java.lang.StringLatin1::toLowerCase (186 bytes)

GC Heap History (2 events):
Event: 0.668 GC heap before
{Heap before GC invocations=0 (full 0):
 garbage-first heap   total 161792K, used 22528K [0x0000000762200000, 0x0000000800000000)
  region size 2048K, 11 young (22528K), 0 survivors (0K)
 Metaspace       used 4293K, committed 4480K, reserved 1056768K
  class space    used 494K, committed 576K, reserved 1048576K
}
Event: 0.674 GC heap after
{Heap after GC invocations=1 (full 0):
 garbage-first heap   total 161792K, used 2614K [0x0000000762200000, 0x0000000800000000)
  region size 2048K, 2 young (4096K), 2 survivors (4096K)
 Metaspace       used 4293K, committed 4480K, reserved 1056768K
  class space    used 494K, committed 576K, reserved 1048576K
}

Deoptimization events (20 events):
Event: 0.882 Thread 0x000001972cfe30b0 Uncommon trap: trap_request=0xffffff45 fr.pc=0x000001971a214fc8 relative=0x00000000000004c8
Event: 0.882 Thread 0x000001972cfe30b0 Uncommon trap: reason=unstable_if action=reinterpret pc=0x000001971a214fc8 method=java.util.HashMap.putVal(ILjava/lang/Object;Ljava/lang/Object;ZZ)Ljava/lang/Object; @ 162 c2
Event: 0.882 Thread 0x000001972cfe30b0 DEOPT PACKING pc=0x000001971a214fc8 sp=0x00000071208fcec0
Event: 0.882 Thread 0x000001972cfe30b0 DEOPT UNPACKING pc=0x00000197126923a3 sp=0x00000071208fce60 mode 2
Event: 0.884 Thread 0x000001972cfe30b0 Uncommon trap: trap_request=0xffffff45 fr.pc=0x000001971a219b6c relative=0x000000000000098c
Event: 0.884 Thread 0x000001972cfe30b0 Uncommon trap: reason=unstable_if action=reinterpret pc=0x000001971a219b6c method=java.util.HashMap.resize()[Ljava/util/HashMap$Node; @ 203 c2
Event: 0.884 Thread 0x000001972cfe30b0 DEOPT PACKING pc=0x000001971a219b6c sp=0x00000071208fcdf0
Event: 0.884 Thread 0x000001972cfe30b0 DEOPT UNPACKING pc=0x00000197126923a3 sp=0x00000071208fcd88 mode 2
Event: 0.895 Thread 0x000001972cfe30b0 Uncommon trap: trap_request=0xffffff45 fr.pc=0x000001971a258fd0 relative=0x0000000000000790
Event: 0.895 Thread 0x000001972cfe30b0 Uncommon trap: reason=unstable_if action=reinterpret pc=0x000001971a258fd0 method=java.util.HashMap.getNode(Ljava/lang/Object;)Ljava/util/HashMap$Node; @ 85 c2
Event: 0.895 Thread 0x000001972cfe30b0 DEOPT PACKING pc=0x000001971a258fd0 sp=0x00000071208fcf00
Event: 0.895 Thread 0x000001972cfe30b0 DEOPT UNPACKING pc=0x00000197126923a3 sp=0x00000071208fce80 mode 2
Event: 0.908 Thread 0x000001972cfe30b0 Uncommon trap: trap_request=0xffffff45 fr.pc=0x000001971a230eb8 relative=0x0000000000000038
Event: 0.908 Thread 0x000001972cfe30b0 Uncommon trap: reason=unstable_if action=reinterpret pc=0x000001971a230eb8 method=jdk.internal.misc.Unsafe.convEndian(ZI)I @ 4 c2
Event: 0.908 Thread 0x000001972cfe30b0 DEOPT PACKING pc=0x000001971a230eb8 sp=0x00000071208fd7c0
Event: 0.908 Thread 0x000001972cfe30b0 DEOPT UNPACKING pc=0x00000197126923a3 sp=0x00000071208fd758 mode 2
Event: 0.930 Thread 0x000001972cfe30b0 Uncommon trap: trap_request=0xffffff45 fr.pc=0x000001971a1ec214 relative=0x0000000000000194
Event: 0.930 Thread 0x000001972cfe30b0 Uncommon trap: reason=unstable_if action=reinterpret pc=0x000001971a1ec214 method=java.lang.String.equals(Ljava/lang/Object;)Z @ 33 c2
Event: 0.930 Thread 0x000001972cfe30b0 DEOPT PACKING pc=0x000001971a1ec214 sp=0x00000071208fcbc0
Event: 0.930 Thread 0x000001972cfe30b0 DEOPT UNPACKING pc=0x00000197126923a3 sp=0x00000071208fcb60 mode 2

Classes unloaded (0 events):
No events

Classes redefined (0 events):
No events

Internal exceptions (20 events):
Event: 0.244 Thread 0x000001972ca45b90 Exception <a 'java/lang/NoSuchMethodError'{0x000000076b484290}: 'void java.lang.invoke.DirectMethodHandle$Holder.invokeStatic(java.lang.Object, java.lang.Object)'> (0x000000076b484290) 
thrown [t:\workspace\open\src\hotspot\share\interpreter\linkResolver.cpp, line 766]
Event: 0.532 Thread 0x000001970ae54f00 Exception <a 'java/lang/NoSuchMethodError'{0x000000076af56a90}: 'void java.lang.invoke.DirectMethodHandle$Holder.invokeStatic(java.lang.Object, java.lang.Object, java.lang.Object)'> (0x000000076af56a90) 
thrown [t:\workspace\open\src\hotspot\share\interpreter\linkResolver.cpp, line 766]
Event: 0.570 Thread 0x000001970ae54f00 Exception <a 'java/lang/NoSuchMethodError'{0x000000076afe6a98}: 'int java.lang.invoke.DirectMethodHandle$Holder.invokeStaticInit(java.lang.Object, java.lang.Object, java.lang.Object)'> (0x000000076afe6a98) 
thrown [t:\workspace\open\src\hotspot\share\interpreter\linkResolver.cpp, line 766]
Event: 0.593 Thread 0x000001970ae54f00 Exception <a 'java/lang/NoSuchMethodError'{0x000000076acad518}: 'java.lang.Object java.lang.invoke.DirectMethodHandle$Holder.newInvokeSpecial(java.lang.Object, java.lang.Object, int, java.lang.Object)'> (0x000000076acad518) 
thrown [t:\workspace\open\src\hotspot\share\interpreter\linkResolver.cpp, line 766]
Event: 0.593 Thread 0x000001970ae54f00 Exception <a 'java/lang/NoSuchMethodError'{0x000000076acb18f8}: 'java.lang.Object java.lang.invoke.DirectMethodHandle$Holder.invokeSpecial(java.lang.Object, java.lang.Object, java.lang.Object, int, java.lang.Object)'> (0x000000076acb18f8) 
thrown [t:\workspace\open\src\hotspot\share\interpreter\linkResolver.cpp, line 766]
Event: 0.637 Thread 0x000001972cfe30b0 Exception <a 'java/lang/NoSuchMethodError'{0x000000076aa37f50}: 'void java.lang.invoke.DirectMethodHandle$Holder.invokeStaticInit(java.lang.Object)'> (0x000000076aa37f50) 
thrown [t:\workspace\open\src\hotspot\share\interpreter\linkResolver.cpp, line 766]
Event: 0.640 Thread 0x000001970ae54f00 Exception <a 'java/lang/NoSuchMethodError'{0x000000076acc7078}: 'java.lang.Object java.lang.invoke.DirectMethodHandle$Holder.newInvokeSpecial(java.lang.Object, java.lang.Object, java.lang.Object, java.lang.Object, java.lang.Object, java.lang.Object)'> (0x000000076acc7078) 
thrown [t:\workspace\open\src\hotspot\share\interpreter\linkResolver.cpp, line 766]
Event: 0.659 Thread 0x000001970ae54f00 Exception <a 'java/lang/NoSuchMethodError'{0x000000076aaf65d8}: 'java.lang.Object java.lang.invoke.Invokers$Holder.invoke_MT(java.lang.Object, java.lang.Object, java.lang.Object)'> (0x000000076aaf65d8) 
thrown [t:\workspace\open\src\hotspot\share\interpreter\linkResolver.cpp, line 766]
Event: 0.662 Thread 0x000001970ae54f00 Exception <a 'java/lang/NoSuchMethodError'{0x000000076ab034e8}: 'java.lang.Object java.lang.invoke.DirectMethodHandle$Holder.newInvokeSpecial(java.lang.Object, java.lang.Object, java.lang.Object, java.lang.Object, java.lang.Object)'> (0x000000076ab034e8) 
thrown [t:\workspace\open\src\hotspot\share\interpreter\linkResolver.cpp, line 766]
Event: 0.713 Thread 0x000001972cfe30b0 Exception <a 'sun/nio/fs/WindowsException'{0x000000076bad5d70}> (0x000000076bad5d70) 
thrown [t:\workspace\open\src\hotspot\share\prims\jni.cpp, line 516]
Event: 0.752 Thread 0x000001972cfe30b0 Exception <a 'java/lang/NoSuchMethodError'{0x000000076b66e2f8}: 'java.lang.Object java.lang.invoke.DirectMethodHandle$Holder.invokeStaticInit(java.lang.Object, java.lang.Object, java.lang.Object, java.lang.Object)'> (0x000000076b66e2f8) 
thrown [t:\workspace\open\src\hotspot\share\interpreter\linkResolver.cpp, line 766]
Event: 0.754 Thread 0x000001972cfe30b0 Exception <a 'java/lang/NullPointerException'{0x000000076b67a5c0}> (0x000000076b67a5c0) 
thrown [t:\workspace\open\src\hotspot\share\interpreter\linkResolver.cpp, line 1357]
Event: 0.762 Thread 0x000001972cfe30b0 Exception <a 'sun/nio/fs/WindowsException'{0x000000076b6fb1c0}> (0x000000076b6fb1c0) 
thrown [t:\workspace\open\src\hotspot\share\prims\jni.cpp, line 516]
Event: 0.776 Thread 0x000001972cfe30b0 Exception <a 'sun/nio/fs/WindowsException'{0x000000076b781918}> (0x000000076b781918) 
thrown [t:\workspace\open\src\hotspot\share\prims\jni.cpp, line 516]
Event: 0.786 Thread 0x000001972cfe30b0 Exception <a 'java/lang/ClassNotFoundException'{0x000000076b79a4b8}: sun/util/logging/resources/spi/loggingProvider> (0x000000076b79a4b8) 
thrown [t:\workspace\open\src\hotspot\share\classfile\systemDictionary.cpp, line 256]
Event: 0.825 Thread 0x000001972cfe30b0 Exception <a 'java/lang/ClassNotFoundException'{0x000000076b239be8}: com/sun/glass/ui/win/themes> (0x000000076b239be8) 
thrown [t:\workspace\open\src\hotspot\share\prims\jni.cpp, line 535]
Event: 0.826 Thread 0x000001972cfe30b0 Exception <a 'java/lang/ClassNotFoundException'{0x000000076b241e80}: com/sun/glass/ui/win/themes_ru> (0x000000076b241e80) 
thrown [t:\workspace\open\src\hotspot\share\prims\jni.cpp, line 535]
Event: 0.826 Thread 0x000001972cfe30b0 Exception <a 'java/lang/ClassNotFoundException'{0x000000076b242cc8}: com/sun/glass/ui/win/themes_ru_RU> (0x000000076b242cc8) 
thrown [t:\workspace\open\src\hotspot\share\prims\jni.cpp, line 535]
Event: 0.902 Thread 0x000001972cfe30b0 Exception <a 'java/lang/NoSuchMethodError'{0x000000076af80600}: 'void java.lang.invoke.DirectMethodHandle$Holder.invokeStaticInit(java.lang.Object, java.lang.Object)'> (0x000000076af80600) 
thrown [t:\workspace\open\src\hotspot\share\interpreter\linkResolver.cpp, line 766]
Event: 0.955 Thread 0x000001972cfe30b0 Exception <a 'sun/nio/fs/WindowsException'{0x000000076aa07af8}> (0x000000076aa07af8) 
thrown [t:\workspace\open\src\hotspot\share\prims\jni.cpp, line 516]

VM Operations (14 events):
Event: 0.125 Executing VM operation: HandshakeAllThreads
Event: 0.125 Executing VM operation: HandshakeAllThreads done
Event: 0.194 Executing VM operation: HandshakeAllThreads
Event: 0.194 Executing VM operation: HandshakeAllThreads done
Event: 0.238 Executing VM operation: HandshakeAllThreads
Event: 0.238 Executing VM operation: HandshakeAllThreads done
Event: 0.581 Executing VM operation: HandshakeAllThreads
Event: 0.581 Executing VM operation: HandshakeAllThreads done
Event: 0.600 Executing VM operation: ICBufferFull
Event: 0.600 Executing VM operation: ICBufferFull done
Event: 0.668 Executing VM operation: G1CollectForAllocation
Event: 0.674 Executing VM operation: G1CollectForAllocation done
Event: 0.851 Executing VM operation: HandshakeAllThreads
Event: 0.851 Executing VM operation: HandshakeAllThreads done

Events (20 events):
Event: 0.932 loading class sun/reflect/generics/tree/FormalTypeParameter
Event: 0.932 loading class sun/reflect/generics/tree/FormalTypeParameter done
Event: 0.932 loading class sun/reflect/generics/tree/MethodTypeSignature
Event: 0.932 loading class sun/reflect/generics/tree/Signature
Event: 0.932 loading class sun/reflect/generics/tree/Signature done
Event: 0.932 loading class sun/reflect/generics/tree/MethodTypeSignature done
Event: 0.933 loading class sun/reflect/generics/reflectiveObjects/ParameterizedTypeImpl
Event: 0.933 loading class java/lang/reflect/ParameterizedType
Event: 0.933 loading class java/lang/reflect/ParameterizedType done
Event: 0.933 loading class sun/reflect/generics/reflectiveObjects/ParameterizedTypeImpl done
Event: 0.933 loading class sun/reflect/generics/tree/ClassSignature
Event: 0.933 loading class sun/reflect/generics/tree/ClassSignature done
Event: 0.933 loading class sun/reflect/generics/tree/TypeVariableSignature
Event: 0.933 loading class sun/reflect/generics/tree/TypeVariableSignature done
Event: 0.933 loading class sun/reflect/generics/reflectiveObjects/TypeVariableImpl
Event: 0.933 loading class sun/reflect/generics/reflectiveObjects/LazyReflectiveObjectGenerator
Event: 0.933 loading class sun/reflect/generics/reflectiveObjects/LazyReflectiveObjectGenerator done
Event: 0.933 loading class sun/reflect/generics/reflectiveObjects/TypeVariableImpl done
Event: 0.945 loading class java/lang/invoke/MethodHandle$1
Event: 0.945 loading class java/lang/invoke/MethodHandle$1 done


Dynamic libraries:
0x00007ff624940000 - 0x00007ff62494e000 	C:\Users\Михаил\.jdks\openjdk-17\bin\java.exe
0x00007ffebf0d0000 - 0x00007ffebf2bd000 	C:\Windows\SYSTEM32\ntdll.dll
0x00007ffebeba0000 - 0x00007ffebec53000 	C:\Windows\System32\KERNEL32.DLL
0x00007ffebb490000 - 0x00007ffebb724000 	C:\Windows\System32\KERNELBASE.dll
0x00007ffebb730000 - 0x00007ffebb82a000 	C:\Windows\System32\ucrtbase.dll
0x00007ffead590000 - 0x00007ffead5a8000 	C:\Users\Михаил\.jdks\openjdk-17\bin\jli.dll
0x00007ffeadbb0000 - 0x00007ffeadbca000 	C:\Users\Михаил\.jdks\openjdk-17\bin\VCRUNTIME140.dll
0x00007ffebde00000 - 0x00007ffebdf97000 	C:\Windows\System32\USER32.dll
0x00007ffea03b0000 - 0x00007ffea0629000 	C:\Windows\WinSxS\amd64_microsoft.windows.common-controls_6595b64144ccf1df_6.0.17763.2928_none_de6f2d70534d3d29\COMCTL32.dll
0x00007ffebb210000 - 0x00007ffebb230000 	C:\Windows\System32\win32u.dll
0x00007ffebda70000 - 0x00007ffebdb0e000 	C:\Windows\System32\msvcrt.dll
0x00007ffebe920000 - 0x00007ffebe949000 	C:\Windows\System32\GDI32.dll
0x00007ffebe0d0000 - 0x00007ffebe3fd000 	C:\Windows\System32\combase.dll
0x00007ffebb2d0000 - 0x00007ffebb46c000 	C:\Windows\System32\gdi32full.dll
0x00007ffebea20000 - 0x00007ffebeb3d000 	C:\Windows\System32\RPCRT4.dll
0x00007ffebbad0000 - 0x00007ffebbb52000 	C:\Windows\System32\bcryptPrimitives.dll
0x00007ffebba30000 - 0x00007ffebbad0000 	C:\Windows\System32\msvcp_win.dll
0x00007ffebddd0000 - 0x00007ffebddfe000 	C:\Windows\System32\IMM32.DLL
0x00007ffeb52e0000 - 0x00007ffeb52ec000 	C:\Users\Михаил\.jdks\openjdk-17\bin\vcruntime140_1.dll
0x00007ffeacd80000 - 0x00007ffeace0d000 	C:\Users\Михаил\.jdks\openjdk-17\bin\msvcp140.dll
0x00007ffe874c0000 - 0x00007ffe8807e000 	C:\Users\Михаил\.jdks\openjdk-17\bin\server\jvm.dll
0x00007ffebec60000 - 0x00007ffebed07000 	C:\Windows\System32\ADVAPI32.dll
0x00007ffebe880000 - 0x00007ffebe91f000 	C:\Windows\System32\sechost.dll
0x00007ffebef20000 - 0x00007ffebef28000 	C:\Windows\System32\PSAPI.DLL
0x00007ffeb8d30000 - 0x00007ffeb8d39000 	C:\Windows\SYSTEM32\WSOCK32.dll
0x00007ffeb4560000 - 0x00007ffeb456a000 	C:\Windows\SYSTEM32\VERSION.dll
0x00007ffeb8760000 - 0x00007ffeb8784000 	C:\Windows\SYSTEM32\WINMM.dll
0x00007ffebe950000 - 0x00007ffebe9bd000 	C:\Windows\System32\WS2_32.dll
0x00007ffeb8730000 - 0x00007ffeb875d000 	C:\Windows\SYSTEM32\winmmbase.dll
0x00007ffebc2b0000 - 0x00007ffebc2fa000 	C:\Windows\System32\cfgmgr32.dll
0x00007ffebb090000 - 0x00007ffebb0a1000 	C:\Windows\System32\kernel.appcore.dll
0x00007ffeb3d70000 - 0x00007ffeb3d7a000 	C:\Users\Михаил\.jdks\openjdk-17\bin\jimage.dll
0x00007ffeb9760000 - 0x00007ffeb994d000 	C:\Windows\SYSTEM32\DBGHELP.DLL
0x00007ffea86c0000 - 0x00007ffea86ea000 	C:\Windows\SYSTEM32\dbgcore.DLL
0x00007ffeadbe0000 - 0x00007ffeadbee000 	C:\Users\Михаил\.jdks\openjdk-17\bin\instrument.dll
0x00007ffeacd50000 - 0x00007ffeacd75000 	C:\Users\Михаил\.jdks\openjdk-17\bin\java.dll
0x00007ffe98cb0000 - 0x00007ffe98d86000 	C:\Users\Михаил\.jdks\openjdk-17\bin\svml.dll
0x00007ffebc390000 - 0x00007ffebd889000 	C:\Windows\System32\SHELL32.dll
0x00007ffebdd20000 - 0x00007ffebddc8000 	C:\Windows\System32\shcore.dll
0x00007ffebbb60000 - 0x00007ffebc2a8000 	C:\Windows\System32\windows.storage.dll
0x00007ffebb0d0000 - 0x00007ffebb0f4000 	C:\Windows\System32\profapi.dll
0x00007ffebb100000 - 0x00007ffebb15d000 	C:\Windows\System32\powrprof.dll
0x00007ffebd9f0000 - 0x00007ffebda42000 	C:\Windows\System32\shlwapi.dll
0x00007ffebb470000 - 0x00007ffebb487000 	C:\Windows\System32\cryptsp.dll
0x00007ffeacd30000 - 0x00007ffeacd49000 	C:\Users\Михаил\.jdks\openjdk-17\bin\net.dll
0x00007ffeaf090000 - 0x00007ffeaf181000 	C:\Windows\SYSTEM32\WINHTTP.dll
0x00007ffeba880000 - 0x00007ffeba8e7000 	C:\Windows\system32\mswsock.dll
0x00007ffeacd10000 - 0x00007ffeacd25000 	C:\Users\Михаил\.jdks\openjdk-17\bin\nio.dll
0x00007ffeaccf0000 - 0x00007ffeacd08000 	C:\Users\Михаил\.jdks\openjdk-17\bin\zip.dll
0x0000019708e20000 - 0x0000019708e23000 	C:\Users\Михаил\.openjfx\cache\17.0.0.1\api-ms-win-core-console-l1-1-0.dll
0x0000019708e30000 - 0x0000019708e33000 	C:\Users\Михаил\.openjfx\cache\17.0.0.1\api-ms-win-core-console-l1-2-0.dll
0x0000019708e40000 - 0x0000019708e43000 	C:\Users\Михаил\.openjfx\cache\17.0.0.1\api-ms-win-core-datetime-l1-1-0.dll
0x0000019708e50000 - 0x0000019708e53000 	C:\Users\Михаил\.openjfx\cache\17.0.0.1\api-ms-win-core-debug-l1-1-0.dll
0x0000019708e60000 - 0x0000019708e63000 	C:\Users\Михаил\.openjfx\cache\17.0.0.1\api-ms-win-core-errorhandling-l1-1-0.dll
0x000001970ade0000 - 0x000001970ade4000 	C:\Users\Михаил\.openjfx\cache\17.0.0.1\api-ms-win-core-file-l1-1-0.dll
0x000001970adf0000 - 0x000001970adf3000 	C:\Users\Михаил\.openjfx\cache\17.0.0.1\api-ms-win-core-file-l1-2-0.dll
0x000001970ae00000 - 0x000001970ae03000 	C:\Users\Михаил\.openjfx\cache\17.0.0.1\api-ms-win-core-file-l2-1-0.dll
0x000001970ae10000 - 0x000001970ae13000 	C:\Users\Михаил\.openjfx\cache\17.0.0.1\api-ms-win-core-handle-l1-1-0.dll
0x000001972ad70000 - 0x000001972ad73000 	C:\Users\Михаил\.openjfx\cache\17.0.0.1\api-ms-win-core-heap-l1-1-0.dll
0x000001972ad80000 - 0x000001972ad83000 	C:\Users\Михаил\.openjfx\cache\17.0.0.1\api-ms-win-core-interlocked-l1-1-0.dll
0x000001972ad90000 - 0x000001972ad93000 	C:\Users\Михаил\.openjfx\cache\17.0.0.1\api-ms-win-core-libraryloader-l1-1-0.dll
0x000001972ada0000 - 0x000001972ada3000 	C:\Users\Михаил\.openjfx\cache\17.0.0.1\api-ms-win-core-localization-l1-2-0.dll
0x000001972adb0000 - 0x000001972adb3000 	C:\Users\Михаил\.openjfx\cache\17.0.0.1\api-ms-win-core-memory-l1-1-0.dll
0x000001972adc0000 - 0x000001972adc3000 	C:\Users\Михаил\.openjfx\cache\17.0.0.1\api-ms-win-core-namedpipe-l1-1-0.dll
0x000001972add0000 - 0x000001972add3000 	C:\Users\Михаил\.openjfx\cache\17.0.0.1\api-ms-win-core-processenvironment-l1-1-0.dll
0x000001972ade0000 - 0x000001972ade3000 	C:\Users\Михаил\.openjfx\cache\17.0.0.1\api-ms-win-core-processthreads-l1-1-0.dll
0x000001972adf0000 - 0x000001972adf3000 	C:\Users\Михаил\.openjfx\cache\17.0.0.1\api-ms-win-core-processthreads-l1-1-1.dll
0x000001972ae00000 - 0x000001972ae03000 	C:\Users\Михаил\.openjfx\cache\17.0.0.1\api-ms-win-core-profile-l1-1-0.dll
0x000001972ae10000 - 0x000001972ae13000 	C:\Users\Михаил\.openjfx\cache\17.0.0.1\api-ms-win-core-rtlsupport-l1-1-0.dll
0x000001972ae20000 - 0x000001972ae23000 	C:\Users\Михаил\.openjfx\cache\17.0.0.1\api-ms-win-core-string-l1-1-0.dll
0x000001972afd0000 - 0x000001972afd3000 	C:\Users\Михаил\.openjfx\cache\17.0.0.1\api-ms-win-core-synch-l1-1-0.dll
0x000001972afe0000 - 0x000001972afe3000 	C:\Users\Михаил\.openjfx\cache\17.0.0.1\api-ms-win-core-synch-l1-2-0.dll
0x000001972aff0000 - 0x000001972aff3000 	C:\Users\Михаил\.openjfx\cache\17.0.0.1\api-ms-win-core-sysinfo-l1-1-0.dll
0x000001972d5a0000 - 0x000001972d5a3000 	C:\Users\Михаил\.openjfx\cache\17.0.0.1\api-ms-win-core-timezone-l1-1-0.dll
0x000001972d5b0000 - 0x000001972d5b3000 	C:\Users\Михаил\.openjfx\cache\17.0.0.1\api-ms-win-core-util-l1-1-0.dll
0x000001972d5c0000 - 0x000001972d5c3000 	C:\Users\Михаил\.openjfx\cache\17.0.0.1\api-ms-win-crt-conio-l1-1-0.dll
0x000001972ae30000 - 0x000001972ae34000 	C:\Users\Михаил\.openjfx\cache\17.0.0.1\api-ms-win-crt-convert-l1-1-0.dll
0x000001972ae40000 - 0x000001972ae43000 	C:\Users\Михаил\.openjfx\cache\17.0.0.1\api-ms-win-crt-environment-l1-1-0.dll
0x000001972ae50000 - 0x000001972ae53000 	C:\Users\Михаил\.openjfx\cache\17.0.0.1\api-ms-win-crt-filesystem-l1-1-0.dll
0x000001972ae60000 - 0x000001972ae63000 	C:\Users\Михаил\.openjfx\cache\17.0.0.1\api-ms-win-crt-heap-l1-1-0.dll
0x000001972ae70000 - 0x000001972ae73000 	C:\Users\Михаил\.openjfx\cache\17.0.0.1\api-ms-win-crt-locale-l1-1-0.dll
0x000001972ae80000 - 0x000001972ae85000 	C:\Users\Михаил\.openjfx\cache\17.0.0.1\api-ms-win-crt-math-l1-1-0.dll
0x000001972ae90000 - 0x000001972ae95000 	C:\Users\Михаил\.openjfx\cache\17.0.0.1\api-ms-win-crt-multibyte-l1-1-0.dll
0x000001972aea0000 - 0x000001972aeb0000 	C:\Users\Михаил\.openjfx\cache\17.0.0.1\api-ms-win-crt-private-l1-1-0.dll
0x000001972aeb0000 - 0x000001972aeb3000 	C:\Users\Михаил\.openjfx\cache\17.0.0.1\api-ms-win-crt-process-l1-1-0.dll
0x000001972aec0000 - 0x000001972aec4000 	C:\Users\Михаил\.openjfx\cache\17.0.0.1\api-ms-win-crt-runtime-l1-1-0.dll
0x000001972aed0000 - 0x000001972aed4000 	C:\Users\Михаил\.openjfx\cache\17.0.0.1\api-ms-win-crt-stdio-l1-1-0.dll
0x000001972aee0000 - 0x000001972aee4000 	C:\Users\Михаил\.openjfx\cache\17.0.0.1\api-ms-win-crt-string-l1-1-0.dll
0x000001972aef0000 - 0x000001972aef3000 	C:\Users\Михаил\.openjfx\cache\17.0.0.1\api-ms-win-crt-time-l1-1-0.dll
0x000001972af00000 - 0x000001972af03000 	C:\Users\Михаил\.openjfx\cache\17.0.0.1\api-ms-win-crt-utility-l1-1-0.dll
0x00007ffe92e50000 - 0x00007ffe92f4c000 	C:\Users\Михаил\.openjfx\cache\17.0.0.1\ucrtbase.dll
0x00007ffeacc90000 - 0x00007ffeaccaa000 	C:\Users\Михаил\.openjfx\cache\17.0.0.1\vcruntime140.dll
0x00007ffeacc80000 - 0x00007ffeacc8c000 	C:\Users\Михаил\.openjfx\cache\17.0.0.1\vcruntime140_1.dll
0x00007ffe98c20000 - 0x00007ffe98cad000 	C:\Users\Михаил\.openjfx\cache\17.0.0.1\msvcp140.dll
0x00007ffea95c0000 - 0x00007ffea95ea000 	C:\Users\Михаил\.openjfx\cache\17.0.0.1\prism_d3d.dll
0x00007ffeaca10000 - 0x00007ffeacbae000 	C:\Windows\system32\d3d9.dll
0x00007ffeb9540000 - 0x00007ffeb956e000 	C:\Windows\SYSTEM32\dwmapi.dll
0x00007ffebb830000 - 0x00007ffebba25000 	C:\Windows\System32\CRYPT32.dll
0x00007ffebb0b0000 - 0x00007ffebb0c2000 	C:\Windows\System32\MSASN1.dll
0x00007ffeb9120000 - 0x00007ffeb91bc000 	C:\Windows\system32\uxtheme.dll
0x00007ffeb4800000 - 0x00007ffeb49c3000 	C:\Windows\System32\DriverStore\FileRepository\u0370422.inf_amd64_eb7af3b5d27ab4a4\B370390\aticfx64.dll
0x00007ffeac9d0000 - 0x00007ffeaca03000 	C:\Windows\System32\DriverStore\FileRepository\u0370422.inf_amd64_eb7af3b5d27ab4a4\B370390\atiu9p64.dll
0x00007ffe8fbb0000 - 0x00007ffe908fc000 	C:\Windows\System32\DriverStore\FileRepository\u0370422.inf_amd64_eb7af3b5d27ab4a4\B370390\atiumd64.dll
0x00007ffebd890000 - 0x00007ffebd9e6000 	C:\Windows\System32\ole32.dll
0x000000005b9a0000 - 0x000000005c86c000 	C:\Windows\System32\DriverStore\FileRepository\u0370422.inf_amd64_eb7af3b5d27ab4a4\B370390\atiumd6a.dll
0x00007ffeb0980000 - 0x00007ffeb09b0000 	C:\Windows\SYSTEM32\amdihk64.dll
0x00007ffe9bc10000 - 0x00007ffe9bc52000 	C:\Users\Михаил\.openjfx\cache\17.0.0.1\glass.dll
0x00007ffebdfa0000 - 0x00007ffebe0c7000 	C:\Windows\System32\COMDLG32.dll
0x00007ffebed10000 - 0x00007ffebedd4000 	C:\Windows\System32\OLEAUT32.dll
0x00007ffebef30000 - 0x00007ffebf09b000 	C:\Windows\System32\MSCTF.dll
0x00007ffeaa050000 - 0x00007ffeaa064000 	C:\Users\Михаил\.openjfx\cache\17.0.0.1\javafx_font.dll
0x00007ffeb0cb0000 - 0x00007ffeb0fb7000 	C:\Windows\SYSTEM32\dwrite.dll

dbghelp: loaded successfully - version: 4.0.5 - missing functions: none
symbol engine: initialized successfully - sym options: 0x614 - pdb path: .;C:\Users\Михаил\.jdks\openjdk-17\bin;C:\Windows\SYSTEM32;C:\Windows\WinSxS\amd64_microsoft.windows.common-controls_6595b64144ccf1df_6.0.17763.2928_none_de6f2d70534d3d29;C:\Users\Михаил\.jdks\openjdk-17\bin\server;C:\Users\Михаил\.openjfx\cache\17.0.0.1;C:\Windows\System32\DriverStore\FileRepository\u0370422.inf_amd64_eb7af3b5d27ab4a4\B370390

VM Arguments:
jvm_args: -javaagent:C:\Users\Михаил\AppData\Local\JetBrains\Toolbox\apps\IDEA-U\ch-0\212.5457.46\lib\idea_rt.jar=65065:C:\Users\Михаил\AppData\Local\JetBrains\Toolbox\apps\IDEA-U\ch-0\212.5457.46\bin -Dfile.encoding=UTF-8 --module-path=C:\Users\Михаил\.m2\repository\org\openjfx\javafx-graphics\17.0.0.1\javafx-graphics-17.0.0.1-win.jar;C:\Users\Михаил\.m2\repository\org\openjfx\javafx-base\17.0.0.1\javafx-base-17.0.0.1-win.jar;C:\Users\Михаил\.m2\repository\org\openjfx\javafx-controls\17.0.0.1\javafx-controls-17.0.0.1-win.jar;C:\Users\Михаил\.m2\repository\net\synedra\validatorfx\0.1.13\validatorfx-0.1.13.jar;C:\Users\Михаил\.m2\repository\org\kordamp\ikonli\ikonli-javafx\12.2.0\ikonli-javafx-12.2.0.jar;C:\Users\Михаил\.m2\repository\eu\hansolo\tilesfx\11.48\tilesfx-11.48.jar;C:\Users\Михаил\.m2\repository\org\openjfx\javafx-fxml\17.0.0.1\javafx-fxml-17.0.0.1-win.jar;C:\Users\Михаил\.m2\repository\org\controlsfx\controlsfx\11.1.0\controlsfx-11.1.0.jar;C:\Users\Михаил\.m2\repository\org\openjfx\javafx-web\17.0.0.1\javafx-web-17.0.0.1-win.jar;C:\Users\Михаил\.m2\repository\org\kordamp\ikonli\ikonli-core\12.2.0\ikonli-core-12.2.0.jar;C:\Users\Михаил\IdeaProjects\kyrs_project1\target\classes;C:\Users\Михаил\.m2\repository\org\openjfx\javafx-media\17.0.0.1\javafx-media-17.0.0.1-win.jar;C:\Users\Михаил\.m2\repository\com\dlsc\formsfx\formsfx-core\11.3.2\formsfx-core-11.3.2.jar;C:\Users\Михаил\.m2\repository\org\kordamp\bootstrapfx\bootstrapfx-core\0.4.0\bootstrapfx-core-0.4.0.jar -Djdk.module.main=com.example.kyrs_project1 
java_command: com.example.kyrs_project1/com.example.kyrs_project1.Application
java_class_path (initial): C:\Users\Михаил\.m2\repository\mysql\mysql-connector-java\8.0.25\mysql-connector-java-8.0.25.jar;C:\Users\Михаил\.m2\repository\com\google\protobuf\protobuf-java\3.11.4\protobuf-java-3.11.4.jar;C:\Users\Михаил\.m2\repository\org\openjfx\javafx-controls\17.0.0.1\javafx-controls-17.0.0.1.jar;C:\Users\Михаил\.m2\repository\org\openjfx\javafx-graphics\17.0.0.1\javafx-graphics-17.0.0.1.jar;C:\Users\Михаил\.m2\repository\org\openjfx\javafx-base\17.0.0.1\javafx-base-17.0.0.1.jar;C:\Users\Михаил\.m2\repository\org\openjfx\javafx-fxml\17.0.0.1\javafx-fxml-17.0.0.1.jar;C:\Users\Михаил\.m2\repository\org\openjfx\javafx-web\17.0.0.1\javafx-web-17.0.0.1.jar;C:\Users\Михаил\.m2\repository\org\openjfx\javafx-media\17.0.0.1\javafx-media-17.0.0.1.jar
Launcher Type: SUN_STANDARD

[Global flags]
     intx CICompilerCount                          = 12                                        {product} {ergonomic}
     uint ConcGCThreads                            = 3                                         {product} {ergonomic}
     uint G1ConcRefinementThreads                  = 13                                        {product} {ergonomic}
   size_t G1HeapRegionSize                         = 2097152                                   {product} {ergonomic}
    uintx GCDrainStackTargetSize                   = 64                                        {product} {ergonomic}
   size_t InitialHeapSize                          = 165675008                                 {product} {ergonomic}
   size_t MarkStackSize                            = 4194304                                   {product} {ergonomic}
   size_t MaxHeapSize                              = 2648702976                                {product} {ergonomic}
   size_t MaxNewSize                               = 1587544064                                {product} {ergonomic}
   size_t MinHeapDeltaBytes                        = 2097152                                   {product} {ergonomic}
   size_t MinHeapSize                              = 8388608                                   {product} {ergonomic}
    uintx NonNMethodCodeHeapSize                   = 7602480                                {pd product} {ergonomic}
    uintx NonProfiledCodeHeapSize                  = 122027880                              {pd product} {ergonomic}
    uintx ProfiledCodeHeapSize                     = 122027880                              {pd product} {ergonomic}
    uintx ReservedCodeCacheSize                    = 251658240                              {pd product} {ergonomic}
     bool SegmentedCodeCache                       = true                                      {product} {ergonomic}
   size_t SoftMaxHeapSize                          = 2648702976                             {manageable} {ergonomic}
     bool UseCompressedClassPointers               = true                           {product lp64_product} {ergonomic}
     bool UseCompressedOops                        = true                           {product lp64_product} {ergonomic}
     bool UseG1GC                                  = true                                      {product} {ergonomic}
     bool UseLargePagesIndividualAllocation        = false                                  {pd product} {ergonomic}

Logging:
Log output configuration:
 #0: stdout all=warning uptime,level,tags
 #1: stderr all=off uptime,level,tags

Environment Variables:
PATH=C:\Program Files (x86)\Common Files\Oracle\Java\javapath;C:\Windows\system32;C:\Windows;C:\Windows\System32\Wbem;C:\Windows\System32\WindowsPowerShell\v1.0\;C:\Program Files\PuTTY\;C:\Program Files\Git\cmd;C:\Users\Михаил\пютхон\Scripts\;C:\Users\Михаил\пютхон\;C:\Users\Михаил\AppData\Local\Microsoft\WindowsApps;C:\Program Files\JetBrains\DataGrip 2022.1.4\bin
USERNAME=Михаил
OS=Windows_NT
PROCESSOR_IDENTIFIER=AMD64 Family 23 Model 104 Stepping 1, AuthenticAMD



---------------  S Y S T E M  ---------------

OS:
 Windows 10 , 64 bit Build 17763 (10.0.17763.2928)
OS uptime: 0 days 4:44 hours

CPU: total 16 (initial active 16) (16 cores per cpu, 2 threads per core) family 23 model 104 stepping 1 microcode 0x0, cx8, cmov, fxsr, ht, mmx, 3dnowpref, sse, sse2, sse3, ssse3, sse4a, sse4.1, sse4.2, popcnt, lzcnt, tsc, tscinvbit, avx, avx2, aes, clmul, bmi1, bmi2, adx, sha, fma, vzeroupper, clflush, clflushopt

Memory: 4k page, system-wide physical 10101M (1836M free)
TotalPageFile size 10101M (AvailPageFile size 4M)
current process WorkingSet (physical memory assigned to process): 104M, peak: 104M
current process commit charge ("private bytes"): 297M, peak: 298M

vm_info: OpenJDK 64-Bit Server VM (17+35-2724) for windows-amd64 JRE (17+35-2724), built on Aug  5 2021 23:26:02 by "mach5one" with MS VC++ 16.8 (VS2019)

END.
